<?xml version="1.0" encoding="UTF-8"?>
<testsuites name="Create Order" time="568.254" tests="6" failures="4" errors="1">
   <testsuite name="Create Order" tests="6" failures="4" errors="1" time="568.254" skipped="0" timestamp="2023-01-25 15:00:55" hostname="Ahadian Rifky - NKC-23" id="Test Suites/Create Order/Create Order">
      <properties>
         <property name="deviceName" value="OPPO CPH1801 (Android 7.1.1)"/>
         <property name="devicePlatform" value=""/>
         <property name="logFolder" value="C:\\Users\\Ahadian Rifky\\Downloads\\Katalon_Studio_Windows_64-8.5.5\\Katalon_Studio_Windows_64-8.5.5\\git.github.com\\maycheljecsan\\kfckuapps_katalon.git\\kfcku_android\\Reports\\20230125_150052\\Create Order\\Create Order\\20230125_150052"/>
         <property name="logFiles" value="C:\\Users\\Ahadian Rifky\\Downloads\\Katalon_Studio_Windows_64-8.5.5\\Katalon_Studio_Windows_64-8.5.5\\git.github.com\\maycheljecsan\\kfckuapps_katalon.git\\kfcku_android\\Reports\\20230125_150052\\Create Order\\Create Order\\20230125_150052\\appium.log, C:\\Users\\Ahadian Rifky\\Downloads\\Katalon_Studio_Windows_64-8.5.5\\Katalon_Studio_Windows_64-8.5.5\\git.github.com\\maycheljecsan\\kfckuapps_katalon.git\\kfcku_android\\Reports\\20230125_150052\\Create Order\\Create Order\\20230125_150052\\execution0.log"/>
         <property name="attachments" value="C:\\Users\\Ahadian Rifky\\Downloads\\Katalon_Studio_Windows_64-8.5.5\\Katalon_Studio_Windows_64-8.5.5\\git.github.com\\maycheljecsan\\kfckuapps_katalon.git\\kfcku_android\\Reports\\20230125_150052\\Create Order\\Create Order\\20230125_150052\\1674633685789.png, C:\\Users\\Ahadian Rifky\\Downloads\\Katalon_Studio_Windows_64-8.5.5\\Katalon_Studio_Windows_64-8.5.5\\git.github.com\\maycheljecsan\\kfckuapps_katalon.git\\kfcku_android\\Reports\\20230125_150052\\Create Order\\Create Order\\20230125_150052\\1674633810626.png, C:\\Users\\Ahadian Rifky\\Downloads\\Katalon_Studio_Windows_64-8.5.5\\Katalon_Studio_Windows_64-8.5.5\\git.github.com\\maycheljecsan\\kfckuapps_katalon.git\\kfcku_android\\Reports\\20230125_150052\\Create Order\\Create Order\\20230125_150052\\1674633993181.png, C:\\Users\\Ahadian Rifky\\Downloads\\Katalon_Studio_Windows_64-8.5.5\\Katalon_Studio_Windows_64-8.5.5\\git.github.com\\maycheljecsan\\kfckuapps_katalon.git\\kfcku_android\\Reports\\20230125_150052\\Create Order\\Create Order\\20230125_150052\\1674634054063.png"/>
         <property name="hostName" value="Ahadian Rifky - NKC-23"/>
         <property name="os" value="Windows 10 64bit"/>
         <property name="appiumServerStatus" value="{&quot;value&quot;:{&quot;build&quot;:{&quot;version&quot;:&quot;1.22.3&quot;}},&quot;sessionId&quot;:null,&quot;status&quot;:0}"/>
         <property name="katalonVersion" value="8.5.5.208"/>
         <property name="deviceOS" value="Android"/>
         <property name="appiumVersion" value="1.22.3"/>
         <property name="deviceModel" value="CPH1801"/>
         <property name="hostAddress" value="172.10.9.59"/>
         <property name="deviceManufacturer" value="OPPO"/>
         <property name="deviceId" value="aa14e06a"/>
         <property name="deviceName" value="OPPO CPH1801 (Android 7.1.1)"/>
         <property name="deviceOSVersion" value="7.1.1"/>
      </properties>
      <testcase name="Test Cases/Create Order/Dine In/Dine In - Dana" time="31.656" classname="Test Cases/Create Order/Dine In/Dine In - Dana" status="FAILED">
         <failure type="FAILED" message="Test Cases/Create Order/Dine In/Dine In - Dana FAILED.
Reason:
com.kms.katalon.core.exception.StepFailedException: Object Object Repository/Order Dine In/android.widget.TextView - DINE-IN not found
	at com.kms.katalon.core.keyword.internal.KeywordMain.stepFailed(KeywordMain.groovy:50)
	at com.kms.katalon.core.mobile.keyword.internal.MobileKeywordMain.stepFailed(MobileKeywordMain.groovy:40)
	at com.kms.katalon.core.mobile.keyword.builtin.TapKeyword$_tap_closure1.doCall(TapKeyword.groovy:79)
	at com.kms.katalon.core.mobile.keyword.builtin.TapKeyword$_tap_closure1.call(TapKeyword.groovy)
	at com.kms.katalon.core.mobile.keyword.internal.MobileKeywordMain.runKeyword(MobileKeywordMain.groovy:21)
	at com.kms.katalon.core.mobile.keyword.builtin.TapKeyword.tap(TapKeyword.groovy:84)
	at com.kms.katalon.core.mobile.keyword.builtin.TapKeyword.execute(TapKeyword.groovy:68)
	at com.kms.katalon.core.keyword.internal.KeywordExecutor.executeKeywordForPlatform(KeywordExecutor.groovy:74)
	at com.kms.katalon.core.mobile.keyword.MobileBuiltInKeywords.tap(MobileBuiltInKeywords.groovy:1490)
	at com.kms.katalon.core.mobile.keyword.MobileBuiltInKeywords$tap$1.call(Unknown Source)
	at Dine In - Dana.run(Dine In - Dana:31)
	at com.kms.katalon.core.main.ScriptEngine.run(ScriptEngine.java:194)
	at com.kms.katalon.core.main.ScriptEngine.runScriptAsRawText(ScriptEngine.java:119)
	at com.kms.katalon.core.main.TestCaseExecutor.runScript(TestCaseExecutor.java:448)
	at com.kms.katalon.core.main.TestCaseExecutor.doExecute(TestCaseExecutor.java:439)
	at com.kms.katalon.core.main.TestCaseExecutor.processExecutionPhase(TestCaseExecutor.java:418)
	at com.kms.katalon.core.main.TestCaseExecutor.accessMainPhase(TestCaseExecutor.java:410)
	at com.kms.katalon.core.main.TestCaseExecutor.execute(TestCaseExecutor.java:285)
	at com.kms.katalon.core.common.CommonExecutor.accessTestCaseMainPhase(CommonExecutor.java:65)
	at com.kms.katalon.core.main.TestSuiteExecutor.accessTestSuiteMainPhase(TestSuiteExecutor.java:151)
	at com.kms.katalon.core.main.TestSuiteExecutor.execute(TestSuiteExecutor.java:106)
	at com.kms.katalon.core.main.TestCaseMain.startTestSuite(TestCaseMain.java:185)
	at com.kms.katalon.core.main.TestCaseMain$startTestSuite$0.call(Unknown Source)
	at TempTestSuite1674633652946.run(TempTestSuite1674633652946.groovy:36)
"/>
         <system-out><![CDATA[2023-01-25 15:00:55 - [TEST_CASE][FAILED] - Test Cases/Create Order/Dine In/Dine In - Dana: Test Cases/Create Order/Dine In/Dine In - Dana FAILED.
Reason:
com.kms.katalon.core.exception.StepFailedException: Object Object Repository/Order Dine In/android.widget.TextView - DINE-IN not found
	at com.kms.katalon.core.keyword.internal.KeywordMain.stepFailed(KeywordMain.groovy:50)
	at com.kms.katalon.core.mobile.keyword.internal.MobileKeywordMain.stepFailed(MobileKeywordMain.groovy:40)
	at com.kms.katalon.core.mobile.keyword.builtin.TapKeyword$_tap_closure1.doCall(TapKeyword.groovy:79)
	at com.kms.katalon.core.mobile.keyword.builtin.TapKeyword$_tap_closure1.call(TapKeyword.groovy)
	at com.kms.katalon.core.mobile.keyword.internal.MobileKeywordMain.runKeyword(MobileKeywordMain.groovy:21)
	at com.kms.katalon.core.mobile.keyword.builtin.TapKeyword.tap(TapKeyword.groovy:84)
	at com.kms.katalon.core.mobile.keyword.builtin.TapKeyword.execute(TapKeyword.groovy:68)
	at com.kms.katalon.core.keyword.internal.KeywordExecutor.executeKeywordForPlatform(KeywordExecutor.groovy:74)
	at com.kms.katalon.core.mobile.keyword.MobileBuiltInKeywords.tap(MobileBuiltInKeywords.groovy:1490)
	at com.kms.katalon.core.mobile.keyword.MobileBuiltInKeywords$tap$1.call(Unknown Source)
	at Dine In - Dana.run(Dine In - Dana:31)
	at com.kms.katalon.core.main.ScriptEngine.run(ScriptEngine.java:194)
	at com.kms.katalon.core.main.ScriptEngine.runScriptAsRawText(ScriptEngine.java:119)
	at com.kms.katalon.core.main.TestCaseExecutor.runScript(TestCaseExecutor.java:448)
	at com.kms.katalon.core.main.TestCaseExecutor.doExecute(TestCaseExecutor.java:439)
	at com.kms.katalon.core.main.TestCaseExecutor.processExecutionPhase(TestCaseExecutor.java:418)
	at com.kms.katalon.core.main.TestCaseExecutor.accessMainPhase(TestCaseExecutor.java:410)
	at com.kms.katalon.core.main.TestCaseExecutor.execute(TestCaseExecutor.java:285)
	at com.kms.katalon.core.common.CommonExecutor.accessTestCaseMainPhase(CommonExecutor.java:65)
	at com.kms.katalon.core.main.TestSuiteExecutor.accessTestSuiteMainPhase(TestSuiteExecutor.java:151)
	at com.kms.katalon.core.main.TestSuiteExecutor.execute(TestSuiteExecutor.java:106)
	at com.kms.katalon.core.main.TestCaseMain.startTestSuite(TestCaseMain.java:185)
	at com.kms.katalon.core.main.TestCaseMain$startTestSuite$0.call(Unknown Source)
	at TempTestSuite1674633652946.run(TempTestSuite1674633652946.groovy:36)


2023-01-25 15:00:56 - [TEST_STEP][PASSED] - startExistingApplication("com.kfc.mobile.hkStaging", STOP_ON_FAILURE): Starting app with application ID: 'com.kfc.mobile.hkStaging'

2023-01-25 15:00:56 - [MESSAGE][INFO] - User set preference: ['appPackage', 'com.kfc.mobile.hkStaging']

2023-01-25 15:00:56 - [MESSAGE][INFO] - User set preference: ['appActivity', 'com.kfc.mobile.presentation.home.HomeActivity']

2023-01-25 15:00:56 - [MESSAGE][INFO] - User set preference: ['noReset', 'true']

2023-01-25 15:00:56 - [MESSAGE][INFO] - User set preference: ['deviceId', '']

2023-01-25 15:00:57 - [MESSAGE][INFO] - Detected NodeJS location: "C:\Program Files\nodejs\node.exe"

2023-01-25 15:00:58 - [MESSAGE][INFO] - Appium server started on port 65,479

2023-01-25 15:01:15 - [MESSAGE][INFO] - Failed to get OS statusbar's information using default method.

2023-01-25 15:01:16 - [MESSAGE][PASSED] - Starting app with application ID: 'com.kfc.mobile.hkStaging'

2023-01-25 15:01:16 - [TEST_STEP][PASSED] - waitForElementPresent(findTestObject("Order Dine In/android.widget.TextView - Beranda"), 5): Element 'Object Repository/Order Dine In/android.widget.TextView - Beranda' is present

2023-01-25 15:01:18 - [MESSAGE][PASSED] - Element 'Object Repository/Order Dine In/android.widget.TextView - Beranda' is present

2023-01-25 15:01:18 - [TEST_STEP][PASSED] - tap(findTestObject("Object Repository/Order Dine In/android.widget.TextView - Beranda"), 5): Tapped on element 'Object Repository/Order Dine In/android.widget.TextView - Beranda'

2023-01-25 15:01:19 - [MESSAGE][PASSED] - Tapped on element 'Object Repository/Order Dine In/android.widget.TextView - Beranda'

2023-01-25 15:01:19 - [TEST_STEP][PASSED] - swipe(281, 500, 434, 161): Swiped from 281,500 to 434,161

2023-01-25 15:01:20 - [MESSAGE][PASSED] - Swiped from 281,500 to 434,161

2023-01-25 15:01:20 - [TEST_STEP][FAILED] - tap(findTestObject("Object Repository/Order Dine In/android.widget.TextView - DINE-IN"), 5): Failed to tap on element 'Object Repository/Order Dine In/android.widget.TextView - DINE-IN' (Root cause: com.kms.katalon.core.exception.StepFailedException: Object Object Repository/Order Dine In/android.widget.TextView - DINE-IN not found
	at com.kms.katalon.core.keyword.internal.KeywordMain.stepFailed(KeywordMain.groovy:50)
	at com.kms.katalon.core.mobile.keyword.internal.MobileKeywordMain.stepFailed(MobileKeywordMain.groovy:40)
	at com.kms.katalon.core.mobile.keyword.builtin.TapKeyword$_tap_closure1.doCall(TapKeyword.groovy:79)
	at com.kms.katalon.core.mobile.keyword.builtin.TapKeyword$_tap_closure1.call(TapKeyword.groovy)
	at com.kms.katalon.core.mobile.keyword.internal.MobileKeywordMain.runKeyword(MobileKeywordMain.groovy:21)
	at com.kms.katalon.core.mobile.keyword.builtin.TapKeyword.tap(TapKeyword.groovy:84)
	at com.kms.katalon.core.mobile.keyword.builtin.TapKeyword.execute(TapKeyword.groovy:68)
	at com.kms.katalon.core.keyword.internal.KeywordExecutor.executeKeywordForPlatform(KeywordExecutor.groovy:74)
	at com.kms.katalon.core.mobile.keyword.MobileBuiltInKeywords.tap(MobileBuiltInKeywords.groovy:1490)
	at com.kms.katalon.core.mobile.keyword.MobileBuiltInKeywords$tap$1.call(Unknown Source)
	at Dine In - Dana.run(Dine In - Dana:31)
	at com.kms.katalon.core.main.ScriptEngine.run(ScriptEngine.java:194)
	at com.kms.katalon.core.main.ScriptEngine.runScriptAsRawText(ScriptEngine.java:119)
	at com.kms.katalon.core.main.TestCaseExecutor.runScript(TestCaseExecutor.java:448)
	at com.kms.katalon.core.main.TestCaseExecutor.doExecute(TestCaseExecutor.java:439)
	at com.kms.katalon.core.main.TestCaseExecutor.processExecutionPhase(TestCaseExecutor.java:418)
	at com.kms.katalon.core.main.TestCaseExecutor.accessMainPhase(TestCaseExecutor.java:410)
	at com.kms.katalon.core.main.TestCaseExecutor.execute(TestCaseExecutor.java:285)
	at com.kms.katalon.core.common.CommonExecutor.accessTestCaseMainPhase(CommonExecutor.java:65)
	at com.kms.katalon.core.main.TestSuiteExecutor.accessTestSuiteMainPhase(TestSuiteExecutor.java:151)
	at com.kms.katalon.core.main.TestSuiteExecutor.execute(TestSuiteExecutor.java:106)
	at com.kms.katalon.core.main.TestCaseMain.startTestSuite(TestCaseMain.java:185)
	at com.kms.katalon.core.main.TestCaseMain$startTestSuite$0.call(Unknown Source)
	at TempTestSuite1674633652946.run(TempTestSuite1674633652946.groovy:36)
)

2023-01-25 15:01:25 - [MESSAGE][FAILED] - Object Object Repository/Order Dine In/android.widget.TextView - DINE-IN not found

2023-01-25 15:01:27 - [MESSAGE][FAILED] - Failed to tap on element 'Object Repository/Order Dine In/android.widget.TextView - DINE-IN' (Root cause: com.kms.katalon.core.exception.StepFailedException: Object Object Repository/Order Dine In/android.widget.TextView - DINE-IN not found
	at com.kms.katalon.core.keyword.internal.KeywordMain.stepFailed(KeywordMain.groovy:50)
	at com.kms.katalon.core.mobile.keyword.internal.MobileKeywordMain.stepFailed(MobileKeywordMain.groovy:40)
	at com.kms.katalon.core.mobile.keyword.builtin.TapKeyword$_tap_closure1.doCall(TapKeyword.groovy:79)
	at com.kms.katalon.core.mobile.keyword.builtin.TapKeyword$_tap_closure1.call(TapKeyword.groovy)
	at com.kms.katalon.core.mobile.keyword.internal.MobileKeywordMain.runKeyword(MobileKeywordMain.groovy:21)
	at com.kms.katalon.core.mobile.keyword.builtin.TapKeyword.tap(TapKeyword.groovy:84)
	at com.kms.katalon.core.mobile.keyword.builtin.TapKeyword.execute(TapKeyword.groovy:68)
	at com.kms.katalon.core.keyword.internal.KeywordExecutor.executeKeywordForPlatform(KeywordExecutor.groovy:74)
	at com.kms.katalon.core.mobile.keyword.MobileBuiltInKeywords.tap(MobileBuiltInKeywords.groovy:1490)
	at com.kms.katalon.core.mobile.keyword.MobileBuiltInKeywords$tap$1.call(Unknown Source)
	at Dine In - Dana.run(Dine In - Dana:31)
	at com.kms.katalon.core.main.ScriptEngine.run(ScriptEngine.java:194)
	at com.kms.katalon.core.main.ScriptEngine.runScriptAsRawText(ScriptEngine.java:119)
	at com.kms.katalon.core.main.TestCaseExecutor.runScript(TestCaseExecutor.java:448)
	at com.kms.katalon.core.main.TestCaseExecutor.doExecute(TestCaseExecutor.java:439)
	at com.kms.katalon.core.main.TestCaseExecutor.processExecutionPhase(TestCaseExecutor.java:418)
	at com.kms.katalon.core.main.TestCaseExecutor.accessMainPhase(TestCaseExecutor.java:410)
	at com.kms.katalon.core.main.TestCaseExecutor.execute(TestCaseExecutor.java:285)
	at com.kms.katalon.core.common.CommonExecutor.accessTestCaseMainPhase(CommonExecutor.java:65)
	at com.kms.katalon.core.main.TestSuiteExecutor.accessTestSuiteMainPhase(TestSuiteExecutor.java:151)
	at com.kms.katalon.core.main.TestSuiteExecutor.execute(TestSuiteExecutor.java:106)
	at com.kms.katalon.core.main.TestCaseMain.startTestSuite(TestCaseMain.java:185)
	at com.kms.katalon.core.main.TestCaseMain$startTestSuite$0.call(Unknown Source)
	at TempTestSuite1674633652946.run(TempTestSuite1674633652946.groovy:36)
)
[[ATTACHMENT|C:\\Users\\Ahadian Rifky\\Downloads\\Katalon_Studio_Windows_64-8.5.5\\Katalon_Studio_Windows_64-8.5.5\\git.github.com\\maycheljecsan\\kfckuapps_katalon.git\\kfcku_android\\Reports\\20230125_150052\\Create Order\\Create Order\\20230125_150052\\1674633685789.png]]]]></system-out>
         <system-err><![CDATA[2023-01-25 15:00:55 - [TEST_CASE][FAILED] - Test Cases/Create Order/Dine In/Dine In - Dana: Test Cases/Create Order/Dine In/Dine In - Dana FAILED.
Reason:
com.kms.katalon.core.exception.StepFailedException: Object Object Repository/Order Dine In/android.widget.TextView - DINE-IN not found
	at com.kms.katalon.core.keyword.internal.KeywordMain.stepFailed(KeywordMain.groovy:50)
	at com.kms.katalon.core.mobile.keyword.internal.MobileKeywordMain.stepFailed(MobileKeywordMain.groovy:40)
	at com.kms.katalon.core.mobile.keyword.builtin.TapKeyword$_tap_closure1.doCall(TapKeyword.groovy:79)
	at com.kms.katalon.core.mobile.keyword.builtin.TapKeyword$_tap_closure1.call(TapKeyword.groovy)
	at com.kms.katalon.core.mobile.keyword.internal.MobileKeywordMain.runKeyword(MobileKeywordMain.groovy:21)
	at com.kms.katalon.core.mobile.keyword.builtin.TapKeyword.tap(TapKeyword.groovy:84)
	at com.kms.katalon.core.mobile.keyword.builtin.TapKeyword.execute(TapKeyword.groovy:68)
	at com.kms.katalon.core.keyword.internal.KeywordExecutor.executeKeywordForPlatform(KeywordExecutor.groovy:74)
	at com.kms.katalon.core.mobile.keyword.MobileBuiltInKeywords.tap(MobileBuiltInKeywords.groovy:1490)
	at com.kms.katalon.core.mobile.keyword.MobileBuiltInKeywords$tap$1.call(Unknown Source)
	at Dine In - Dana.run(Dine In - Dana:31)
	at com.kms.katalon.core.main.ScriptEngine.run(ScriptEngine.java:194)
	at com.kms.katalon.core.main.ScriptEngine.runScriptAsRawText(ScriptEngine.java:119)
	at com.kms.katalon.core.main.TestCaseExecutor.runScript(TestCaseExecutor.java:448)
	at com.kms.katalon.core.main.TestCaseExecutor.doExecute(TestCaseExecutor.java:439)
	at com.kms.katalon.core.main.TestCaseExecutor.processExecutionPhase(TestCaseExecutor.java:418)
	at com.kms.katalon.core.main.TestCaseExecutor.accessMainPhase(TestCaseExecutor.java:410)
	at com.kms.katalon.core.main.TestCaseExecutor.execute(TestCaseExecutor.java:285)
	at com.kms.katalon.core.common.CommonExecutor.accessTestCaseMainPhase(CommonExecutor.java:65)
	at com.kms.katalon.core.main.TestSuiteExecutor.accessTestSuiteMainPhase(TestSuiteExecutor.java:151)
	at com.kms.katalon.core.main.TestSuiteExecutor.execute(TestSuiteExecutor.java:106)
	at com.kms.katalon.core.main.TestCaseMain.startTestSuite(TestCaseMain.java:185)
	at com.kms.katalon.core.main.TestCaseMain$startTestSuite$0.call(Unknown Source)
	at TempTestSuite1674633652946.run(TempTestSuite1674633652946.groovy:36)]]></system-err>
      </testcase>
      <testcase name="Test Cases/Create Order/Dine In/Dine In - Gopay" time="124.805" classname="Test Cases/Create Order/Dine In/Dine In - Gopay" status="FAILED">
         <failure type="FAILED" message="Test Cases/Create Order/Dine In/Dine In - Gopay FAILED.
Reason:
com.kms.katalon.core.exception.StepFailedException: Object  not found
	at com.kms.katalon.core.keyword.internal.KeywordMain.stepFailed(KeywordMain.groovy:50)
	at com.kms.katalon.core.mobile.keyword.internal.MobileKeywordMain.stepFailed(MobileKeywordMain.groovy:40)
	at com.kms.katalon.core.mobile.keyword.builtin.TapKeyword$_tap_closure1.doCall(TapKeyword.groovy:79)
	at com.kms.katalon.core.mobile.keyword.builtin.TapKeyword$_tap_closure1.call(TapKeyword.groovy)
	at com.kms.katalon.core.mobile.keyword.internal.MobileKeywordMain.runKeyword(MobileKeywordMain.groovy:21)
	at com.kms.katalon.core.mobile.keyword.builtin.TapKeyword.tap(TapKeyword.groovy:84)
	at com.kms.katalon.core.mobile.keyword.builtin.TapKeyword.execute(TapKeyword.groovy:68)
	at com.kms.katalon.core.keyword.internal.KeywordExecutor.executeKeywordForPlatform(KeywordExecutor.groovy:74)
	at com.kms.katalon.core.mobile.keyword.MobileBuiltInKeywords.tap(MobileBuiltInKeywords.groovy:1490)
	at com.kms.katalon.core.mobile.keyword.MobileBuiltInKeywords$tap$1.call(Unknown Source)
	at Dine In - Gopay.run(Dine In - Gopay:121)
	at com.kms.katalon.core.main.ScriptEngine.run(ScriptEngine.java:194)
	at com.kms.katalon.core.main.ScriptEngine.runScriptAsRawText(ScriptEngine.java:119)
	at com.kms.katalon.core.main.TestCaseExecutor.runScript(TestCaseExecutor.java:448)
	at com.kms.katalon.core.main.TestCaseExecutor.doExecute(TestCaseExecutor.java:439)
	at com.kms.katalon.core.main.TestCaseExecutor.processExecutionPhase(TestCaseExecutor.java:418)
	at com.kms.katalon.core.main.TestCaseExecutor.accessMainPhase(TestCaseExecutor.java:410)
	at com.kms.katalon.core.main.TestCaseExecutor.execute(TestCaseExecutor.java:285)
	at com.kms.katalon.core.common.CommonExecutor.accessTestCaseMainPhase(CommonExecutor.java:65)
	at com.kms.katalon.core.main.TestSuiteExecutor.accessTestSuiteMainPhase(TestSuiteExecutor.java:151)
	at com.kms.katalon.core.main.TestSuiteExecutor.execute(TestSuiteExecutor.java:106)
	at com.kms.katalon.core.main.TestCaseMain.startTestSuite(TestCaseMain.java:185)
	at com.kms.katalon.core.main.TestCaseMain$startTestSuite$0.call(Unknown Source)
	at TempTestSuite1674633652946.run(TempTestSuite1674633652946.groovy:36)
"/>
         <system-out><![CDATA[2023-01-25 15:01:27 - [TEST_CASE][FAILED] - Test Cases/Create Order/Dine In/Dine In - Gopay: Test Cases/Create Order/Dine In/Dine In - Gopay FAILED.
Reason:
com.kms.katalon.core.exception.StepFailedException: Object  not found
	at com.kms.katalon.core.keyword.internal.KeywordMain.stepFailed(KeywordMain.groovy:50)
	at com.kms.katalon.core.mobile.keyword.internal.MobileKeywordMain.stepFailed(MobileKeywordMain.groovy:40)
	at com.kms.katalon.core.mobile.keyword.builtin.TapKeyword$_tap_closure1.doCall(TapKeyword.groovy:79)
	at com.kms.katalon.core.mobile.keyword.builtin.TapKeyword$_tap_closure1.call(TapKeyword.groovy)
	at com.kms.katalon.core.mobile.keyword.internal.MobileKeywordMain.runKeyword(MobileKeywordMain.groovy:21)
	at com.kms.katalon.core.mobile.keyword.builtin.TapKeyword.tap(TapKeyword.groovy:84)
	at com.kms.katalon.core.mobile.keyword.builtin.TapKeyword.execute(TapKeyword.groovy:68)
	at com.kms.katalon.core.keyword.internal.KeywordExecutor.executeKeywordForPlatform(KeywordExecutor.groovy:74)
	at com.kms.katalon.core.mobile.keyword.MobileBuiltInKeywords.tap(MobileBuiltInKeywords.groovy:1490)
	at com.kms.katalon.core.mobile.keyword.MobileBuiltInKeywords$tap$1.call(Unknown Source)
	at Dine In - Gopay.run(Dine In - Gopay:121)
	at com.kms.katalon.core.main.ScriptEngine.run(ScriptEngine.java:194)
	at com.kms.katalon.core.main.ScriptEngine.runScriptAsRawText(ScriptEngine.java:119)
	at com.kms.katalon.core.main.TestCaseExecutor.runScript(TestCaseExecutor.java:448)
	at com.kms.katalon.core.main.TestCaseExecutor.doExecute(TestCaseExecutor.java:439)
	at com.kms.katalon.core.main.TestCaseExecutor.processExecutionPhase(TestCaseExecutor.java:418)
	at com.kms.katalon.core.main.TestCaseExecutor.accessMainPhase(TestCaseExecutor.java:410)
	at com.kms.katalon.core.main.TestCaseExecutor.execute(TestCaseExecutor.java:285)
	at com.kms.katalon.core.common.CommonExecutor.accessTestCaseMainPhase(CommonExecutor.java:65)
	at com.kms.katalon.core.main.TestSuiteExecutor.accessTestSuiteMainPhase(TestSuiteExecutor.java:151)
	at com.kms.katalon.core.main.TestSuiteExecutor.execute(TestSuiteExecutor.java:106)
	at com.kms.katalon.core.main.TestCaseMain.startTestSuite(TestCaseMain.java:185)
	at com.kms.katalon.core.main.TestCaseMain$startTestSuite$0.call(Unknown Source)
	at TempTestSuite1674633652946.run(TempTestSuite1674633652946.groovy:36)


2023-01-25 15:01:27 - [TEST_STEP][PASSED] - startExistingApplication("com.kfc.mobile.hkStaging", STOP_ON_FAILURE): Starting app with application ID: 'com.kfc.mobile.hkStaging'

2023-01-25 15:01:27 - [MESSAGE][INFO] - User set preference: ['appPackage', 'com.kfc.mobile.hkStaging']

2023-01-25 15:01:27 - [MESSAGE][INFO] - User set preference: ['appActivity', 'com.kfc.mobile.presentation.home.HomeActivity']

2023-01-25 15:01:27 - [MESSAGE][INFO] - User set preference: ['noReset', 'true']

2023-01-25 15:01:27 - [MESSAGE][INFO] - User set preference: ['deviceId', '']

2023-01-25 15:01:42 - [MESSAGE][INFO] - Failed to get OS statusbar's information using default method.

2023-01-25 15:01:43 - [MESSAGE][PASSED] - Starting app with application ID: 'com.kfc.mobile.hkStaging'

2023-01-25 15:01:43 - [TEST_STEP][PASSED] - waitForElementPresent(findTestObject("Order Dine In/android.widget.TextView - Beranda"), 5): Element 'Object Repository/Order Dine In/android.widget.TextView - Beranda' is present

2023-01-25 15:01:44 - [MESSAGE][PASSED] - Element 'Object Repository/Order Dine In/android.widget.TextView - Beranda' is present

2023-01-25 15:01:44 - [TEST_STEP][PASSED] - tap(findTestObject("Object Repository/Order Dine In/android.widget.TextView - Beranda"), 5): Tapped on element 'Object Repository/Order Dine In/android.widget.TextView - Beranda'

2023-01-25 15:01:45 - [MESSAGE][PASSED] - Tapped on element 'Object Repository/Order Dine In/android.widget.TextView - Beranda'

2023-01-25 15:01:45 - [TEST_STEP][PASSED] - swipe(281, 500, 434, 161): Swiped from 281,500 to 434,161

2023-01-25 15:01:46 - [MESSAGE][PASSED] - Swiped from 281,500 to 434,161

2023-01-25 15:01:46 - [TEST_STEP][PASSED] - tap(findTestObject("Object Repository/Order Dine In/android.widget.TextView - DINE-IN"), 5): Tapped on element 'Object Repository/Order Dine In/android.widget.TextView - DINE-IN'

2023-01-25 15:01:47 - [MESSAGE][PASSED] - Tapped on element 'Object Repository/Order Dine In/android.widget.TextView - DINE-IN'

2023-01-25 15:01:47 - [TEST_STEP][PASSED] - tap(findTestObject("Object Repository/Order Dine In/android.widget.TextView - Cari Gerai KFC"), 5): Tapped on element 'Object Repository/Order Dine In/android.widget.TextView - Cari Gerai KFC'

2023-01-25 15:01:49 - [MESSAGE][PASSED] - Tapped on element 'Object Repository/Order Dine In/android.widget.TextView - Cari Gerai KFC'

2023-01-25 15:01:49 - [TEST_STEP][PASSED] - setText(findTestObject("Object Repository/Order Dine In/android.widget.EditText - Cari Gerai KFC"), "MT Haryono", 5): Text 'MT Haryono' has been set to element 'Object Repository/Order Dine In/android.widget.EditText - Cari Gerai KFC'

2023-01-25 15:01:53 - [MESSAGE][PASSED] - Text 'MT Haryono' has been set to element 'Object Repository/Order Dine In/android.widget.EditText - Cari Gerai KFC'

2023-01-25 15:01:53 - [TEST_STEP][PASSED] - hideKeyboard(): Keyboard is hidden

2023-01-25 15:01:56 - [MESSAGE][PASSED] - Keyboard is hidden

2023-01-25 15:01:56 - [TEST_STEP][PASSED] - waitForElementPresent(findTestObject("Object Repository/Order Dine In/android.widget.TextView - MT HARYONO JAKARTA"), 5): Object Object Repository/Order Dine In/android.widget.TextView - MT HARYONO JAKARTA not found

2023-01-25 15:02:01 - [MESSAGE][WARNING] - Object Object Repository/Order Dine In/android.widget.TextView - MT HARYONO JAKARTA not found

2023-01-25 15:02:01 - [TEST_STEP][PASSED] - tap(findTestObject("Order Dine In/Order/android.widget.Button - Pilih Gerai"), 5): Tapped on element 'Object Repository/Order Dine In/Order/android.widget.Button - Pilih Gerai'

2023-01-25 15:02:02 - [MESSAGE][PASSED] - Tapped on element 'Object Repository/Order Dine In/Order/android.widget.Button - Pilih Gerai'

2023-01-25 15:02:02 - [TEST_STEP][PASSED] - delay(5, STOP_ON_FAILURE): Delayed 5 second(s)

2023-01-25 15:02:07 - [MESSAGE][PASSED] - Delayed 5 second(s)

2023-01-25 15:02:07 - [TEST_STEP][PASSED] - tap(findTestObject("Order Dine In/android.widget.FrameLayout"), 5): Tapped on element 'Object Repository/Order Dine In/android.widget.FrameLayout'

2023-01-25 15:02:08 - [MESSAGE][PASSED] - Tapped on element 'Object Repository/Order Dine In/android.widget.FrameLayout'

2023-01-25 15:02:08 - [TEST_STEP][PASSED] - delay(5, STOP_ON_FAILURE): Delayed 5 second(s)

2023-01-25 15:02:13 - [MESSAGE][PASSED] - Delayed 5 second(s)

2023-01-25 15:02:13 - [TEST_STEP][PASSED] - pressBack(): Press back button successfully

2023-01-25 15:02:14 - [MESSAGE][PASSED] - Press back button successfully

2023-01-25 15:02:14 - [TEST_STEP][PASSED] - waitForElementPresent(findTestObject("Order Dine In/android.widget.Button - Add"), 5): Element 'Object Repository/Order Dine In/android.widget.Button - Add' is present

2023-01-25 15:02:14 - [MESSAGE][PASSED] - Element 'Object Repository/Order Dine In/android.widget.Button - Add' is present

2023-01-25 15:02:14 - [TEST_STEP][PASSED] - tap(findTestObject("Order Dine In/android.widget.Button - Add"), 5): Tapped on element 'Object Repository/Order Dine In/android.widget.Button - Add'

2023-01-25 15:02:14 - [MESSAGE][PASSED] - Tapped on element 'Object Repository/Order Dine In/android.widget.Button - Add'

2023-01-25 15:02:14 - [TEST_STEP][PASSED] - delay(5, STOP_ON_FAILURE): Delayed 5 second(s)

2023-01-25 15:02:20 - [MESSAGE][PASSED] - Delayed 5 second(s)

2023-01-25 15:02:20 - [TEST_STEP][PASSED] - waitForElementPresent(findTestObject("Order Dine In/Order/android.widget.Button - Lanjut"), 5): Element 'Object Repository/Order Dine In/Order/android.widget.Button - Lanjut' is present

2023-01-25 15:02:20 - [MESSAGE][PASSED] - Element 'Object Repository/Order Dine In/Order/android.widget.Button - Lanjut' is present

2023-01-25 15:02:20 - [TEST_STEP][PASSED] - tap(findTestObject("Order Dine In/Order/android.widget.Button - Lanjut"), 5): Tapped on element 'Object Repository/Order Dine In/Order/android.widget.Button - Lanjut'

2023-01-25 15:02:20 - [MESSAGE][PASSED] - Tapped on element 'Object Repository/Order Dine In/Order/android.widget.Button - Lanjut'

2023-01-25 15:02:20 - [TEST_STEP][PASSED] - delay(5, STOP_ON_FAILURE): Delayed 5 second(s)

2023-01-25 15:02:25 - [MESSAGE][PASSED] - Delayed 5 second(s)

2023-01-25 15:02:25 - [TEST_STEP][PASSED] - waitForElementPresent(findTestObject("Order Dine In/Order/android.widget.LinearLayout"), 5): Element 'Object Repository/Order Dine In/Order/android.widget.LinearLayout' is present

2023-01-25 15:02:26 - [MESSAGE][PASSED] - Element 'Object Repository/Order Dine In/Order/android.widget.LinearLayout' is present

2023-01-25 15:02:26 - [TEST_STEP][PASSED] - tap(findTestObject("Order Dine In/Order/android.widget.LinearLayout"), 5): Tapped on element 'Object Repository/Order Dine In/Order/android.widget.LinearLayout'

2023-01-25 15:02:26 - [MESSAGE][PASSED] - Tapped on element 'Object Repository/Order Dine In/Order/android.widget.LinearLayout'

2023-01-25 15:02:26 - [TEST_STEP][PASSED] - delay(5, STOP_ON_FAILURE): Delayed 5 second(s)

2023-01-25 15:02:31 - [MESSAGE][PASSED] - Delayed 5 second(s)

2023-01-25 15:02:31 - [TEST_STEP][PASSED] - waitForElementPresent(findTestObject("Order Dine In/Order/android.widget.TextView - Pilih Menu Gratis"), 5): Element 'Object Repository/Order Dine In/Order/android.widget.TextView - Pilih Menu Gratis' is present

2023-01-25 15:02:32 - [MESSAGE][PASSED] - Element 'Object Repository/Order Dine In/Order/android.widget.TextView - Pilih Menu Gratis' is present

2023-01-25 15:02:32 - [TEST_STEP][PASSED] - tap(findTestObject("Order Dine In/Order/android.widget.TextView - Pilih Menu Gratis"), 5): Tapped on element 'Object Repository/Order Dine In/Order/android.widget.TextView - Pilih Menu Gratis'

2023-01-25 15:02:32 - [MESSAGE][PASSED] - Tapped on element 'Object Repository/Order Dine In/Order/android.widget.TextView - Pilih Menu Gratis'

2023-01-25 15:02:32 - [TEST_STEP][PASSED] - delay(5, STOP_ON_FAILURE): Delayed 5 second(s)

2023-01-25 15:02:37 - [MESSAGE][PASSED] - Delayed 5 second(s)

2023-01-25 15:02:37 - [TEST_STEP][PASSED] - waitForElementPresent(findTestObject("Order Dine In/Order/android.widget.Button - Pilih Sekarang"), 10): Element 'Object Repository/Order Dine In/Order/android.widget.Button - Pilih Sekarang' is present

2023-01-25 15:02:39 - [MESSAGE][PASSED] - Element 'Object Repository/Order Dine In/Order/android.widget.Button - Pilih Sekarang' is present

2023-01-25 15:02:39 - [TEST_STEP][PASSED] - tap(findTestObject("Order Dine In/Order/android.widget.Button - Pilih Sekarang"), 10): Tapped on element 'Object Repository/Order Dine In/Order/android.widget.Button - Pilih Sekarang'

2023-01-25 15:02:39 - [MESSAGE][PASSED] - Tapped on element 'Object Repository/Order Dine In/Order/android.widget.Button - Pilih Sekarang'

2023-01-25 15:02:39 - [TEST_STEP][PASSED] - delay(5, STOP_ON_FAILURE): Delayed 5 second(s)

2023-01-25 15:02:44 - [MESSAGE][PASSED] - Delayed 5 second(s)

2023-01-25 15:02:44 - [TEST_STEP][PASSED] - waitForElementPresent(findTestObject("Order Dine In/Order/android.widget.Button - TAMBAHKAN"), 10): Element 'Object Repository/Order Dine In/Order/android.widget.Button - TAMBAHKAN' is present

2023-01-25 15:02:44 - [MESSAGE][PASSED] - Element 'Object Repository/Order Dine In/Order/android.widget.Button - TAMBAHKAN' is present

2023-01-25 15:02:44 - [TEST_STEP][PASSED] - tap(findTestObject("Order Dine In/Order/android.widget.Button - TAMBAHKAN"), 5): Tapped on element 'Object Repository/Order Dine In/Order/android.widget.Button - TAMBAHKAN'

2023-01-25 15:02:45 - [MESSAGE][PASSED] - Tapped on element 'Object Repository/Order Dine In/Order/android.widget.Button - TAMBAHKAN'

2023-01-25 15:02:45 - [TEST_STEP][PASSED] - delay(5, STOP_ON_FAILURE): Delayed 5 second(s)

2023-01-25 15:02:50 - [MESSAGE][PASSED] - Delayed 5 second(s)

2023-01-25 15:02:50 - [TEST_STEP][PASSED] - tap(findTestObject("Order Dine In/Order/android.widget.Button - Lanjutkan"), 5): Tapped on element 'Object Repository/Order Dine In/Order/android.widget.Button - Lanjutkan'

2023-01-25 15:02:50 - [MESSAGE][PASSED] - Tapped on element 'Object Repository/Order Dine In/Order/android.widget.Button - Lanjutkan'

2023-01-25 15:02:50 - [TEST_STEP][PASSED] - delay(5, STOP_ON_FAILURE): Delayed 5 second(s)

2023-01-25 15:02:55 - [MESSAGE][PASSED] - Delayed 5 second(s)

2023-01-25 15:02:55 - [TEST_STEP][PASSED] - scrollToText("TOTAL", STOP_ON_FAILURE): Scrolling to text 'TOTAL' successfully

2023-01-25 15:03:00 - [MESSAGE][PASSED] - Scrolling to text 'TOTAL' successfully

2023-01-25 15:03:00 - [TEST_STEP][PASSED] - tap(findTestObject("Order Dine In/Payment/android.widget.TextView - Lihat Semua"), 5): Tapped on element 'Object Repository/Order Dine In/Payment/android.widget.TextView - Lihat Semua'

2023-01-25 15:03:02 - [MESSAGE][PASSED] - Tapped on element 'Object Repository/Order Dine In/Payment/android.widget.TextView - Lihat Semua'

2023-01-25 15:03:02 - [TEST_STEP][PASSED] - delay(5, STOP_ON_FAILURE): Delayed 5 second(s)

2023-01-25 15:03:07 - [MESSAGE][PASSED] - Delayed 5 second(s)

2023-01-25 15:03:07 - [TEST_STEP][PASSED] - swipe(281, 500, 434, 161): Swiped from 281,500 to 434,161

2023-01-25 15:03:09 - [MESSAGE][PASSED] - Swiped from 281,500 to 434,161

2023-01-25 15:03:09 - [TEST_STEP][PASSED] - testObjectOne = new com.kms.katalon.core.testobject.TestObject(): null

2023-01-25 15:03:09 - [TEST_STEP][PASSED] - testObjectOne.addProperty("xpath", EQUALS, "//hierarchy/android.widget.FrameLayout[1]/android.widget.LinearLayout[1]/android.widget.FrameLayout[1]/android.widget.FrameLayout[1]/android.widget.FrameLayout[1]/android.widget.FrameLayout[1]/android.view.ViewGroup[1]/android.widget.FrameLayout[1]/android.widget.ScrollView[1]/android.view.ViewGroup[1]/android.view.ViewGroup[1]/androidx.recyclerview.widget.RecyclerView[1]/android.view.ViewGroup[3]/android.widget.ImageView[1]"): null

2023-01-25 15:03:09 - [TEST_STEP][PASSED] - tap(testObjectOne, 5): Tapped on element ''

2023-01-25 15:03:09 - [MESSAGE][PASSED] - Tapped on element ''

2023-01-25 15:03:09 - [TEST_STEP][PASSED] - delay(5, STOP_ON_FAILURE): Delayed 5 second(s)

2023-01-25 15:03:14 - [MESSAGE][PASSED] - Delayed 5 second(s)

2023-01-25 15:03:14 - [TEST_STEP][PASSED] - swipe(281, 500, 434, 161): Swiped from 281,500 to 434,161

2023-01-25 15:03:15 - [MESSAGE][PASSED] - Swiped from 281,500 to 434,161

2023-01-25 15:03:15 - [TEST_STEP][PASSED] - delay(5, STOP_ON_FAILURE): Delayed 5 second(s)

2023-01-25 15:03:20 - [MESSAGE][PASSED] - Delayed 5 second(s)

2023-01-25 15:03:20 - [TEST_STEP][PASSED] - testObjectTwo = new com.kms.katalon.core.testobject.TestObject(): null

2023-01-25 15:03:20 - [TEST_STEP][PASSED] - testObjectTwo.addProperty("xpath", EQUALS, "//hierarchy/android.widget.FrameLayout[1]/android.widget.LinearLayout[1]/android.widget.FrameLayout[1]/android.widget.FrameLayout[1]/android.widget.FrameLayout[1]/android.widget.FrameLayout[1]/android.view.ViewGroup[1]/android.widget.FrameLayout[1]/android.widget.ScrollView[1]/android.view.ViewGroup[1]/android.view.ViewGroup[1]/androidx.recyclerview.widget.RecyclerView[1]/android.view.ViewGroup[3]"): null

2023-01-25 15:03:20 - [TEST_STEP][PASSED] - delay(5, STOP_ON_FAILURE): Delayed 5 second(s)

2023-01-25 15:03:25 - [MESSAGE][PASSED] - Delayed 5 second(s)

2023-01-25 15:03:25 - [TEST_STEP][FAILED] - tap(testObjectTwo, 5): Failed to tap on element '' (Root cause: com.kms.katalon.core.exception.StepFailedException: Object  not found
	at com.kms.katalon.core.keyword.internal.KeywordMain.stepFailed(KeywordMain.groovy:50)
	at com.kms.katalon.core.mobile.keyword.internal.MobileKeywordMain.stepFailed(MobileKeywordMain.groovy:40)
	at com.kms.katalon.core.mobile.keyword.builtin.TapKeyword$_tap_closure1.doCall(TapKeyword.groovy:79)
	at com.kms.katalon.core.mobile.keyword.builtin.TapKeyword$_tap_closure1.call(TapKeyword.groovy)
	at com.kms.katalon.core.mobile.keyword.internal.MobileKeywordMain.runKeyword(MobileKeywordMain.groovy:21)
	at com.kms.katalon.core.mobile.keyword.builtin.TapKeyword.tap(TapKeyword.groovy:84)
	at com.kms.katalon.core.mobile.keyword.builtin.TapKeyword.execute(TapKeyword.groovy:68)
	at com.kms.katalon.core.keyword.internal.KeywordExecutor.executeKeywordForPlatform(KeywordExecutor.groovy:74)
	at com.kms.katalon.core.mobile.keyword.MobileBuiltInKeywords.tap(MobileBuiltInKeywords.groovy:1490)
	at com.kms.katalon.core.mobile.keyword.MobileBuiltInKeywords$tap$1.call(Unknown Source)
	at Dine In - Gopay.run(Dine In - Gopay:121)
	at com.kms.katalon.core.main.ScriptEngine.run(ScriptEngine.java:194)
	at com.kms.katalon.core.main.ScriptEngine.runScriptAsRawText(ScriptEngine.java:119)
	at com.kms.katalon.core.main.TestCaseExecutor.runScript(TestCaseExecutor.java:448)
	at com.kms.katalon.core.main.TestCaseExecutor.doExecute(TestCaseExecutor.java:439)
	at com.kms.katalon.core.main.TestCaseExecutor.processExecutionPhase(TestCaseExecutor.java:418)
	at com.kms.katalon.core.main.TestCaseExecutor.accessMainPhase(TestCaseExecutor.java:410)
	at com.kms.katalon.core.main.TestCaseExecutor.execute(TestCaseExecutor.java:285)
	at com.kms.katalon.core.common.CommonExecutor.accessTestCaseMainPhase(CommonExecutor.java:65)
	at com.kms.katalon.core.main.TestSuiteExecutor.accessTestSuiteMainPhase(TestSuiteExecutor.java:151)
	at com.kms.katalon.core.main.TestSuiteExecutor.execute(TestSuiteExecutor.java:106)
	at com.kms.katalon.core.main.TestCaseMain.startTestSuite(TestCaseMain.java:185)
	at com.kms.katalon.core.main.TestCaseMain$startTestSuite$0.call(Unknown Source)
	at TempTestSuite1674633652946.run(TempTestSuite1674633652946.groovy:36)
)

2023-01-25 15:03:30 - [MESSAGE][FAILED] - Object  not found

2023-01-25 15:03:32 - [MESSAGE][FAILED] - Failed to tap on element '' (Root cause: com.kms.katalon.core.exception.StepFailedException: Object  not found
	at com.kms.katalon.core.keyword.internal.KeywordMain.stepFailed(KeywordMain.groovy:50)
	at com.kms.katalon.core.mobile.keyword.internal.MobileKeywordMain.stepFailed(MobileKeywordMain.groovy:40)
	at com.kms.katalon.core.mobile.keyword.builtin.TapKeyword$_tap_closure1.doCall(TapKeyword.groovy:79)
	at com.kms.katalon.core.mobile.keyword.builtin.TapKeyword$_tap_closure1.call(TapKeyword.groovy)
	at com.kms.katalon.core.mobile.keyword.internal.MobileKeywordMain.runKeyword(MobileKeywordMain.groovy:21)
	at com.kms.katalon.core.mobile.keyword.builtin.TapKeyword.tap(TapKeyword.groovy:84)
	at com.kms.katalon.core.mobile.keyword.builtin.TapKeyword.execute(TapKeyword.groovy:68)
	at com.kms.katalon.core.keyword.internal.KeywordExecutor.executeKeywordForPlatform(KeywordExecutor.groovy:74)
	at com.kms.katalon.core.mobile.keyword.MobileBuiltInKeywords.tap(MobileBuiltInKeywords.groovy:1490)
	at com.kms.katalon.core.mobile.keyword.MobileBuiltInKeywords$tap$1.call(Unknown Source)
	at Dine In - Gopay.run(Dine In - Gopay:121)
	at com.kms.katalon.core.main.ScriptEngine.run(ScriptEngine.java:194)
	at com.kms.katalon.core.main.ScriptEngine.runScriptAsRawText(ScriptEngine.java:119)
	at com.kms.katalon.core.main.TestCaseExecutor.runScript(TestCaseExecutor.java:448)
	at com.kms.katalon.core.main.TestCaseExecutor.doExecute(TestCaseExecutor.java:439)
	at com.kms.katalon.core.main.TestCaseExecutor.processExecutionPhase(TestCaseExecutor.java:418)
	at com.kms.katalon.core.main.TestCaseExecutor.accessMainPhase(TestCaseExecutor.java:410)
	at com.kms.katalon.core.main.TestCaseExecutor.execute(TestCaseExecutor.java:285)
	at com.kms.katalon.core.common.CommonExecutor.accessTestCaseMainPhase(CommonExecutor.java:65)
	at com.kms.katalon.core.main.TestSuiteExecutor.accessTestSuiteMainPhase(TestSuiteExecutor.java:151)
	at com.kms.katalon.core.main.TestSuiteExecutor.execute(TestSuiteExecutor.java:106)
	at com.kms.katalon.core.main.TestCaseMain.startTestSuite(TestCaseMain.java:185)
	at com.kms.katalon.core.main.TestCaseMain$startTestSuite$0.call(Unknown Source)
	at TempTestSuite1674633652946.run(TempTestSuite1674633652946.groovy:36)
)
[[ATTACHMENT|C:\\Users\\Ahadian Rifky\\Downloads\\Katalon_Studio_Windows_64-8.5.5\\Katalon_Studio_Windows_64-8.5.5\\git.github.com\\maycheljecsan\\kfckuapps_katalon.git\\kfcku_android\\Reports\\20230125_150052\\Create Order\\Create Order\\20230125_150052\\1674633810626.png]]]]></system-out>
         <system-err><![CDATA[2023-01-25 15:01:27 - [TEST_CASE][FAILED] - Test Cases/Create Order/Dine In/Dine In - Gopay: Test Cases/Create Order/Dine In/Dine In - Gopay FAILED.
Reason:
com.kms.katalon.core.exception.StepFailedException: Object  not found
	at com.kms.katalon.core.keyword.internal.KeywordMain.stepFailed(KeywordMain.groovy:50)
	at com.kms.katalon.core.mobile.keyword.internal.MobileKeywordMain.stepFailed(MobileKeywordMain.groovy:40)
	at com.kms.katalon.core.mobile.keyword.builtin.TapKeyword$_tap_closure1.doCall(TapKeyword.groovy:79)
	at com.kms.katalon.core.mobile.keyword.builtin.TapKeyword$_tap_closure1.call(TapKeyword.groovy)
	at com.kms.katalon.core.mobile.keyword.internal.MobileKeywordMain.runKeyword(MobileKeywordMain.groovy:21)
	at com.kms.katalon.core.mobile.keyword.builtin.TapKeyword.tap(TapKeyword.groovy:84)
	at com.kms.katalon.core.mobile.keyword.builtin.TapKeyword.execute(TapKeyword.groovy:68)
	at com.kms.katalon.core.keyword.internal.KeywordExecutor.executeKeywordForPlatform(KeywordExecutor.groovy:74)
	at com.kms.katalon.core.mobile.keyword.MobileBuiltInKeywords.tap(MobileBuiltInKeywords.groovy:1490)
	at com.kms.katalon.core.mobile.keyword.MobileBuiltInKeywords$tap$1.call(Unknown Source)
	at Dine In - Gopay.run(Dine In - Gopay:121)
	at com.kms.katalon.core.main.ScriptEngine.run(ScriptEngine.java:194)
	at com.kms.katalon.core.main.ScriptEngine.runScriptAsRawText(ScriptEngine.java:119)
	at com.kms.katalon.core.main.TestCaseExecutor.runScript(TestCaseExecutor.java:448)
	at com.kms.katalon.core.main.TestCaseExecutor.doExecute(TestCaseExecutor.java:439)
	at com.kms.katalon.core.main.TestCaseExecutor.processExecutionPhase(TestCaseExecutor.java:418)
	at com.kms.katalon.core.main.TestCaseExecutor.accessMainPhase(TestCaseExecutor.java:410)
	at com.kms.katalon.core.main.TestCaseExecutor.execute(TestCaseExecutor.java:285)
	at com.kms.katalon.core.common.CommonExecutor.accessTestCaseMainPhase(CommonExecutor.java:65)
	at com.kms.katalon.core.main.TestSuiteExecutor.accessTestSuiteMainPhase(TestSuiteExecutor.java:151)
	at com.kms.katalon.core.main.TestSuiteExecutor.execute(TestSuiteExecutor.java:106)
	at com.kms.katalon.core.main.TestCaseMain.startTestSuite(TestCaseMain.java:185)
	at com.kms.katalon.core.main.TestCaseMain$startTestSuite$0.call(Unknown Source)
	at TempTestSuite1674633652946.run(TempTestSuite1674633652946.groovy:36)]]></system-err>
      </testcase>
      <testcase name="Test Cases/Create Order/Drive Thru/Drive Thru - Dana" time="112.165" classname="Test Cases/Create Order/Drive Thru/Drive Thru - Dana" status="ERROR">
         <error type="ERROR" message="Test Cases/Create Order/Drive Thru/Drive Thru - Dana FAILED.
Reason:
groovy.lang.MissingPropertyException: No such property: ConditionType for class: Script1674630252472
	at Drive Thru - Dana.run(Drive Thru - Dana:132)
	at com.kms.katalon.core.main.ScriptEngine.run(ScriptEngine.java:194)
	at com.kms.katalon.core.main.ScriptEngine.runScriptAsRawText(ScriptEngine.java:119)
	at com.kms.katalon.core.main.TestCaseExecutor.runScript(TestCaseExecutor.java:448)
	at com.kms.katalon.core.main.TestCaseExecutor.doExecute(TestCaseExecutor.java:439)
	at com.kms.katalon.core.main.TestCaseExecutor.processExecutionPhase(TestCaseExecutor.java:418)
	at com.kms.katalon.core.main.TestCaseExecutor.accessMainPhase(TestCaseExecutor.java:410)
	at com.kms.katalon.core.main.TestCaseExecutor.execute(TestCaseExecutor.java:285)
	at com.kms.katalon.core.common.CommonExecutor.accessTestCaseMainPhase(CommonExecutor.java:65)
	at com.kms.katalon.core.main.TestSuiteExecutor.accessTestSuiteMainPhase(TestSuiteExecutor.java:151)
	at com.kms.katalon.core.main.TestSuiteExecutor.execute(TestSuiteExecutor.java:106)
	at com.kms.katalon.core.main.TestCaseMain.startTestSuite(TestCaseMain.java:185)
	at com.kms.katalon.core.main.TestCaseMain$startTestSuite$0.call(Unknown Source)
	at TempTestSuite1674633652946.run(TempTestSuite1674633652946.groovy:36)
"/>
         <system-out><![CDATA[2023-01-25 15:03:32 - [TEST_CASE][ERROR] - Test Cases/Create Order/Drive Thru/Drive Thru - Dana: Test Cases/Create Order/Drive Thru/Drive Thru - Dana FAILED.
Reason:
groovy.lang.MissingPropertyException: No such property: ConditionType for class: Script1674630252472
	at Drive Thru - Dana.run(Drive Thru - Dana:132)
	at com.kms.katalon.core.main.ScriptEngine.run(ScriptEngine.java:194)
	at com.kms.katalon.core.main.ScriptEngine.runScriptAsRawText(ScriptEngine.java:119)
	at com.kms.katalon.core.main.TestCaseExecutor.runScript(TestCaseExecutor.java:448)
	at com.kms.katalon.core.main.TestCaseExecutor.doExecute(TestCaseExecutor.java:439)
	at com.kms.katalon.core.main.TestCaseExecutor.processExecutionPhase(TestCaseExecutor.java:418)
	at com.kms.katalon.core.main.TestCaseExecutor.accessMainPhase(TestCaseExecutor.java:410)
	at com.kms.katalon.core.main.TestCaseExecutor.execute(TestCaseExecutor.java:285)
	at com.kms.katalon.core.common.CommonExecutor.accessTestCaseMainPhase(CommonExecutor.java:65)
	at com.kms.katalon.core.main.TestSuiteExecutor.accessTestSuiteMainPhase(TestSuiteExecutor.java:151)
	at com.kms.katalon.core.main.TestSuiteExecutor.execute(TestSuiteExecutor.java:106)
	at com.kms.katalon.core.main.TestCaseMain.startTestSuite(TestCaseMain.java:185)
	at com.kms.katalon.core.main.TestCaseMain$startTestSuite$0.call(Unknown Source)
	at TempTestSuite1674633652946.run(TempTestSuite1674633652946.groovy:36)


2023-01-25 15:03:32 - [TEST_STEP][PASSED] - startExistingApplication("com.kfc.mobile.hkStaging", STOP_ON_FAILURE): Starting app with application ID: 'com.kfc.mobile.hkStaging'

2023-01-25 15:03:32 - [MESSAGE][INFO] - User set preference: ['appPackage', 'com.kfc.mobile.hkStaging']

2023-01-25 15:03:32 - [MESSAGE][INFO] - User set preference: ['appActivity', 'com.kfc.mobile.presentation.home.HomeActivity']

2023-01-25 15:03:32 - [MESSAGE][INFO] - User set preference: ['noReset', 'true']

2023-01-25 15:03:32 - [MESSAGE][INFO] - User set preference: ['deviceId', '']

2023-01-25 15:03:45 - [MESSAGE][INFO] - Failed to get OS statusbar's information using default method.

2023-01-25 15:03:46 - [MESSAGE][PASSED] - Starting app with application ID: 'com.kfc.mobile.hkStaging'

2023-01-25 15:03:47 - [TEST_STEP][PASSED] - waitForElementPresent(findTestObject("Order Dine In/android.widget.TextView - Beranda"), 5): Element 'Object Repository/Order Dine In/android.widget.TextView - Beranda' is present

2023-01-25 15:03:48 - [MESSAGE][PASSED] - Element 'Object Repository/Order Dine In/android.widget.TextView - Beranda' is present

2023-01-25 15:03:48 - [TEST_STEP][PASSED] - tap(findTestObject("Object Repository/Order Dine In/android.widget.TextView - Beranda"), 5): Tapped on element 'Object Repository/Order Dine In/android.widget.TextView - Beranda'

2023-01-25 15:03:49 - [MESSAGE][PASSED] - Tapped on element 'Object Repository/Order Dine In/android.widget.TextView - Beranda'

2023-01-25 15:03:49 - [TEST_STEP][PASSED] - swipe(281, 600, 434, 90): Swiped from 281,600 to 434,90

2023-01-25 15:03:51 - [MESSAGE][PASSED] - Swiped from 281,600 to 434,90

2023-01-25 15:03:51 - [TEST_STEP][PASSED] - device_Height = getDeviceHeight(): Current device physical height is 1280

2023-01-25 15:03:51 - [MESSAGE][PASSED] - Current device physical height is 1280

2023-01-25 15:03:51 - [TEST_STEP][PASSED] - device_Width = getDeviceWidth(): Current device physical width is 720

2023-01-25 15:03:51 - [MESSAGE][PASSED] - Current device physical width is 720

2023-01-25 15:03:51 - [TEST_STEP][PASSED] - startY = device_Height / 2: null

2023-01-25 15:03:51 - [TEST_STEP][PASSED] - endY = startY: null

2023-01-25 15:03:51 - [TEST_STEP][PASSED] - startX = device_Width * 0.30: null

2023-01-25 15:03:51 - [TEST_STEP][PASSED] - endX = device_Width * 0.70: null

2023-01-25 15:03:51 - [TEST_STEP][PASSED] - swipe(endX, startY, startX, endY): Swiped from 504,640 to 216,640

2023-01-25 15:03:52 - [MESSAGE][PASSED] - Swiped from 504,640 to 216,640

2023-01-25 15:03:52 - [TEST_STEP][PASSED] - waitForElementPresent(findTestObject("Order Type/android.widget.TextView - DRIVE-THRU"), 10): Element 'Object Repository/Order Type/android.widget.TextView - DRIVE-THRU' is present

2023-01-25 15:03:52 - [MESSAGE][PASSED] - Element 'Object Repository/Order Type/android.widget.TextView - DRIVE-THRU' is present

2023-01-25 15:03:52 - [TEST_STEP][PASSED] - tap(findTestObject("Order Type/android.widget.TextView - DRIVE-THRU"), 5): Tapped on element 'Object Repository/Order Type/android.widget.TextView - DRIVE-THRU'

2023-01-25 15:03:53 - [MESSAGE][PASSED] - Tapped on element 'Object Repository/Order Type/android.widget.TextView - DRIVE-THRU'

2023-01-25 15:03:53 - [TEST_STEP][PASSED] - waitForElementPresent(findTestObject("Order Dine In/android.widget.EditText - Cari Gerai KFC"), 5): Object Object Repository/Order Dine In/android.widget.EditText - Cari Gerai KFC not found

2023-01-25 15:03:58 - [MESSAGE][WARNING] - Object Object Repository/Order Dine In/android.widget.EditText - Cari Gerai KFC not found

2023-01-25 15:03:58 - [TEST_STEP][PASSED] - tap(findTestObject("Object Repository/Order Dine In/android.widget.TextView - Cari Gerai KFC"), 5): Tapped on element 'Object Repository/Order Dine In/android.widget.TextView - Cari Gerai KFC'

2023-01-25 15:04:00 - [MESSAGE][PASSED] - Tapped on element 'Object Repository/Order Dine In/android.widget.TextView - Cari Gerai KFC'

2023-01-25 15:04:00 - [TEST_STEP][PASSED] - setText(findTestObject("Object Repository/Order Dine In/android.widget.EditText - Cari Gerai KFC"), "MT Haryono", 5): Text 'MT Haryono' has been set to element 'Object Repository/Order Dine In/android.widget.EditText - Cari Gerai KFC'

2023-01-25 15:04:04 - [MESSAGE][PASSED] - Text 'MT Haryono' has been set to element 'Object Repository/Order Dine In/android.widget.EditText - Cari Gerai KFC'

2023-01-25 15:04:04 - [TEST_STEP][PASSED] - hideKeyboard(): Keyboard is hidden

2023-01-25 15:04:07 - [MESSAGE][PASSED] - Keyboard is hidden

2023-01-25 15:04:07 - [TEST_STEP][PASSED] - waitForElementPresent(findTestObject("Order Dine In/android.widget.TextView - MT HARYONO JAKARTA"), 5): Object Object Repository/Order Dine In/android.widget.TextView - MT HARYONO JAKARTA not found

2023-01-25 15:04:12 - [MESSAGE][WARNING] - Object Object Repository/Order Dine In/android.widget.TextView - MT HARYONO JAKARTA not found

2023-01-25 15:04:12 - [TEST_STEP][PASSED] - tap(findTestObject("Order Dine In/Order/android.widget.Button - Pilih Gerai"), 5): Tapped on element 'Object Repository/Order Dine In/Order/android.widget.Button - Pilih Gerai'

2023-01-25 15:04:13 - [MESSAGE][PASSED] - Tapped on element 'Object Repository/Order Dine In/Order/android.widget.Button - Pilih Gerai'

2023-01-25 15:04:13 - [TEST_STEP][PASSED] - delay(5, STOP_ON_FAILURE): Delayed 5 second(s)

2023-01-25 15:04:18 - [MESSAGE][PASSED] - Delayed 5 second(s)

2023-01-25 15:04:18 - [TEST_STEP][PASSED] - tap(findTestObject("Order Dine In/android.widget.FrameLayout"), 5): Tapped on element 'Object Repository/Order Dine In/android.widget.FrameLayout'

2023-01-25 15:04:19 - [MESSAGE][PASSED] - Tapped on element 'Object Repository/Order Dine In/android.widget.FrameLayout'

2023-01-25 15:04:19 - [TEST_STEP][PASSED] - delay(5, STOP_ON_FAILURE): Delayed 5 second(s)

2023-01-25 15:04:24 - [MESSAGE][PASSED] - Delayed 5 second(s)

2023-01-25 15:04:24 - [TEST_STEP][PASSED] - pressBack(): Press back button successfully

2023-01-25 15:04:24 - [MESSAGE][PASSED] - Press back button successfully

2023-01-25 15:04:24 - [TEST_STEP][PASSED] - waitForElementPresent(findTestObject("Order Dine In/android.widget.Button - Add"), 5): Element 'Object Repository/Order Dine In/android.widget.Button - Add' is present

2023-01-25 15:04:25 - [MESSAGE][PASSED] - Element 'Object Repository/Order Dine In/android.widget.Button - Add' is present

2023-01-25 15:04:25 - [TEST_STEP][PASSED] - tap(findTestObject("Order Dine In/android.widget.Button - Add"), 5): Tapped on element 'Object Repository/Order Dine In/android.widget.Button - Add'

2023-01-25 15:04:26 - [MESSAGE][PASSED] - Tapped on element 'Object Repository/Order Dine In/android.widget.Button - Add'

2023-01-25 15:04:26 - [TEST_STEP][PASSED] - delay(5, STOP_ON_FAILURE): Delayed 5 second(s)

2023-01-25 15:04:31 - [MESSAGE][PASSED] - Delayed 5 second(s)

2023-01-25 15:04:31 - [TEST_STEP][PASSED] - waitForElementPresent(findTestObject("Order Dine In/Order/android.widget.Button - Lanjut"), 5): Element 'Object Repository/Order Dine In/Order/android.widget.Button - Lanjut' is present

2023-01-25 15:04:31 - [MESSAGE][PASSED] - Element 'Object Repository/Order Dine In/Order/android.widget.Button - Lanjut' is present

2023-01-25 15:04:31 - [TEST_STEP][PASSED] - tap(findTestObject("Order Dine In/Order/android.widget.Button - Lanjut"), 5): Tapped on element 'Object Repository/Order Dine In/Order/android.widget.Button - Lanjut'

2023-01-25 15:04:31 - [MESSAGE][PASSED] - Tapped on element 'Object Repository/Order Dine In/Order/android.widget.Button - Lanjut'

2023-01-25 15:04:31 - [TEST_STEP][PASSED] - delay(5, STOP_ON_FAILURE): Delayed 5 second(s)

2023-01-25 15:04:36 - [MESSAGE][PASSED] - Delayed 5 second(s)

2023-01-25 15:04:36 - [TEST_STEP][PASSED] - waitForElementPresent(findTestObject("Order Dine In/Order/android.widget.LinearLayout"), 5): Element 'Object Repository/Order Dine In/Order/android.widget.LinearLayout' is present

2023-01-25 15:04:37 - [MESSAGE][PASSED] - Element 'Object Repository/Order Dine In/Order/android.widget.LinearLayout' is present

2023-01-25 15:04:37 - [TEST_STEP][PASSED] - tap(findTestObject("Order Dine In/Order/android.widget.LinearLayout"), 5): Tapped on element 'Object Repository/Order Dine In/Order/android.widget.LinearLayout'

2023-01-25 15:04:38 - [MESSAGE][PASSED] - Tapped on element 'Object Repository/Order Dine In/Order/android.widget.LinearLayout'

2023-01-25 15:04:38 - [TEST_STEP][PASSED] - waitForElementPresent(findTestObject("Order Dine In/Order/android.widget.TextView - Pilih Menu Gratis"), 5): Element 'Object Repository/Order Dine In/Order/android.widget.TextView - Pilih Menu Gratis' is present

2023-01-25 15:04:40 - [MESSAGE][PASSED] - Element 'Object Repository/Order Dine In/Order/android.widget.TextView - Pilih Menu Gratis' is present

2023-01-25 15:04:40 - [TEST_STEP][PASSED] - tap(findTestObject("Order Dine In/Order/android.widget.TextView - Pilih Menu Gratis"), 5): Tapped on element 'Object Repository/Order Dine In/Order/android.widget.TextView - Pilih Menu Gratis'

2023-01-25 15:04:40 - [MESSAGE][PASSED] - Tapped on element 'Object Repository/Order Dine In/Order/android.widget.TextView - Pilih Menu Gratis'

2023-01-25 15:04:40 - [TEST_STEP][PASSED] - delay(5, STOP_ON_FAILURE): Delayed 5 second(s)

2023-01-25 15:04:45 - [MESSAGE][PASSED] - Delayed 5 second(s)

2023-01-25 15:04:45 - [TEST_STEP][PASSED] - waitForElementPresent(findTestObject("DRT Payment/android.widget.EditText - Mohon untuk mengisi nomor"), 5): Element 'Object Repository/DRT Payment/android.widget.EditText - Mohon untuk mengisi nomor' is present

2023-01-25 15:04:46 - [MESSAGE][PASSED] - Element 'Object Repository/DRT Payment/android.widget.EditText - Mohon untuk mengisi nomor' is present

2023-01-25 15:04:46 - [TEST_STEP][PASSED] - setText(findTestObject("DRT Payment/android.widget.EditText - Mohon untuk mengisi nomor"), "B 1223 YTH", 5): Text 'B 1223 YTH' has been set to element 'Object Repository/DRT Payment/android.widget.EditText - Mohon untuk mengisi nomor'

2023-01-25 15:04:49 - [MESSAGE][PASSED] - Text 'B 1223 YTH' has been set to element 'Object Repository/DRT Payment/android.widget.EditText - Mohon untuk mengisi nomor'

2023-01-25 15:04:49 - [TEST_STEP][PASSED] - delay(5, STOP_ON_FAILURE): Delayed 5 second(s)

2023-01-25 15:04:54 - [MESSAGE][PASSED] - Delayed 5 second(s)

2023-01-25 15:04:54 - [TEST_STEP][PASSED] - waitForElementPresent(findTestObject("Order Dine In/Order/android.widget.Button - Pilih Sekarang"), 10): Element 'Object Repository/Order Dine In/Order/android.widget.Button - Pilih Sekarang' is present

2023-01-25 15:04:55 - [MESSAGE][PASSED] - Element 'Object Repository/Order Dine In/Order/android.widget.Button - Pilih Sekarang' is present

2023-01-25 15:04:55 - [TEST_STEP][PASSED] - tap(findTestObject("Order Dine In/Order/android.widget.Button - Pilih Sekarang"), 10): Tapped on element 'Object Repository/Order Dine In/Order/android.widget.Button - Pilih Sekarang'

2023-01-25 15:04:55 - [MESSAGE][PASSED] - Tapped on element 'Object Repository/Order Dine In/Order/android.widget.Button - Pilih Sekarang'

2023-01-25 15:04:55 - [TEST_STEP][PASSED] - delay(5, STOP_ON_FAILURE): Delayed 5 second(s)

2023-01-25 15:05:00 - [MESSAGE][PASSED] - Delayed 5 second(s)

2023-01-25 15:05:00 - [TEST_STEP][PASSED] - waitForElementPresent(findTestObject("Order Dine In/Order/android.widget.Button - TAMBAHKAN"), 10): Element 'Object Repository/Order Dine In/Order/android.widget.Button - TAMBAHKAN' is present

2023-01-25 15:05:01 - [MESSAGE][PASSED] - Element 'Object Repository/Order Dine In/Order/android.widget.Button - TAMBAHKAN' is present

2023-01-25 15:05:01 - [TEST_STEP][PASSED] - tap(findTestObject("Order Dine In/Order/android.widget.Button - TAMBAHKAN"), 5): Tapped on element 'Object Repository/Order Dine In/Order/android.widget.Button - TAMBAHKAN'

2023-01-25 15:05:02 - [MESSAGE][PASSED] - Tapped on element 'Object Repository/Order Dine In/Order/android.widget.Button - TAMBAHKAN'

2023-01-25 15:05:02 - [TEST_STEP][PASSED] - delay(5, STOP_ON_FAILURE): Delayed 5 second(s)

2023-01-25 15:05:07 - [MESSAGE][PASSED] - Delayed 5 second(s)

2023-01-25 15:05:07 - [TEST_STEP][PASSED] - tap(findTestObject("Order Dine In/Order/android.widget.Button - Lanjutkan"), 5): Tapped on element 'Object Repository/Order Dine In/Order/android.widget.Button - Lanjutkan'

2023-01-25 15:05:07 - [MESSAGE][PASSED] - Tapped on element 'Object Repository/Order Dine In/Order/android.widget.Button - Lanjutkan'

2023-01-25 15:05:07 - [TEST_STEP][PASSED] - delay(5, STOP_ON_FAILURE): Delayed 5 second(s)

2023-01-25 15:05:12 - [MESSAGE][PASSED] - Delayed 5 second(s)

2023-01-25 15:05:12 - [TEST_STEP][PASSED] - scrollToText("TOTAL", STOP_ON_FAILURE): Scrolling to text 'TOTAL' successfully

2023-01-25 15:05:18 - [MESSAGE][PASSED] - Scrolling to text 'TOTAL' successfully

2023-01-25 15:05:18 - [TEST_STEP][PASSED] - tap(findTestObject("Order Dine In/Payment/android.widget.TextView - Lihat Semua"), 5): Tapped on element 'Object Repository/Order Dine In/Payment/android.widget.TextView - Lihat Semua'

2023-01-25 15:05:18 - [MESSAGE][PASSED] - Tapped on element 'Object Repository/Order Dine In/Payment/android.widget.TextView - Lihat Semua'

2023-01-25 15:05:18 - [TEST_STEP][PASSED] - delay(5, STOP_ON_FAILURE): Delayed 5 second(s)

2023-01-25 15:05:23 - [MESSAGE][PASSED] - Delayed 5 second(s)

2023-01-25 15:05:23 - [TEST_STEP][PASSED] - swipe(281, 500, 434, 161): Swiped from 281,500 to 434,161

2023-01-25 15:05:24 - [MESSAGE][PASSED] - Swiped from 281,500 to 434,161

2023-01-25 15:05:24 - [TEST_STEP][PASSED] - testObjectOne = new com.kms.katalon.core.testobject.TestObject(): null

2023-01-25 15:05:24 - [TEST_STEP][ERROR] - testObjectOne.addProperty("xpath", EQUALS, "//hierarchy/android.widget.FrameLayout[1]/android.widget.LinearLayout[1]/android.widget.FrameLayout[1]/android.widget.FrameLayout[1]/android.widget.FrameLayout[1]/android.widget.FrameLayout[1]/android.view.ViewGroup[1]/android.widget.FrameLayout[1]/android.widget.ScrollView[1]/android.view.ViewGroup[1]/android.view.ViewGroup[1]/androidx.recyclerview.widget.RecyclerView[1]/android.view.ViewGroup[3]/android.widget.ImageView[1]"): Test Cases/Create Order/Drive Thru/Drive Thru - Dana FAILED.
Reason:
groovy.lang.MissingPropertyException: No such property: ConditionType for class: Script1674630252472
	at Drive Thru - Dana.run(Drive Thru - Dana:132)
	at com.kms.katalon.core.main.ScriptEngine.run(ScriptEngine.java:194)
	at com.kms.katalon.core.main.ScriptEngine.runScriptAsRawText(ScriptEngine.java:119)
	at com.kms.katalon.core.main.TestCaseExecutor.runScript(TestCaseExecutor.java:448)
	at com.kms.katalon.core.main.TestCaseExecutor.doExecute(TestCaseExecutor.java:439)
	at com.kms.katalon.core.main.TestCaseExecutor.processExecutionPhase(TestCaseExecutor.java:418)
	at com.kms.katalon.core.main.TestCaseExecutor.accessMainPhase(TestCaseExecutor.java:410)
	at com.kms.katalon.core.main.TestCaseExecutor.execute(TestCaseExecutor.java:285)
	at com.kms.katalon.core.common.CommonExecutor.accessTestCaseMainPhase(CommonExecutor.java:65)
	at com.kms.katalon.core.main.TestSuiteExecutor.accessTestSuiteMainPhase(TestSuiteExecutor.java:151)
	at com.kms.katalon.core.main.TestSuiteExecutor.execute(TestSuiteExecutor.java:106)
	at com.kms.katalon.core.main.TestCaseMain.startTestSuite(TestCaseMain.java:185)
	at com.kms.katalon.core.main.TestCaseMain$startTestSuite$0.call(Unknown Source)
	at TempTestSuite1674633652946.run(TempTestSuite1674633652946.groovy:36)


2023-01-25 15:05:24 - [MESSAGE][ERROR] - Test Cases/Create Order/Drive Thru/Drive Thru - Dana FAILED.
Reason:
groovy.lang.MissingPropertyException: No such property: ConditionType for class: Script1674630252472
	at Drive Thru - Dana.run(Drive Thru - Dana:132)
	at com.kms.katalon.core.main.ScriptEngine.run(ScriptEngine.java:194)
	at com.kms.katalon.core.main.ScriptEngine.runScriptAsRawText(ScriptEngine.java:119)
	at com.kms.katalon.core.main.TestCaseExecutor.runScript(TestCaseExecutor.java:448)
	at com.kms.katalon.core.main.TestCaseExecutor.doExecute(TestCaseExecutor.java:439)
	at com.kms.katalon.core.main.TestCaseExecutor.processExecutionPhase(TestCaseExecutor.java:418)
	at com.kms.katalon.core.main.TestCaseExecutor.accessMainPhase(TestCaseExecutor.java:410)
	at com.kms.katalon.core.main.TestCaseExecutor.execute(TestCaseExecutor.java:285)
	at com.kms.katalon.core.common.CommonExecutor.accessTestCaseMainPhase(CommonExecutor.java:65)
	at com.kms.katalon.core.main.TestSuiteExecutor.accessTestSuiteMainPhase(TestSuiteExecutor.java:151)
	at com.kms.katalon.core.main.TestSuiteExecutor.execute(TestSuiteExecutor.java:106)
	at com.kms.katalon.core.main.TestCaseMain.startTestSuite(TestCaseMain.java:185)
	at com.kms.katalon.core.main.TestCaseMain$startTestSuite$0.call(Unknown Source)
	at TempTestSuite1674633652946.run(TempTestSuite1674633652946.groovy:36)]]></system-out>
         <system-err><![CDATA[2023-01-25 15:03:32 - [TEST_CASE][ERROR] - Test Cases/Create Order/Drive Thru/Drive Thru - Dana: Test Cases/Create Order/Drive Thru/Drive Thru - Dana FAILED.
Reason:
groovy.lang.MissingPropertyException: No such property: ConditionType for class: Script1674630252472
	at Drive Thru - Dana.run(Drive Thru - Dana:132)
	at com.kms.katalon.core.main.ScriptEngine.run(ScriptEngine.java:194)
	at com.kms.katalon.core.main.ScriptEngine.runScriptAsRawText(ScriptEngine.java:119)
	at com.kms.katalon.core.main.TestCaseExecutor.runScript(TestCaseExecutor.java:448)
	at com.kms.katalon.core.main.TestCaseExecutor.doExecute(TestCaseExecutor.java:439)
	at com.kms.katalon.core.main.TestCaseExecutor.processExecutionPhase(TestCaseExecutor.java:418)
	at com.kms.katalon.core.main.TestCaseExecutor.accessMainPhase(TestCaseExecutor.java:410)
	at com.kms.katalon.core.main.TestCaseExecutor.execute(TestCaseExecutor.java:285)
	at com.kms.katalon.core.common.CommonExecutor.accessTestCaseMainPhase(CommonExecutor.java:65)
	at com.kms.katalon.core.main.TestSuiteExecutor.accessTestSuiteMainPhase(TestSuiteExecutor.java:151)
	at com.kms.katalon.core.main.TestSuiteExecutor.execute(TestSuiteExecutor.java:106)
	at com.kms.katalon.core.main.TestCaseMain.startTestSuite(TestCaseMain.java:185)
	at com.kms.katalon.core.main.TestCaseMain$startTestSuite$0.call(Unknown Source)
	at TempTestSuite1674633652946.run(TempTestSuite1674633652946.groovy:36)]]></system-err>
      </testcase>
      <testcase name="Test Cases/Create Order/Drive Thru/Drive Thru - Gopay" time="69.139" classname="Test Cases/Create Order/Drive Thru/Drive Thru - Gopay" status="FAILED">
         <failure type="FAILED" message="Test Cases/Create Order/Drive Thru/Drive Thru - Gopay FAILED.
Reason:
com.kms.katalon.core.exception.StepFailedException: Object Object Repository/Order Dine In/android.widget.TextView - MT HARYONO JAKARTA not found
	at com.kms.katalon.core.keyword.internal.KeywordMain.stepFailed(KeywordMain.groovy:50)
	at com.kms.katalon.core.mobile.keyword.internal.MobileKeywordMain.stepFailed(MobileKeywordMain.groovy:40)
	at com.kms.katalon.core.mobile.keyword.builtin.TapKeyword$_tap_closure1.doCall(TapKeyword.groovy:79)
	at com.kms.katalon.core.mobile.keyword.builtin.TapKeyword$_tap_closure1.call(TapKeyword.groovy)
	at com.kms.katalon.core.mobile.keyword.internal.MobileKeywordMain.runKeyword(MobileKeywordMain.groovy:21)
	at com.kms.katalon.core.mobile.keyword.builtin.TapKeyword.tap(TapKeyword.groovy:84)
	at com.kms.katalon.core.mobile.keyword.builtin.TapKeyword.execute(TapKeyword.groovy:68)
	at com.kms.katalon.core.keyword.internal.KeywordExecutor.executeKeywordForPlatform(KeywordExecutor.groovy:74)
	at com.kms.katalon.core.mobile.keyword.MobileBuiltInKeywords.tap(MobileBuiltInKeywords.groovy:1490)
	at com.kms.katalon.core.mobile.keyword.MobileBuiltInKeywords$tap$1.call(Unknown Source)
	at Drive Thru - Gopay.run(Drive Thru - Gopay:68)
	at com.kms.katalon.core.main.ScriptEngine.run(ScriptEngine.java:194)
	at com.kms.katalon.core.main.ScriptEngine.runScriptAsRawText(ScriptEngine.java:119)
	at com.kms.katalon.core.main.TestCaseExecutor.runScript(TestCaseExecutor.java:448)
	at com.kms.katalon.core.main.TestCaseExecutor.doExecute(TestCaseExecutor.java:439)
	at com.kms.katalon.core.main.TestCaseExecutor.processExecutionPhase(TestCaseExecutor.java:418)
	at com.kms.katalon.core.main.TestCaseExecutor.accessMainPhase(TestCaseExecutor.java:410)
	at com.kms.katalon.core.main.TestCaseExecutor.execute(TestCaseExecutor.java:285)
	at com.kms.katalon.core.common.CommonExecutor.accessTestCaseMainPhase(CommonExecutor.java:65)
	at com.kms.katalon.core.main.TestSuiteExecutor.accessTestSuiteMainPhase(TestSuiteExecutor.java:151)
	at com.kms.katalon.core.main.TestSuiteExecutor.execute(TestSuiteExecutor.java:106)
	at com.kms.katalon.core.main.TestCaseMain.startTestSuite(TestCaseMain.java:185)
	at com.kms.katalon.core.main.TestCaseMain$startTestSuite$0.call(Unknown Source)
	at TempTestSuite1674633652946.run(TempTestSuite1674633652946.groovy:36)
"/>
         <system-out><![CDATA[2023-01-25 15:05:24 - [TEST_CASE][FAILED] - Test Cases/Create Order/Drive Thru/Drive Thru - Gopay: Test Cases/Create Order/Drive Thru/Drive Thru - Gopay FAILED.
Reason:
com.kms.katalon.core.exception.StepFailedException: Object Object Repository/Order Dine In/android.widget.TextView - MT HARYONO JAKARTA not found
	at com.kms.katalon.core.keyword.internal.KeywordMain.stepFailed(KeywordMain.groovy:50)
	at com.kms.katalon.core.mobile.keyword.internal.MobileKeywordMain.stepFailed(MobileKeywordMain.groovy:40)
	at com.kms.katalon.core.mobile.keyword.builtin.TapKeyword$_tap_closure1.doCall(TapKeyword.groovy:79)
	at com.kms.katalon.core.mobile.keyword.builtin.TapKeyword$_tap_closure1.call(TapKeyword.groovy)
	at com.kms.katalon.core.mobile.keyword.internal.MobileKeywordMain.runKeyword(MobileKeywordMain.groovy:21)
	at com.kms.katalon.core.mobile.keyword.builtin.TapKeyword.tap(TapKeyword.groovy:84)
	at com.kms.katalon.core.mobile.keyword.builtin.TapKeyword.execute(TapKeyword.groovy:68)
	at com.kms.katalon.core.keyword.internal.KeywordExecutor.executeKeywordForPlatform(KeywordExecutor.groovy:74)
	at com.kms.katalon.core.mobile.keyword.MobileBuiltInKeywords.tap(MobileBuiltInKeywords.groovy:1490)
	at com.kms.katalon.core.mobile.keyword.MobileBuiltInKeywords$tap$1.call(Unknown Source)
	at Drive Thru - Gopay.run(Drive Thru - Gopay:68)
	at com.kms.katalon.core.main.ScriptEngine.run(ScriptEngine.java:194)
	at com.kms.katalon.core.main.ScriptEngine.runScriptAsRawText(ScriptEngine.java:119)
	at com.kms.katalon.core.main.TestCaseExecutor.runScript(TestCaseExecutor.java:448)
	at com.kms.katalon.core.main.TestCaseExecutor.doExecute(TestCaseExecutor.java:439)
	at com.kms.katalon.core.main.TestCaseExecutor.processExecutionPhase(TestCaseExecutor.java:418)
	at com.kms.katalon.core.main.TestCaseExecutor.accessMainPhase(TestCaseExecutor.java:410)
	at com.kms.katalon.core.main.TestCaseExecutor.execute(TestCaseExecutor.java:285)
	at com.kms.katalon.core.common.CommonExecutor.accessTestCaseMainPhase(CommonExecutor.java:65)
	at com.kms.katalon.core.main.TestSuiteExecutor.accessTestSuiteMainPhase(TestSuiteExecutor.java:151)
	at com.kms.katalon.core.main.TestSuiteExecutor.execute(TestSuiteExecutor.java:106)
	at com.kms.katalon.core.main.TestCaseMain.startTestSuite(TestCaseMain.java:185)
	at com.kms.katalon.core.main.TestCaseMain$startTestSuite$0.call(Unknown Source)
	at TempTestSuite1674633652946.run(TempTestSuite1674633652946.groovy:36)


2023-01-25 15:05:25 - [TEST_STEP][PASSED] - startExistingApplication("com.kfc.mobile.hkStaging", STOP_ON_FAILURE): Starting app with application ID: 'com.kfc.mobile.hkStaging'

2023-01-25 15:05:25 - [MESSAGE][INFO] - User set preference: ['appPackage', 'com.kfc.mobile.hkStaging']

2023-01-25 15:05:25 - [MESSAGE][INFO] - User set preference: ['appActivity', 'com.kfc.mobile.presentation.home.HomeActivity']

2023-01-25 15:05:25 - [MESSAGE][INFO] - User set preference: ['noReset', 'true']

2023-01-25 15:05:25 - [MESSAGE][INFO] - User set preference: ['deviceId', '']

2023-01-25 15:05:37 - [MESSAGE][INFO] - Failed to get OS statusbar's information using default method.

2023-01-25 15:05:39 - [MESSAGE][PASSED] - Starting app with application ID: 'com.kfc.mobile.hkStaging'

2023-01-25 15:05:39 - [TEST_STEP][PASSED] - waitForElementPresent(findTestObject("Order Dine In/android.widget.TextView - Beranda"), 5): Element 'Object Repository/Order Dine In/android.widget.TextView - Beranda' is present

2023-01-25 15:05:41 - [MESSAGE][PASSED] - Element 'Object Repository/Order Dine In/android.widget.TextView - Beranda' is present

2023-01-25 15:05:41 - [TEST_STEP][PASSED] - tap(findTestObject("Object Repository/Order Dine In/android.widget.TextView - Beranda"), 5): Tapped on element 'Object Repository/Order Dine In/android.widget.TextView - Beranda'

2023-01-25 15:05:41 - [MESSAGE][PASSED] - Tapped on element 'Object Repository/Order Dine In/android.widget.TextView - Beranda'

2023-01-25 15:05:41 - [TEST_STEP][PASSED] - swipe(281, 600, 434, 90): Swiped from 281,600 to 434,90

2023-01-25 15:05:42 - [MESSAGE][PASSED] - Swiped from 281,600 to 434,90

2023-01-25 15:05:43 - [TEST_STEP][PASSED] - device_Height = getDeviceHeight(): Current device physical height is 1280

2023-01-25 15:05:43 - [MESSAGE][PASSED] - Current device physical height is 1280

2023-01-25 15:05:43 - [TEST_STEP][PASSED] - device_Width = getDeviceWidth(): Current device physical width is 720

2023-01-25 15:05:43 - [MESSAGE][PASSED] - Current device physical width is 720

2023-01-25 15:05:43 - [TEST_STEP][PASSED] - startY = device_Height / 2: null

2023-01-25 15:05:43 - [TEST_STEP][PASSED] - endY = startY: null

2023-01-25 15:05:43 - [TEST_STEP][PASSED] - startX = device_Width * 0.30: null

2023-01-25 15:05:43 - [TEST_STEP][PASSED] - endX = device_Width * 0.70: null

2023-01-25 15:05:43 - [TEST_STEP][PASSED] - swipe(endX, startY, startX, endY): Swiped from 504,640 to 216,640

2023-01-25 15:05:44 - [MESSAGE][PASSED] - Swiped from 504,640 to 216,640

2023-01-25 15:05:44 - [TEST_STEP][PASSED] - waitForElementPresent(findTestObject("Order Type/android.widget.TextView - DRIVE-THRU"), 10): Element 'Object Repository/Order Type/android.widget.TextView - DRIVE-THRU' is present

2023-01-25 15:05:44 - [MESSAGE][PASSED] - Element 'Object Repository/Order Type/android.widget.TextView - DRIVE-THRU' is present

2023-01-25 15:05:44 - [TEST_STEP][PASSED] - tap(findTestObject("Order Type/android.widget.TextView - DRIVE-THRU"), 5): Tapped on element 'Object Repository/Order Type/android.widget.TextView - DRIVE-THRU'

2023-01-25 15:05:45 - [MESSAGE][PASSED] - Tapped on element 'Object Repository/Order Type/android.widget.TextView - DRIVE-THRU'

2023-01-25 15:05:45 - [TEST_STEP][PASSED] - waitForElementPresent(findTestObject("Order Dine In/android.widget.EditText - Cari Gerai KFC"), 5): Object Object Repository/Order Dine In/android.widget.EditText - Cari Gerai KFC not found

2023-01-25 15:05:50 - [MESSAGE][WARNING] - Object Object Repository/Order Dine In/android.widget.EditText - Cari Gerai KFC not found

2023-01-25 15:05:50 - [TEST_STEP][PASSED] - tap(findTestObject("Object Repository/Order Dine In/android.widget.TextView - Cari Gerai KFC"), 5): Tapped on element 'Object Repository/Order Dine In/android.widget.TextView - Cari Gerai KFC'

2023-01-25 15:05:51 - [MESSAGE][PASSED] - Tapped on element 'Object Repository/Order Dine In/android.widget.TextView - Cari Gerai KFC'

2023-01-25 15:05:51 - [TEST_STEP][PASSED] - setText(findTestObject("Object Repository/Order Dine In/android.widget.EditText - Cari Gerai KFC"), "MT Haryono", 5): Text 'MT Haryono' has been set to element 'Object Repository/Order Dine In/android.widget.EditText - Cari Gerai KFC'

2023-01-25 15:05:54 - [MESSAGE][PASSED] - Text 'MT Haryono' has been set to element 'Object Repository/Order Dine In/android.widget.EditText - Cari Gerai KFC'

2023-01-25 15:05:54 - [TEST_STEP][PASSED] - hideKeyboard(): Keyboard is hidden

2023-01-25 15:05:57 - [MESSAGE][PASSED] - Keyboard is hidden

2023-01-25 15:05:57 - [TEST_STEP][PASSED] - waitForElementPresent(findTestObject("Object Repository/Order Dine In/android.widget.TextView - MT HARYONO JAKARTA"), 5): Object Object Repository/Order Dine In/android.widget.TextView - MT HARYONO JAKARTA not found

2023-01-25 15:06:02 - [MESSAGE][WARNING] - Object Object Repository/Order Dine In/android.widget.TextView - MT HARYONO JAKARTA not found

2023-01-25 15:06:02 - [TEST_STEP][FAILED] - tap(findTestObject("Object Repository/Order Dine In/android.widget.TextView - MT HARYONO JAKARTA"), 0): Failed to tap on element 'Object Repository/Order Dine In/android.widget.TextView - MT HARYONO JAKARTA' (Root cause: com.kms.katalon.core.exception.StepFailedException: Object Object Repository/Order Dine In/android.widget.TextView - MT HARYONO JAKARTA not found
	at com.kms.katalon.core.keyword.internal.KeywordMain.stepFailed(KeywordMain.groovy:50)
	at com.kms.katalon.core.mobile.keyword.internal.MobileKeywordMain.stepFailed(MobileKeywordMain.groovy:40)
	at com.kms.katalon.core.mobile.keyword.builtin.TapKeyword$_tap_closure1.doCall(TapKeyword.groovy:79)
	at com.kms.katalon.core.mobile.keyword.builtin.TapKeyword$_tap_closure1.call(TapKeyword.groovy)
	at com.kms.katalon.core.mobile.keyword.internal.MobileKeywordMain.runKeyword(MobileKeywordMain.groovy:21)
	at com.kms.katalon.core.mobile.keyword.builtin.TapKeyword.tap(TapKeyword.groovy:84)
	at com.kms.katalon.core.mobile.keyword.builtin.TapKeyword.execute(TapKeyword.groovy:68)
	at com.kms.katalon.core.keyword.internal.KeywordExecutor.executeKeywordForPlatform(KeywordExecutor.groovy:74)
	at com.kms.katalon.core.mobile.keyword.MobileBuiltInKeywords.tap(MobileBuiltInKeywords.groovy:1490)
	at com.kms.katalon.core.mobile.keyword.MobileBuiltInKeywords$tap$1.call(Unknown Source)
	at Drive Thru - Gopay.run(Drive Thru - Gopay:68)
	at com.kms.katalon.core.main.ScriptEngine.run(ScriptEngine.java:194)
	at com.kms.katalon.core.main.ScriptEngine.runScriptAsRawText(ScriptEngine.java:119)
	at com.kms.katalon.core.main.TestCaseExecutor.runScript(TestCaseExecutor.java:448)
	at com.kms.katalon.core.main.TestCaseExecutor.doExecute(TestCaseExecutor.java:439)
	at com.kms.katalon.core.main.TestCaseExecutor.processExecutionPhase(TestCaseExecutor.java:418)
	at com.kms.katalon.core.main.TestCaseExecutor.accessMainPhase(TestCaseExecutor.java:410)
	at com.kms.katalon.core.main.TestCaseExecutor.execute(TestCaseExecutor.java:285)
	at com.kms.katalon.core.common.CommonExecutor.accessTestCaseMainPhase(CommonExecutor.java:65)
	at com.kms.katalon.core.main.TestSuiteExecutor.accessTestSuiteMainPhase(TestSuiteExecutor.java:151)
	at com.kms.katalon.core.main.TestSuiteExecutor.execute(TestSuiteExecutor.java:106)
	at com.kms.katalon.core.main.TestCaseMain.startTestSuite(TestCaseMain.java:185)
	at com.kms.katalon.core.main.TestCaseMain$startTestSuite$0.call(Unknown Source)
	at TempTestSuite1674633652946.run(TempTestSuite1674633652946.groovy:36)
)

2023-01-25 15:06:03 - [MESSAGE][WARNING] - Timeout '0' is invalid. Using default page load timeout: '30'

2023-01-25 15:06:33 - [MESSAGE][FAILED] - Object Object Repository/Order Dine In/android.widget.TextView - MT HARYONO JAKARTA not found

2023-01-25 15:06:33 - [MESSAGE][FAILED] - Failed to tap on element 'Object Repository/Order Dine In/android.widget.TextView - MT HARYONO JAKARTA' (Root cause: com.kms.katalon.core.exception.StepFailedException: Object Object Repository/Order Dine In/android.widget.TextView - MT HARYONO JAKARTA not found
	at com.kms.katalon.core.keyword.internal.KeywordMain.stepFailed(KeywordMain.groovy:50)
	at com.kms.katalon.core.mobile.keyword.internal.MobileKeywordMain.stepFailed(MobileKeywordMain.groovy:40)
	at com.kms.katalon.core.mobile.keyword.builtin.TapKeyword$_tap_closure1.doCall(TapKeyword.groovy:79)
	at com.kms.katalon.core.mobile.keyword.builtin.TapKeyword$_tap_closure1.call(TapKeyword.groovy)
	at com.kms.katalon.core.mobile.keyword.internal.MobileKeywordMain.runKeyword(MobileKeywordMain.groovy:21)
	at com.kms.katalon.core.mobile.keyword.builtin.TapKeyword.tap(TapKeyword.groovy:84)
	at com.kms.katalon.core.mobile.keyword.builtin.TapKeyword.execute(TapKeyword.groovy:68)
	at com.kms.katalon.core.keyword.internal.KeywordExecutor.executeKeywordForPlatform(KeywordExecutor.groovy:74)
	at com.kms.katalon.core.mobile.keyword.MobileBuiltInKeywords.tap(MobileBuiltInKeywords.groovy:1490)
	at com.kms.katalon.core.mobile.keyword.MobileBuiltInKeywords$tap$1.call(Unknown Source)
	at Drive Thru - Gopay.run(Drive Thru - Gopay:68)
	at com.kms.katalon.core.main.ScriptEngine.run(ScriptEngine.java:194)
	at com.kms.katalon.core.main.ScriptEngine.runScriptAsRawText(ScriptEngine.java:119)
	at com.kms.katalon.core.main.TestCaseExecutor.runScript(TestCaseExecutor.java:448)
	at com.kms.katalon.core.main.TestCaseExecutor.doExecute(TestCaseExecutor.java:439)
	at com.kms.katalon.core.main.TestCaseExecutor.processExecutionPhase(TestCaseExecutor.java:418)
	at com.kms.katalon.core.main.TestCaseExecutor.accessMainPhase(TestCaseExecutor.java:410)
	at com.kms.katalon.core.main.TestCaseExecutor.execute(TestCaseExecutor.java:285)
	at com.kms.katalon.core.common.CommonExecutor.accessTestCaseMainPhase(CommonExecutor.java:65)
	at com.kms.katalon.core.main.TestSuiteExecutor.accessTestSuiteMainPhase(TestSuiteExecutor.java:151)
	at com.kms.katalon.core.main.TestSuiteExecutor.execute(TestSuiteExecutor.java:106)
	at com.kms.katalon.core.main.TestCaseMain.startTestSuite(TestCaseMain.java:185)
	at com.kms.katalon.core.main.TestCaseMain$startTestSuite$0.call(Unknown Source)
	at TempTestSuite1674633652946.run(TempTestSuite1674633652946.groovy:36)
)
[[ATTACHMENT|C:\\Users\\Ahadian Rifky\\Downloads\\Katalon_Studio_Windows_64-8.5.5\\Katalon_Studio_Windows_64-8.5.5\\git.github.com\\maycheljecsan\\kfckuapps_katalon.git\\kfcku_android\\Reports\\20230125_150052\\Create Order\\Create Order\\20230125_150052\\1674633993181.png]]]]></system-out>
         <system-err><![CDATA[2023-01-25 15:05:24 - [TEST_CASE][FAILED] - Test Cases/Create Order/Drive Thru/Drive Thru - Gopay: Test Cases/Create Order/Drive Thru/Drive Thru - Gopay FAILED.
Reason:
com.kms.katalon.core.exception.StepFailedException: Object Object Repository/Order Dine In/android.widget.TextView - MT HARYONO JAKARTA not found
	at com.kms.katalon.core.keyword.internal.KeywordMain.stepFailed(KeywordMain.groovy:50)
	at com.kms.katalon.core.mobile.keyword.internal.MobileKeywordMain.stepFailed(MobileKeywordMain.groovy:40)
	at com.kms.katalon.core.mobile.keyword.builtin.TapKeyword$_tap_closure1.doCall(TapKeyword.groovy:79)
	at com.kms.katalon.core.mobile.keyword.builtin.TapKeyword$_tap_closure1.call(TapKeyword.groovy)
	at com.kms.katalon.core.mobile.keyword.internal.MobileKeywordMain.runKeyword(MobileKeywordMain.groovy:21)
	at com.kms.katalon.core.mobile.keyword.builtin.TapKeyword.tap(TapKeyword.groovy:84)
	at com.kms.katalon.core.mobile.keyword.builtin.TapKeyword.execute(TapKeyword.groovy:68)
	at com.kms.katalon.core.keyword.internal.KeywordExecutor.executeKeywordForPlatform(KeywordExecutor.groovy:74)
	at com.kms.katalon.core.mobile.keyword.MobileBuiltInKeywords.tap(MobileBuiltInKeywords.groovy:1490)
	at com.kms.katalon.core.mobile.keyword.MobileBuiltInKeywords$tap$1.call(Unknown Source)
	at Drive Thru - Gopay.run(Drive Thru - Gopay:68)
	at com.kms.katalon.core.main.ScriptEngine.run(ScriptEngine.java:194)
	at com.kms.katalon.core.main.ScriptEngine.runScriptAsRawText(ScriptEngine.java:119)
	at com.kms.katalon.core.main.TestCaseExecutor.runScript(TestCaseExecutor.java:448)
	at com.kms.katalon.core.main.TestCaseExecutor.doExecute(TestCaseExecutor.java:439)
	at com.kms.katalon.core.main.TestCaseExecutor.processExecutionPhase(TestCaseExecutor.java:418)
	at com.kms.katalon.core.main.TestCaseExecutor.accessMainPhase(TestCaseExecutor.java:410)
	at com.kms.katalon.core.main.TestCaseExecutor.execute(TestCaseExecutor.java:285)
	at com.kms.katalon.core.common.CommonExecutor.accessTestCaseMainPhase(CommonExecutor.java:65)
	at com.kms.katalon.core.main.TestSuiteExecutor.accessTestSuiteMainPhase(TestSuiteExecutor.java:151)
	at com.kms.katalon.core.main.TestSuiteExecutor.execute(TestSuiteExecutor.java:106)
	at com.kms.katalon.core.main.TestCaseMain.startTestSuite(TestCaseMain.java:185)
	at com.kms.katalon.core.main.TestCaseMain$startTestSuite$0.call(Unknown Source)
	at TempTestSuite1674633652946.run(TempTestSuite1674633652946.groovy:36)]]></system-err>
      </testcase>
      <testcase name="Test Cases/Create Order/Take Away/Take Away - Dana" time="62.159" classname="Test Cases/Create Order/Take Away/Take Away - Dana" status="FAILED">
         <failure type="FAILED" message="Test Cases/Create Order/Take Away/Take Away - Dana FAILED.
Reason:
com.kms.katalon.core.exception.StepFailedException: Object Object Repository/Order Dine In/android.widget.Button - Add not found
	at com.kms.katalon.core.keyword.internal.KeywordMain.stepFailed(KeywordMain.groovy:50)
	at com.kms.katalon.core.mobile.keyword.internal.MobileKeywordMain.stepFailed(MobileKeywordMain.groovy:40)
	at com.kms.katalon.core.mobile.keyword.builtin.TapKeyword$_tap_closure1.doCall(TapKeyword.groovy:79)
	at com.kms.katalon.core.mobile.keyword.builtin.TapKeyword$_tap_closure1.call(TapKeyword.groovy)
	at com.kms.katalon.core.mobile.keyword.internal.MobileKeywordMain.runKeyword(MobileKeywordMain.groovy:21)
	at com.kms.katalon.core.mobile.keyword.builtin.TapKeyword.tap(TapKeyword.groovy:84)
	at com.kms.katalon.core.mobile.keyword.builtin.TapKeyword.execute(TapKeyword.groovy:68)
	at com.kms.katalon.core.keyword.internal.KeywordExecutor.executeKeywordForPlatform(KeywordExecutor.groovy:74)
	at com.kms.katalon.core.mobile.keyword.MobileBuiltInKeywords.tap(MobileBuiltInKeywords.groovy:1490)
	at com.kms.katalon.core.mobile.keyword.MobileBuiltInKeywords$tap$1.call(Unknown Source)
	at Take Away - Dana.run(Take Away - Dana:55)
	at com.kms.katalon.core.main.ScriptEngine.run(ScriptEngine.java:194)
	at com.kms.katalon.core.main.ScriptEngine.runScriptAsRawText(ScriptEngine.java:119)
	at com.kms.katalon.core.main.TestCaseExecutor.runScript(TestCaseExecutor.java:448)
	at com.kms.katalon.core.main.TestCaseExecutor.doExecute(TestCaseExecutor.java:439)
	at com.kms.katalon.core.main.TestCaseExecutor.processExecutionPhase(TestCaseExecutor.java:418)
	at com.kms.katalon.core.main.TestCaseExecutor.accessMainPhase(TestCaseExecutor.java:410)
	at com.kms.katalon.core.main.TestCaseExecutor.execute(TestCaseExecutor.java:285)
	at com.kms.katalon.core.common.CommonExecutor.accessTestCaseMainPhase(CommonExecutor.java:65)
	at com.kms.katalon.core.main.TestSuiteExecutor.accessTestSuiteMainPhase(TestSuiteExecutor.java:151)
	at com.kms.katalon.core.main.TestSuiteExecutor.execute(TestSuiteExecutor.java:106)
	at com.kms.katalon.core.main.TestCaseMain.startTestSuite(TestCaseMain.java:185)
	at com.kms.katalon.core.main.TestCaseMain$startTestSuite$0.call(Unknown Source)
	at TempTestSuite1674633652946.run(TempTestSuite1674633652946.groovy:36)
"/>
         <system-out><![CDATA[2023-01-25 15:06:33 - [TEST_CASE][FAILED] - Test Cases/Create Order/Take Away/Take Away - Dana: Test Cases/Create Order/Take Away/Take Away - Dana FAILED.
Reason:
com.kms.katalon.core.exception.StepFailedException: Object Object Repository/Order Dine In/android.widget.Button - Add not found
	at com.kms.katalon.core.keyword.internal.KeywordMain.stepFailed(KeywordMain.groovy:50)
	at com.kms.katalon.core.mobile.keyword.internal.MobileKeywordMain.stepFailed(MobileKeywordMain.groovy:40)
	at com.kms.katalon.core.mobile.keyword.builtin.TapKeyword$_tap_closure1.doCall(TapKeyword.groovy:79)
	at com.kms.katalon.core.mobile.keyword.builtin.TapKeyword$_tap_closure1.call(TapKeyword.groovy)
	at com.kms.katalon.core.mobile.keyword.internal.MobileKeywordMain.runKeyword(MobileKeywordMain.groovy:21)
	at com.kms.katalon.core.mobile.keyword.builtin.TapKeyword.tap(TapKeyword.groovy:84)
	at com.kms.katalon.core.mobile.keyword.builtin.TapKeyword.execute(TapKeyword.groovy:68)
	at com.kms.katalon.core.keyword.internal.KeywordExecutor.executeKeywordForPlatform(KeywordExecutor.groovy:74)
	at com.kms.katalon.core.mobile.keyword.MobileBuiltInKeywords.tap(MobileBuiltInKeywords.groovy:1490)
	at com.kms.katalon.core.mobile.keyword.MobileBuiltInKeywords$tap$1.call(Unknown Source)
	at Take Away - Dana.run(Take Away - Dana:55)
	at com.kms.katalon.core.main.ScriptEngine.run(ScriptEngine.java:194)
	at com.kms.katalon.core.main.ScriptEngine.runScriptAsRawText(ScriptEngine.java:119)
	at com.kms.katalon.core.main.TestCaseExecutor.runScript(TestCaseExecutor.java:448)
	at com.kms.katalon.core.main.TestCaseExecutor.doExecute(TestCaseExecutor.java:439)
	at com.kms.katalon.core.main.TestCaseExecutor.processExecutionPhase(TestCaseExecutor.java:418)
	at com.kms.katalon.core.main.TestCaseExecutor.accessMainPhase(TestCaseExecutor.java:410)
	at com.kms.katalon.core.main.TestCaseExecutor.execute(TestCaseExecutor.java:285)
	at com.kms.katalon.core.common.CommonExecutor.accessTestCaseMainPhase(CommonExecutor.java:65)
	at com.kms.katalon.core.main.TestSuiteExecutor.accessTestSuiteMainPhase(TestSuiteExecutor.java:151)
	at com.kms.katalon.core.main.TestSuiteExecutor.execute(TestSuiteExecutor.java:106)
	at com.kms.katalon.core.main.TestCaseMain.startTestSuite(TestCaseMain.java:185)
	at com.kms.katalon.core.main.TestCaseMain$startTestSuite$0.call(Unknown Source)
	at TempTestSuite1674633652946.run(TempTestSuite1674633652946.groovy:36)


2023-01-25 15:06:34 - [TEST_STEP][PASSED] - startExistingApplication("com.kfc.mobile.hkStaging", STOP_ON_FAILURE): Starting app with application ID: 'com.kfc.mobile.hkStaging'

2023-01-25 15:06:34 - [MESSAGE][INFO] - User set preference: ['appPackage', 'com.kfc.mobile.hkStaging']

2023-01-25 15:06:34 - [MESSAGE][INFO] - User set preference: ['appActivity', 'com.kfc.mobile.presentation.home.HomeActivity']

2023-01-25 15:06:34 - [MESSAGE][INFO] - User set preference: ['noReset', 'true']

2023-01-25 15:06:34 - [MESSAGE][INFO] - User set preference: ['deviceId', '']

2023-01-25 15:06:47 - [MESSAGE][INFO] - Failed to get OS statusbar's information using default method.

2023-01-25 15:06:48 - [MESSAGE][PASSED] - Starting app with application ID: 'com.kfc.mobile.hkStaging'

2023-01-25 15:06:48 - [TEST_STEP][PASSED] - waitForElementPresent(findTestObject("Order Dine In/android.widget.TextView - Beranda"), 5): Element 'Object Repository/Order Dine In/android.widget.TextView - Beranda' is present

2023-01-25 15:06:51 - [MESSAGE][PASSED] - Element 'Object Repository/Order Dine In/android.widget.TextView - Beranda' is present

2023-01-25 15:06:51 - [TEST_STEP][PASSED] - tap(findTestObject("Object Repository/Order Dine In/android.widget.TextView - Beranda"), 5): Tapped on element 'Object Repository/Order Dine In/android.widget.TextView - Beranda'

2023-01-25 15:06:52 - [MESSAGE][PASSED] - Tapped on element 'Object Repository/Order Dine In/android.widget.TextView - Beranda'

2023-01-25 15:06:52 - [TEST_STEP][PASSED] - swipe(281, 500, 434, 161): Swiped from 281,500 to 434,161

2023-01-25 15:06:53 - [MESSAGE][PASSED] - Swiped from 281,500 to 434,161

2023-01-25 15:06:53 - [TEST_STEP][PASSED] - tap(findTestObject("Order Type/android.widget.TextView - TAKE AWAY"), 5): Tapped on element 'Object Repository/Order Type/android.widget.TextView - TAKE AWAY'

2023-01-25 15:06:54 - [MESSAGE][PASSED] - Tapped on element 'Object Repository/Order Type/android.widget.TextView - TAKE AWAY'

2023-01-25 15:06:54 - [TEST_STEP][PASSED] - tap(findTestObject("Object Repository/Order Dine In/android.widget.TextView - Cari Gerai KFC"), 5): Tapped on element 'Object Repository/Order Dine In/android.widget.TextView - Cari Gerai KFC'

2023-01-25 15:06:57 - [MESSAGE][PASSED] - Tapped on element 'Object Repository/Order Dine In/android.widget.TextView - Cari Gerai KFC'

2023-01-25 15:06:57 - [TEST_STEP][PASSED] - setText(findTestObject("Object Repository/Order Dine In/android.widget.EditText - Cari Gerai KFC"), "MT Haryono", 5): Text 'MT Haryono' has been set to element 'Object Repository/Order Dine In/android.widget.EditText - Cari Gerai KFC'

2023-01-25 15:07:02 - [MESSAGE][PASSED] - Text 'MT Haryono' has been set to element 'Object Repository/Order Dine In/android.widget.EditText - Cari Gerai KFC'

2023-01-25 15:07:02 - [TEST_STEP][PASSED] - hideKeyboard(): Keyboard is hidden

2023-01-25 15:07:05 - [MESSAGE][PASSED] - Keyboard is hidden

2023-01-25 15:07:05 - [TEST_STEP][PASSED] - waitForElementPresent(findTestObject("Object Repository/Order Dine In/android.widget.TextView - MT HARYONO JAKARTA"), 5): Object Object Repository/Order Dine In/android.widget.TextView - MT HARYONO JAKARTA not found

2023-01-25 15:07:10 - [MESSAGE][WARNING] - Object Object Repository/Order Dine In/android.widget.TextView - MT HARYONO JAKARTA not found

2023-01-25 15:07:10 - [TEST_STEP][PASSED] - tap(findTestObject("Order Dine In/Order/android.widget.Button - Pilih Gerai"), 0): Tapped on element 'Object Repository/Order Dine In/Order/android.widget.Button - Pilih Gerai'

2023-01-25 15:07:10 - [MESSAGE][WARNING] - Timeout '0' is invalid. Using default page load timeout: '30'

2023-01-25 15:07:11 - [MESSAGE][PASSED] - Tapped on element 'Object Repository/Order Dine In/Order/android.widget.Button - Pilih Gerai'

2023-01-25 15:07:11 - [TEST_STEP][PASSED] - delay(5, STOP_ON_FAILURE): Delayed 5 second(s)

2023-01-25 15:07:16 - [MESSAGE][PASSED] - Delayed 5 second(s)

2023-01-25 15:07:16 - [TEST_STEP][PASSED] - tap(findTestObject("Order Dine In/android.widget.FrameLayout"), 5): Tapped on element 'Object Repository/Order Dine In/android.widget.FrameLayout'

2023-01-25 15:07:16 - [MESSAGE][PASSED] - Tapped on element 'Object Repository/Order Dine In/android.widget.FrameLayout'

2023-01-25 15:07:16 - [TEST_STEP][PASSED] - delay(5, STOP_ON_FAILURE): Delayed 5 second(s)

2023-01-25 15:07:21 - [MESSAGE][PASSED] - Delayed 5 second(s)

2023-01-25 15:07:21 - [TEST_STEP][PASSED] - pressBack(): Press back button successfully

2023-01-25 15:07:21 - [MESSAGE][PASSED] - Press back button successfully

2023-01-25 15:07:21 - [TEST_STEP][PASSED] - waitForElementPresent(findTestObject("Order Dine In/android.widget.Button - Add"), 5): Object Object Repository/Order Dine In/android.widget.Button - Add not found

2023-01-25 15:07:27 - [MESSAGE][WARNING] - Object Object Repository/Order Dine In/android.widget.Button - Add not found

2023-01-25 15:07:27 - [TEST_STEP][FAILED] - tap(findTestObject("Order Dine In/android.widget.Button - Add"), 5): Failed to tap on element 'Object Repository/Order Dine In/android.widget.Button - Add' (Root cause: com.kms.katalon.core.exception.StepFailedException: Object Object Repository/Order Dine In/android.widget.Button - Add not found
	at com.kms.katalon.core.keyword.internal.KeywordMain.stepFailed(KeywordMain.groovy:50)
	at com.kms.katalon.core.mobile.keyword.internal.MobileKeywordMain.stepFailed(MobileKeywordMain.groovy:40)
	at com.kms.katalon.core.mobile.keyword.builtin.TapKeyword$_tap_closure1.doCall(TapKeyword.groovy:79)
	at com.kms.katalon.core.mobile.keyword.builtin.TapKeyword$_tap_closure1.call(TapKeyword.groovy)
	at com.kms.katalon.core.mobile.keyword.internal.MobileKeywordMain.runKeyword(MobileKeywordMain.groovy:21)
	at com.kms.katalon.core.mobile.keyword.builtin.TapKeyword.tap(TapKeyword.groovy:84)
	at com.kms.katalon.core.mobile.keyword.builtin.TapKeyword.execute(TapKeyword.groovy:68)
	at com.kms.katalon.core.keyword.internal.KeywordExecutor.executeKeywordForPlatform(KeywordExecutor.groovy:74)
	at com.kms.katalon.core.mobile.keyword.MobileBuiltInKeywords.tap(MobileBuiltInKeywords.groovy:1490)
	at com.kms.katalon.core.mobile.keyword.MobileBuiltInKeywords$tap$1.call(Unknown Source)
	at Take Away - Dana.run(Take Away - Dana:55)
	at com.kms.katalon.core.main.ScriptEngine.run(ScriptEngine.java:194)
	at com.kms.katalon.core.main.ScriptEngine.runScriptAsRawText(ScriptEngine.java:119)
	at com.kms.katalon.core.main.TestCaseExecutor.runScript(TestCaseExecutor.java:448)
	at com.kms.katalon.core.main.TestCaseExecutor.doExecute(TestCaseExecutor.java:439)
	at com.kms.katalon.core.main.TestCaseExecutor.processExecutionPhase(TestCaseExecutor.java:418)
	at com.kms.katalon.core.main.TestCaseExecutor.accessMainPhase(TestCaseExecutor.java:410)
	at com.kms.katalon.core.main.TestCaseExecutor.execute(TestCaseExecutor.java:285)
	at com.kms.katalon.core.common.CommonExecutor.accessTestCaseMainPhase(CommonExecutor.java:65)
	at com.kms.katalon.core.main.TestSuiteExecutor.accessTestSuiteMainPhase(TestSuiteExecutor.java:151)
	at com.kms.katalon.core.main.TestSuiteExecutor.execute(TestSuiteExecutor.java:106)
	at com.kms.katalon.core.main.TestCaseMain.startTestSuite(TestCaseMain.java:185)
	at com.kms.katalon.core.main.TestCaseMain$startTestSuite$0.call(Unknown Source)
	at TempTestSuite1674633652946.run(TempTestSuite1674633652946.groovy:36)
)

2023-01-25 15:07:34 - [MESSAGE][FAILED] - Object Object Repository/Order Dine In/android.widget.Button - Add not found

2023-01-25 15:07:35 - [MESSAGE][FAILED] - Failed to tap on element 'Object Repository/Order Dine In/android.widget.Button - Add' (Root cause: com.kms.katalon.core.exception.StepFailedException: Object Object Repository/Order Dine In/android.widget.Button - Add not found
	at com.kms.katalon.core.keyword.internal.KeywordMain.stepFailed(KeywordMain.groovy:50)
	at com.kms.katalon.core.mobile.keyword.internal.MobileKeywordMain.stepFailed(MobileKeywordMain.groovy:40)
	at com.kms.katalon.core.mobile.keyword.builtin.TapKeyword$_tap_closure1.doCall(TapKeyword.groovy:79)
	at com.kms.katalon.core.mobile.keyword.builtin.TapKeyword$_tap_closure1.call(TapKeyword.groovy)
	at com.kms.katalon.core.mobile.keyword.internal.MobileKeywordMain.runKeyword(MobileKeywordMain.groovy:21)
	at com.kms.katalon.core.mobile.keyword.builtin.TapKeyword.tap(TapKeyword.groovy:84)
	at com.kms.katalon.core.mobile.keyword.builtin.TapKeyword.execute(TapKeyword.groovy:68)
	at com.kms.katalon.core.keyword.internal.KeywordExecutor.executeKeywordForPlatform(KeywordExecutor.groovy:74)
	at com.kms.katalon.core.mobile.keyword.MobileBuiltInKeywords.tap(MobileBuiltInKeywords.groovy:1490)
	at com.kms.katalon.core.mobile.keyword.MobileBuiltInKeywords$tap$1.call(Unknown Source)
	at Take Away - Dana.run(Take Away - Dana:55)
	at com.kms.katalon.core.main.ScriptEngine.run(ScriptEngine.java:194)
	at com.kms.katalon.core.main.ScriptEngine.runScriptAsRawText(ScriptEngine.java:119)
	at com.kms.katalon.core.main.TestCaseExecutor.runScript(TestCaseExecutor.java:448)
	at com.kms.katalon.core.main.TestCaseExecutor.doExecute(TestCaseExecutor.java:439)
	at com.kms.katalon.core.main.TestCaseExecutor.processExecutionPhase(TestCaseExecutor.java:418)
	at com.kms.katalon.core.main.TestCaseExecutor.accessMainPhase(TestCaseExecutor.java:410)
	at com.kms.katalon.core.main.TestCaseExecutor.execute(TestCaseExecutor.java:285)
	at com.kms.katalon.core.common.CommonExecutor.accessTestCaseMainPhase(CommonExecutor.java:65)
	at com.kms.katalon.core.main.TestSuiteExecutor.accessTestSuiteMainPhase(TestSuiteExecutor.java:151)
	at com.kms.katalon.core.main.TestSuiteExecutor.execute(TestSuiteExecutor.java:106)
	at com.kms.katalon.core.main.TestCaseMain.startTestSuite(TestCaseMain.java:185)
	at com.kms.katalon.core.main.TestCaseMain$startTestSuite$0.call(Unknown Source)
	at TempTestSuite1674633652946.run(TempTestSuite1674633652946.groovy:36)
)
[[ATTACHMENT|C:\\Users\\Ahadian Rifky\\Downloads\\Katalon_Studio_Windows_64-8.5.5\\Katalon_Studio_Windows_64-8.5.5\\git.github.com\\maycheljecsan\\kfckuapps_katalon.git\\kfcku_android\\Reports\\20230125_150052\\Create Order\\Create Order\\20230125_150052\\1674634054063.png]]]]></system-out>
         <system-err><![CDATA[2023-01-25 15:06:33 - [TEST_CASE][FAILED] - Test Cases/Create Order/Take Away/Take Away - Dana: Test Cases/Create Order/Take Away/Take Away - Dana FAILED.
Reason:
com.kms.katalon.core.exception.StepFailedException: Object Object Repository/Order Dine In/android.widget.Button - Add not found
	at com.kms.katalon.core.keyword.internal.KeywordMain.stepFailed(KeywordMain.groovy:50)
	at com.kms.katalon.core.mobile.keyword.internal.MobileKeywordMain.stepFailed(MobileKeywordMain.groovy:40)
	at com.kms.katalon.core.mobile.keyword.builtin.TapKeyword$_tap_closure1.doCall(TapKeyword.groovy:79)
	at com.kms.katalon.core.mobile.keyword.builtin.TapKeyword$_tap_closure1.call(TapKeyword.groovy)
	at com.kms.katalon.core.mobile.keyword.internal.MobileKeywordMain.runKeyword(MobileKeywordMain.groovy:21)
	at com.kms.katalon.core.mobile.keyword.builtin.TapKeyword.tap(TapKeyword.groovy:84)
	at com.kms.katalon.core.mobile.keyword.builtin.TapKeyword.execute(TapKeyword.groovy:68)
	at com.kms.katalon.core.keyword.internal.KeywordExecutor.executeKeywordForPlatform(KeywordExecutor.groovy:74)
	at com.kms.katalon.core.mobile.keyword.MobileBuiltInKeywords.tap(MobileBuiltInKeywords.groovy:1490)
	at com.kms.katalon.core.mobile.keyword.MobileBuiltInKeywords$tap$1.call(Unknown Source)
	at Take Away - Dana.run(Take Away - Dana:55)
	at com.kms.katalon.core.main.ScriptEngine.run(ScriptEngine.java:194)
	at com.kms.katalon.core.main.ScriptEngine.runScriptAsRawText(ScriptEngine.java:119)
	at com.kms.katalon.core.main.TestCaseExecutor.runScript(TestCaseExecutor.java:448)
	at com.kms.katalon.core.main.TestCaseExecutor.doExecute(TestCaseExecutor.java:439)
	at com.kms.katalon.core.main.TestCaseExecutor.processExecutionPhase(TestCaseExecutor.java:418)
	at com.kms.katalon.core.main.TestCaseExecutor.accessMainPhase(TestCaseExecutor.java:410)
	at com.kms.katalon.core.main.TestCaseExecutor.execute(TestCaseExecutor.java:285)
	at com.kms.katalon.core.common.CommonExecutor.accessTestCaseMainPhase(CommonExecutor.java:65)
	at com.kms.katalon.core.main.TestSuiteExecutor.accessTestSuiteMainPhase(TestSuiteExecutor.java:151)
	at com.kms.katalon.core.main.TestSuiteExecutor.execute(TestSuiteExecutor.java:106)
	at com.kms.katalon.core.main.TestCaseMain.startTestSuite(TestCaseMain.java:185)
	at com.kms.katalon.core.main.TestCaseMain$startTestSuite$0.call(Unknown Source)
	at TempTestSuite1674633652946.run(TempTestSuite1674633652946.groovy:36)]]></system-err>
      </testcase>
      <testcase name="Test Cases/Create Order/Take Away/Take Away - Gopay" time="168.025" classname="Test Cases/Create Order/Take Away/Take Away - Gopay" status="PASSED">
         <system-out><![CDATA[2023-01-25 15:07:35 - [TEST_CASE][PASSED] - Test Cases/Create Order/Take Away/Take Away - Gopay: Test Cases/Create Order/Take Away/Take Away - Gopay

2023-01-25 15:07:36 - [TEST_STEP][PASSED] - startExistingApplication("com.kfc.mobile.hkStaging", STOP_ON_FAILURE): Starting app with application ID: 'com.kfc.mobile.hkStaging'

2023-01-25 15:07:36 - [MESSAGE][INFO] - User set preference: ['appPackage', 'com.kfc.mobile.hkStaging']

2023-01-25 15:07:36 - [MESSAGE][INFO] - User set preference: ['appActivity', 'com.kfc.mobile.presentation.home.HomeActivity']

2023-01-25 15:07:36 - [MESSAGE][INFO] - User set preference: ['noReset', 'true']

2023-01-25 15:07:36 - [MESSAGE][INFO] - User set preference: ['deviceId', '']

2023-01-25 15:07:50 - [MESSAGE][INFO] - Failed to get OS statusbar's information using default method.

2023-01-25 15:07:51 - [MESSAGE][PASSED] - Starting app with application ID: 'com.kfc.mobile.hkStaging'

2023-01-25 15:07:51 - [TEST_STEP][PASSED] - waitForElementPresent(findTestObject("Order Dine In/android.widget.TextView - Beranda"), 5): Element 'Object Repository/Order Dine In/android.widget.TextView - Beranda' is present

2023-01-25 15:07:52 - [MESSAGE][PASSED] - Element 'Object Repository/Order Dine In/android.widget.TextView - Beranda' is present

2023-01-25 15:07:52 - [TEST_STEP][PASSED] - tap(findTestObject("Object Repository/Order Dine In/android.widget.TextView - Beranda"), 5): Tapped on element 'Object Repository/Order Dine In/android.widget.TextView - Beranda'

2023-01-25 15:07:53 - [MESSAGE][PASSED] - Tapped on element 'Object Repository/Order Dine In/android.widget.TextView - Beranda'

2023-01-25 15:07:53 - [TEST_STEP][PASSED] - swipe(281, 500, 434, 161): Swiped from 281,500 to 434,161

2023-01-25 15:07:54 - [MESSAGE][PASSED] - Swiped from 281,500 to 434,161

2023-01-25 15:07:54 - [TEST_STEP][PASSED] - tap(findTestObject("Order Type/android.widget.TextView - TAKE AWAY"), 5): Tapped on element 'Object Repository/Order Type/android.widget.TextView - TAKE AWAY'

2023-01-25 15:07:56 - [MESSAGE][PASSED] - Tapped on element 'Object Repository/Order Type/android.widget.TextView - TAKE AWAY'

2023-01-25 15:07:56 - [TEST_STEP][PASSED] - tap(findTestObject("Object Repository/Order Dine In/android.widget.TextView - Cari Gerai KFC"), 5): Tapped on element 'Object Repository/Order Dine In/android.widget.TextView - Cari Gerai KFC'

2023-01-25 15:07:58 - [MESSAGE][PASSED] - Tapped on element 'Object Repository/Order Dine In/android.widget.TextView - Cari Gerai KFC'

2023-01-25 15:07:58 - [TEST_STEP][PASSED] - setText(findTestObject("Object Repository/Order Dine In/android.widget.EditText - Cari Gerai KFC"), "MT Haryono", 5): Text 'MT Haryono' has been set to element 'Object Repository/Order Dine In/android.widget.EditText - Cari Gerai KFC'

2023-01-25 15:08:03 - [MESSAGE][PASSED] - Text 'MT Haryono' has been set to element 'Object Repository/Order Dine In/android.widget.EditText - Cari Gerai KFC'

2023-01-25 15:08:03 - [TEST_STEP][PASSED] - hideKeyboard(): Keyboard is hidden

2023-01-25 15:08:06 - [MESSAGE][PASSED] - Keyboard is hidden

2023-01-25 15:08:06 - [TEST_STEP][PASSED] - waitForElementPresent(findTestObject("Object Repository/Order Dine In/android.widget.TextView - MT HARYONO JAKARTA"), 5): Object Object Repository/Order Dine In/android.widget.TextView - MT HARYONO JAKARTA not found

2023-01-25 15:08:11 - [MESSAGE][WARNING] - Object Object Repository/Order Dine In/android.widget.TextView - MT HARYONO JAKARTA not found

2023-01-25 15:08:11 - [TEST_STEP][PASSED] - tap(findTestObject("Order Dine In/Order/android.widget.Button - Pilih Gerai"), 5): Tapped on element 'Object Repository/Order Dine In/Order/android.widget.Button - Pilih Gerai'

2023-01-25 15:08:12 - [MESSAGE][PASSED] - Tapped on element 'Object Repository/Order Dine In/Order/android.widget.Button - Pilih Gerai'

2023-01-25 15:08:12 - [TEST_STEP][PASSED] - delay(5, STOP_ON_FAILURE): Delayed 5 second(s)

2023-01-25 15:08:17 - [MESSAGE][PASSED] - Delayed 5 second(s)

2023-01-25 15:08:17 - [TEST_STEP][PASSED] - tap(findTestObject("Order Dine In/android.widget.FrameLayout"), 5): Tapped on element 'Object Repository/Order Dine In/android.widget.FrameLayout'

2023-01-25 15:08:17 - [MESSAGE][PASSED] - Tapped on element 'Object Repository/Order Dine In/android.widget.FrameLayout'

2023-01-25 15:08:17 - [TEST_STEP][PASSED] - delay(5, STOP_ON_FAILURE): Delayed 5 second(s)

2023-01-25 15:08:22 - [MESSAGE][PASSED] - Delayed 5 second(s)

2023-01-25 15:08:22 - [TEST_STEP][PASSED] - pressBack(): Press back button successfully

2023-01-25 15:08:22 - [MESSAGE][PASSED] - Press back button successfully

2023-01-25 15:08:22 - [TEST_STEP][PASSED] - waitForElementPresent(findTestObject("Order Dine In/android.widget.Button - Add"), 5): Element 'Object Repository/Order Dine In/android.widget.Button - Add' is present

2023-01-25 15:08:23 - [MESSAGE][PASSED] - Element 'Object Repository/Order Dine In/android.widget.Button - Add' is present

2023-01-25 15:08:23 - [TEST_STEP][PASSED] - tap(findTestObject("Order Dine In/android.widget.Button - Add"), 5): Tapped on element 'Object Repository/Order Dine In/android.widget.Button - Add'

2023-01-25 15:08:24 - [MESSAGE][PASSED] - Tapped on element 'Object Repository/Order Dine In/android.widget.Button - Add'

2023-01-25 15:08:24 - [TEST_STEP][PASSED] - delay(5, STOP_ON_FAILURE): Delayed 5 second(s)

2023-01-25 15:08:29 - [MESSAGE][PASSED] - Delayed 5 second(s)

2023-01-25 15:08:29 - [TEST_STEP][PASSED] - waitForElementPresent(findTestObject("Order Dine In/Order/android.widget.Button - Lanjut"), 5): Element 'Object Repository/Order Dine In/Order/android.widget.Button - Lanjut' is present

2023-01-25 15:08:29 - [MESSAGE][PASSED] - Element 'Object Repository/Order Dine In/Order/android.widget.Button - Lanjut' is present

2023-01-25 15:08:29 - [TEST_STEP][PASSED] - tap(findTestObject("Order Dine In/Order/android.widget.Button - Lanjut"), 5): Tapped on element 'Object Repository/Order Dine In/Order/android.widget.Button - Lanjut'

2023-01-25 15:08:30 - [MESSAGE][PASSED] - Tapped on element 'Object Repository/Order Dine In/Order/android.widget.Button - Lanjut'

2023-01-25 15:08:30 - [TEST_STEP][PASSED] - delay(5, STOP_ON_FAILURE): Delayed 5 second(s)

2023-01-25 15:08:35 - [MESSAGE][PASSED] - Delayed 5 second(s)

2023-01-25 15:08:35 - [TEST_STEP][PASSED] - waitForElementPresent(findTestObject("Order Dine In/Order/android.widget.LinearLayout"), 5): Element 'Object Repository/Order Dine In/Order/android.widget.LinearLayout' is present

2023-01-25 15:08:35 - [MESSAGE][PASSED] - Element 'Object Repository/Order Dine In/Order/android.widget.LinearLayout' is present

2023-01-25 15:08:35 - [TEST_STEP][PASSED] - tap(findTestObject("Order Dine In/Order/android.widget.LinearLayout"), 5): Tapped on element 'Object Repository/Order Dine In/Order/android.widget.LinearLayout'

2023-01-25 15:08:35 - [MESSAGE][PASSED] - Tapped on element 'Object Repository/Order Dine In/Order/android.widget.LinearLayout'

2023-01-25 15:08:35 - [TEST_STEP][PASSED] - delay(5, STOP_ON_FAILURE): Delayed 5 second(s)

2023-01-25 15:08:40 - [MESSAGE][PASSED] - Delayed 5 second(s)

2023-01-25 15:08:40 - [TEST_STEP][PASSED] - waitForElementPresent(findTestObject("Order Dine In/Order/android.widget.TextView - Pilih Menu Gratis"), 5): Element 'Object Repository/Order Dine In/Order/android.widget.TextView - Pilih Menu Gratis' is present

2023-01-25 15:08:41 - [MESSAGE][PASSED] - Element 'Object Repository/Order Dine In/Order/android.widget.TextView - Pilih Menu Gratis' is present

2023-01-25 15:08:41 - [TEST_STEP][PASSED] - tap(findTestObject("Order Dine In/Order/android.widget.TextView - Pilih Menu Gratis"), 5): Tapped on element 'Object Repository/Order Dine In/Order/android.widget.TextView - Pilih Menu Gratis'

2023-01-25 15:08:41 - [MESSAGE][PASSED] - Tapped on element 'Object Repository/Order Dine In/Order/android.widget.TextView - Pilih Menu Gratis'

2023-01-25 15:08:41 - [TEST_STEP][PASSED] - delay(5, STOP_ON_FAILURE): Delayed 5 second(s)

2023-01-25 15:08:46 - [MESSAGE][PASSED] - Delayed 5 second(s)

2023-01-25 15:08:46 - [TEST_STEP][PASSED] - waitForElementPresent(findTestObject("Order Dine In/Order/android.widget.Button - Pilih Sekarang"), 10): Element 'Object Repository/Order Dine In/Order/android.widget.Button - Pilih Sekarang' is present

2023-01-25 15:08:47 - [MESSAGE][PASSED] - Element 'Object Repository/Order Dine In/Order/android.widget.Button - Pilih Sekarang' is present

2023-01-25 15:08:47 - [TEST_STEP][PASSED] - tap(findTestObject("Order Dine In/Order/android.widget.Button - Pilih Sekarang"), 10): Tapped on element 'Object Repository/Order Dine In/Order/android.widget.Button - Pilih Sekarang'

2023-01-25 15:08:47 - [MESSAGE][PASSED] - Tapped on element 'Object Repository/Order Dine In/Order/android.widget.Button - Pilih Sekarang'

2023-01-25 15:08:47 - [TEST_STEP][PASSED] - delay(5, STOP_ON_FAILURE): Delayed 5 second(s)

2023-01-25 15:08:52 - [MESSAGE][PASSED] - Delayed 5 second(s)

2023-01-25 15:08:52 - [TEST_STEP][PASSED] - waitForElementPresent(findTestObject("Order Dine In/Order/android.widget.Button - TAMBAHKAN"), 10): Element 'Object Repository/Order Dine In/Order/android.widget.Button - TAMBAHKAN' is present

2023-01-25 15:08:53 - [MESSAGE][PASSED] - Element 'Object Repository/Order Dine In/Order/android.widget.Button - TAMBAHKAN' is present

2023-01-25 15:08:53 - [TEST_STEP][PASSED] - tap(findTestObject("Order Dine In/Order/android.widget.Button - TAMBAHKAN"), 5): Tapped on element 'Object Repository/Order Dine In/Order/android.widget.Button - TAMBAHKAN'

2023-01-25 15:08:53 - [MESSAGE][PASSED] - Tapped on element 'Object Repository/Order Dine In/Order/android.widget.Button - TAMBAHKAN'

2023-01-25 15:08:53 - [TEST_STEP][PASSED] - delay(5, STOP_ON_FAILURE): Delayed 5 second(s)

2023-01-25 15:08:58 - [MESSAGE][PASSED] - Delayed 5 second(s)

2023-01-25 15:08:58 - [TEST_STEP][PASSED] - tap(findTestObject("Order Dine In/Order/android.widget.Button - Lanjutkan"), 5): Tapped on element 'Object Repository/Order Dine In/Order/android.widget.Button - Lanjutkan'

2023-01-25 15:08:59 - [MESSAGE][PASSED] - Tapped on element 'Object Repository/Order Dine In/Order/android.widget.Button - Lanjutkan'

2023-01-25 15:08:59 - [TEST_STEP][PASSED] - delay(5, STOP_ON_FAILURE): Delayed 5 second(s)

2023-01-25 15:09:04 - [MESSAGE][PASSED] - Delayed 5 second(s)

2023-01-25 15:09:04 - [TEST_STEP][PASSED] - scrollToText("TOTAL", STOP_ON_FAILURE): Scrolling to text 'TOTAL' successfully

2023-01-25 15:09:09 - [MESSAGE][PASSED] - Scrolling to text 'TOTAL' successfully

2023-01-25 15:09:09 - [TEST_STEP][PASSED] - tap(findTestObject("Order Dine In/Payment/android.widget.TextView - Lihat Semua"), 5): Tapped on element 'Object Repository/Order Dine In/Payment/android.widget.TextView - Lihat Semua'

2023-01-25 15:09:09 - [MESSAGE][PASSED] - Tapped on element 'Object Repository/Order Dine In/Payment/android.widget.TextView - Lihat Semua'

2023-01-25 15:09:09 - [TEST_STEP][PASSED] - delay(5, STOP_ON_FAILURE): Delayed 5 second(s)

2023-01-25 15:09:14 - [MESSAGE][PASSED] - Delayed 5 second(s)

2023-01-25 15:09:14 - [TEST_STEP][PASSED] - swipe(281, 500, 434, 161): Swiped from 281,500 to 434,161

2023-01-25 15:09:16 - [MESSAGE][PASSED] - Swiped from 281,500 to 434,161

2023-01-25 15:09:16 - [TEST_STEP][PASSED] - testObjectOne = new com.kms.katalon.core.testobject.TestObject(): null

2023-01-25 15:09:16 - [TEST_STEP][PASSED] - testObjectOne.addProperty("xpath", EQUALS, "//hierarchy/android.widget.FrameLayout[1]/android.widget.LinearLayout[1]/android.widget.FrameLayout[1]/android.widget.FrameLayout[1]/android.widget.FrameLayout[1]/android.widget.FrameLayout[1]/android.view.ViewGroup[1]/android.widget.FrameLayout[1]/android.widget.ScrollView[1]/android.view.ViewGroup[1]/android.view.ViewGroup[1]/androidx.recyclerview.widget.RecyclerView[1]/android.view.ViewGroup[3]/android.widget.ImageView[1]"): null

2023-01-25 15:09:16 - [TEST_STEP][PASSED] - tap(testObjectOne, 5): Tapped on element ''

2023-01-25 15:09:16 - [MESSAGE][PASSED] - Tapped on element ''

2023-01-25 15:09:16 - [TEST_STEP][PASSED] - delay(5, STOP_ON_FAILURE): Delayed 5 second(s)

2023-01-25 15:09:21 - [MESSAGE][PASSED] - Delayed 5 second(s)

2023-01-25 15:09:21 - [TEST_STEP][PASSED] - swipe(281, 500, 434, 161): Swiped from 281,500 to 434,161

2023-01-25 15:09:22 - [MESSAGE][PASSED] - Swiped from 281,500 to 434,161

2023-01-25 15:09:22 - [TEST_STEP][PASSED] - delay(5, STOP_ON_FAILURE): Delayed 5 second(s)

2023-01-25 15:09:27 - [MESSAGE][PASSED] - Delayed 5 second(s)

2023-01-25 15:09:27 - [TEST_STEP][PASSED] - testObjectTwo = new com.kms.katalon.core.testobject.TestObject(): null

2023-01-25 15:09:27 - [TEST_STEP][PASSED] - testObjectTwo.addProperty("xpath", EQUALS, "//hierarchy/android.widget.FrameLayout[1]/android.widget.LinearLayout[1]/android.widget.FrameLayout[1]/android.widget.FrameLayout[1]/android.widget.FrameLayout[1]/android.widget.FrameLayout[1]/android.view.ViewGroup[1]/android.widget.FrameLayout[1]/android.widget.ScrollView[1]/android.view.ViewGroup[1]/android.view.ViewGroup[1]/androidx.recyclerview.widget.RecyclerView[1]/android.view.ViewGroup[3]"): null

2023-01-25 15:09:27 - [TEST_STEP][PASSED] - delay(5, STOP_ON_FAILURE): Delayed 5 second(s)

2023-01-25 15:09:32 - [MESSAGE][PASSED] - Delayed 5 second(s)

2023-01-25 15:09:32 - [TEST_STEP][PASSED] - tap(testObjectTwo, 5): Tapped on element ''

2023-01-25 15:09:32 - [MESSAGE][PASSED] - Tapped on element ''

2023-01-25 15:09:32 - [TEST_STEP][PASSED] - delay(10, STOP_ON_FAILURE): Delayed 10 second(s)

2023-01-25 15:09:42 - [MESSAGE][PASSED] - Delayed 10 second(s)

2023-01-25 15:09:42 - [TEST_STEP][PASSED] - tap(findTestObject("Order Dine In/Payment/android.widget.Button - Simpan"), 5): Tapped on element 'Object Repository/Order Dine In/Payment/android.widget.Button - Simpan'

2023-01-25 15:09:43 - [MESSAGE][PASSED] - Tapped on element 'Object Repository/Order Dine In/Payment/android.widget.Button - Simpan'

2023-01-25 15:09:43 - [TEST_STEP][PASSED] - delay(10, STOP_ON_FAILURE): Delayed 10 second(s)

2023-01-25 15:09:53 - [MESSAGE][PASSED] - Delayed 10 second(s)

2023-01-25 15:09:53 - [TEST_STEP][PASSED] - tap(findTestObject("Order Dine In/Payment/android.widget.Button - Pesan Sekarang"), 10): Tapped on element 'Object Repository/Order Dine In/Payment/android.widget.Button - Pesan Sekarang'

2023-01-25 15:09:54 - [MESSAGE][PASSED] - Tapped on element 'Object Repository/Order Dine In/Payment/android.widget.Button - Pesan Sekarang'

2023-01-25 15:09:54 - [TEST_STEP][PASSED] - delay(10, STOP_ON_FAILURE): Delayed 10 second(s)

2023-01-25 15:10:04 - [MESSAGE][PASSED] - Delayed 10 second(s)

2023-01-25 15:10:04 - [TEST_STEP][PASSED] - waitForElementPresent(findTestObject("Order Dine In/Gopay/android.widget.TextView - GoPay - Web"), 10): Element 'Object Repository/Order Dine In/Gopay/android.widget.TextView - GoPay - Web' is present

2023-01-25 15:10:06 - [MESSAGE][PASSED] - Element 'Object Repository/Order Dine In/Gopay/android.widget.TextView - GoPay - Web' is present

2023-01-25 15:10:06 - [TEST_STEP][PASSED] - tap(findTestObject("Order Dine In/Gopay/android.widget.EditText"), 10): Tapped on element 'Object Repository/Order Dine In/Gopay/android.widget.EditText'

2023-01-25 15:10:06 - [MESSAGE][PASSED] - Tapped on element 'Object Repository/Order Dine In/Gopay/android.widget.EditText'

2023-01-25 15:10:06 - [TEST_STEP][PASSED] - setText(findTestObject("Order Dine In/Gopay/android.widget.EditText"), "654321", 5): Text '654321' has been set to element 'Object Repository/Order Dine In/Gopay/android.widget.EditText'

2023-01-25 15:10:09 - [MESSAGE][PASSED] - Text '654321' has been set to element 'Object Repository/Order Dine In/Gopay/android.widget.EditText'

2023-01-25 15:10:09 - [TEST_STEP][PASSED] - hideKeyboard(): Keyboard is hidden

2023-01-25 15:10:12 - [MESSAGE][PASSED] - Keyboard is hidden

2023-01-25 15:10:12 - [TEST_STEP][PASSED] - tap(findTestObject("Order Dine In/Gopay/android.widget.Button - Submit"), 10): Tapped on element 'Object Repository/Order Dine In/Gopay/android.widget.Button - Submit'

2023-01-25 15:10:12 - [MESSAGE][PASSED] - Tapped on element 'Object Repository/Order Dine In/Gopay/android.widget.Button - Submit'

2023-01-25 15:10:12 - [TEST_STEP][PASSED] - delay(10, STOP_ON_FAILURE): Delayed 10 second(s)

2023-01-25 15:10:22 - [MESSAGE][PASSED] - Delayed 10 second(s)

2023-01-25 15:10:22 - [TEST_STEP][PASSED] - closeApplication(): Close app successfully

2023-01-25 15:10:23 - [MESSAGE][PASSED] - Close app successfully]]></system-out>
         <system-err><![CDATA[]]></system-err>
      </testcase>
      <system-out><![CDATA[2023-01-25 15:00:55 - [TEST_SUITE][FAILED] - Create Order: Test Cases/Create Order/Dine In/Dine In - Dana FAILED.
Reason:
com.kms.katalon.core.exception.StepFailedException: Object Object Repository/Order Dine In/android.widget.TextView - DINE-IN not found
	at com.kms.katalon.core.keyword.internal.KeywordMain.stepFailed(KeywordMain.groovy:50)
	at com.kms.katalon.core.mobile.keyword.internal.MobileKeywordMain.stepFailed(MobileKeywordMain.groovy:40)
	at com.kms.katalon.core.mobile.keyword.builtin.TapKeyword$_tap_closure1.doCall(TapKeyword.groovy:79)
	at com.kms.katalon.core.mobile.keyword.builtin.TapKeyword$_tap_closure1.call(TapKeyword.groovy)
	at com.kms.katalon.core.mobile.keyword.internal.MobileKeywordMain.runKeyword(MobileKeywordMain.groovy:21)
	at com.kms.katalon.core.mobile.keyword.builtin.TapKeyword.tap(TapKeyword.groovy:84)
	at com.kms.katalon.core.mobile.keyword.builtin.TapKeyword.execute(TapKeyword.groovy:68)
	at com.kms.katalon.core.keyword.internal.KeywordExecutor.executeKeywordForPlatform(KeywordExecutor.groovy:74)
	at com.kms.katalon.core.mobile.keyword.MobileBuiltInKeywords.tap(MobileBuiltInKeywords.groovy:1490)
	at com.kms.katalon.core.mobile.keyword.MobileBuiltInKeywords$tap$1.call(Unknown Source)
	at Dine In - Dana.run(Dine In - Dana:31)
	at com.kms.katalon.core.main.ScriptEngine.run(ScriptEngine.java:194)
	at com.kms.katalon.core.main.ScriptEngine.runScriptAsRawText(ScriptEngine.java:119)
	at com.kms.katalon.core.main.TestCaseExecutor.runScript(TestCaseExecutor.java:448)
	at com.kms.katalon.core.main.TestCaseExecutor.doExecute(TestCaseExecutor.java:439)
	at com.kms.katalon.core.main.TestCaseExecutor.processExecutionPhase(TestCaseExecutor.java:418)
	at com.kms.katalon.core.main.TestCaseExecutor.accessMainPhase(TestCaseExecutor.java:410)
	at com.kms.katalon.core.main.TestCaseExecutor.execute(TestCaseExecutor.java:285)
	at com.kms.katalon.core.common.CommonExecutor.accessTestCaseMainPhase(CommonExecutor.java:65)
	at com.kms.katalon.core.main.TestSuiteExecutor.accessTestSuiteMainPhase(TestSuiteExecutor.java:151)
	at com.kms.katalon.core.main.TestSuiteExecutor.execute(TestSuiteExecutor.java:106)
	at com.kms.katalon.core.main.TestCaseMain.startTestSuite(TestCaseMain.java:185)
	at com.kms.katalon.core.main.TestCaseMain$startTestSuite$0.call(Unknown Source)
	at TempTestSuite1674633652946.run(TempTestSuite1674633652946.groovy:36)]]></system-out>
      <system-err><![CDATA[2023-01-25 15:00:55 - [TEST_SUITE][FAILED] - Create Order: Test Cases/Create Order/Dine In/Dine In - Dana FAILED.
Reason:
com.kms.katalon.core.exception.StepFailedException: Object Object Repository/Order Dine In/android.widget.TextView - DINE-IN not found
	at com.kms.katalon.core.keyword.internal.KeywordMain.stepFailed(KeywordMain.groovy:50)
	at com.kms.katalon.core.mobile.keyword.internal.MobileKeywordMain.stepFailed(MobileKeywordMain.groovy:40)
	at com.kms.katalon.core.mobile.keyword.builtin.TapKeyword$_tap_closure1.doCall(TapKeyword.groovy:79)
	at com.kms.katalon.core.mobile.keyword.builtin.TapKeyword$_tap_closure1.call(TapKeyword.groovy)
	at com.kms.katalon.core.mobile.keyword.internal.MobileKeywordMain.runKeyword(MobileKeywordMain.groovy:21)
	at com.kms.katalon.core.mobile.keyword.builtin.TapKeyword.tap(TapKeyword.groovy:84)
	at com.kms.katalon.core.mobile.keyword.builtin.TapKeyword.execute(TapKeyword.groovy:68)
	at com.kms.katalon.core.keyword.internal.KeywordExecutor.executeKeywordForPlatform(KeywordExecutor.groovy:74)
	at com.kms.katalon.core.mobile.keyword.MobileBuiltInKeywords.tap(MobileBuiltInKeywords.groovy:1490)
	at com.kms.katalon.core.mobile.keyword.MobileBuiltInKeywords$tap$1.call(Unknown Source)
	at Dine In - Dana.run(Dine In - Dana:31)
	at com.kms.katalon.core.main.ScriptEngine.run(ScriptEngine.java:194)
	at com.kms.katalon.core.main.ScriptEngine.runScriptAsRawText(ScriptEngine.java:119)
	at com.kms.katalon.core.main.TestCaseExecutor.runScript(TestCaseExecutor.java:448)
	at com.kms.katalon.core.main.TestCaseExecutor.doExecute(TestCaseExecutor.java:439)
	at com.kms.katalon.core.main.TestCaseExecutor.processExecutionPhase(TestCaseExecutor.java:418)
	at com.kms.katalon.core.main.TestCaseExecutor.accessMainPhase(TestCaseExecutor.java:410)
	at com.kms.katalon.core.main.TestCaseExecutor.execute(TestCaseExecutor.java:285)
	at com.kms.katalon.core.common.CommonExecutor.accessTestCaseMainPhase(CommonExecutor.java:65)
	at com.kms.katalon.core.main.TestSuiteExecutor.accessTestSuiteMainPhase(TestSuiteExecutor.java:151)
	at com.kms.katalon.core.main.TestSuiteExecutor.execute(TestSuiteExecutor.java:106)
	at com.kms.katalon.core.main.TestCaseMain.startTestSuite(TestCaseMain.java:185)
	at com.kms.katalon.core.main.TestCaseMain$startTestSuite$0.call(Unknown Source)
	at TempTestSuite1674633652946.run(TempTestSuite1674633652946.groovy:36)]]></system-err>
   </testsuite>
</testsuites>
