<?xml version="1.0" encoding="UTF-8"?>
<testsuites name="Login" time="114.24" tests="2" failures="1" errors="0">
   <testsuite name="Login" tests="2" failures="1" errors="0" time="114.24" skipped="0" timestamp="2023-02-01 16:38:44" hostname="Ahadian Rifky - NKC-23" id="Test Suites/Create Order/Login">
      <properties>
         <property name="deviceName" value="OPPO CPH1801 (Android 7.1.1)"/>
         <property name="devicePlatform" value=""/>
         <property name="logFolder" value="C:\\Users\\Ahadian Rifky\\Downloads\\Katalon_Studio_Windows_64-8.5.5\\Katalon_Studio_Windows_64-8.5.5\\git.github.com\\maycheljecsan\\kfckuapps_katalon.git\\kfcku_android\\Reports\\20230201_163840\\Create Order\\Login\\20230201_163840"/>
         <property name="logFiles" value="C:\\Users\\Ahadian Rifky\\Downloads\\Katalon_Studio_Windows_64-8.5.5\\Katalon_Studio_Windows_64-8.5.5\\git.github.com\\maycheljecsan\\kfckuapps_katalon.git\\kfcku_android\\Reports\\20230201_163840\\Create Order\\Login\\20230201_163840\\appium.log, C:\\Users\\Ahadian Rifky\\Downloads\\Katalon_Studio_Windows_64-8.5.5\\Katalon_Studio_Windows_64-8.5.5\\git.github.com\\maycheljecsan\\kfckuapps_katalon.git\\kfcku_android\\Reports\\20230201_163840\\Create Order\\Login\\20230201_163840\\execution0.log"/>
         <property name="attachments" value="C:\\Users\\Ahadian Rifky\\Downloads\\Katalon_Studio_Windows_64-8.5.5\\Katalon_Studio_Windows_64-8.5.5\\git.github.com\\maycheljecsan\\kfckuapps_katalon.git\\kfcku_android\\Reports\\20230201_163840\\Create Order\\Login\\20230201_163840\\1675244438670.png"/>
         <property name="hostName" value="Ahadian Rifky - NKC-23"/>
         <property name="os" value="Windows 10 64bit"/>
         <property name="appiumServerStatus" value="{&quot;value&quot;:{&quot;build&quot;:{&quot;version&quot;:&quot;1.22.3&quot;}},&quot;sessionId&quot;:null,&quot;status&quot;:0}"/>
         <property name="katalonVersion" value="8.5.5.208"/>
         <property name="deviceOS" value="Android"/>
         <property name="appiumVersion" value="1.22.3"/>
         <property name="deviceModel" value="CPH1801"/>
         <property name="hostAddress" value="172.10.9.59"/>
         <property name="deviceManufacturer" value="OPPO"/>
         <property name="deviceId" value="aa14e06a"/>
         <property name="deviceName" value="OPPO CPH1801 (Android 7.1.1)"/>
         <property name="deviceOSVersion" value="7.1.1"/>
      </properties>
      <testcase name="Test Cases/Login KFCKU Apps/Login Social Media" time="59.695" classname="Test Cases/Login KFCKU Apps/Login Social Media" status="PASSED">
         <system-out><![CDATA[2023-02-01 16:38:45 - [TEST_CASE][PASSED] - Test Cases/Login KFCKU Apps/Login Social Media: Test Cases/Login KFCKU Apps/Login Social Media

2023-02-01 16:38:45 - [TEST_STEP][PASSED] - startExistingApplication("com.kfc.mobile.hkStaging", STOP_ON_FAILURE): Starting app with application ID: 'com.kfc.mobile.hkStaging'

2023-02-01 16:38:46 - [MESSAGE][INFO] - User set preference: ['appPackage', 'com.kfc.mobile.hkStaging']

2023-02-01 16:38:46 - [MESSAGE][INFO] - User set preference: ['appActivity', 'com.kfc.mobile.presentation.home.HomeActivity']

2023-02-01 16:38:46 - [MESSAGE][INFO] - User set preference: ['noReset', 'true']

2023-02-01 16:38:46 - [MESSAGE][INFO] - User set preference: ['deviceId', '']

2023-02-01 16:38:46 - [MESSAGE][INFO] - Detected NodeJS location: "C:\Program Files\nodejs\node.exe"

2023-02-01 16:38:49 - [MESSAGE][INFO] - Appium server started on port 64,701

2023-02-01 16:39:08 - [MESSAGE][INFO] - Failed to get OS statusbar's information using default method.

2023-02-01 16:39:09 - [MESSAGE][PASSED] - Starting app with application ID: 'com.kfc.mobile.hkStaging'

2023-02-01 16:39:09 - [TEST_STEP][PASSED] - delay(10): Delayed 10 second(s)

2023-02-01 16:39:19 - [MESSAGE][PASSED] - Delayed 10 second(s)

2023-02-01 16:39:19 - [TEST_STEP][PASSED] - tap(findTestObject("Login/android.widget.TextView - Profil"), 0): Tapped on element 'Object Repository/Login/android.widget.TextView - Profil'

2023-02-01 16:39:20 - [MESSAGE][WARNING] - Timeout '0' is invalid. Using default page load timeout: '30'

2023-02-01 16:39:21 - [MESSAGE][PASSED] - Tapped on element 'Object Repository/Login/android.widget.TextView - Profil'

2023-02-01 16:39:21 - [TEST_STEP][PASSED] - tap(findTestObject("Login Social Media/android.widget.Button - Masuk dengan Google"), 0): Tapped on element 'Object Repository/Login Social Media/android.widget.Button - Masuk dengan Google'

2023-02-01 16:39:21 - [MESSAGE][WARNING] - Timeout '0' is invalid. Using default page load timeout: '30'

2023-02-01 16:39:24 - [MESSAGE][PASSED] - Tapped on element 'Object Repository/Login Social Media/android.widget.Button - Masuk dengan Google'

2023-02-01 16:39:24 - [TEST_STEP][PASSED] - delay(3, STOP_ON_FAILURE): Delayed 3 second(s)

2023-02-01 16:39:27 - [MESSAGE][PASSED] - Delayed 3 second(s)

2023-02-01 16:39:27 - [TEST_STEP][PASSED] - tap(findTestObject("Login Social Media/android.widget.TextView - jecsanmaychelgmail.com"), 0): Tapped on element 'Object Repository/Login Social Media/android.widget.TextView - jecsanmaychelgmail.com'

2023-02-01 16:39:27 - [MESSAGE][WARNING] - Timeout '0' is invalid. Using default page load timeout: '30'

2023-02-01 16:39:28 - [MESSAGE][PASSED] - Tapped on element 'Object Repository/Login Social Media/android.widget.TextView - jecsanmaychelgmail.com'

2023-02-01 16:39:28 - [TEST_STEP][PASSED] - delay(5, STOP_ON_FAILURE): Delayed 5 second(s)

2023-02-01 16:39:33 - [MESSAGE][PASSED] - Delayed 5 second(s)

2023-02-01 16:39:33 - [TEST_STEP][PASSED] - delay(5, STOP_ON_FAILURE): Delayed 5 second(s)

2023-02-01 16:39:38 - [MESSAGE][PASSED] - Delayed 5 second(s)

2023-02-01 16:39:38 - [TEST_STEP][PASSED] - tap(findTestObject("Profile/android.widget.TextView - Profil"), 5): Tapped on element 'Object Repository/Profile/android.widget.TextView - Profil'

2023-02-01 16:39:39 - [MESSAGE][PASSED] - Tapped on element 'Object Repository/Profile/android.widget.TextView - Profil'

2023-02-01 16:39:39 - [TEST_STEP][PASSED] - delay(3, STOP_ON_FAILURE): Delayed 3 second(s)

2023-02-01 16:39:42 - [MESSAGE][PASSED] - Delayed 3 second(s)

2023-02-01 16:39:42 - [TEST_STEP][PASSED] - scrollToText("Keluar", STOP_ON_FAILURE): Scrolling to text 'Keluar' successfully

2023-02-01 16:39:43 - [MESSAGE][PASSED] - Scrolling to text 'Keluar' successfully

2023-02-01 16:39:43 - [TEST_STEP][PASSED] - tap(findTestObject("Profile/Perangkat/android.widget.TextView - Keluar"), 5): Tapped on element 'Object Repository/Profile/Perangkat/android.widget.TextView - Keluar'

2023-02-01 16:39:43 - [MESSAGE][PASSED] - Tapped on element 'Object Repository/Profile/Perangkat/android.widget.TextView - Keluar'

2023-02-01 16:39:43 - [TEST_STEP][PASSED] - closeApplication(): Close app successfully

2023-02-01 16:39:45 - [MESSAGE][PASSED] - Close app successfully]]></system-out>
         <system-err><![CDATA[]]></system-err>
      </testcase>
      <testcase name="Test Cases/Login KFCKU Apps/Login Phone Number" time="54.141" classname="Test Cases/Login KFCKU Apps/Login Phone Number" status="FAILED">
         <failure type="FAILED" message="Test Cases/Login KFCKU Apps/Login Phone Number FAILED.
Reason:
com.kms.katalon.core.exception.StepFailedException: Object Object Repository/Profile/android.widget.TextView - Profil not found
	at com.kms.katalon.core.keyword.internal.KeywordMain.stepFailed(KeywordMain.groovy:50)
	at com.kms.katalon.core.mobile.keyword.internal.MobileKeywordMain.stepFailed(MobileKeywordMain.groovy:40)
	at com.kms.katalon.core.mobile.keyword.builtin.TapKeyword$_tap_closure1.doCall(TapKeyword.groovy:79)
	at com.kms.katalon.core.mobile.keyword.builtin.TapKeyword$_tap_closure1.call(TapKeyword.groovy)
	at com.kms.katalon.core.mobile.keyword.internal.MobileKeywordMain.runKeyword(MobileKeywordMain.groovy:21)
	at com.kms.katalon.core.mobile.keyword.builtin.TapKeyword.tap(TapKeyword.groovy:84)
	at com.kms.katalon.core.mobile.keyword.builtin.TapKeyword.execute(TapKeyword.groovy:68)
	at com.kms.katalon.core.keyword.internal.KeywordExecutor.executeKeywordForPlatform(KeywordExecutor.groovy:74)
	at com.kms.katalon.core.mobile.keyword.MobileBuiltInKeywords.tap(MobileBuiltInKeywords.groovy:1490)
	at com.kms.katalon.core.mobile.keyword.MobileBuiltInKeywords$tap$0.call(Unknown Source)
	at Login Phone Number.run(Login Phone Number:44)
	at com.kms.katalon.core.main.ScriptEngine.run(ScriptEngine.java:194)
	at com.kms.katalon.core.main.ScriptEngine.runScriptAsRawText(ScriptEngine.java:119)
	at com.kms.katalon.core.main.TestCaseExecutor.runScript(TestCaseExecutor.java:448)
	at com.kms.katalon.core.main.TestCaseExecutor.doExecute(TestCaseExecutor.java:439)
	at com.kms.katalon.core.main.TestCaseExecutor.processExecutionPhase(TestCaseExecutor.java:418)
	at com.kms.katalon.core.main.TestCaseExecutor.accessMainPhase(TestCaseExecutor.java:410)
	at com.kms.katalon.core.main.TestCaseExecutor.execute(TestCaseExecutor.java:285)
	at com.kms.katalon.core.common.CommonExecutor.accessTestCaseMainPhase(CommonExecutor.java:65)
	at com.kms.katalon.core.main.TestSuiteExecutor.accessTestSuiteMainPhase(TestSuiteExecutor.java:151)
	at com.kms.katalon.core.main.TestSuiteExecutor.execute(TestSuiteExecutor.java:106)
	at com.kms.katalon.core.main.TestCaseMain.startTestSuite(TestCaseMain.java:185)
	at com.kms.katalon.core.main.TestCaseMain$startTestSuite$0.call(Unknown Source)
	at TempTestSuite1675244320783.run(TempTestSuite1675244320783.groovy:36)
"/>
         <system-out><![CDATA[2023-02-01 16:39:45 - [TEST_CASE][FAILED] - Test Cases/Login KFCKU Apps/Login Phone Number: Test Cases/Login KFCKU Apps/Login Phone Number FAILED.
Reason:
com.kms.katalon.core.exception.StepFailedException: Object Object Repository/Profile/android.widget.TextView - Profil not found
	at com.kms.katalon.core.keyword.internal.KeywordMain.stepFailed(KeywordMain.groovy:50)
	at com.kms.katalon.core.mobile.keyword.internal.MobileKeywordMain.stepFailed(MobileKeywordMain.groovy:40)
	at com.kms.katalon.core.mobile.keyword.builtin.TapKeyword$_tap_closure1.doCall(TapKeyword.groovy:79)
	at com.kms.katalon.core.mobile.keyword.builtin.TapKeyword$_tap_closure1.call(TapKeyword.groovy)
	at com.kms.katalon.core.mobile.keyword.internal.MobileKeywordMain.runKeyword(MobileKeywordMain.groovy:21)
	at com.kms.katalon.core.mobile.keyword.builtin.TapKeyword.tap(TapKeyword.groovy:84)
	at com.kms.katalon.core.mobile.keyword.builtin.TapKeyword.execute(TapKeyword.groovy:68)
	at com.kms.katalon.core.keyword.internal.KeywordExecutor.executeKeywordForPlatform(KeywordExecutor.groovy:74)
	at com.kms.katalon.core.mobile.keyword.MobileBuiltInKeywords.tap(MobileBuiltInKeywords.groovy:1490)
	at com.kms.katalon.core.mobile.keyword.MobileBuiltInKeywords$tap$0.call(Unknown Source)
	at Login Phone Number.run(Login Phone Number:44)
	at com.kms.katalon.core.main.ScriptEngine.run(ScriptEngine.java:194)
	at com.kms.katalon.core.main.ScriptEngine.runScriptAsRawText(ScriptEngine.java:119)
	at com.kms.katalon.core.main.TestCaseExecutor.runScript(TestCaseExecutor.java:448)
	at com.kms.katalon.core.main.TestCaseExecutor.doExecute(TestCaseExecutor.java:439)
	at com.kms.katalon.core.main.TestCaseExecutor.processExecutionPhase(TestCaseExecutor.java:418)
	at com.kms.katalon.core.main.TestCaseExecutor.accessMainPhase(TestCaseExecutor.java:410)
	at com.kms.katalon.core.main.TestCaseExecutor.execute(TestCaseExecutor.java:285)
	at com.kms.katalon.core.common.CommonExecutor.accessTestCaseMainPhase(CommonExecutor.java:65)
	at com.kms.katalon.core.main.TestSuiteExecutor.accessTestSuiteMainPhase(TestSuiteExecutor.java:151)
	at com.kms.katalon.core.main.TestSuiteExecutor.execute(TestSuiteExecutor.java:106)
	at com.kms.katalon.core.main.TestCaseMain.startTestSuite(TestCaseMain.java:185)
	at com.kms.katalon.core.main.TestCaseMain$startTestSuite$0.call(Unknown Source)
	at TempTestSuite1675244320783.run(TempTestSuite1675244320783.groovy:36)


2023-02-01 16:39:45 - [TEST_STEP][PASSED] - startExistingApplication("com.kfc.mobile.hkStaging", STOP_ON_FAILURE): Starting app with application ID: 'com.kfc.mobile.hkStaging'

2023-02-01 16:39:45 - [MESSAGE][INFO] - User set preference: ['appPackage', 'com.kfc.mobile.hkStaging']

2023-02-01 16:39:45 - [MESSAGE][INFO] - User set preference: ['appActivity', 'com.kfc.mobile.presentation.home.HomeActivity']

2023-02-01 16:39:45 - [MESSAGE][INFO] - User set preference: ['noReset', 'true']

2023-02-01 16:39:45 - [MESSAGE][INFO] - User set preference: ['deviceId', '']

2023-02-01 16:39:45 - [MESSAGE][INFO] - Detected NodeJS location: "C:\Program Files\nodejs\node.exe"

2023-02-01 16:39:47 - [MESSAGE][INFO] - Appium server started on port 64,859

2023-02-01 16:40:01 - [MESSAGE][INFO] - Failed to get OS statusbar's information using default method.

2023-02-01 16:40:02 - [MESSAGE][PASSED] - Starting app with application ID: 'com.kfc.mobile.hkStaging'

2023-02-01 16:40:02 - [TEST_STEP][PASSED] - delay(5, STOP_ON_FAILURE): Delayed 5 second(s)

2023-02-01 16:40:07 - [MESSAGE][PASSED] - Delayed 5 second(s)

2023-02-01 16:40:07 - [TEST_STEP][PASSED] - tap(findTestObject("Profile/android.widget.TextView - Profil"), 5): Tapped on element 'Object Repository/Profile/android.widget.TextView - Profil'

2023-02-01 16:40:08 - [MESSAGE][PASSED] - Tapped on element 'Object Repository/Profile/android.widget.TextView - Profil'

2023-02-01 16:40:08 - [TEST_STEP][PASSED] - setText(findTestObject("Login/android.widget.EditText - Masukkan nomor handphone Anda"), "081399674746", 0): Text '081399674746' has been set to element 'Object Repository/Login/android.widget.EditText - Masukkan nomor handphone Anda'

2023-02-01 16:40:08 - [MESSAGE][WARNING] - Timeout '0' is invalid. Using default page load timeout: '30'

2023-02-01 16:40:22 - [MESSAGE][PASSED] - Text '081399674746' has been set to element 'Object Repository/Login/android.widget.EditText - Masukkan nomor handphone Anda'

2023-02-01 16:40:22 - [TEST_STEP][PASSED] - hideKeyboard(): Keyboard is hidden

2023-02-01 16:40:23 - [MESSAGE][PASSED] - Keyboard is hidden

2023-02-01 16:40:23 - [TEST_STEP][PASSED] - setText(findTestObject("Login/android.widget.EditText - Ketik kata sandi Anda"), "pass111", 0): Text 'pass111' has been set to element 'Object Repository/Login/android.widget.EditText - Ketik kata sandi Anda'

2023-02-01 16:40:23 - [MESSAGE][WARNING] - Timeout '0' is invalid. Using default page load timeout: '30'

2023-02-01 16:40:26 - [MESSAGE][PASSED] - Text 'pass111' has been set to element 'Object Repository/Login/android.widget.EditText - Ketik kata sandi Anda'

2023-02-01 16:40:26 - [TEST_STEP][PASSED] - hideKeyboard(): Keyboard is hidden

2023-02-01 16:40:27 - [MESSAGE][PASSED] - Keyboard is hidden

2023-02-01 16:40:27 - [TEST_STEP][PASSED] - tap(findTestObject("Login/android.widget.Button - Masuk"), 0): Tapped on element 'Object Repository/Login/android.widget.Button - Masuk'

2023-02-01 16:40:27 - [MESSAGE][WARNING] - Timeout '0' is invalid. Using default page load timeout: '30'

2023-02-01 16:40:28 - [MESSAGE][PASSED] - Tapped on element 'Object Repository/Login/android.widget.Button - Masuk'

2023-02-01 16:40:28 - [TEST_STEP][PASSED] - delay(5, STOP_ON_FAILURE): Delayed 5 second(s)

2023-02-01 16:40:33 - [MESSAGE][PASSED] - Delayed 5 second(s)

2023-02-01 16:40:33 - [TEST_STEP][FAILED] - tap(findTestObject("Profile/android.widget.TextView - Profil"), 5): Failed to tap on element 'Object Repository/Profile/android.widget.TextView - Profil' (Root cause: com.kms.katalon.core.exception.StepFailedException: Object Object Repository/Profile/android.widget.TextView - Profil not found
	at com.kms.katalon.core.keyword.internal.KeywordMain.stepFailed(KeywordMain.groovy:50)
	at com.kms.katalon.core.mobile.keyword.internal.MobileKeywordMain.stepFailed(MobileKeywordMain.groovy:40)
	at com.kms.katalon.core.mobile.keyword.builtin.TapKeyword$_tap_closure1.doCall(TapKeyword.groovy:79)
	at com.kms.katalon.core.mobile.keyword.builtin.TapKeyword$_tap_closure1.call(TapKeyword.groovy)
	at com.kms.katalon.core.mobile.keyword.internal.MobileKeywordMain.runKeyword(MobileKeywordMain.groovy:21)
	at com.kms.katalon.core.mobile.keyword.builtin.TapKeyword.tap(TapKeyword.groovy:84)
	at com.kms.katalon.core.mobile.keyword.builtin.TapKeyword.execute(TapKeyword.groovy:68)
	at com.kms.katalon.core.keyword.internal.KeywordExecutor.executeKeywordForPlatform(KeywordExecutor.groovy:74)
	at com.kms.katalon.core.mobile.keyword.MobileBuiltInKeywords.tap(MobileBuiltInKeywords.groovy:1490)
	at com.kms.katalon.core.mobile.keyword.MobileBuiltInKeywords$tap$0.call(Unknown Source)
	at Login Phone Number.run(Login Phone Number:44)
	at com.kms.katalon.core.main.ScriptEngine.run(ScriptEngine.java:194)
	at com.kms.katalon.core.main.ScriptEngine.runScriptAsRawText(ScriptEngine.java:119)
	at com.kms.katalon.core.main.TestCaseExecutor.runScript(TestCaseExecutor.java:448)
	at com.kms.katalon.core.main.TestCaseExecutor.doExecute(TestCaseExecutor.java:439)
	at com.kms.katalon.core.main.TestCaseExecutor.processExecutionPhase(TestCaseExecutor.java:418)
	at com.kms.katalon.core.main.TestCaseExecutor.accessMainPhase(TestCaseExecutor.java:410)
	at com.kms.katalon.core.main.TestCaseExecutor.execute(TestCaseExecutor.java:285)
	at com.kms.katalon.core.common.CommonExecutor.accessTestCaseMainPhase(CommonExecutor.java:65)
	at com.kms.katalon.core.main.TestSuiteExecutor.accessTestSuiteMainPhase(TestSuiteExecutor.java:151)
	at com.kms.katalon.core.main.TestSuiteExecutor.execute(TestSuiteExecutor.java:106)
	at com.kms.katalon.core.main.TestCaseMain.startTestSuite(TestCaseMain.java:185)
	at com.kms.katalon.core.main.TestCaseMain$startTestSuite$0.call(Unknown Source)
	at TempTestSuite1675244320783.run(TempTestSuite1675244320783.groovy:36)
)

2023-02-01 16:40:38 - [MESSAGE][FAILED] - Object Object Repository/Profile/android.widget.TextView - Profil not found

2023-02-01 16:40:39 - [MESSAGE][FAILED] - Failed to tap on element 'Object Repository/Profile/android.widget.TextView - Profil' (Root cause: com.kms.katalon.core.exception.StepFailedException: Object Object Repository/Profile/android.widget.TextView - Profil not found
	at com.kms.katalon.core.keyword.internal.KeywordMain.stepFailed(KeywordMain.groovy:50)
	at com.kms.katalon.core.mobile.keyword.internal.MobileKeywordMain.stepFailed(MobileKeywordMain.groovy:40)
	at com.kms.katalon.core.mobile.keyword.builtin.TapKeyword$_tap_closure1.doCall(TapKeyword.groovy:79)
	at com.kms.katalon.core.mobile.keyword.builtin.TapKeyword$_tap_closure1.call(TapKeyword.groovy)
	at com.kms.katalon.core.mobile.keyword.internal.MobileKeywordMain.runKeyword(MobileKeywordMain.groovy:21)
	at com.kms.katalon.core.mobile.keyword.builtin.TapKeyword.tap(TapKeyword.groovy:84)
	at com.kms.katalon.core.mobile.keyword.builtin.TapKeyword.execute(TapKeyword.groovy:68)
	at com.kms.katalon.core.keyword.internal.KeywordExecutor.executeKeywordForPlatform(KeywordExecutor.groovy:74)
	at com.kms.katalon.core.mobile.keyword.MobileBuiltInKeywords.tap(MobileBuiltInKeywords.groovy:1490)
	at com.kms.katalon.core.mobile.keyword.MobileBuiltInKeywords$tap$0.call(Unknown Source)
	at Login Phone Number.run(Login Phone Number:44)
	at com.kms.katalon.core.main.ScriptEngine.run(ScriptEngine.java:194)
	at com.kms.katalon.core.main.ScriptEngine.runScriptAsRawText(ScriptEngine.java:119)
	at com.kms.katalon.core.main.TestCaseExecutor.runScript(TestCaseExecutor.java:448)
	at com.kms.katalon.core.main.TestCaseExecutor.doExecute(TestCaseExecutor.java:439)
	at com.kms.katalon.core.main.TestCaseExecutor.processExecutionPhase(TestCaseExecutor.java:418)
	at com.kms.katalon.core.main.TestCaseExecutor.accessMainPhase(TestCaseExecutor.java:410)
	at com.kms.katalon.core.main.TestCaseExecutor.execute(TestCaseExecutor.java:285)
	at com.kms.katalon.core.common.CommonExecutor.accessTestCaseMainPhase(CommonExecutor.java:65)
	at com.kms.katalon.core.main.TestSuiteExecutor.accessTestSuiteMainPhase(TestSuiteExecutor.java:151)
	at com.kms.katalon.core.main.TestSuiteExecutor.execute(TestSuiteExecutor.java:106)
	at com.kms.katalon.core.main.TestCaseMain.startTestSuite(TestCaseMain.java:185)
	at com.kms.katalon.core.main.TestCaseMain$startTestSuite$0.call(Unknown Source)
	at TempTestSuite1675244320783.run(TempTestSuite1675244320783.groovy:36)
)
[[ATTACHMENT|C:\\Users\\Ahadian Rifky\\Downloads\\Katalon_Studio_Windows_64-8.5.5\\Katalon_Studio_Windows_64-8.5.5\\git.github.com\\maycheljecsan\\kfckuapps_katalon.git\\kfcku_android\\Reports\\20230201_163840\\Create Order\\Login\\20230201_163840\\1675244438670.png]]]]></system-out>
         <system-err><![CDATA[2023-02-01 16:39:45 - [TEST_CASE][FAILED] - Test Cases/Login KFCKU Apps/Login Phone Number: Test Cases/Login KFCKU Apps/Login Phone Number FAILED.
Reason:
com.kms.katalon.core.exception.StepFailedException: Object Object Repository/Profile/android.widget.TextView - Profil not found
	at com.kms.katalon.core.keyword.internal.KeywordMain.stepFailed(KeywordMain.groovy:50)
	at com.kms.katalon.core.mobile.keyword.internal.MobileKeywordMain.stepFailed(MobileKeywordMain.groovy:40)
	at com.kms.katalon.core.mobile.keyword.builtin.TapKeyword$_tap_closure1.doCall(TapKeyword.groovy:79)
	at com.kms.katalon.core.mobile.keyword.builtin.TapKeyword$_tap_closure1.call(TapKeyword.groovy)
	at com.kms.katalon.core.mobile.keyword.internal.MobileKeywordMain.runKeyword(MobileKeywordMain.groovy:21)
	at com.kms.katalon.core.mobile.keyword.builtin.TapKeyword.tap(TapKeyword.groovy:84)
	at com.kms.katalon.core.mobile.keyword.builtin.TapKeyword.execute(TapKeyword.groovy:68)
	at com.kms.katalon.core.keyword.internal.KeywordExecutor.executeKeywordForPlatform(KeywordExecutor.groovy:74)
	at com.kms.katalon.core.mobile.keyword.MobileBuiltInKeywords.tap(MobileBuiltInKeywords.groovy:1490)
	at com.kms.katalon.core.mobile.keyword.MobileBuiltInKeywords$tap$0.call(Unknown Source)
	at Login Phone Number.run(Login Phone Number:44)
	at com.kms.katalon.core.main.ScriptEngine.run(ScriptEngine.java:194)
	at com.kms.katalon.core.main.ScriptEngine.runScriptAsRawText(ScriptEngine.java:119)
	at com.kms.katalon.core.main.TestCaseExecutor.runScript(TestCaseExecutor.java:448)
	at com.kms.katalon.core.main.TestCaseExecutor.doExecute(TestCaseExecutor.java:439)
	at com.kms.katalon.core.main.TestCaseExecutor.processExecutionPhase(TestCaseExecutor.java:418)
	at com.kms.katalon.core.main.TestCaseExecutor.accessMainPhase(TestCaseExecutor.java:410)
	at com.kms.katalon.core.main.TestCaseExecutor.execute(TestCaseExecutor.java:285)
	at com.kms.katalon.core.common.CommonExecutor.accessTestCaseMainPhase(CommonExecutor.java:65)
	at com.kms.katalon.core.main.TestSuiteExecutor.accessTestSuiteMainPhase(TestSuiteExecutor.java:151)
	at com.kms.katalon.core.main.TestSuiteExecutor.execute(TestSuiteExecutor.java:106)
	at com.kms.katalon.core.main.TestCaseMain.startTestSuite(TestCaseMain.java:185)
	at com.kms.katalon.core.main.TestCaseMain$startTestSuite$0.call(Unknown Source)
	at TempTestSuite1675244320783.run(TempTestSuite1675244320783.groovy:36)]]></system-err>
      </testcase>
      <system-out><![CDATA[2023-02-01 16:38:44 - [TEST_SUITE][FAILED] - Login: Test Cases/Login KFCKU Apps/Login Phone Number FAILED.
Reason:
com.kms.katalon.core.exception.StepFailedException: Object Object Repository/Profile/android.widget.TextView - Profil not found
	at com.kms.katalon.core.keyword.internal.KeywordMain.stepFailed(KeywordMain.groovy:50)
	at com.kms.katalon.core.mobile.keyword.internal.MobileKeywordMain.stepFailed(MobileKeywordMain.groovy:40)
	at com.kms.katalon.core.mobile.keyword.builtin.TapKeyword$_tap_closure1.doCall(TapKeyword.groovy:79)
	at com.kms.katalon.core.mobile.keyword.builtin.TapKeyword$_tap_closure1.call(TapKeyword.groovy)
	at com.kms.katalon.core.mobile.keyword.internal.MobileKeywordMain.runKeyword(MobileKeywordMain.groovy:21)
	at com.kms.katalon.core.mobile.keyword.builtin.TapKeyword.tap(TapKeyword.groovy:84)
	at com.kms.katalon.core.mobile.keyword.builtin.TapKeyword.execute(TapKeyword.groovy:68)
	at com.kms.katalon.core.keyword.internal.KeywordExecutor.executeKeywordForPlatform(KeywordExecutor.groovy:74)
	at com.kms.katalon.core.mobile.keyword.MobileBuiltInKeywords.tap(MobileBuiltInKeywords.groovy:1490)
	at com.kms.katalon.core.mobile.keyword.MobileBuiltInKeywords$tap$0.call(Unknown Source)
	at Login Phone Number.run(Login Phone Number:44)
	at com.kms.katalon.core.main.ScriptEngine.run(ScriptEngine.java:194)
	at com.kms.katalon.core.main.ScriptEngine.runScriptAsRawText(ScriptEngine.java:119)
	at com.kms.katalon.core.main.TestCaseExecutor.runScript(TestCaseExecutor.java:448)
	at com.kms.katalon.core.main.TestCaseExecutor.doExecute(TestCaseExecutor.java:439)
	at com.kms.katalon.core.main.TestCaseExecutor.processExecutionPhase(TestCaseExecutor.java:418)
	at com.kms.katalon.core.main.TestCaseExecutor.accessMainPhase(TestCaseExecutor.java:410)
	at com.kms.katalon.core.main.TestCaseExecutor.execute(TestCaseExecutor.java:285)
	at com.kms.katalon.core.common.CommonExecutor.accessTestCaseMainPhase(CommonExecutor.java:65)
	at com.kms.katalon.core.main.TestSuiteExecutor.accessTestSuiteMainPhase(TestSuiteExecutor.java:151)
	at com.kms.katalon.core.main.TestSuiteExecutor.execute(TestSuiteExecutor.java:106)
	at com.kms.katalon.core.main.TestCaseMain.startTestSuite(TestCaseMain.java:185)
	at com.kms.katalon.core.main.TestCaseMain$startTestSuite$0.call(Unknown Source)
	at TempTestSuite1675244320783.run(TempTestSuite1675244320783.groovy:36)]]></system-out>
      <system-err><![CDATA[2023-02-01 16:38:44 - [TEST_SUITE][FAILED] - Login: Test Cases/Login KFCKU Apps/Login Phone Number FAILED.
Reason:
com.kms.katalon.core.exception.StepFailedException: Object Object Repository/Profile/android.widget.TextView - Profil not found
	at com.kms.katalon.core.keyword.internal.KeywordMain.stepFailed(KeywordMain.groovy:50)
	at com.kms.katalon.core.mobile.keyword.internal.MobileKeywordMain.stepFailed(MobileKeywordMain.groovy:40)
	at com.kms.katalon.core.mobile.keyword.builtin.TapKeyword$_tap_closure1.doCall(TapKeyword.groovy:79)
	at com.kms.katalon.core.mobile.keyword.builtin.TapKeyword$_tap_closure1.call(TapKeyword.groovy)
	at com.kms.katalon.core.mobile.keyword.internal.MobileKeywordMain.runKeyword(MobileKeywordMain.groovy:21)
	at com.kms.katalon.core.mobile.keyword.builtin.TapKeyword.tap(TapKeyword.groovy:84)
	at com.kms.katalon.core.mobile.keyword.builtin.TapKeyword.execute(TapKeyword.groovy:68)
	at com.kms.katalon.core.keyword.internal.KeywordExecutor.executeKeywordForPlatform(KeywordExecutor.groovy:74)
	at com.kms.katalon.core.mobile.keyword.MobileBuiltInKeywords.tap(MobileBuiltInKeywords.groovy:1490)
	at com.kms.katalon.core.mobile.keyword.MobileBuiltInKeywords$tap$0.call(Unknown Source)
	at Login Phone Number.run(Login Phone Number:44)
	at com.kms.katalon.core.main.ScriptEngine.run(ScriptEngine.java:194)
	at com.kms.katalon.core.main.ScriptEngine.runScriptAsRawText(ScriptEngine.java:119)
	at com.kms.katalon.core.main.TestCaseExecutor.runScript(TestCaseExecutor.java:448)
	at com.kms.katalon.core.main.TestCaseExecutor.doExecute(TestCaseExecutor.java:439)
	at com.kms.katalon.core.main.TestCaseExecutor.processExecutionPhase(TestCaseExecutor.java:418)
	at com.kms.katalon.core.main.TestCaseExecutor.accessMainPhase(TestCaseExecutor.java:410)
	at com.kms.katalon.core.main.TestCaseExecutor.execute(TestCaseExecutor.java:285)
	at com.kms.katalon.core.common.CommonExecutor.accessTestCaseMainPhase(CommonExecutor.java:65)
	at com.kms.katalon.core.main.TestSuiteExecutor.accessTestSuiteMainPhase(TestSuiteExecutor.java:151)
	at com.kms.katalon.core.main.TestSuiteExecutor.execute(TestSuiteExecutor.java:106)
	at com.kms.katalon.core.main.TestCaseMain.startTestSuite(TestCaseMain.java:185)
	at com.kms.katalon.core.main.TestCaseMain$startTestSuite$0.call(Unknown Source)
	at TempTestSuite1675244320783.run(TempTestSuite1675244320783.groovy:36)]]></system-err>
   </testsuite>
</testsuites>
