<?xml version="1.0" encoding="UTF-8"?>
<testsuites name="Order Drive Thru" time="215.29" tests="2" failures="2" errors="0">
   <testsuite name="Order Drive Thru" tests="2" failures="2" errors="0" time="215.29" skipped="0" timestamp="2023-02-01 17:55:46" hostname="Ahadian Rifky - NKC-23" id="Test Suites/Create Order/Order Drive Thru">
      <properties>
         <property name="deviceName" value="OPPO CPH1801 (Android 7.1.1)"/>
         <property name="devicePlatform" value=""/>
         <property name="logFolder" value="C:\\Users\\Ahadian Rifky\\Downloads\\Katalon_Studio_Windows_64-8.5.5\\Katalon_Studio_Windows_64-8.5.5\\git.github.com\\maycheljecsan\\kfckuapps_katalon.git\\kfcku_android\\Reports\\20230201_175543\\Create Order\\Order Drive Thru\\20230201_175543"/>
         <property name="logFiles" value="C:\\Users\\Ahadian Rifky\\Downloads\\Katalon_Studio_Windows_64-8.5.5\\Katalon_Studio_Windows_64-8.5.5\\git.github.com\\maycheljecsan\\kfckuapps_katalon.git\\kfcku_android\\Reports\\20230201_175543\\Create Order\\Order Drive Thru\\20230201_175543\\appium.log, C:\\Users\\Ahadian Rifky\\Downloads\\Katalon_Studio_Windows_64-8.5.5\\Katalon_Studio_Windows_64-8.5.5\\git.github.com\\maycheljecsan\\kfckuapps_katalon.git\\kfcku_android\\Reports\\20230201_175543\\Create Order\\Order Drive Thru\\20230201_175543\\execution0.log"/>
         <property name="attachments" value="C:\\Users\\Ahadian Rifky\\Downloads\\Katalon_Studio_Windows_64-8.5.5\\Katalon_Studio_Windows_64-8.5.5\\git.github.com\\maycheljecsan\\kfckuapps_katalon.git\\kfcku_android\\Reports\\20230201_175543\\Create Order\\Order Drive Thru\\20230201_175543\\1675249137711.png, C:\\Users\\Ahadian Rifky\\Downloads\\Katalon_Studio_Windows_64-8.5.5\\Katalon_Studio_Windows_64-8.5.5\\git.github.com\\maycheljecsan\\kfckuapps_katalon.git\\kfcku_android\\Reports\\20230201_175543\\Create Order\\Order Drive Thru\\20230201_175543\\1675249159965.png"/>
         <property name="hostName" value="Ahadian Rifky - NKC-23"/>
         <property name="os" value="Windows 10 64bit"/>
         <property name="appiumServerStatus" value="{&quot;value&quot;:{&quot;build&quot;:{&quot;version&quot;:&quot;1.22.3&quot;}},&quot;sessionId&quot;:null,&quot;status&quot;:0}"/>
         <property name="katalonVersion" value="8.5.5.208"/>
         <property name="deviceOS" value="Android"/>
         <property name="appiumVersion" value="1.22.3"/>
         <property name="deviceModel" value="CPH1801"/>
         <property name="hostAddress" value="172.10.9.59"/>
         <property name="deviceManufacturer" value="OPPO"/>
         <property name="deviceId" value="aa14e06a"/>
         <property name="deviceName" value="OPPO CPH1801 (Android 7.1.1)"/>
         <property name="deviceOSVersion" value="7.1.1"/>
      </properties>
      <testcase name="Test Cases/Create Order/Drive Thru/Drive Thru - Dana" time="191.572" classname="Test Cases/Create Order/Drive Thru/Drive Thru - Dana" status="FAILED">
         <failure type="FAILED" message="Test Cases/Create Order/Drive Thru/Drive Thru - Dana FAILED.
Reason:
com.kms.katalon.core.exception.StepFailedException: Object Object Repository/Order Dine In/Order/android.widget.TextView - OKE not found
	at com.kms.katalon.core.keyword.internal.KeywordMain.stepFailed(KeywordMain.groovy:50)
	at com.kms.katalon.core.mobile.keyword.internal.MobileKeywordMain.stepFailed(MobileKeywordMain.groovy:40)
	at com.kms.katalon.core.mobile.keyword.builtin.TapKeyword$_tap_closure1.doCall(TapKeyword.groovy:79)
	at com.kms.katalon.core.mobile.keyword.builtin.TapKeyword$_tap_closure1.call(TapKeyword.groovy)
	at com.kms.katalon.core.mobile.keyword.internal.MobileKeywordMain.runKeyword(MobileKeywordMain.groovy:21)
	at com.kms.katalon.core.mobile.keyword.builtin.TapKeyword.tap(TapKeyword.groovy:84)
	at com.kms.katalon.core.mobile.keyword.builtin.TapKeyword.execute(TapKeyword.groovy:68)
	at com.kms.katalon.core.keyword.internal.KeywordExecutor.executeKeywordForPlatform(KeywordExecutor.groovy:74)
	at com.kms.katalon.core.mobile.keyword.MobileBuiltInKeywords.tap(MobileBuiltInKeywords.groovy:1490)
	at com.kms.katalon.core.mobile.keyword.MobileBuiltInKeywords$tap$1.call(Unknown Source)
	at Drive Thru - Dana.run(Drive Thru - Dana:174)
	at com.kms.katalon.core.main.ScriptEngine.run(ScriptEngine.java:194)
	at com.kms.katalon.core.main.ScriptEngine.runScriptAsRawText(ScriptEngine.java:119)
	at com.kms.katalon.core.main.TestCaseExecutor.runScript(TestCaseExecutor.java:448)
	at com.kms.katalon.core.main.TestCaseExecutor.doExecute(TestCaseExecutor.java:439)
	at com.kms.katalon.core.main.TestCaseExecutor.processExecutionPhase(TestCaseExecutor.java:418)
	at com.kms.katalon.core.main.TestCaseExecutor.accessMainPhase(TestCaseExecutor.java:410)
	at com.kms.katalon.core.main.TestCaseExecutor.execute(TestCaseExecutor.java:285)
	at com.kms.katalon.core.common.CommonExecutor.accessTestCaseMainPhase(CommonExecutor.java:65)
	at com.kms.katalon.core.main.TestSuiteExecutor.accessTestSuiteMainPhase(TestSuiteExecutor.java:151)
	at com.kms.katalon.core.main.TestSuiteExecutor.execute(TestSuiteExecutor.java:106)
	at com.kms.katalon.core.main.TestCaseMain.startTestSuite(TestCaseMain.java:185)
	at com.kms.katalon.core.main.TestCaseMain$startTestSuite$0.call(Unknown Source)
	at TempTestSuite1675248943345.run(TempTestSuite1675248943345.groovy:36)
"/>
         <system-out><![CDATA[2023-02-01 17:55:46 - [TEST_CASE][FAILED] - Test Cases/Create Order/Drive Thru/Drive Thru - Dana: Test Cases/Create Order/Drive Thru/Drive Thru - Dana FAILED.
Reason:
com.kms.katalon.core.exception.StepFailedException: Object Object Repository/Order Dine In/Order/android.widget.TextView - OKE not found
	at com.kms.katalon.core.keyword.internal.KeywordMain.stepFailed(KeywordMain.groovy:50)
	at com.kms.katalon.core.mobile.keyword.internal.MobileKeywordMain.stepFailed(MobileKeywordMain.groovy:40)
	at com.kms.katalon.core.mobile.keyword.builtin.TapKeyword$_tap_closure1.doCall(TapKeyword.groovy:79)
	at com.kms.katalon.core.mobile.keyword.builtin.TapKeyword$_tap_closure1.call(TapKeyword.groovy)
	at com.kms.katalon.core.mobile.keyword.internal.MobileKeywordMain.runKeyword(MobileKeywordMain.groovy:21)
	at com.kms.katalon.core.mobile.keyword.builtin.TapKeyword.tap(TapKeyword.groovy:84)
	at com.kms.katalon.core.mobile.keyword.builtin.TapKeyword.execute(TapKeyword.groovy:68)
	at com.kms.katalon.core.keyword.internal.KeywordExecutor.executeKeywordForPlatform(KeywordExecutor.groovy:74)
	at com.kms.katalon.core.mobile.keyword.MobileBuiltInKeywords.tap(MobileBuiltInKeywords.groovy:1490)
	at com.kms.katalon.core.mobile.keyword.MobileBuiltInKeywords$tap$1.call(Unknown Source)
	at Drive Thru - Dana.run(Drive Thru - Dana:174)
	at com.kms.katalon.core.main.ScriptEngine.run(ScriptEngine.java:194)
	at com.kms.katalon.core.main.ScriptEngine.runScriptAsRawText(ScriptEngine.java:119)
	at com.kms.katalon.core.main.TestCaseExecutor.runScript(TestCaseExecutor.java:448)
	at com.kms.katalon.core.main.TestCaseExecutor.doExecute(TestCaseExecutor.java:439)
	at com.kms.katalon.core.main.TestCaseExecutor.processExecutionPhase(TestCaseExecutor.java:418)
	at com.kms.katalon.core.main.TestCaseExecutor.accessMainPhase(TestCaseExecutor.java:410)
	at com.kms.katalon.core.main.TestCaseExecutor.execute(TestCaseExecutor.java:285)
	at com.kms.katalon.core.common.CommonExecutor.accessTestCaseMainPhase(CommonExecutor.java:65)
	at com.kms.katalon.core.main.TestSuiteExecutor.accessTestSuiteMainPhase(TestSuiteExecutor.java:151)
	at com.kms.katalon.core.main.TestSuiteExecutor.execute(TestSuiteExecutor.java:106)
	at com.kms.katalon.core.main.TestCaseMain.startTestSuite(TestCaseMain.java:185)
	at com.kms.katalon.core.main.TestCaseMain$startTestSuite$0.call(Unknown Source)
	at TempTestSuite1675248943345.run(TempTestSuite1675248943345.groovy:36)


2023-02-01 17:55:47 - [TEST_STEP][PASSED] - startExistingApplication("com.kfc.mobile.hkStaging", STOP_ON_FAILURE): Starting app with application ID: 'com.kfc.mobile.hkStaging'

2023-02-01 17:55:47 - [MESSAGE][INFO] - User set preference: ['appPackage', 'com.kfc.mobile.hkStaging']

2023-02-01 17:55:47 - [MESSAGE][INFO] - User set preference: ['appActivity', 'com.kfc.mobile.presentation.home.HomeActivity']

2023-02-01 17:55:47 - [MESSAGE][INFO] - User set preference: ['noReset', 'true']

2023-02-01 17:55:47 - [MESSAGE][INFO] - User set preference: ['deviceId', '']

2023-02-01 17:55:47 - [MESSAGE][INFO] - Detected NodeJS location: "C:\Program Files\nodejs\node.exe"

2023-02-01 17:55:49 - [MESSAGE][INFO] - Appium server started on port 56,987

2023-02-01 17:56:08 - [MESSAGE][INFO] - Failed to get OS statusbar's information using default method.

2023-02-01 17:56:09 - [MESSAGE][PASSED] - Starting app with application ID: 'com.kfc.mobile.hkStaging'

2023-02-01 17:56:09 - [TEST_STEP][PASSED] - waitForElementPresent(findTestObject("Order Dine In/android.widget.TextView - Beranda"), 5): Element 'Object Repository/Order Dine In/android.widget.TextView - Beranda' is present

2023-02-01 17:56:10 - [MESSAGE][PASSED] - Element 'Object Repository/Order Dine In/android.widget.TextView - Beranda' is present

2023-02-01 17:56:10 - [TEST_STEP][PASSED] - tap(findTestObject("Object Repository/Order Dine In/android.widget.TextView - Beranda"), 5): Tapped on element 'Object Repository/Order Dine In/android.widget.TextView - Beranda'

2023-02-01 17:56:12 - [MESSAGE][PASSED] - Tapped on element 'Object Repository/Order Dine In/android.widget.TextView - Beranda'

2023-02-01 17:56:12 - [TEST_STEP][PASSED] - swipe(281, 600, 434, 90): Swiped from 281,600 to 434,90

2023-02-01 17:56:13 - [MESSAGE][PASSED] - Swiped from 281,600 to 434,90

2023-02-01 17:56:13 - [TEST_STEP][PASSED] - device_Height = getDeviceHeight(): Current device physical height is 1280

2023-02-01 17:56:13 - [MESSAGE][PASSED] - Current device physical height is 1280

2023-02-01 17:56:14 - [TEST_STEP][PASSED] - device_Width = getDeviceWidth(): Current device physical width is 720

2023-02-01 17:56:14 - [MESSAGE][PASSED] - Current device physical width is 720

2023-02-01 17:56:14 - [TEST_STEP][PASSED] - startY = device_Height / 2: null

2023-02-01 17:56:14 - [TEST_STEP][PASSED] - endY = startY: null

2023-02-01 17:56:14 - [TEST_STEP][PASSED] - startX = device_Width * 0.30: null

2023-02-01 17:56:14 - [TEST_STEP][PASSED] - endX = device_Width * 0.70: null

2023-02-01 17:56:14 - [TEST_STEP][PASSED] - swipe(endX, startY, startX, endY): Swiped from 504,640 to 216,640

2023-02-01 17:56:15 - [MESSAGE][PASSED] - Swiped from 504,640 to 216,640

2023-02-01 17:56:15 - [TEST_STEP][PASSED] - waitForElementPresent(findTestObject("Order Type/android.widget.TextView - DRIVE-THRU"), 10): Element 'Object Repository/Order Type/android.widget.TextView - DRIVE-THRU' is present

2023-02-01 17:56:15 - [MESSAGE][PASSED] - Element 'Object Repository/Order Type/android.widget.TextView - DRIVE-THRU' is present

2023-02-01 17:56:15 - [TEST_STEP][PASSED] - tap(findTestObject("Order Type/android.widget.TextView - DRIVE-THRU"), 5): Tapped on element 'Object Repository/Order Type/android.widget.TextView - DRIVE-THRU'

2023-02-01 17:56:16 - [MESSAGE][PASSED] - Tapped on element 'Object Repository/Order Type/android.widget.TextView - DRIVE-THRU'

2023-02-01 17:56:16 - [TEST_STEP][PASSED] - waitForElementPresent(findTestObject("Order Dine In/android.widget.EditText - Cari Gerai KFC"), 5): Object Object Repository/Order Dine In/android.widget.EditText - Cari Gerai KFC not found

2023-02-01 17:56:21 - [MESSAGE][WARNING] - Object Object Repository/Order Dine In/android.widget.EditText - Cari Gerai KFC not found

2023-02-01 17:56:21 - [TEST_STEP][PASSED] - tap(findTestObject("Object Repository/Order Dine In/android.widget.TextView - Cari Gerai KFC"), 5): Tapped on element 'Object Repository/Order Dine In/android.widget.TextView - Cari Gerai KFC'

2023-02-01 17:56:22 - [MESSAGE][PASSED] - Tapped on element 'Object Repository/Order Dine In/android.widget.TextView - Cari Gerai KFC'

2023-02-01 17:56:22 - [TEST_STEP][PASSED] - setText(findTestObject("Object Repository/Order Dine In/android.widget.EditText - Cari Gerai KFC"), "MT Haryono", 5): Text 'MT Haryono' has been set to element 'Object Repository/Order Dine In/android.widget.EditText - Cari Gerai KFC'

2023-02-01 17:56:25 - [MESSAGE][PASSED] - Text 'MT Haryono' has been set to element 'Object Repository/Order Dine In/android.widget.EditText - Cari Gerai KFC'

2023-02-01 17:56:25 - [TEST_STEP][PASSED] - hideKeyboard(): Keyboard is hidden

2023-02-01 17:56:28 - [MESSAGE][PASSED] - Keyboard is hidden

2023-02-01 17:56:28 - [TEST_STEP][PASSED] - waitForElementPresent(findTestObject("Order Dine In/android.widget.TextView - MT HARYONO JAKARTA"), 5): Object Object Repository/Order Dine In/android.widget.TextView - MT HARYONO JAKARTA not found

2023-02-01 17:56:33 - [MESSAGE][WARNING] - Object Object Repository/Order Dine In/android.widget.TextView - MT HARYONO JAKARTA not found

2023-02-01 17:56:33 - [TEST_STEP][PASSED] - tap(findTestObject("Order Dine In/Order/android.widget.Button - Pilih Gerai"), 5): Tapped on element 'Object Repository/Order Dine In/Order/android.widget.Button - Pilih Gerai'

2023-02-01 17:56:34 - [MESSAGE][PASSED] - Tapped on element 'Object Repository/Order Dine In/Order/android.widget.Button - Pilih Gerai'

2023-02-01 17:56:34 - [TEST_STEP][PASSED] - delay(5, STOP_ON_FAILURE): Delayed 5 second(s)

2023-02-01 17:56:39 - [MESSAGE][PASSED] - Delayed 5 second(s)

2023-02-01 17:56:39 - [TEST_STEP][PASSED] - tap(findTestObject("Order Dine In/android.widget.FrameLayout"), 5): Tapped on element 'Object Repository/Order Dine In/android.widget.FrameLayout'

2023-02-01 17:56:40 - [MESSAGE][PASSED] - Tapped on element 'Object Repository/Order Dine In/android.widget.FrameLayout'

2023-02-01 17:56:40 - [TEST_STEP][PASSED] - delay(5, STOP_ON_FAILURE): Delayed 5 second(s)

2023-02-01 17:56:45 - [MESSAGE][PASSED] - Delayed 5 second(s)

2023-02-01 17:56:45 - [TEST_STEP][PASSED] - pressBack(): Press back button successfully

2023-02-01 17:56:45 - [MESSAGE][PASSED] - Press back button successfully

2023-02-01 17:56:45 - [TEST_STEP][PASSED] - waitForElementPresent(findTestObject("Order Dine In/android.widget.Button - Add"), 5): Element 'Object Repository/Order Dine In/android.widget.Button - Add' is present

2023-02-01 17:56:46 - [MESSAGE][PASSED] - Element 'Object Repository/Order Dine In/android.widget.Button - Add' is present

2023-02-01 17:56:46 - [TEST_STEP][PASSED] - tap(findTestObject("Order Dine In/android.widget.Button - Add"), 5): Tapped on element 'Object Repository/Order Dine In/android.widget.Button - Add'

2023-02-01 17:56:46 - [MESSAGE][PASSED] - Tapped on element 'Object Repository/Order Dine In/android.widget.Button - Add'

2023-02-01 17:56:46 - [TEST_STEP][PASSED] - delay(5, STOP_ON_FAILURE): Delayed 5 second(s)

2023-02-01 17:56:51 - [MESSAGE][PASSED] - Delayed 5 second(s)

2023-02-01 17:56:51 - [TEST_STEP][PASSED] - waitForElementPresent(findTestObject("Order Dine In/Order/android.widget.Button - Lanjut"), 5): Element 'Object Repository/Order Dine In/Order/android.widget.Button - Lanjut' is present

2023-02-01 17:56:51 - [MESSAGE][PASSED] - Element 'Object Repository/Order Dine In/Order/android.widget.Button - Lanjut' is present

2023-02-01 17:56:51 - [TEST_STEP][PASSED] - tap(findTestObject("Order Dine In/Order/android.widget.Button - Lanjut"), 5): Tapped on element 'Object Repository/Order Dine In/Order/android.widget.Button - Lanjut'

2023-02-01 17:56:52 - [MESSAGE][PASSED] - Tapped on element 'Object Repository/Order Dine In/Order/android.widget.Button - Lanjut'

2023-02-01 17:56:52 - [TEST_STEP][PASSED] - delay(5, STOP_ON_FAILURE): Delayed 5 second(s)

2023-02-01 17:56:57 - [MESSAGE][PASSED] - Delayed 5 second(s)

2023-02-01 17:56:57 - [TEST_STEP][PASSED] - waitForElementPresent(findTestObject("Order Dine In/Order/android.widget.LinearLayout"), 5): Element 'Object Repository/Order Dine In/Order/android.widget.LinearLayout' is present

2023-02-01 17:56:58 - [MESSAGE][PASSED] - Element 'Object Repository/Order Dine In/Order/android.widget.LinearLayout' is present

2023-02-01 17:56:58 - [TEST_STEP][PASSED] - tap(findTestObject("Order Dine In/Order/android.widget.LinearLayout"), 5): Tapped on element 'Object Repository/Order Dine In/Order/android.widget.LinearLayout'

2023-02-01 17:56:58 - [MESSAGE][PASSED] - Tapped on element 'Object Repository/Order Dine In/Order/android.widget.LinearLayout'

2023-02-01 17:56:58 - [TEST_STEP][PASSED] - waitForElementPresent(findTestObject("Order Dine In/Order/android.widget.TextView - Pilih Menu Gratis"), 5): Element 'Object Repository/Order Dine In/Order/android.widget.TextView - Pilih Menu Gratis' is present

2023-02-01 17:57:00 - [MESSAGE][PASSED] - Element 'Object Repository/Order Dine In/Order/android.widget.TextView - Pilih Menu Gratis' is present

2023-02-01 17:57:00 - [TEST_STEP][PASSED] - tap(findTestObject("Order Dine In/Order/android.widget.TextView - Pilih Menu Gratis"), 5): Tapped on element 'Object Repository/Order Dine In/Order/android.widget.TextView - Pilih Menu Gratis'

2023-02-01 17:57:01 - [MESSAGE][PASSED] - Tapped on element 'Object Repository/Order Dine In/Order/android.widget.TextView - Pilih Menu Gratis'

2023-02-01 17:57:01 - [TEST_STEP][PASSED] - delay(5, STOP_ON_FAILURE): Delayed 5 second(s)

2023-02-01 17:57:06 - [MESSAGE][PASSED] - Delayed 5 second(s)

2023-02-01 17:57:06 - [TEST_STEP][PASSED] - waitForElementPresent(findTestObject("DRT Payment/android.widget.EditText - Mohon untuk mengisi nomor"), 5): Element 'Object Repository/DRT Payment/android.widget.EditText - Mohon untuk mengisi nomor' is present

2023-02-01 17:57:07 - [MESSAGE][PASSED] - Element 'Object Repository/DRT Payment/android.widget.EditText - Mohon untuk mengisi nomor' is present

2023-02-01 17:57:07 - [TEST_STEP][PASSED] - setText(findTestObject("DRT Payment/android.widget.EditText - Mohon untuk mengisi nomor"), "B 1223 YTH", 5): Text 'B 1223 YTH' has been set to element 'Object Repository/DRT Payment/android.widget.EditText - Mohon untuk mengisi nomor'

2023-02-01 17:57:08 - [MESSAGE][PASSED] - Text 'B 1223 YTH' has been set to element 'Object Repository/DRT Payment/android.widget.EditText - Mohon untuk mengisi nomor'

2023-02-01 17:57:08 - [TEST_STEP][PASSED] - delay(5, STOP_ON_FAILURE): Delayed 5 second(s)

2023-02-01 17:57:13 - [MESSAGE][PASSED] - Delayed 5 second(s)

2023-02-01 17:57:13 - [TEST_STEP][PASSED] - waitForElementPresent(findTestObject("Order Dine In/Order/android.widget.Button - Pilih Sekarang"), 10): Element 'Object Repository/Order Dine In/Order/android.widget.Button - Pilih Sekarang' is present

2023-02-01 17:57:13 - [MESSAGE][PASSED] - Element 'Object Repository/Order Dine In/Order/android.widget.Button - Pilih Sekarang' is present

2023-02-01 17:57:13 - [TEST_STEP][PASSED] - tap(findTestObject("Order Dine In/Order/android.widget.Button - Pilih Sekarang"), 10): Tapped on element 'Object Repository/Order Dine In/Order/android.widget.Button - Pilih Sekarang'

2023-02-01 17:57:14 - [MESSAGE][PASSED] - Tapped on element 'Object Repository/Order Dine In/Order/android.widget.Button - Pilih Sekarang'

2023-02-01 17:57:14 - [TEST_STEP][PASSED] - delay(5, STOP_ON_FAILURE): Delayed 5 second(s)

2023-02-01 17:57:19 - [MESSAGE][PASSED] - Delayed 5 second(s)

2023-02-01 17:57:19 - [TEST_STEP][PASSED] - waitForElementPresent(findTestObject("Order Dine In/Order/android.widget.Button - TAMBAHKAN"), 10): Element 'Object Repository/Order Dine In/Order/android.widget.Button - TAMBAHKAN' is present

2023-02-01 17:57:19 - [MESSAGE][PASSED] - Element 'Object Repository/Order Dine In/Order/android.widget.Button - TAMBAHKAN' is present

2023-02-01 17:57:19 - [TEST_STEP][PASSED] - tap(findTestObject("Order Dine In/Order/android.widget.Button - TAMBAHKAN"), 5): Tapped on element 'Object Repository/Order Dine In/Order/android.widget.Button - TAMBAHKAN'

2023-02-01 17:57:19 - [MESSAGE][PASSED] - Tapped on element 'Object Repository/Order Dine In/Order/android.widget.Button - TAMBAHKAN'

2023-02-01 17:57:19 - [TEST_STEP][PASSED] - delay(5, STOP_ON_FAILURE): Delayed 5 second(s)

2023-02-01 17:57:24 - [MESSAGE][PASSED] - Delayed 5 second(s)

2023-02-01 17:57:24 - [TEST_STEP][PASSED] - tap(findTestObject("Order Dine In/Order/android.widget.Button - Lanjutkan"), 5): Tapped on element 'Object Repository/Order Dine In/Order/android.widget.Button - Lanjutkan'

2023-02-01 17:57:25 - [MESSAGE][PASSED] - Tapped on element 'Object Repository/Order Dine In/Order/android.widget.Button - Lanjutkan'

2023-02-01 17:57:25 - [TEST_STEP][PASSED] - delay(5, STOP_ON_FAILURE): Delayed 5 second(s)

2023-02-01 17:57:30 - [MESSAGE][PASSED] - Delayed 5 second(s)

2023-02-01 17:57:30 - [TEST_STEP][PASSED] - scrollToText("TOTAL", STOP_ON_FAILURE): Scrolling to text 'TOTAL' successfully

2023-02-01 17:57:35 - [MESSAGE][PASSED] - Scrolling to text 'TOTAL' successfully

2023-02-01 17:57:35 - [TEST_STEP][PASSED] - tap(findTestObject("Order Dine In/Payment/android.widget.TextView - Lihat Semua"), 5): Tapped on element 'Object Repository/Order Dine In/Payment/android.widget.TextView - Lihat Semua'

2023-02-01 17:57:36 - [MESSAGE][PASSED] - Tapped on element 'Object Repository/Order Dine In/Payment/android.widget.TextView - Lihat Semua'

2023-02-01 17:57:36 - [TEST_STEP][PASSED] - delay(5, STOP_ON_FAILURE): Delayed 5 second(s)

2023-02-01 17:57:41 - [MESSAGE][PASSED] - Delayed 5 second(s)

2023-02-01 17:57:41 - [TEST_STEP][PASSED] - testObjectOne = new com.kms.katalon.core.testobject.TestObject(): null

2023-02-01 17:57:41 - [TEST_STEP][PASSED] - testObjectOne.addProperty("xpath", EQUALS, "//hierarchy/android.widget.FrameLayout[1]/android.widget.LinearLayout[1]/android.widget.FrameLayout[1]/android.widget.FrameLayout[1]/android.widget.FrameLayout[1]/android.widget.FrameLayout[1]/android.view.ViewGroup[1]/android.widget.FrameLayout[1]/android.widget.ScrollView[1]/android.view.ViewGroup[1]/android.view.ViewGroup[1]/androidx.recyclerview.widget.RecyclerView[1]/android.view.ViewGroup[3]"): null

2023-02-01 17:57:41 - [TEST_STEP][PASSED] - tap(testObjectOne, 5): Tapped on element ''

2023-02-01 17:57:41 - [MESSAGE][PASSED] - Tapped on element ''

2023-02-01 17:57:41 - [TEST_STEP][PASSED] - delay(5, STOP_ON_FAILURE): Delayed 5 second(s)

2023-02-01 17:57:46 - [MESSAGE][PASSED] - Delayed 5 second(s)

2023-02-01 17:57:46 - [TEST_STEP][PASSED] - swipe(281, 500, 434, 161): Swiped from 281,500 to 434,161

2023-02-01 17:57:47 - [MESSAGE][PASSED] - Swiped from 281,500 to 434,161

2023-02-01 17:57:47 - [TEST_STEP][PASSED] - delay(5, STOP_ON_FAILURE): Delayed 5 second(s)

2023-02-01 17:57:52 - [MESSAGE][PASSED] - Delayed 5 second(s)

2023-02-01 17:57:52 - [TEST_STEP][PASSED] - testObjectTwo = new com.kms.katalon.core.testobject.TestObject(): null

2023-02-01 17:57:52 - [TEST_STEP][PASSED] - testObjectTwo.addProperty("xpath", EQUALS, "//hierarchy/android.widget.FrameLayout[1]/android.widget.LinearLayout[1]/android.widget.FrameLayout[1]/android.widget.FrameLayout[1]/android.widget.FrameLayout[1]/android.widget.FrameLayout[1]/android.view.ViewGroup[1]/android.widget.FrameLayout[1]/android.widget.ScrollView[1]/android.view.ViewGroup[1]/android.view.ViewGroup[1]/androidx.recyclerview.widget.RecyclerView[1]/android.view.ViewGroup[5]"): null

2023-02-01 17:57:52 - [TEST_STEP][PASSED] - delay(5, STOP_ON_FAILURE): Delayed 5 second(s)

2023-02-01 17:57:57 - [MESSAGE][PASSED] - Delayed 5 second(s)

2023-02-01 17:57:57 - [TEST_STEP][PASSED] - tap(testObjectTwo, 5): Tapped on element ''

2023-02-01 17:57:58 - [MESSAGE][PASSED] - Tapped on element ''

2023-02-01 17:57:58 - [TEST_STEP][PASSED] - delay(10, STOP_ON_FAILURE): Delayed 10 second(s)

2023-02-01 17:58:08 - [MESSAGE][PASSED] - Delayed 10 second(s)

2023-02-01 17:58:08 - [TEST_STEP][PASSED] - tap(findTestObject("Order Dine In/Payment/android.widget.Button - Simpan"), 5): Tapped on element 'Object Repository/Order Dine In/Payment/android.widget.Button - Simpan'

2023-02-01 17:58:09 - [MESSAGE][PASSED] - Tapped on element 'Object Repository/Order Dine In/Payment/android.widget.Button - Simpan'

2023-02-01 17:58:09 - [TEST_STEP][PASSED] - delay(10, STOP_ON_FAILURE): Delayed 10 second(s)

2023-02-01 17:58:19 - [MESSAGE][PASSED] - Delayed 10 second(s)

2023-02-01 17:58:19 - [TEST_STEP][PASSED] - swipe(281, 500, 434, 161): Swiped from 281,500 to 434,161

2023-02-01 17:58:20 - [MESSAGE][PASSED] - Swiped from 281,500 to 434,161

2023-02-01 17:58:20 - [TEST_STEP][PASSED] - tap(findTestObject("Order Dine In/Payment/android.widget.Button - Pesan Sekarang"), 10): Tapped on element 'Object Repository/Order Dine In/Payment/android.widget.Button - Pesan Sekarang'

2023-02-01 17:58:20 - [MESSAGE][PASSED] - Tapped on element 'Object Repository/Order Dine In/Payment/android.widget.Button - Pesan Sekarang'

2023-02-01 17:58:20 - [TEST_STEP][PASSED] - delay(10, STOP_ON_FAILURE): Delayed 10 second(s)

2023-02-01 17:58:30 - [MESSAGE][PASSED] - Delayed 10 second(s)

2023-02-01 17:58:30 - [TEST_STEP][PASSED] - waitForElementPresent(findTestObject("Order Dine In/Payment/imgPayment/android.view.View"), 5): Element 'Object Repository/Order Dine In/Payment/imgPayment/android.view.View' is present

2023-02-01 17:58:34 - [MESSAGE][PASSED] - Element 'Object Repository/Order Dine In/Payment/imgPayment/android.view.View' is present

2023-02-01 17:58:34 - [TEST_STEP][PASSED] - tap(findTestObject("Order Dine In/Payment/android.view.View"), 10): Tapped on element 'Object Repository/Order Dine In/Payment/android.view.View'

2023-02-01 17:58:35 - [MESSAGE][PASSED] - Tapped on element 'Object Repository/Order Dine In/Payment/android.view.View'

2023-02-01 17:58:35 - [TEST_STEP][PASSED] - waitForElementPresent(findTestObject("Order Dine In/Payment/android.widget.TextView - Konfirmasi pembayaran Anda"), 10): Element 'Object Repository/Order Dine In/Payment/android.widget.TextView - Konfirmasi pembayaran Anda' is present

2023-02-01 17:58:35 - [MESSAGE][PASSED] - Element 'Object Repository/Order Dine In/Payment/android.widget.TextView - Konfirmasi pembayaran Anda' is present

2023-02-01 17:58:35 - [TEST_STEP][PASSED] - tap(findTestObject("Order Dine In/Payment/android.widget.ImageButton"), 10): Tapped on element 'Object Repository/Order Dine In/Payment/android.widget.ImageButton'

2023-02-01 17:58:41 - [MESSAGE][PASSED] - Tapped on element 'Object Repository/Order Dine In/Payment/android.widget.ImageButton'

2023-02-01 17:58:41 - [TEST_STEP][PASSED] - waitForElementPresent(findTestObject("Order Dine In/Order/android.widget.TextView - OKE"), 5): Object Object Repository/Order Dine In/Order/android.widget.TextView - OKE not found

2023-02-01 17:58:47 - [MESSAGE][WARNING] - Object Object Repository/Order Dine In/Order/android.widget.TextView - OKE not found

2023-02-01 17:58:47 - [TEST_STEP][FAILED] - tap(findTestObject("Order Dine In/Order/android.widget.TextView - OKE"), 10): Failed to tap on element 'Object Repository/Order Dine In/Order/android.widget.TextView - OKE' (Root cause: com.kms.katalon.core.exception.StepFailedException: Object Object Repository/Order Dine In/Order/android.widget.TextView - OKE not found
	at com.kms.katalon.core.keyword.internal.KeywordMain.stepFailed(KeywordMain.groovy:50)
	at com.kms.katalon.core.mobile.keyword.internal.MobileKeywordMain.stepFailed(MobileKeywordMain.groovy:40)
	at com.kms.katalon.core.mobile.keyword.builtin.TapKeyword$_tap_closure1.doCall(TapKeyword.groovy:79)
	at com.kms.katalon.core.mobile.keyword.builtin.TapKeyword$_tap_closure1.call(TapKeyword.groovy)
	at com.kms.katalon.core.mobile.keyword.internal.MobileKeywordMain.runKeyword(MobileKeywordMain.groovy:21)
	at com.kms.katalon.core.mobile.keyword.builtin.TapKeyword.tap(TapKeyword.groovy:84)
	at com.kms.katalon.core.mobile.keyword.builtin.TapKeyword.execute(TapKeyword.groovy:68)
	at com.kms.katalon.core.keyword.internal.KeywordExecutor.executeKeywordForPlatform(KeywordExecutor.groovy:74)
	at com.kms.katalon.core.mobile.keyword.MobileBuiltInKeywords.tap(MobileBuiltInKeywords.groovy:1490)
	at com.kms.katalon.core.mobile.keyword.MobileBuiltInKeywords$tap$1.call(Unknown Source)
	at Drive Thru - Dana.run(Drive Thru - Dana:174)
	at com.kms.katalon.core.main.ScriptEngine.run(ScriptEngine.java:194)
	at com.kms.katalon.core.main.ScriptEngine.runScriptAsRawText(ScriptEngine.java:119)
	at com.kms.katalon.core.main.TestCaseExecutor.runScript(TestCaseExecutor.java:448)
	at com.kms.katalon.core.main.TestCaseExecutor.doExecute(TestCaseExecutor.java:439)
	at com.kms.katalon.core.main.TestCaseExecutor.processExecutionPhase(TestCaseExecutor.java:418)
	at com.kms.katalon.core.main.TestCaseExecutor.accessMainPhase(TestCaseExecutor.java:410)
	at com.kms.katalon.core.main.TestCaseExecutor.execute(TestCaseExecutor.java:285)
	at com.kms.katalon.core.common.CommonExecutor.accessTestCaseMainPhase(CommonExecutor.java:65)
	at com.kms.katalon.core.main.TestSuiteExecutor.accessTestSuiteMainPhase(TestSuiteExecutor.java:151)
	at com.kms.katalon.core.main.TestSuiteExecutor.execute(TestSuiteExecutor.java:106)
	at com.kms.katalon.core.main.TestCaseMain.startTestSuite(TestCaseMain.java:185)
	at com.kms.katalon.core.main.TestCaseMain$startTestSuite$0.call(Unknown Source)
	at TempTestSuite1675248943345.run(TempTestSuite1675248943345.groovy:36)
)

2023-02-01 17:58:57 - [MESSAGE][FAILED] - Object Object Repository/Order Dine In/Order/android.widget.TextView - OKE not found

2023-02-01 17:58:58 - [MESSAGE][FAILED] - Failed to tap on element 'Object Repository/Order Dine In/Order/android.widget.TextView - OKE' (Root cause: com.kms.katalon.core.exception.StepFailedException: Object Object Repository/Order Dine In/Order/android.widget.TextView - OKE not found
	at com.kms.katalon.core.keyword.internal.KeywordMain.stepFailed(KeywordMain.groovy:50)
	at com.kms.katalon.core.mobile.keyword.internal.MobileKeywordMain.stepFailed(MobileKeywordMain.groovy:40)
	at com.kms.katalon.core.mobile.keyword.builtin.TapKeyword$_tap_closure1.doCall(TapKeyword.groovy:79)
	at com.kms.katalon.core.mobile.keyword.builtin.TapKeyword$_tap_closure1.call(TapKeyword.groovy)
	at com.kms.katalon.core.mobile.keyword.internal.MobileKeywordMain.runKeyword(MobileKeywordMain.groovy:21)
	at com.kms.katalon.core.mobile.keyword.builtin.TapKeyword.tap(TapKeyword.groovy:84)
	at com.kms.katalon.core.mobile.keyword.builtin.TapKeyword.execute(TapKeyword.groovy:68)
	at com.kms.katalon.core.keyword.internal.KeywordExecutor.executeKeywordForPlatform(KeywordExecutor.groovy:74)
	at com.kms.katalon.core.mobile.keyword.MobileBuiltInKeywords.tap(MobileBuiltInKeywords.groovy:1490)
	at com.kms.katalon.core.mobile.keyword.MobileBuiltInKeywords$tap$1.call(Unknown Source)
	at Drive Thru - Dana.run(Drive Thru - Dana:174)
	at com.kms.katalon.core.main.ScriptEngine.run(ScriptEngine.java:194)
	at com.kms.katalon.core.main.ScriptEngine.runScriptAsRawText(ScriptEngine.java:119)
	at com.kms.katalon.core.main.TestCaseExecutor.runScript(TestCaseExecutor.java:448)
	at com.kms.katalon.core.main.TestCaseExecutor.doExecute(TestCaseExecutor.java:439)
	at com.kms.katalon.core.main.TestCaseExecutor.processExecutionPhase(TestCaseExecutor.java:418)
	at com.kms.katalon.core.main.TestCaseExecutor.accessMainPhase(TestCaseExecutor.java:410)
	at com.kms.katalon.core.main.TestCaseExecutor.execute(TestCaseExecutor.java:285)
	at com.kms.katalon.core.common.CommonExecutor.accessTestCaseMainPhase(CommonExecutor.java:65)
	at com.kms.katalon.core.main.TestSuiteExecutor.accessTestSuiteMainPhase(TestSuiteExecutor.java:151)
	at com.kms.katalon.core.main.TestSuiteExecutor.execute(TestSuiteExecutor.java:106)
	at com.kms.katalon.core.main.TestCaseMain.startTestSuite(TestCaseMain.java:185)
	at com.kms.katalon.core.main.TestCaseMain$startTestSuite$0.call(Unknown Source)
	at TempTestSuite1675248943345.run(TempTestSuite1675248943345.groovy:36)
)
[[ATTACHMENT|C:\\Users\\Ahadian Rifky\\Downloads\\Katalon_Studio_Windows_64-8.5.5\\Katalon_Studio_Windows_64-8.5.5\\git.github.com\\maycheljecsan\\kfckuapps_katalon.git\\kfcku_android\\Reports\\20230201_175543\\Create Order\\Order Drive Thru\\20230201_175543\\1675249137711.png]]]]></system-out>
         <system-err><![CDATA[2023-02-01 17:55:46 - [TEST_CASE][FAILED] - Test Cases/Create Order/Drive Thru/Drive Thru - Dana: Test Cases/Create Order/Drive Thru/Drive Thru - Dana FAILED.
Reason:
com.kms.katalon.core.exception.StepFailedException: Object Object Repository/Order Dine In/Order/android.widget.TextView - OKE not found
	at com.kms.katalon.core.keyword.internal.KeywordMain.stepFailed(KeywordMain.groovy:50)
	at com.kms.katalon.core.mobile.keyword.internal.MobileKeywordMain.stepFailed(MobileKeywordMain.groovy:40)
	at com.kms.katalon.core.mobile.keyword.builtin.TapKeyword$_tap_closure1.doCall(TapKeyword.groovy:79)
	at com.kms.katalon.core.mobile.keyword.builtin.TapKeyword$_tap_closure1.call(TapKeyword.groovy)
	at com.kms.katalon.core.mobile.keyword.internal.MobileKeywordMain.runKeyword(MobileKeywordMain.groovy:21)
	at com.kms.katalon.core.mobile.keyword.builtin.TapKeyword.tap(TapKeyword.groovy:84)
	at com.kms.katalon.core.mobile.keyword.builtin.TapKeyword.execute(TapKeyword.groovy:68)
	at com.kms.katalon.core.keyword.internal.KeywordExecutor.executeKeywordForPlatform(KeywordExecutor.groovy:74)
	at com.kms.katalon.core.mobile.keyword.MobileBuiltInKeywords.tap(MobileBuiltInKeywords.groovy:1490)
	at com.kms.katalon.core.mobile.keyword.MobileBuiltInKeywords$tap$1.call(Unknown Source)
	at Drive Thru - Dana.run(Drive Thru - Dana:174)
	at com.kms.katalon.core.main.ScriptEngine.run(ScriptEngine.java:194)
	at com.kms.katalon.core.main.ScriptEngine.runScriptAsRawText(ScriptEngine.java:119)
	at com.kms.katalon.core.main.TestCaseExecutor.runScript(TestCaseExecutor.java:448)
	at com.kms.katalon.core.main.TestCaseExecutor.doExecute(TestCaseExecutor.java:439)
	at com.kms.katalon.core.main.TestCaseExecutor.processExecutionPhase(TestCaseExecutor.java:418)
	at com.kms.katalon.core.main.TestCaseExecutor.accessMainPhase(TestCaseExecutor.java:410)
	at com.kms.katalon.core.main.TestCaseExecutor.execute(TestCaseExecutor.java:285)
	at com.kms.katalon.core.common.CommonExecutor.accessTestCaseMainPhase(CommonExecutor.java:65)
	at com.kms.katalon.core.main.TestSuiteExecutor.accessTestSuiteMainPhase(TestSuiteExecutor.java:151)
	at com.kms.katalon.core.main.TestSuiteExecutor.execute(TestSuiteExecutor.java:106)
	at com.kms.katalon.core.main.TestCaseMain.startTestSuite(TestCaseMain.java:185)
	at com.kms.katalon.core.main.TestCaseMain$startTestSuite$0.call(Unknown Source)
	at TempTestSuite1675248943345.run(TempTestSuite1675248943345.groovy:36)]]></system-err>
      </testcase>
      <testcase name="Test Cases/Create Order/Drive Thru/Drive Thru - Gopay" time="23.437" classname="Test Cases/Create Order/Drive Thru/Drive Thru - Gopay" status="FAILED">
         <failure type="FAILED" message="Test Cases/Create Order/Drive Thru/Drive Thru - Gopay FAILED.
Reason:
com.kms.katalon.core.exception.StepFailedException: Object Object Repository/Order Dine In/android.widget.TextView - Beranda not found
	at com.kms.katalon.core.keyword.internal.KeywordMain.stepFailed(KeywordMain.groovy:50)
	at com.kms.katalon.core.mobile.keyword.internal.MobileKeywordMain.stepFailed(MobileKeywordMain.groovy:40)
	at com.kms.katalon.core.mobile.keyword.builtin.TapKeyword$_tap_closure1.doCall(TapKeyword.groovy:79)
	at com.kms.katalon.core.mobile.keyword.builtin.TapKeyword$_tap_closure1.call(TapKeyword.groovy)
	at com.kms.katalon.core.mobile.keyword.internal.MobileKeywordMain.runKeyword(MobileKeywordMain.groovy:21)
	at com.kms.katalon.core.mobile.keyword.builtin.TapKeyword.tap(TapKeyword.groovy:84)
	at com.kms.katalon.core.mobile.keyword.builtin.TapKeyword.execute(TapKeyword.groovy:68)
	at com.kms.katalon.core.keyword.internal.KeywordExecutor.executeKeywordForPlatform(KeywordExecutor.groovy:74)
	at com.kms.katalon.core.mobile.keyword.MobileBuiltInKeywords.tap(MobileBuiltInKeywords.groovy:1490)
	at com.kms.katalon.core.mobile.keyword.MobileBuiltInKeywords$tap$1.call(Unknown Source)
	at Drive Thru - Gopay.run(Drive Thru - Gopay:28)
	at com.kms.katalon.core.main.ScriptEngine.run(ScriptEngine.java:194)
	at com.kms.katalon.core.main.ScriptEngine.runScriptAsRawText(ScriptEngine.java:119)
	at com.kms.katalon.core.main.TestCaseExecutor.runScript(TestCaseExecutor.java:448)
	at com.kms.katalon.core.main.TestCaseExecutor.doExecute(TestCaseExecutor.java:439)
	at com.kms.katalon.core.main.TestCaseExecutor.processExecutionPhase(TestCaseExecutor.java:418)
	at com.kms.katalon.core.main.TestCaseExecutor.accessMainPhase(TestCaseExecutor.java:410)
	at com.kms.katalon.core.main.TestCaseExecutor.execute(TestCaseExecutor.java:285)
	at com.kms.katalon.core.common.CommonExecutor.accessTestCaseMainPhase(CommonExecutor.java:65)
	at com.kms.katalon.core.main.TestSuiteExecutor.accessTestSuiteMainPhase(TestSuiteExecutor.java:151)
	at com.kms.katalon.core.main.TestSuiteExecutor.execute(TestSuiteExecutor.java:106)
	at com.kms.katalon.core.main.TestCaseMain.startTestSuite(TestCaseMain.java:185)
	at com.kms.katalon.core.main.TestCaseMain$startTestSuite$0.call(Unknown Source)
	at TempTestSuite1675248943345.run(TempTestSuite1675248943345.groovy:36)
"/>
         <system-out><![CDATA[2023-02-01 17:58:58 - [TEST_CASE][FAILED] - Test Cases/Create Order/Drive Thru/Drive Thru - Gopay: Test Cases/Create Order/Drive Thru/Drive Thru - Gopay FAILED.
Reason:
com.kms.katalon.core.exception.StepFailedException: Object Object Repository/Order Dine In/android.widget.TextView - Beranda not found
	at com.kms.katalon.core.keyword.internal.KeywordMain.stepFailed(KeywordMain.groovy:50)
	at com.kms.katalon.core.mobile.keyword.internal.MobileKeywordMain.stepFailed(MobileKeywordMain.groovy:40)
	at com.kms.katalon.core.mobile.keyword.builtin.TapKeyword$_tap_closure1.doCall(TapKeyword.groovy:79)
	at com.kms.katalon.core.mobile.keyword.builtin.TapKeyword$_tap_closure1.call(TapKeyword.groovy)
	at com.kms.katalon.core.mobile.keyword.internal.MobileKeywordMain.runKeyword(MobileKeywordMain.groovy:21)
	at com.kms.katalon.core.mobile.keyword.builtin.TapKeyword.tap(TapKeyword.groovy:84)
	at com.kms.katalon.core.mobile.keyword.builtin.TapKeyword.execute(TapKeyword.groovy:68)
	at com.kms.katalon.core.keyword.internal.KeywordExecutor.executeKeywordForPlatform(KeywordExecutor.groovy:74)
	at com.kms.katalon.core.mobile.keyword.MobileBuiltInKeywords.tap(MobileBuiltInKeywords.groovy:1490)
	at com.kms.katalon.core.mobile.keyword.MobileBuiltInKeywords$tap$1.call(Unknown Source)
	at Drive Thru - Gopay.run(Drive Thru - Gopay:28)
	at com.kms.katalon.core.main.ScriptEngine.run(ScriptEngine.java:194)
	at com.kms.katalon.core.main.ScriptEngine.runScriptAsRawText(ScriptEngine.java:119)
	at com.kms.katalon.core.main.TestCaseExecutor.runScript(TestCaseExecutor.java:448)
	at com.kms.katalon.core.main.TestCaseExecutor.doExecute(TestCaseExecutor.java:439)
	at com.kms.katalon.core.main.TestCaseExecutor.processExecutionPhase(TestCaseExecutor.java:418)
	at com.kms.katalon.core.main.TestCaseExecutor.accessMainPhase(TestCaseExecutor.java:410)
	at com.kms.katalon.core.main.TestCaseExecutor.execute(TestCaseExecutor.java:285)
	at com.kms.katalon.core.common.CommonExecutor.accessTestCaseMainPhase(CommonExecutor.java:65)
	at com.kms.katalon.core.main.TestSuiteExecutor.accessTestSuiteMainPhase(TestSuiteExecutor.java:151)
	at com.kms.katalon.core.main.TestSuiteExecutor.execute(TestSuiteExecutor.java:106)
	at com.kms.katalon.core.main.TestCaseMain.startTestSuite(TestCaseMain.java:185)
	at com.kms.katalon.core.main.TestCaseMain$startTestSuite$0.call(Unknown Source)
	at TempTestSuite1675248943345.run(TempTestSuite1675248943345.groovy:36)


2023-02-01 17:58:58 - [TEST_STEP][PASSED] - startExistingApplication("com.kfc.mobile.hkStaging", STOP_ON_FAILURE): Starting app with application ID: 'com.kfc.mobile.hkStaging'

2023-02-01 17:58:58 - [MESSAGE][INFO] - User set preference: ['appPackage', 'com.kfc.mobile.hkStaging']

2023-02-01 17:58:58 - [MESSAGE][INFO] - User set preference: ['appActivity', 'com.kfc.mobile.presentation.home.HomeActivity']

2023-02-01 17:58:58 - [MESSAGE][INFO] - User set preference: ['noReset', 'true']

2023-02-01 17:58:58 - [MESSAGE][INFO] - User set preference: ['deviceId', '']

2023-02-01 17:59:11 - [MESSAGE][INFO] - Failed to get OS statusbar's information using default method.

2023-02-01 17:59:12 - [MESSAGE][PASSED] - Starting app with application ID: 'com.kfc.mobile.hkStaging'

2023-02-01 17:59:12 - [TEST_STEP][PASSED] - waitForElementPresent(findTestObject("Order Dine In/android.widget.TextView - Beranda"), 5): Element 'Object Repository/Order Dine In/android.widget.TextView - Beranda' is present

2023-02-01 17:59:14 - [MESSAGE][PASSED] - Element 'Object Repository/Order Dine In/android.widget.TextView - Beranda' is present

2023-02-01 17:59:14 - [TEST_STEP][FAILED] - tap(findTestObject("Object Repository/Order Dine In/android.widget.TextView - Beranda"), 5): Failed to tap on element 'Object Repository/Order Dine In/android.widget.TextView - Beranda' (Root cause: com.kms.katalon.core.exception.StepFailedException: Object Object Repository/Order Dine In/android.widget.TextView - Beranda not found
	at com.kms.katalon.core.keyword.internal.KeywordMain.stepFailed(KeywordMain.groovy:50)
	at com.kms.katalon.core.mobile.keyword.internal.MobileKeywordMain.stepFailed(MobileKeywordMain.groovy:40)
	at com.kms.katalon.core.mobile.keyword.builtin.TapKeyword$_tap_closure1.doCall(TapKeyword.groovy:79)
	at com.kms.katalon.core.mobile.keyword.builtin.TapKeyword$_tap_closure1.call(TapKeyword.groovy)
	at com.kms.katalon.core.mobile.keyword.internal.MobileKeywordMain.runKeyword(MobileKeywordMain.groovy:21)
	at com.kms.katalon.core.mobile.keyword.builtin.TapKeyword.tap(TapKeyword.groovy:84)
	at com.kms.katalon.core.mobile.keyword.builtin.TapKeyword.execute(TapKeyword.groovy:68)
	at com.kms.katalon.core.keyword.internal.KeywordExecutor.executeKeywordForPlatform(KeywordExecutor.groovy:74)
	at com.kms.katalon.core.mobile.keyword.MobileBuiltInKeywords.tap(MobileBuiltInKeywords.groovy:1490)
	at com.kms.katalon.core.mobile.keyword.MobileBuiltInKeywords$tap$1.call(Unknown Source)
	at Drive Thru - Gopay.run(Drive Thru - Gopay:28)
	at com.kms.katalon.core.main.ScriptEngine.run(ScriptEngine.java:194)
	at com.kms.katalon.core.main.ScriptEngine.runScriptAsRawText(ScriptEngine.java:119)
	at com.kms.katalon.core.main.TestCaseExecutor.runScript(TestCaseExecutor.java:448)
	at com.kms.katalon.core.main.TestCaseExecutor.doExecute(TestCaseExecutor.java:439)
	at com.kms.katalon.core.main.TestCaseExecutor.processExecutionPhase(TestCaseExecutor.java:418)
	at com.kms.katalon.core.main.TestCaseExecutor.accessMainPhase(TestCaseExecutor.java:410)
	at com.kms.katalon.core.main.TestCaseExecutor.execute(TestCaseExecutor.java:285)
	at com.kms.katalon.core.common.CommonExecutor.accessTestCaseMainPhase(CommonExecutor.java:65)
	at com.kms.katalon.core.main.TestSuiteExecutor.accessTestSuiteMainPhase(TestSuiteExecutor.java:151)
	at com.kms.katalon.core.main.TestSuiteExecutor.execute(TestSuiteExecutor.java:106)
	at com.kms.katalon.core.main.TestCaseMain.startTestSuite(TestCaseMain.java:185)
	at com.kms.katalon.core.main.TestCaseMain$startTestSuite$0.call(Unknown Source)
	at TempTestSuite1675248943345.run(TempTestSuite1675248943345.groovy:36)
)

2023-02-01 17:59:19 - [MESSAGE][FAILED] - Object Object Repository/Order Dine In/android.widget.TextView - Beranda not found

2023-02-01 17:59:21 - [MESSAGE][FAILED] - Failed to tap on element 'Object Repository/Order Dine In/android.widget.TextView - Beranda' (Root cause: com.kms.katalon.core.exception.StepFailedException: Object Object Repository/Order Dine In/android.widget.TextView - Beranda not found
	at com.kms.katalon.core.keyword.internal.KeywordMain.stepFailed(KeywordMain.groovy:50)
	at com.kms.katalon.core.mobile.keyword.internal.MobileKeywordMain.stepFailed(MobileKeywordMain.groovy:40)
	at com.kms.katalon.core.mobile.keyword.builtin.TapKeyword$_tap_closure1.doCall(TapKeyword.groovy:79)
	at com.kms.katalon.core.mobile.keyword.builtin.TapKeyword$_tap_closure1.call(TapKeyword.groovy)
	at com.kms.katalon.core.mobile.keyword.internal.MobileKeywordMain.runKeyword(MobileKeywordMain.groovy:21)
	at com.kms.katalon.core.mobile.keyword.builtin.TapKeyword.tap(TapKeyword.groovy:84)
	at com.kms.katalon.core.mobile.keyword.builtin.TapKeyword.execute(TapKeyword.groovy:68)
	at com.kms.katalon.core.keyword.internal.KeywordExecutor.executeKeywordForPlatform(KeywordExecutor.groovy:74)
	at com.kms.katalon.core.mobile.keyword.MobileBuiltInKeywords.tap(MobileBuiltInKeywords.groovy:1490)
	at com.kms.katalon.core.mobile.keyword.MobileBuiltInKeywords$tap$1.call(Unknown Source)
	at Drive Thru - Gopay.run(Drive Thru - Gopay:28)
	at com.kms.katalon.core.main.ScriptEngine.run(ScriptEngine.java:194)
	at com.kms.katalon.core.main.ScriptEngine.runScriptAsRawText(ScriptEngine.java:119)
	at com.kms.katalon.core.main.TestCaseExecutor.runScript(TestCaseExecutor.java:448)
	at com.kms.katalon.core.main.TestCaseExecutor.doExecute(TestCaseExecutor.java:439)
	at com.kms.katalon.core.main.TestCaseExecutor.processExecutionPhase(TestCaseExecutor.java:418)
	at com.kms.katalon.core.main.TestCaseExecutor.accessMainPhase(TestCaseExecutor.java:410)
	at com.kms.katalon.core.main.TestCaseExecutor.execute(TestCaseExecutor.java:285)
	at com.kms.katalon.core.common.CommonExecutor.accessTestCaseMainPhase(CommonExecutor.java:65)
	at com.kms.katalon.core.main.TestSuiteExecutor.accessTestSuiteMainPhase(TestSuiteExecutor.java:151)
	at com.kms.katalon.core.main.TestSuiteExecutor.execute(TestSuiteExecutor.java:106)
	at com.kms.katalon.core.main.TestCaseMain.startTestSuite(TestCaseMain.java:185)
	at com.kms.katalon.core.main.TestCaseMain$startTestSuite$0.call(Unknown Source)
	at TempTestSuite1675248943345.run(TempTestSuite1675248943345.groovy:36)
)
[[ATTACHMENT|C:\\Users\\Ahadian Rifky\\Downloads\\Katalon_Studio_Windows_64-8.5.5\\Katalon_Studio_Windows_64-8.5.5\\git.github.com\\maycheljecsan\\kfckuapps_katalon.git\\kfcku_android\\Reports\\20230201_175543\\Create Order\\Order Drive Thru\\20230201_175543\\1675249159965.png]]]]></system-out>
         <system-err><![CDATA[2023-02-01 17:58:58 - [TEST_CASE][FAILED] - Test Cases/Create Order/Drive Thru/Drive Thru - Gopay: Test Cases/Create Order/Drive Thru/Drive Thru - Gopay FAILED.
Reason:
com.kms.katalon.core.exception.StepFailedException: Object Object Repository/Order Dine In/android.widget.TextView - Beranda not found
	at com.kms.katalon.core.keyword.internal.KeywordMain.stepFailed(KeywordMain.groovy:50)
	at com.kms.katalon.core.mobile.keyword.internal.MobileKeywordMain.stepFailed(MobileKeywordMain.groovy:40)
	at com.kms.katalon.core.mobile.keyword.builtin.TapKeyword$_tap_closure1.doCall(TapKeyword.groovy:79)
	at com.kms.katalon.core.mobile.keyword.builtin.TapKeyword$_tap_closure1.call(TapKeyword.groovy)
	at com.kms.katalon.core.mobile.keyword.internal.MobileKeywordMain.runKeyword(MobileKeywordMain.groovy:21)
	at com.kms.katalon.core.mobile.keyword.builtin.TapKeyword.tap(TapKeyword.groovy:84)
	at com.kms.katalon.core.mobile.keyword.builtin.TapKeyword.execute(TapKeyword.groovy:68)
	at com.kms.katalon.core.keyword.internal.KeywordExecutor.executeKeywordForPlatform(KeywordExecutor.groovy:74)
	at com.kms.katalon.core.mobile.keyword.MobileBuiltInKeywords.tap(MobileBuiltInKeywords.groovy:1490)
	at com.kms.katalon.core.mobile.keyword.MobileBuiltInKeywords$tap$1.call(Unknown Source)
	at Drive Thru - Gopay.run(Drive Thru - Gopay:28)
	at com.kms.katalon.core.main.ScriptEngine.run(ScriptEngine.java:194)
	at com.kms.katalon.core.main.ScriptEngine.runScriptAsRawText(ScriptEngine.java:119)
	at com.kms.katalon.core.main.TestCaseExecutor.runScript(TestCaseExecutor.java:448)
	at com.kms.katalon.core.main.TestCaseExecutor.doExecute(TestCaseExecutor.java:439)
	at com.kms.katalon.core.main.TestCaseExecutor.processExecutionPhase(TestCaseExecutor.java:418)
	at com.kms.katalon.core.main.TestCaseExecutor.accessMainPhase(TestCaseExecutor.java:410)
	at com.kms.katalon.core.main.TestCaseExecutor.execute(TestCaseExecutor.java:285)
	at com.kms.katalon.core.common.CommonExecutor.accessTestCaseMainPhase(CommonExecutor.java:65)
	at com.kms.katalon.core.main.TestSuiteExecutor.accessTestSuiteMainPhase(TestSuiteExecutor.java:151)
	at com.kms.katalon.core.main.TestSuiteExecutor.execute(TestSuiteExecutor.java:106)
	at com.kms.katalon.core.main.TestCaseMain.startTestSuite(TestCaseMain.java:185)
	at com.kms.katalon.core.main.TestCaseMain$startTestSuite$0.call(Unknown Source)
	at TempTestSuite1675248943345.run(TempTestSuite1675248943345.groovy:36)]]></system-err>
      </testcase>
      <system-out><![CDATA[2023-02-01 17:55:46 - [TEST_SUITE][FAILED] - Order Drive Thru: Test Cases/Create Order/Drive Thru/Drive Thru - Dana FAILED.
Reason:
com.kms.katalon.core.exception.StepFailedException: Object Object Repository/Order Dine In/Order/android.widget.TextView - OKE not found
	at com.kms.katalon.core.keyword.internal.KeywordMain.stepFailed(KeywordMain.groovy:50)
	at com.kms.katalon.core.mobile.keyword.internal.MobileKeywordMain.stepFailed(MobileKeywordMain.groovy:40)
	at com.kms.katalon.core.mobile.keyword.builtin.TapKeyword$_tap_closure1.doCall(TapKeyword.groovy:79)
	at com.kms.katalon.core.mobile.keyword.builtin.TapKeyword$_tap_closure1.call(TapKeyword.groovy)
	at com.kms.katalon.core.mobile.keyword.internal.MobileKeywordMain.runKeyword(MobileKeywordMain.groovy:21)
	at com.kms.katalon.core.mobile.keyword.builtin.TapKeyword.tap(TapKeyword.groovy:84)
	at com.kms.katalon.core.mobile.keyword.builtin.TapKeyword.execute(TapKeyword.groovy:68)
	at com.kms.katalon.core.keyword.internal.KeywordExecutor.executeKeywordForPlatform(KeywordExecutor.groovy:74)
	at com.kms.katalon.core.mobile.keyword.MobileBuiltInKeywords.tap(MobileBuiltInKeywords.groovy:1490)
	at com.kms.katalon.core.mobile.keyword.MobileBuiltInKeywords$tap$1.call(Unknown Source)
	at Drive Thru - Dana.run(Drive Thru - Dana:174)
	at com.kms.katalon.core.main.ScriptEngine.run(ScriptEngine.java:194)
	at com.kms.katalon.core.main.ScriptEngine.runScriptAsRawText(ScriptEngine.java:119)
	at com.kms.katalon.core.main.TestCaseExecutor.runScript(TestCaseExecutor.java:448)
	at com.kms.katalon.core.main.TestCaseExecutor.doExecute(TestCaseExecutor.java:439)
	at com.kms.katalon.core.main.TestCaseExecutor.processExecutionPhase(TestCaseExecutor.java:418)
	at com.kms.katalon.core.main.TestCaseExecutor.accessMainPhase(TestCaseExecutor.java:410)
	at com.kms.katalon.core.main.TestCaseExecutor.execute(TestCaseExecutor.java:285)
	at com.kms.katalon.core.common.CommonExecutor.accessTestCaseMainPhase(CommonExecutor.java:65)
	at com.kms.katalon.core.main.TestSuiteExecutor.accessTestSuiteMainPhase(TestSuiteExecutor.java:151)
	at com.kms.katalon.core.main.TestSuiteExecutor.execute(TestSuiteExecutor.java:106)
	at com.kms.katalon.core.main.TestCaseMain.startTestSuite(TestCaseMain.java:185)
	at com.kms.katalon.core.main.TestCaseMain$startTestSuite$0.call(Unknown Source)
	at TempTestSuite1675248943345.run(TempTestSuite1675248943345.groovy:36)]]></system-out>
      <system-err><![CDATA[2023-02-01 17:55:46 - [TEST_SUITE][FAILED] - Order Drive Thru: Test Cases/Create Order/Drive Thru/Drive Thru - Dana FAILED.
Reason:
com.kms.katalon.core.exception.StepFailedException: Object Object Repository/Order Dine In/Order/android.widget.TextView - OKE not found
	at com.kms.katalon.core.keyword.internal.KeywordMain.stepFailed(KeywordMain.groovy:50)
	at com.kms.katalon.core.mobile.keyword.internal.MobileKeywordMain.stepFailed(MobileKeywordMain.groovy:40)
	at com.kms.katalon.core.mobile.keyword.builtin.TapKeyword$_tap_closure1.doCall(TapKeyword.groovy:79)
	at com.kms.katalon.core.mobile.keyword.builtin.TapKeyword$_tap_closure1.call(TapKeyword.groovy)
	at com.kms.katalon.core.mobile.keyword.internal.MobileKeywordMain.runKeyword(MobileKeywordMain.groovy:21)
	at com.kms.katalon.core.mobile.keyword.builtin.TapKeyword.tap(TapKeyword.groovy:84)
	at com.kms.katalon.core.mobile.keyword.builtin.TapKeyword.execute(TapKeyword.groovy:68)
	at com.kms.katalon.core.keyword.internal.KeywordExecutor.executeKeywordForPlatform(KeywordExecutor.groovy:74)
	at com.kms.katalon.core.mobile.keyword.MobileBuiltInKeywords.tap(MobileBuiltInKeywords.groovy:1490)
	at com.kms.katalon.core.mobile.keyword.MobileBuiltInKeywords$tap$1.call(Unknown Source)
	at Drive Thru - Dana.run(Drive Thru - Dana:174)
	at com.kms.katalon.core.main.ScriptEngine.run(ScriptEngine.java:194)
	at com.kms.katalon.core.main.ScriptEngine.runScriptAsRawText(ScriptEngine.java:119)
	at com.kms.katalon.core.main.TestCaseExecutor.runScript(TestCaseExecutor.java:448)
	at com.kms.katalon.core.main.TestCaseExecutor.doExecute(TestCaseExecutor.java:439)
	at com.kms.katalon.core.main.TestCaseExecutor.processExecutionPhase(TestCaseExecutor.java:418)
	at com.kms.katalon.core.main.TestCaseExecutor.accessMainPhase(TestCaseExecutor.java:410)
	at com.kms.katalon.core.main.TestCaseExecutor.execute(TestCaseExecutor.java:285)
	at com.kms.katalon.core.common.CommonExecutor.accessTestCaseMainPhase(CommonExecutor.java:65)
	at com.kms.katalon.core.main.TestSuiteExecutor.accessTestSuiteMainPhase(TestSuiteExecutor.java:151)
	at com.kms.katalon.core.main.TestSuiteExecutor.execute(TestSuiteExecutor.java:106)
	at com.kms.katalon.core.main.TestCaseMain.startTestSuite(TestCaseMain.java:185)
	at com.kms.katalon.core.main.TestCaseMain$startTestSuite$0.call(Unknown Source)
	at TempTestSuite1675248943345.run(TempTestSuite1675248943345.groovy:36)]]></system-err>
   </testsuite>
</testsuites>
