<?xml version="1.0" encoding="UTF-8"?>
<testsuites name="KFCKU Apps" time="1226.427" tests="22" failures="4" errors="0">
   <testsuite name="KFCKU Apps" tests="22" failures="4" errors="0" time="1226.427" skipped="0" timestamp="2023-07-11 20:16:38" hostname="Ahadian Rifky - NKC-23" id="Test Suites/Production/KFCKU Apps">
      <properties>
         <property name="deviceName" value="OPPO CPH1803 (Android 8.1.0)"/>
         <property name="devicePlatform" value=""/>
         <property name="logFolder" value="C:\\Users\\Ahadian Rifky\\Downloads\\Katalon_Studio_Windows_64-8.5.5\\Katalon_Studio_Windows_64-8.5.5\\git.github.com\\maycheljecsan\\kfckuapps_katalon.git\\kfcku_android\\Reports\\20230711_201621\\Production\\KFCKU Apps\\20230711_201621"/>
         <property name="logFiles" value="C:\\Users\\Ahadian Rifky\\Downloads\\Katalon_Studio_Windows_64-8.5.5\\Katalon_Studio_Windows_64-8.5.5\\git.github.com\\maycheljecsan\\kfckuapps_katalon.git\\kfcku_android\\Reports\\20230711_201621\\Production\\KFCKU Apps\\20230711_201621\\appium.log, C:\\Users\\Ahadian Rifky\\Downloads\\Katalon_Studio_Windows_64-8.5.5\\Katalon_Studio_Windows_64-8.5.5\\git.github.com\\maycheljecsan\\kfckuapps_katalon.git\\kfcku_android\\Reports\\20230711_201621\\Production\\KFCKU Apps\\20230711_201621\\execution0.log"/>
         <property name="attachments" value="C:\\Users\\Ahadian Rifky\\Downloads\\Katalon_Studio_Windows_64-8.5.5\\Katalon_Studio_Windows_64-8.5.5\\git.github.com\\maycheljecsan\\kfckuapps_katalon.git\\kfcku_android\\Reports\\20230711_201621\\Production\\KFCKU Apps\\20230711_201621\\1689082174528.png, C:\\Users\\Ahadian Rifky\\Downloads\\Katalon_Studio_Windows_64-8.5.5\\Katalon_Studio_Windows_64-8.5.5\\git.github.com\\maycheljecsan\\kfckuapps_katalon.git\\kfcku_android\\Reports\\20230711_201621\\Production\\KFCKU Apps\\20230711_201621\\1689082234106.png, C:\\Users\\Ahadian Rifky\\Downloads\\Katalon_Studio_Windows_64-8.5.5\\Katalon_Studio_Windows_64-8.5.5\\git.github.com\\maycheljecsan\\kfckuapps_katalon.git\\kfcku_android\\Reports\\20230711_201621\\Production\\KFCKU Apps\\20230711_201621\\1689082265824.png, C:\\Users\\Ahadian Rifky\\Downloads\\Katalon_Studio_Windows_64-8.5.5\\Katalon_Studio_Windows_64-8.5.5\\git.github.com\\maycheljecsan\\kfckuapps_katalon.git\\kfcku_android\\Reports\\20230711_201621\\Production\\KFCKU Apps\\20230711_201621\\1689082324843.png"/>
         <property name="hostName" value="Ahadian Rifky - NKC-23"/>
         <property name="os" value="Windows 10 64bit"/>
         <property name="appiumServerStatus" value="{&quot;value&quot;:{&quot;build&quot;:{&quot;version&quot;:&quot;1.22.3&quot;}},&quot;sessionId&quot;:null,&quot;status&quot;:0}"/>
         <property name="katalonVersion" value="8.5.5.208"/>
         <property name="deviceOS" value="Android"/>
         <property name="appiumVersion" value="1.22.3"/>
         <property name="deviceModel" value="CPH1803"/>
         <property name="hostAddress" value="192.168.1.14"/>
         <property name="deviceManufacturer" value="OPPO"/>
         <property name="deviceId" value="cefdc881"/>
         <property name="deviceName" value="OPPO CPH1803 (Android 8.1.0)"/>
         <property name="deviceOSVersion" value="8.1.0"/>
      </properties>
      <testcase name="Test Cases/Production/Login KFCKU Apps/Login Failed - Empty Phone Number and Password" time="58.901" classname="Test Cases/Production/Login KFCKU Apps/Login Failed - Empty Phone Number and Password" status="PASSED">
         <system-out><![CDATA[2023-07-11 20:16:39 - [TEST_CASE][PASSED] - Test Cases/Production/Login KFCKU Apps/Login Failed - Empty Phone Number and Password: Test Cases/Production/Login KFCKU Apps/Login Failed - Empty Phone Number and Password

2023-07-11 20:16:39 - [TEST_STEP][PASSED] - startExistingApplication("com.kfc.mobile", STOP_ON_FAILURE): Starting app with application ID: 'com.kfc.mobile'

2023-07-11 20:16:40 - [MESSAGE][INFO] - User set preference: ['appPackage', 'com.kfc.mobile']

2023-07-11 20:16:40 - [MESSAGE][INFO] - User set preference: ['appActivity', 'com.kfc.mobile.presentation.splash.SplashActivity']

2023-07-11 20:16:40 - [MESSAGE][INFO] - User set preference: ['noReset', 'true']

2023-07-11 20:16:40 - [MESSAGE][INFO] - User set preference: ['deviceId', '']

2023-07-11 20:16:41 - [MESSAGE][INFO] - Detected NodeJS location: "C:\Program Files\nodejs\node.exe"

2023-07-11 20:16:44 - [MESSAGE][INFO] - Appium server started on port 58,732

2023-07-11 20:17:16 - [MESSAGE][PASSED] - Starting app with application ID: 'com.kfc.mobile'

2023-07-11 20:17:16 - [TEST_STEP][PASSED] - delay(5, STOP_ON_FAILURE): Delayed 5 second(s)

2023-07-11 20:17:21 - [MESSAGE][PASSED] - Delayed 5 second(s)

2023-07-11 20:17:21 - [TEST_STEP][PASSED] - tap(findTestObject("Productions/Menu/Profile"), 5): Tapped on element 'Object Repository/Productions/Menu/Profile'

2023-07-11 20:17:24 - [MESSAGE][PASSED] - Tapped on element 'Object Repository/Productions/Menu/Profile'

2023-07-11 20:17:24 - [TEST_STEP][PASSED] - tap(findTestObject("Productions/Login/Button - Sign In"), 0): Tapped on element 'Object Repository/Productions/Login/Button - Sign In'

2023-07-11 20:17:24 - [MESSAGE][WARNING] - Timeout '0' is invalid. Using default page load timeout: '30'

2023-07-11 20:17:27 - [MESSAGE][PASSED] - Tapped on element 'Object Repository/Productions/Login/Button - Sign In'

2023-07-11 20:17:27 - [TEST_STEP][PASSED] - delay(5, STOP_ON_FAILURE): Delayed 5 second(s)

2023-07-11 20:17:32 - [MESSAGE][PASSED] - Delayed 5 second(s)

2023-07-11 20:17:32 - [TEST_STEP][PASSED] - waitForElementPresent(findTestObject("Productions/Login/Please enter your phone number"), 0, STOP_ON_FAILURE): Element 'Object Repository/Productions/Login/Please enter your phone number' is present

2023-07-11 20:17:32 - [MESSAGE][WARNING] - Timeout '0' is invalid. Using default page load timeout: '30'

2023-07-11 20:17:33 - [MESSAGE][PASSED] - Element 'Object Repository/Productions/Login/Please enter your phone number' is present

2023-07-11 20:17:33 - [TEST_STEP][PASSED] - waitForElementPresent(findTestObject("Productions/Login/Please type your correct password"), 0): Element 'Object Repository/Productions/Login/Please type your correct password' is present

2023-07-11 20:17:33 - [MESSAGE][WARNING] - Timeout '0' is invalid. Using default page load timeout: '30'

2023-07-11 20:17:34 - [MESSAGE][PASSED] - Element 'Object Repository/Productions/Login/Please type your correct password' is present

2023-07-11 20:17:34 - [TEST_STEP][PASSED] - delay(3, STOP_ON_FAILURE): Delayed 3 second(s)

2023-07-11 20:17:37 - [MESSAGE][PASSED] - Delayed 3 second(s)

2023-07-11 20:17:37 - [TEST_STEP][PASSED] - closeApplication(): Close app successfully

2023-07-11 20:17:37 - [MESSAGE][PASSED] - Close app successfully

2023-07-11 20:17:37 - [TEST_STEP][PASSED] - Start listener action : sampleAfterTestCase: null

2023-07-11 20:17:37 - [TEST_STEP][PASSED] - println(testCaseContext.getTestCaseId()): null

2023-07-11 20:17:37 - [TEST_STEP][PASSED] - println(testCaseContext.getTestCaseStatus()): null]]></system-out>
         <system-err><![CDATA[]]></system-err>
      </testcase>
      <testcase name="Test Cases/Production/Login KFCKU Apps/Login Failed - Phone Number Not Registered" time="50.519" classname="Test Cases/Production/Login KFCKU Apps/Login Failed - Phone Number Not Registered" status="PASSED">
         <system-out><![CDATA[2023-07-11 20:17:37 - [TEST_CASE][PASSED] - Test Cases/Production/Login KFCKU Apps/Login Failed - Phone Number Not Registered: Test Cases/Production/Login KFCKU Apps/Login Failed - Phone Number Not Registered

2023-07-11 20:17:38 - [TEST_STEP][PASSED] - startExistingApplication("com.kfc.mobile", STOP_ON_FAILURE): Starting app with application ID: 'com.kfc.mobile'

2023-07-11 20:17:38 - [MESSAGE][INFO] - User set preference: ['appPackage', 'com.kfc.mobile']

2023-07-11 20:17:38 - [MESSAGE][INFO] - User set preference: ['appActivity', 'com.kfc.mobile.presentation.splash.SplashActivity']

2023-07-11 20:17:38 - [MESSAGE][INFO] - User set preference: ['noReset', 'true']

2023-07-11 20:17:38 - [MESSAGE][INFO] - User set preference: ['deviceId', '']

2023-07-11 20:17:39 - [MESSAGE][INFO] - Detected NodeJS location: "C:\Program Files\nodejs\node.exe"

2023-07-11 20:17:43 - [MESSAGE][INFO] - Appium server started on port 59,004

2023-07-11 20:18:02 - [MESSAGE][PASSED] - Starting app with application ID: 'com.kfc.mobile'

2023-07-11 20:18:02 - [TEST_STEP][PASSED] - delay(5, STOP_ON_FAILURE): Delayed 5 second(s)

2023-07-11 20:18:07 - [MESSAGE][PASSED] - Delayed 5 second(s)

2023-07-11 20:18:07 - [TEST_STEP][PASSED] - tap(findTestObject("Productions/Menu/Profile"), 5): Tapped on element 'Object Repository/Productions/Menu/Profile'

2023-07-11 20:18:10 - [MESSAGE][PASSED] - Tapped on element 'Object Repository/Productions/Menu/Profile'

2023-07-11 20:18:10 - [TEST_STEP][PASSED] - tap(findTestObject("Productions/Login/Enter your phone number"), 0): Tapped on element 'Object Repository/Productions/Login/Enter your phone number'

2023-07-11 20:18:10 - [MESSAGE][WARNING] - Timeout '0' is invalid. Using default page load timeout: '30'

2023-07-11 20:18:12 - [MESSAGE][PASSED] - Tapped on element 'Object Repository/Productions/Login/Enter your phone number'

2023-07-11 20:18:12 - [TEST_STEP][PASSED] - setText(findTestObject("Productions/Login/Enter your phone number"), "081211287366", 0): Text '081211287366' has been set to element 'Object Repository/Productions/Login/Enter your phone number'

2023-07-11 20:18:13 - [MESSAGE][WARNING] - Timeout '0' is invalid. Using default page load timeout: '30'

2023-07-11 20:18:15 - [MESSAGE][PASSED] - Text '081211287366' has been set to element 'Object Repository/Productions/Login/Enter your phone number'

2023-07-11 20:18:15 - [TEST_STEP][PASSED] - pressBack(): Press back button successfully

2023-07-11 20:18:15 - [MESSAGE][PASSED] - Press back button successfully

2023-07-11 20:18:15 - [TEST_STEP][PASSED] - setText(findTestObject("Productions/Login/Type your password"), "Pass123", 0): Text 'Pass123' has been set to element 'Object Repository/Productions/Login/Type your password'

2023-07-11 20:18:15 - [MESSAGE][WARNING] - Timeout '0' is invalid. Using default page load timeout: '30'

2023-07-11 20:18:18 - [MESSAGE][PASSED] - Text 'Pass123' has been set to element 'Object Repository/Productions/Login/Type your password'

2023-07-11 20:18:18 - [TEST_STEP][PASSED] - tap(findTestObject("Productions/Login/Button - Sign In"), 0): Tapped on element 'Object Repository/Productions/Login/Button - Sign In'

2023-07-11 20:18:18 - [MESSAGE][WARNING] - Timeout '0' is invalid. Using default page load timeout: '30'

2023-07-11 20:18:19 - [MESSAGE][PASSED] - Tapped on element 'Object Repository/Productions/Login/Button - Sign In'

2023-07-11 20:18:19 - [TEST_STEP][PASSED] - delay(5, STOP_ON_FAILURE): Delayed 5 second(s)

2023-07-11 20:18:24 - [MESSAGE][PASSED] - Delayed 5 second(s)

2023-07-11 20:18:24 - [TEST_STEP][PASSED] - waitForElementPresent(findTestObject("Productions/Login/Your phone number has not been registered"), 0, STOP_ON_FAILURE): Element 'Object Repository/Productions/Login/Your phone number has not been registered' is present

2023-07-11 20:18:24 - [MESSAGE][WARNING] - Timeout '0' is invalid. Using default page load timeout: '30'

2023-07-11 20:18:24 - [MESSAGE][PASSED] - Element 'Object Repository/Productions/Login/Your phone number has not been registered' is present

2023-07-11 20:18:25 - [TEST_STEP][PASSED] - delay(3, STOP_ON_FAILURE): Delayed 3 second(s)

2023-07-11 20:18:28 - [MESSAGE][PASSED] - Delayed 3 second(s)

2023-07-11 20:18:28 - [TEST_STEP][PASSED] - closeApplication(): Close app successfully

2023-07-11 20:18:28 - [MESSAGE][PASSED] - Close app successfully

2023-07-11 20:18:28 - [TEST_STEP][PASSED] - Start listener action : sampleAfterTestCase: null

2023-07-11 20:18:28 - [TEST_STEP][PASSED] - println(testCaseContext.getTestCaseId()): null

2023-07-11 20:18:28 - [TEST_STEP][PASSED] - println(testCaseContext.getTestCaseStatus()): null]]></system-out>
         <system-err><![CDATA[]]></system-err>
      </testcase>
      <testcase name="Test Cases/Production/Login KFCKU Apps/Login Failed - Wrong Password" time="48.903" classname="Test Cases/Production/Login KFCKU Apps/Login Failed - Wrong Password" status="PASSED">
         <system-out><![CDATA[2023-07-11 20:18:28 - [TEST_CASE][PASSED] - Test Cases/Production/Login KFCKU Apps/Login Failed - Wrong Password: Test Cases/Production/Login KFCKU Apps/Login Failed - Wrong Password

2023-07-11 20:18:29 - [TEST_STEP][PASSED] - startExistingApplication("com.kfc.mobile", STOP_ON_FAILURE): Starting app with application ID: 'com.kfc.mobile'

2023-07-11 20:18:29 - [MESSAGE][INFO] - User set preference: ['appPackage', 'com.kfc.mobile']

2023-07-11 20:18:29 - [MESSAGE][INFO] - User set preference: ['appActivity', 'com.kfc.mobile.presentation.splash.SplashActivity']

2023-07-11 20:18:29 - [MESSAGE][INFO] - User set preference: ['noReset', 'true']

2023-07-11 20:18:29 - [MESSAGE][INFO] - User set preference: ['deviceId', '']

2023-07-11 20:18:29 - [MESSAGE][INFO] - Detected NodeJS location: "C:\Program Files\nodejs\node.exe"

2023-07-11 20:18:32 - [MESSAGE][INFO] - Appium server started on port 59,291

2023-07-11 20:18:51 - [MESSAGE][PASSED] - Starting app with application ID: 'com.kfc.mobile'

2023-07-11 20:18:51 - [TEST_STEP][PASSED] - delay(5, STOP_ON_FAILURE): Delayed 5 second(s)

2023-07-11 20:18:56 - [MESSAGE][PASSED] - Delayed 5 second(s)

2023-07-11 20:18:56 - [TEST_STEP][PASSED] - tap(findTestObject("Productions/Menu/Profile"), 5): Tapped on element 'Object Repository/Productions/Menu/Profile'

2023-07-11 20:18:59 - [MESSAGE][PASSED] - Tapped on element 'Object Repository/Productions/Menu/Profile'

2023-07-11 20:18:59 - [TEST_STEP][PASSED] - tap(findTestObject("Productions/Login/Enter your phone number"), 0): Tapped on element 'Object Repository/Productions/Login/Enter your phone number'

2023-07-11 20:18:59 - [MESSAGE][WARNING] - Timeout '0' is invalid. Using default page load timeout: '30'

2023-07-11 20:19:01 - [MESSAGE][PASSED] - Tapped on element 'Object Repository/Productions/Login/Enter your phone number'

2023-07-11 20:19:01 - [TEST_STEP][PASSED] - setText(findTestObject("Productions/Login/Enter your phone number"), "081211287377", 0): Text '081211287377' has been set to element 'Object Repository/Productions/Login/Enter your phone number'

2023-07-11 20:19:01 - [MESSAGE][WARNING] - Timeout '0' is invalid. Using default page load timeout: '30'

2023-07-11 20:19:04 - [MESSAGE][PASSED] - Text '081211287377' has been set to element 'Object Repository/Productions/Login/Enter your phone number'

2023-07-11 20:19:04 - [TEST_STEP][PASSED] - pressBack(): Press back button successfully

2023-07-11 20:19:05 - [MESSAGE][PASSED] - Press back button successfully

2023-07-11 20:19:05 - [TEST_STEP][PASSED] - setText(findTestObject("Productions/Login/Type your password"), "passk209", 0): Text 'passk209' has been set to element 'Object Repository/Productions/Login/Type your password'

2023-07-11 20:19:05 - [MESSAGE][WARNING] - Timeout '0' is invalid. Using default page load timeout: '30'

2023-07-11 20:19:06 - [MESSAGE][PASSED] - Text 'passk209' has been set to element 'Object Repository/Productions/Login/Type your password'

2023-07-11 20:19:06 - [TEST_STEP][PASSED] - tap(findTestObject("Productions/Login/Button - Sign In"), 0): Tapped on element 'Object Repository/Productions/Login/Button - Sign In'

2023-07-11 20:19:07 - [MESSAGE][WARNING] - Timeout '0' is invalid. Using default page load timeout: '30'

2023-07-11 20:19:08 - [MESSAGE][PASSED] - Tapped on element 'Object Repository/Productions/Login/Button - Sign In'

2023-07-11 20:19:08 - [TEST_STEP][PASSED] - delay(5, STOP_ON_FAILURE): Delayed 5 second(s)

2023-07-11 20:19:13 - [MESSAGE][PASSED] - Delayed 5 second(s)

2023-07-11 20:19:13 - [TEST_STEP][PASSED] - waitForElementPresent(findTestObject("Productions/Login/The password you entered is incorrect"), 0, STOP_ON_FAILURE): Element 'Object Repository/Productions/Login/The password you entered is incorrect' is present

2023-07-11 20:19:13 - [MESSAGE][WARNING] - Timeout '0' is invalid. Using default page load timeout: '30'

2023-07-11 20:19:13 - [MESSAGE][PASSED] - Element 'Object Repository/Productions/Login/The password you entered is incorrect' is present

2023-07-11 20:19:13 - [TEST_STEP][PASSED] - delay(3, STOP_ON_FAILURE): Delayed 3 second(s)

2023-07-11 20:19:16 - [MESSAGE][PASSED] - Delayed 3 second(s)

2023-07-11 20:19:16 - [TEST_STEP][PASSED] - closeApplication(): Close app successfully

2023-07-11 20:19:17 - [MESSAGE][PASSED] - Close app successfully

2023-07-11 20:19:17 - [TEST_STEP][PASSED] - Start listener action : sampleAfterTestCase: null

2023-07-11 20:19:17 - [TEST_STEP][PASSED] - println(testCaseContext.getTestCaseId()): null

2023-07-11 20:19:17 - [TEST_STEP][PASSED] - println(testCaseContext.getTestCaseStatus()): null]]></system-out>
         <system-err><![CDATA[]]></system-err>
      </testcase>
      <testcase name="Test Cases/Production/Login KFCKU Apps/Login Social Media" time="56.247" classname="Test Cases/Production/Login KFCKU Apps/Login Social Media" status="PASSED">
         <system-out><![CDATA[2023-07-11 20:19:17 - [TEST_CASE][PASSED] - Test Cases/Production/Login KFCKU Apps/Login Social Media: Test Cases/Production/Login KFCKU Apps/Login Social Media

2023-07-11 20:19:18 - [TEST_STEP][PASSED] - startExistingApplication("com.kfc.mobile", STOP_ON_FAILURE): Starting app with application ID: 'com.kfc.mobile'

2023-07-11 20:19:18 - [MESSAGE][INFO] - User set preference: ['appPackage', 'com.kfc.mobile']

2023-07-11 20:19:18 - [MESSAGE][INFO] - User set preference: ['appActivity', 'com.kfc.mobile.presentation.splash.SplashActivity']

2023-07-11 20:19:18 - [MESSAGE][INFO] - User set preference: ['noReset', 'true']

2023-07-11 20:19:18 - [MESSAGE][INFO] - User set preference: ['deviceId', '']

2023-07-11 20:19:18 - [MESSAGE][INFO] - Detected NodeJS location: "C:\Program Files\nodejs\node.exe"

2023-07-11 20:19:21 - [MESSAGE][INFO] - Appium server started on port 59,545

2023-07-11 20:19:40 - [MESSAGE][PASSED] - Starting app with application ID: 'com.kfc.mobile'

2023-07-11 20:19:40 - [TEST_STEP][PASSED] - delay(5, STOP_ON_FAILURE): Delayed 5 second(s)

2023-07-11 20:19:45 - [MESSAGE][PASSED] - Delayed 5 second(s)

2023-07-11 20:19:45 - [TEST_STEP][PASSED] - tap(findTestObject("Productions/Menu/Profile"), 5): Tapped on element 'Object Repository/Productions/Menu/Profile'

2023-07-11 20:19:47 - [MESSAGE][PASSED] - Tapped on element 'Object Repository/Productions/Menu/Profile'

2023-07-11 20:19:47 - [TEST_STEP][PASSED] - waitForElementPresent(findTestObject("Productions/Login/Button - Sign in with Google"), 0): Element 'Object Repository/Productions/Login/Button - Sign in with Google' is present

2023-07-11 20:19:48 - [MESSAGE][WARNING] - Timeout '0' is invalid. Using default page load timeout: '30'

2023-07-11 20:19:50 - [MESSAGE][PASSED] - Element 'Object Repository/Productions/Login/Button - Sign in with Google' is present

2023-07-11 20:19:50 - [TEST_STEP][PASSED] - tap(findTestObject("Productions/Login/Button - Sign in with Google"), 0): Tapped on element 'Object Repository/Productions/Login/Button - Sign in with Google'

2023-07-11 20:19:50 - [MESSAGE][WARNING] - Timeout '0' is invalid. Using default page load timeout: '30'

2023-07-11 20:19:51 - [MESSAGE][PASSED] - Tapped on element 'Object Repository/Productions/Login/Button - Sign in with Google'

2023-07-11 20:19:51 - [TEST_STEP][PASSED] - delay(5, STOP_ON_FAILURE): Delayed 5 second(s)

2023-07-11 20:19:56 - [MESSAGE][PASSED] - Delayed 5 second(s)

2023-07-11 20:19:56 - [TEST_STEP][PASSED] - tap(findTestObject("Productions/Login/jecsanmaychelgmail.com"), 0, STOP_ON_FAILURE): Tapped on element 'Object Repository/Productions/Login/jecsanmaychelgmail.com'

2023-07-11 20:19:56 - [MESSAGE][WARNING] - Timeout '0' is invalid. Using default page load timeout: '30'

2023-07-11 20:19:57 - [MESSAGE][PASSED] - Tapped on element 'Object Repository/Productions/Login/jecsanmaychelgmail.com'

2023-07-11 20:19:57 - [TEST_STEP][PASSED] - delay(5, STOP_ON_FAILURE): Delayed 5 second(s)

2023-07-11 20:20:02 - [MESSAGE][PASSED] - Delayed 5 second(s)

2023-07-11 20:20:02 - [TEST_STEP][PASSED] - waitForElementPresent(findTestObject("Productions/Login/Profile Info"), 0): Element 'Object Repository/Productions/Login/Profile Info' is present

2023-07-11 20:20:02 - [MESSAGE][WARNING] - Timeout '0' is invalid. Using default page load timeout: '30'

2023-07-11 20:20:05 - [MESSAGE][PASSED] - Element 'Object Repository/Productions/Login/Profile Info' is present

2023-07-11 20:20:05 - [TEST_STEP][PASSED] - delay(3, STOP_ON_FAILURE): Delayed 3 second(s)

2023-07-11 20:20:08 - [MESSAGE][PASSED] - Delayed 3 second(s)

2023-07-11 20:20:08 - [TEST_STEP][PASSED] - tap(findTestObject("Productions/Login/Log Out"), 0): Tapped on element 'Object Repository/Productions/Login/Log Out'

2023-07-11 20:20:08 - [MESSAGE][WARNING] - Timeout '0' is invalid. Using default page load timeout: '30'

2023-07-11 20:20:09 - [MESSAGE][PASSED] - Tapped on element 'Object Repository/Productions/Login/Log Out'

2023-07-11 20:20:09 - [TEST_STEP][PASSED] - tap(findTestObject("Productions/Login/Logout - Yes"), 0): Tapped on element 'Object Repository/Productions/Login/Logout - Yes'

2023-07-11 20:20:09 - [MESSAGE][WARNING] - Timeout '0' is invalid. Using default page load timeout: '30'

2023-07-11 20:20:10 - [MESSAGE][PASSED] - Tapped on element 'Object Repository/Productions/Login/Logout - Yes'

2023-07-11 20:20:10 - [TEST_STEP][PASSED] - delay(3, STOP_ON_FAILURE): Delayed 3 second(s)

2023-07-11 20:20:13 - [MESSAGE][PASSED] - Delayed 3 second(s)

2023-07-11 20:20:13 - [TEST_STEP][PASSED] - closeApplication(): Close app successfully

2023-07-11 20:20:13 - [MESSAGE][PASSED] - Close app successfully

2023-07-11 20:20:13 - [TEST_STEP][PASSED] - Start listener action : sampleAfterTestCase: null

2023-07-11 20:20:13 - [TEST_STEP][PASSED] - println(testCaseContext.getTestCaseId()): null

2023-07-11 20:20:13 - [TEST_STEP][PASSED] - println(testCaseContext.getTestCaseStatus()): null]]></system-out>
         <system-err><![CDATA[]]></system-err>
      </testcase>
      <testcase name="Test Cases/Production/Login KFCKU Apps/Login Phone Number" time="47.915" classname="Test Cases/Production/Login KFCKU Apps/Login Phone Number" status="PASSED">
         <system-out><![CDATA[2023-07-11 20:20:13 - [TEST_CASE][PASSED] - Test Cases/Production/Login KFCKU Apps/Login Phone Number: Test Cases/Production/Login KFCKU Apps/Login Phone Number

2023-07-11 20:20:14 - [TEST_STEP][PASSED] - startExistingApplication("com.kfc.mobile", STOP_ON_FAILURE): Starting app with application ID: 'com.kfc.mobile'

2023-07-11 20:20:14 - [MESSAGE][INFO] - User set preference: ['appPackage', 'com.kfc.mobile']

2023-07-11 20:20:14 - [MESSAGE][INFO] - User set preference: ['appActivity', 'com.kfc.mobile.presentation.splash.SplashActivity']

2023-07-11 20:20:14 - [MESSAGE][INFO] - User set preference: ['noReset', 'true']

2023-07-11 20:20:14 - [MESSAGE][INFO] - User set preference: ['deviceId', '']

2023-07-11 20:20:14 - [MESSAGE][INFO] - Detected NodeJS location: "C:\Program Files\nodejs\node.exe"

2023-07-11 20:20:17 - [MESSAGE][INFO] - Appium server started on port 59,792

2023-07-11 20:20:35 - [MESSAGE][PASSED] - Starting app with application ID: 'com.kfc.mobile'

2023-07-11 20:20:35 - [TEST_STEP][PASSED] - delay(5, STOP_ON_FAILURE): Delayed 5 second(s)

2023-07-11 20:20:40 - [MESSAGE][PASSED] - Delayed 5 second(s)

2023-07-11 20:20:40 - [TEST_STEP][PASSED] - tap(findTestObject("Productions/Menu/Profile"), 5): Tapped on element 'Object Repository/Productions/Menu/Profile'

2023-07-11 20:20:43 - [MESSAGE][PASSED] - Tapped on element 'Object Repository/Productions/Menu/Profile'

2023-07-11 20:20:43 - [TEST_STEP][PASSED] - tap(findTestObject("Productions/Login/Enter your phone number"), 0): Tapped on element 'Object Repository/Productions/Login/Enter your phone number'

2023-07-11 20:20:43 - [MESSAGE][WARNING] - Timeout '0' is invalid. Using default page load timeout: '30'

2023-07-11 20:20:45 - [MESSAGE][PASSED] - Tapped on element 'Object Repository/Productions/Login/Enter your phone number'

2023-07-11 20:20:45 - [TEST_STEP][PASSED] - setText(findTestObject("Productions/Login/Enter your phone number"), "081211287377", 0): Text '081211287377' has been set to element 'Object Repository/Productions/Login/Enter your phone number'

2023-07-11 20:20:45 - [MESSAGE][WARNING] - Timeout '0' is invalid. Using default page load timeout: '30'

2023-07-11 20:20:48 - [MESSAGE][PASSED] - Text '081211287377' has been set to element 'Object Repository/Productions/Login/Enter your phone number'

2023-07-11 20:20:48 - [TEST_STEP][PASSED] - pressBack(): Press back button successfully

2023-07-11 20:20:49 - [MESSAGE][PASSED] - Press back button successfully

2023-07-11 20:20:49 - [TEST_STEP][PASSED] - setText(findTestObject("Productions/Login/Type your password"), "pass123", 0): Text 'pass123' has been set to element 'Object Repository/Productions/Login/Type your password'

2023-07-11 20:20:49 - [MESSAGE][WARNING] - Timeout '0' is invalid. Using default page load timeout: '30'

2023-07-11 20:20:51 - [MESSAGE][PASSED] - Text 'pass123' has been set to element 'Object Repository/Productions/Login/Type your password'

2023-07-11 20:20:51 - [TEST_STEP][PASSED] - tap(findTestObject("Productions/Login/Button - Sign In"), 0): Tapped on element 'Object Repository/Productions/Login/Button - Sign In'

2023-07-11 20:20:51 - [MESSAGE][WARNING] - Timeout '0' is invalid. Using default page load timeout: '30'

2023-07-11 20:20:52 - [MESSAGE][PASSED] - Tapped on element 'Object Repository/Productions/Login/Button - Sign In'

2023-07-11 20:20:52 - [TEST_STEP][PASSED] - delay(5, STOP_ON_FAILURE): Delayed 5 second(s)

2023-07-11 20:20:57 - [MESSAGE][PASSED] - Delayed 5 second(s)

2023-07-11 20:20:57 - [TEST_STEP][PASSED] - waitForElementPresent(findTestObject("Productions/Login/Profile Info"), 0, STOP_ON_FAILURE): Element 'Object Repository/Productions/Login/Profile Info' is present

2023-07-11 20:20:57 - [MESSAGE][WARNING] - Timeout '0' is invalid. Using default page load timeout: '30'

2023-07-11 20:20:58 - [MESSAGE][PASSED] - Element 'Object Repository/Productions/Login/Profile Info' is present

2023-07-11 20:20:58 - [TEST_STEP][PASSED] - delay(3, STOP_ON_FAILURE): Delayed 3 second(s)

2023-07-11 20:21:01 - [MESSAGE][PASSED] - Delayed 3 second(s)

2023-07-11 20:21:01 - [TEST_STEP][PASSED] - closeApplication(): Close app successfully

2023-07-11 20:21:01 - [MESSAGE][PASSED] - Close app successfully

2023-07-11 20:21:01 - [TEST_STEP][PASSED] - Start listener action : sampleAfterTestCase: null

2023-07-11 20:21:01 - [TEST_STEP][PASSED] - println(testCaseContext.getTestCaseId()): null

2023-07-11 20:21:01 - [TEST_STEP][PASSED] - println(testCaseContext.getTestCaseStatus()): null]]></system-out>
         <system-err><![CDATA[]]></system-err>
      </testcase>
      <testcase name="Test Cases/Production/Home Page/Promotion" time="44.846" classname="Test Cases/Production/Home Page/Promotion" status="PASSED">
         <system-out><![CDATA[2023-07-11 20:21:01 - [TEST_CASE][PASSED] - Test Cases/Production/Home Page/Promotion: Test Cases/Production/Home Page/Promotion

2023-07-11 20:21:02 - [TEST_STEP][PASSED] - startExistingApplication("com.kfc.mobile", STOP_ON_FAILURE): Starting app with application ID: 'com.kfc.mobile'

2023-07-11 20:21:02 - [MESSAGE][INFO] - User set preference: ['appPackage', 'com.kfc.mobile']

2023-07-11 20:21:02 - [MESSAGE][INFO] - User set preference: ['appActivity', 'com.kfc.mobile.presentation.splash.SplashActivity']

2023-07-11 20:21:02 - [MESSAGE][INFO] - User set preference: ['noReset', 'true']

2023-07-11 20:21:02 - [MESSAGE][INFO] - User set preference: ['deviceId', '']

2023-07-11 20:21:02 - [MESSAGE][INFO] - Detected NodeJS location: "C:\Program Files\nodejs\node.exe"

2023-07-11 20:21:05 - [MESSAGE][INFO] - Appium server started on port 60,023

2023-07-11 20:21:23 - [MESSAGE][PASSED] - Starting app with application ID: 'com.kfc.mobile'

2023-07-11 20:21:23 - [TEST_STEP][PASSED] - delay(3, STOP_ON_FAILURE): Delayed 3 second(s)

2023-07-11 20:21:26 - [MESSAGE][PASSED] - Delayed 3 second(s)

2023-07-11 20:21:26 - [TEST_STEP][PASSED] - verifyElementVisible(findTestObject("Productions/Home Page/Promotion/Banner"), 0): Element 'Object Repository/Productions/Home Page/Promotion/Banner' is visible

2023-07-11 20:21:26 - [MESSAGE][WARNING] - Timeout '0' is invalid. Using default page load timeout: '30'

2023-07-11 20:21:29 - [MESSAGE][PASSED] - Element 'Object Repository/Productions/Home Page/Promotion/Banner' is visible

2023-07-11 20:21:29 - [TEST_STEP][PASSED] - swipe(281, 800, 434, 61): Swiped from 281,800 to 434,61

2023-07-11 20:21:30 - [MESSAGE][PASSED] - Swiped from 281,800 to 434,61

2023-07-11 20:21:30 - [TEST_STEP][PASSED] - verifyElementVisible(findTestObject("Productions/Home Page/Promotion/Title - PROMOS AND REWARDS"), 0): Element 'Object Repository/Productions/Home Page/Promotion/Title - PROMOS AND REWARDS' is visible

2023-07-11 20:21:31 - [MESSAGE][WARNING] - Timeout '0' is invalid. Using default page load timeout: '30'

2023-07-11 20:21:32 - [MESSAGE][PASSED] - Element 'Object Repository/Productions/Home Page/Promotion/Title - PROMOS AND REWARDS' is visible

2023-07-11 20:21:32 - [TEST_STEP][PASSED] - device_Height = getDeviceHeight(): Current device physical height is 1520

2023-07-11 20:21:32 - [MESSAGE][PASSED] - Current device physical height is 1520

2023-07-11 20:21:32 - [TEST_STEP][PASSED] - device_Width = getDeviceWidth(): Current device physical width is 720

2023-07-11 20:21:32 - [MESSAGE][PASSED] - Current device physical width is 720

2023-07-11 20:21:32 - [TEST_STEP][PASSED] - startY = device_Height / 2: null

2023-07-11 20:21:32 - [TEST_STEP][PASSED] - endY = startY: null

2023-07-11 20:21:32 - [TEST_STEP][PASSED] - startX = device_Width * 0.30: null

2023-07-11 20:21:32 - [TEST_STEP][PASSED] - endX = device_Width * 0.70: null

2023-07-11 20:21:32 - [TEST_STEP][PASSED] - swipe(endX, startY, startX, endY): Swiped from 504,760 to 216,760

2023-07-11 20:21:34 - [MESSAGE][PASSED] - Swiped from 504,760 to 216,760

2023-07-11 20:21:34 - [TEST_STEP][PASSED] - tap(findTestObject("Productions/Home Page/Promotion/View All"), 3): Tapped on element 'Object Repository/Productions/Home Page/Promotion/View All'

2023-07-11 20:21:35 - [MESSAGE][PASSED] - Tapped on element 'Object Repository/Productions/Home Page/Promotion/View All'

2023-07-11 20:21:35 - [TEST_STEP][PASSED] - verifyElementVisible(findTestObject("Productions/Home Page/Promotion/Title - ONGOING PROMO"), 0): Element 'Object Repository/Productions/Home Page/Promotion/Title - ONGOING PROMO' is visible

2023-07-11 20:21:35 - [MESSAGE][WARNING] - Timeout '0' is invalid. Using default page load timeout: '30'

2023-07-11 20:21:37 - [MESSAGE][PASSED] - Element 'Object Repository/Productions/Home Page/Promotion/Title - ONGOING PROMO' is visible

2023-07-11 20:21:37 - [TEST_STEP][PASSED] - verifyElementVisible(findTestObject("Productions/Home Page/Promotion/Promo List 1"), 0): Element 'Object Repository/Productions/Home Page/Promotion/Promo List 1' is visible

2023-07-11 20:21:37 - [MESSAGE][WARNING] - Timeout '0' is invalid. Using default page load timeout: '30'

2023-07-11 20:21:37 - [MESSAGE][PASSED] - Element 'Object Repository/Productions/Home Page/Promotion/Promo List 1' is visible

2023-07-11 20:21:38 - [TEST_STEP][PASSED] - verifyElementVisible(findTestObject("Productions/Home Page/Promotion/Promo List 2"), 0): Element 'Object Repository/Productions/Home Page/Promotion/Promo List 2' is visible

2023-07-11 20:21:38 - [MESSAGE][WARNING] - Timeout '0' is invalid. Using default page load timeout: '30'

2023-07-11 20:21:38 - [MESSAGE][PASSED] - Element 'Object Repository/Productions/Home Page/Promotion/Promo List 2' is visible

2023-07-11 20:21:38 - [TEST_STEP][PASSED] - verifyElementVisible(findTestObject("Productions/Home Page/Promotion/Promo List 3"), 0): Element 'Object Repository/Productions/Home Page/Promotion/Promo List 3' is visible

2023-07-11 20:21:38 - [MESSAGE][WARNING] - Timeout '0' is invalid. Using default page load timeout: '30'

2023-07-11 20:21:39 - [MESSAGE][PASSED] - Element 'Object Repository/Productions/Home Page/Promotion/Promo List 3' is visible

2023-07-11 20:21:39 - [TEST_STEP][PASSED] - tap(findTestObject("Productions/Home Page/Promotion/Promo List 1"), 3): Tapped on element 'Object Repository/Productions/Home Page/Promotion/Promo List 1'

2023-07-11 20:21:39 - [MESSAGE][PASSED] - Tapped on element 'Object Repository/Productions/Home Page/Promotion/Promo List 1'

2023-07-11 20:21:39 - [TEST_STEP][PASSED] - tap(findTestObject("Productions/Home Page/Promotion/Button Back Promo Detail"), 3): Tapped on element 'Object Repository/Productions/Home Page/Promotion/Button Back Promo Detail'

2023-07-11 20:21:41 - [MESSAGE][PASSED] - Tapped on element 'Object Repository/Productions/Home Page/Promotion/Button Back Promo Detail'

2023-07-11 20:21:41 - [TEST_STEP][PASSED] - tap(findTestObject("Productions/Home Page/Promotion/Button Back"), 3): Tapped on element 'Object Repository/Productions/Home Page/Promotion/Button Back'

2023-07-11 20:21:42 - [MESSAGE][PASSED] - Tapped on element 'Object Repository/Productions/Home Page/Promotion/Button Back'

2023-07-11 20:21:42 - [TEST_STEP][PASSED] - delay(3, STOP_ON_FAILURE): Delayed 3 second(s)

2023-07-11 20:21:45 - [MESSAGE][PASSED] - Delayed 3 second(s)

2023-07-11 20:21:45 - [TEST_STEP][PASSED] - closeApplication(): Close app successfully

2023-07-11 20:21:46 - [MESSAGE][PASSED] - Close app successfully

2023-07-11 20:21:46 - [TEST_STEP][PASSED] - Start listener action : sampleAfterTestCase: null

2023-07-11 20:21:46 - [TEST_STEP][PASSED] - println(testCaseContext.getTestCaseId()): null

2023-07-11 20:21:46 - [TEST_STEP][PASSED] - println(testCaseContext.getTestCaseStatus()): null]]></system-out>
         <system-err><![CDATA[]]></system-err>
      </testcase>
      <testcase name="Test Cases/Production/My Order/Order Detail HMD - My Order" time="46.334" classname="Test Cases/Production/My Order/Order Detail HMD - My Order" status="PASSED">
         <system-out><![CDATA[2023-07-11 20:21:46 - [TEST_CASE][PASSED] - Test Cases/Production/My Order/Order Detail HMD - My Order: Test Cases/Production/My Order/Order Detail HMD - My Order

2023-07-11 20:21:47 - [TEST_STEP][PASSED] - startExistingApplication("com.kfc.mobile", STOP_ON_FAILURE): Starting app with application ID: 'com.kfc.mobile'

2023-07-11 20:21:47 - [MESSAGE][INFO] - User set preference: ['appPackage', 'com.kfc.mobile']

2023-07-11 20:21:47 - [MESSAGE][INFO] - User set preference: ['appActivity', 'com.kfc.mobile.presentation.splash.SplashActivity']

2023-07-11 20:21:47 - [MESSAGE][INFO] - User set preference: ['noReset', 'true']

2023-07-11 20:21:47 - [MESSAGE][INFO] - User set preference: ['deviceId', '']

2023-07-11 20:21:47 - [MESSAGE][INFO] - Detected NodeJS location: "C:\Program Files\nodejs\node.exe"

2023-07-11 20:21:49 - [MESSAGE][INFO] - Appium server started on port 60,247

2023-07-11 20:22:08 - [MESSAGE][PASSED] - Starting app with application ID: 'com.kfc.mobile'

2023-07-11 20:22:08 - [TEST_STEP][PASSED] - delay(3, STOP_ON_FAILURE): Delayed 3 second(s)

2023-07-11 20:22:11 - [MESSAGE][PASSED] - Delayed 3 second(s)

2023-07-11 20:22:11 - [TEST_STEP][PASSED] - tap(findTestObject("Productions/Menu/My Order"), 0): Tapped on element 'Object Repository/Productions/Menu/My Order'

2023-07-11 20:22:11 - [MESSAGE][WARNING] - Timeout '0' is invalid. Using default page load timeout: '30'

2023-07-11 20:22:13 - [MESSAGE][PASSED] - Tapped on element 'Object Repository/Productions/Menu/My Order'

2023-07-11 20:22:13 - [TEST_STEP][PASSED] - delay(3, STOP_ON_FAILURE): Delayed 3 second(s)

2023-07-11 20:22:16 - [MESSAGE][PASSED] - Delayed 3 second(s)

2023-07-11 20:22:16 - [TEST_STEP][PASSED] - verifyElementVisible(findTestObject("Productions/My Order/Title - MY ORDER"), 0): Element 'Object Repository/Productions/My Order/Title - MY ORDER' is visible

2023-07-11 20:22:17 - [MESSAGE][WARNING] - Timeout '0' is invalid. Using default page load timeout: '30'

2023-07-11 20:22:17 - [MESSAGE][PASSED] - Element 'Object Repository/Productions/My Order/Title - MY ORDER' is visible

2023-07-11 20:22:17 - [TEST_STEP][PASSED] - tap(findTestObject("Productions/My Order/Order Detail - HMD/HMD - Kombo Crispy Burger"), 0): Tapped on element 'Object Repository/Productions/My Order/Order Detail - HMD/HMD - Kombo Crispy Burger'

2023-07-11 20:22:18 - [MESSAGE][WARNING] - Timeout '0' is invalid. Using default page load timeout: '30'

2023-07-11 20:22:18 - [MESSAGE][PASSED] - Tapped on element 'Object Repository/Productions/My Order/Order Detail - HMD/HMD - Kombo Crispy Burger'

2023-07-11 20:22:18 - [TEST_STEP][PASSED] - delay(3, STOP_ON_FAILURE): Delayed 3 second(s)

2023-07-11 20:22:22 - [MESSAGE][PASSED] - Delayed 3 second(s)

2023-07-11 20:22:22 - [TEST_STEP][PASSED] - verifyElementVisible(findTestObject("Productions/My Order/Order Detail - HMD/Title - ORDER DETAIL"), 0): Element 'Object Repository/Productions/My Order/Order Detail - HMD/Title - ORDER DETAIL' is visible

2023-07-11 20:22:22 - [MESSAGE][WARNING] - Timeout '0' is invalid. Using default page load timeout: '30'

2023-07-11 20:22:23 - [MESSAGE][PASSED] - Element 'Object Repository/Productions/My Order/Order Detail - HMD/Title - ORDER DETAIL' is visible

2023-07-11 20:22:23 - [TEST_STEP][PASSED] - verifyElementVisible(findTestObject("Productions/My Order/Order Detail - HMD/Delivery Number"), 0): Element 'Object Repository/Productions/My Order/Order Detail - HMD/Delivery Number' is visible

2023-07-11 20:22:23 - [MESSAGE][WARNING] - Timeout '0' is invalid. Using default page load timeout: '30'

2023-07-11 20:22:24 - [MESSAGE][PASSED] - Element 'Object Repository/Productions/My Order/Order Detail - HMD/Delivery Number' is visible

2023-07-11 20:22:24 - [TEST_STEP][PASSED] - verifyElementVisible(findTestObject("Productions/My Order/Order Detail - HMD/Order Type"), 0): Element 'Object Repository/Productions/My Order/Order Detail - HMD/Order Type' is visible

2023-07-11 20:22:24 - [MESSAGE][WARNING] - Timeout '0' is invalid. Using default page load timeout: '30'

2023-07-11 20:22:25 - [MESSAGE][PASSED] - Element 'Object Repository/Productions/My Order/Order Detail - HMD/Order Type' is visible

2023-07-11 20:22:25 - [TEST_STEP][PASSED] - verifyElementVisible(findTestObject("Productions/My Order/Order Detail - HMD/Delivery Detail"), 0): Element 'Object Repository/Productions/My Order/Order Detail - HMD/Delivery Detail' is visible

2023-07-11 20:22:25 - [MESSAGE][WARNING] - Timeout '0' is invalid. Using default page load timeout: '30'

2023-07-11 20:22:26 - [MESSAGE][PASSED] - Element 'Object Repository/Productions/My Order/Order Detail - HMD/Delivery Detail' is visible

2023-07-11 20:22:26 - [TEST_STEP][PASSED] - scrollToText("Tax", STOP_ON_FAILURE): Scrolling to text 'Tax' successfully

2023-07-11 20:22:30 - [MESSAGE][PASSED] - Scrolling to text 'Tax' successfully

2023-07-11 20:22:30 - [TEST_STEP][PASSED] - verifyElementVisible(findTestObject("Productions/My Order/Order Detail - HMD/Order Items"), 0): Element 'Object Repository/Productions/My Order/Order Detail - HMD/Order Items' is visible

2023-07-11 20:22:30 - [MESSAGE][WARNING] - Timeout '0' is invalid. Using default page load timeout: '30'

2023-07-11 20:22:31 - [MESSAGE][PASSED] - Element 'Object Repository/Productions/My Order/Order Detail - HMD/Order Items' is visible

2023-07-11 20:22:31 - [TEST_STEP][PASSED] - verifyElementVisible(findTestObject("Productions/My Order/Order Detail - HMD/Order Summary"), 0): Element 'Object Repository/Productions/My Order/Order Detail - HMD/Order Summary' is visible

2023-07-11 20:22:31 - [MESSAGE][WARNING] - Timeout '0' is invalid. Using default page load timeout: '30'

2023-07-11 20:22:32 - [MESSAGE][PASSED] - Element 'Object Repository/Productions/My Order/Order Detail - HMD/Order Summary' is visible

2023-07-11 20:22:32 - [TEST_STEP][PASSED] - closeApplication(): Close app successfully

2023-07-11 20:22:32 - [MESSAGE][PASSED] - Close app successfully

2023-07-11 20:22:32 - [TEST_STEP][PASSED] - Start listener action : sampleAfterTestCase: null

2023-07-11 20:22:32 - [TEST_STEP][PASSED] - println(testCaseContext.getTestCaseId()): null

2023-07-11 20:22:32 - [TEST_STEP][PASSED] - println(testCaseContext.getTestCaseStatus()): null]]></system-out>
         <system-err><![CDATA[]]></system-err>
      </testcase>
      <testcase name="Test Cases/Production/My Order/View All Status Order - My Order" time="49.894" classname="Test Cases/Production/My Order/View All Status Order - My Order" status="PASSED">
         <system-out><![CDATA[2023-07-11 20:22:32 - [TEST_CASE][PASSED] - Test Cases/Production/My Order/View All Status Order - My Order: Test Cases/Production/My Order/View All Status Order - My Order

2023-07-11 20:22:33 - [TEST_STEP][PASSED] - startExistingApplication("com.kfc.mobile", STOP_ON_FAILURE): Starting app with application ID: 'com.kfc.mobile'

2023-07-11 20:22:33 - [MESSAGE][INFO] - User set preference: ['appPackage', 'com.kfc.mobile']

2023-07-11 20:22:33 - [MESSAGE][INFO] - User set preference: ['appActivity', 'com.kfc.mobile.presentation.splash.SplashActivity']

2023-07-11 20:22:33 - [MESSAGE][INFO] - User set preference: ['noReset', 'true']

2023-07-11 20:22:33 - [MESSAGE][INFO] - User set preference: ['deviceId', '']

2023-07-11 20:22:33 - [MESSAGE][INFO] - Detected NodeJS location: "C:\Program Files\nodejs\node.exe"

2023-07-11 20:22:36 - [MESSAGE][INFO] - Appium server started on port 60,458

2023-07-11 20:22:55 - [MESSAGE][PASSED] - Starting app with application ID: 'com.kfc.mobile'

2023-07-11 20:22:55 - [TEST_STEP][PASSED] - delay(3, STOP_ON_FAILURE): Delayed 3 second(s)

2023-07-11 20:22:58 - [MESSAGE][PASSED] - Delayed 3 second(s)

2023-07-11 20:22:58 - [TEST_STEP][PASSED] - tap(findTestObject("Productions/Menu/My Order"), 0): Tapped on element 'Object Repository/Productions/Menu/My Order'

2023-07-11 20:22:58 - [MESSAGE][WARNING] - Timeout '0' is invalid. Using default page load timeout: '30'

2023-07-11 20:23:00 - [MESSAGE][PASSED] - Tapped on element 'Object Repository/Productions/Menu/My Order'

2023-07-11 20:23:00 - [TEST_STEP][PASSED] - verifyElementVisible(findTestObject("Productions/My Order/Title - MY ORDER"), 0): Element 'Object Repository/Productions/My Order/Title - MY ORDER' is visible

2023-07-11 20:23:00 - [MESSAGE][WARNING] - Timeout '0' is invalid. Using default page load timeout: '30'

2023-07-11 20:23:03 - [MESSAGE][PASSED] - Element 'Object Repository/Productions/My Order/Title - MY ORDER' is visible

2023-07-11 20:23:03 - [TEST_STEP][PASSED] - tap(findTestObject("Productions/My Order/Get List Status"), 0): Tapped on element 'Object Repository/Productions/My Order/Get List Status'

2023-07-11 20:23:03 - [MESSAGE][WARNING] - Timeout '0' is invalid. Using default page load timeout: '30'

2023-07-11 20:23:04 - [MESSAGE][PASSED] - Tapped on element 'Object Repository/Productions/My Order/Get List Status'

2023-07-11 20:23:04 - [TEST_STEP][PASSED] - verifyElementVisible(findTestObject("Productions/My Order/Status Order List"), 0): Element 'Object Repository/Productions/My Order/Status Order List' is visible

2023-07-11 20:23:04 - [MESSAGE][WARNING] - Timeout '0' is invalid. Using default page load timeout: '30'

2023-07-11 20:23:05 - [MESSAGE][PASSED] - Element 'Object Repository/Productions/My Order/Status Order List' is visible

2023-07-11 20:23:05 - [TEST_STEP][PASSED] - tap(findTestObject("Productions/My Order/Awaiting Payment"), 0): Tapped on element 'Object Repository/Productions/My Order/Awaiting Payment'

2023-07-11 20:23:06 - [MESSAGE][WARNING] - Timeout '0' is invalid. Using default page load timeout: '30'

2023-07-11 20:23:06 - [MESSAGE][PASSED] - Tapped on element 'Object Repository/Productions/My Order/Awaiting Payment'

2023-07-11 20:23:06 - [TEST_STEP][PASSED] - tap(findTestObject("Productions/My Order/Get List Status"), 0): Tapped on element 'Object Repository/Productions/My Order/Get List Status'

2023-07-11 20:23:06 - [MESSAGE][WARNING] - Timeout '0' is invalid. Using default page load timeout: '30'

2023-07-11 20:23:08 - [MESSAGE][PASSED] - Tapped on element 'Object Repository/Productions/My Order/Get List Status'

2023-07-11 20:23:08 - [TEST_STEP][PASSED] - tap(findTestObject("Productions/My Order/Cancelled"), 0): Tapped on element 'Object Repository/Productions/My Order/Cancelled'

2023-07-11 20:23:08 - [MESSAGE][WARNING] - Timeout '0' is invalid. Using default page load timeout: '30'

2023-07-11 20:23:09 - [MESSAGE][PASSED] - Tapped on element 'Object Repository/Productions/My Order/Cancelled'

2023-07-11 20:23:09 - [TEST_STEP][PASSED] - tap(findTestObject("Productions/My Order/Get List Status"), 0): Tapped on element 'Object Repository/Productions/My Order/Get List Status'

2023-07-11 20:23:10 - [MESSAGE][WARNING] - Timeout '0' is invalid. Using default page load timeout: '30'

2023-07-11 20:23:11 - [MESSAGE][PASSED] - Tapped on element 'Object Repository/Productions/My Order/Get List Status'

2023-07-11 20:23:11 - [TEST_STEP][PASSED] - tap(findTestObject("Productions/My Order/Completed"), 0): Tapped on element 'Object Repository/Productions/My Order/Completed'

2023-07-11 20:23:12 - [MESSAGE][WARNING] - Timeout '0' is invalid. Using default page load timeout: '30'

2023-07-11 20:23:13 - [MESSAGE][PASSED] - Tapped on element 'Object Repository/Productions/My Order/Completed'

2023-07-11 20:23:13 - [TEST_STEP][PASSED] - tap(findTestObject("Productions/My Order/Get List Status"), 0): Tapped on element 'Object Repository/Productions/My Order/Get List Status'

2023-07-11 20:23:13 - [MESSAGE][WARNING] - Timeout '0' is invalid. Using default page load timeout: '30'

2023-07-11 20:23:14 - [MESSAGE][PASSED] - Tapped on element 'Object Repository/Productions/My Order/Get List Status'

2023-07-11 20:23:14 - [TEST_STEP][PASSED] - tap(findTestObject("Productions/My Order/In Progress"), 0): Tapped on element 'Object Repository/Productions/My Order/In Progress'

2023-07-11 20:23:14 - [MESSAGE][WARNING] - Timeout '0' is invalid. Using default page load timeout: '30'

2023-07-11 20:23:15 - [MESSAGE][PASSED] - Tapped on element 'Object Repository/Productions/My Order/In Progress'

2023-07-11 20:23:15 - [TEST_STEP][PASSED] - tap(findTestObject("Productions/My Order/Get List Status"), 0): Tapped on element 'Object Repository/Productions/My Order/Get List Status'

2023-07-11 20:23:16 - [MESSAGE][WARNING] - Timeout '0' is invalid. Using default page load timeout: '30'

2023-07-11 20:23:17 - [MESSAGE][PASSED] - Tapped on element 'Object Repository/Productions/My Order/Get List Status'

2023-07-11 20:23:17 - [TEST_STEP][PASSED] - tap(findTestObject("Productions/My Order/Rejected"), 0): Tapped on element 'Object Repository/Productions/My Order/Rejected'

2023-07-11 20:23:17 - [MESSAGE][WARNING] - Timeout '0' is invalid. Using default page load timeout: '30'

2023-07-11 20:23:19 - [MESSAGE][PASSED] - Tapped on element 'Object Repository/Productions/My Order/Rejected'

2023-07-11 20:23:19 - [TEST_STEP][PASSED] - tap(findTestObject("Productions/My Order/Get List Status"), 0): Tapped on element 'Object Repository/Productions/My Order/Get List Status'

2023-07-11 20:23:19 - [MESSAGE][WARNING] - Timeout '0' is invalid. Using default page load timeout: '30'

2023-07-11 20:23:20 - [MESSAGE][PASSED] - Tapped on element 'Object Repository/Productions/My Order/Get List Status'

2023-07-11 20:23:20 - [TEST_STEP][PASSED] - tap(findTestObject("Productions/My Order/All"), 0): Tapped on element 'Object Repository/Productions/My Order/All'

2023-07-11 20:23:21 - [MESSAGE][WARNING] - Timeout '0' is invalid. Using default page load timeout: '30'

2023-07-11 20:23:22 - [MESSAGE][PASSED] - Tapped on element 'Object Repository/Productions/My Order/All'

2023-07-11 20:23:22 - [TEST_STEP][PASSED] - closeApplication(): Close app successfully

2023-07-11 20:23:22 - [MESSAGE][PASSED] - Close app successfully

2023-07-11 20:23:22 - [TEST_STEP][PASSED] - Start listener action : sampleAfterTestCase: null

2023-07-11 20:23:22 - [TEST_STEP][PASSED] - println(testCaseContext.getTestCaseId()): null

2023-07-11 20:23:22 - [TEST_STEP][PASSED] - println(testCaseContext.getTestCaseStatus()): null]]></system-out>
         <system-err><![CDATA[]]></system-err>
      </testcase>
      <testcase name="Test Cases/Production/My Order/Order Detail PNP - My Order" time="46.953" classname="Test Cases/Production/My Order/Order Detail PNP - My Order" status="PASSED">
         <system-out><![CDATA[2023-07-11 20:23:22 - [TEST_CASE][PASSED] - Test Cases/Production/My Order/Order Detail PNP - My Order: Test Cases/Production/My Order/Order Detail PNP - My Order

2023-07-11 20:23:23 - [TEST_STEP][PASSED] - startExistingApplication("com.kfc.mobile", STOP_ON_FAILURE): Starting app with application ID: 'com.kfc.mobile'

2023-07-11 20:23:23 - [MESSAGE][INFO] - User set preference: ['appPackage', 'com.kfc.mobile']

2023-07-11 20:23:23 - [MESSAGE][INFO] - User set preference: ['appActivity', 'com.kfc.mobile.presentation.splash.SplashActivity']

2023-07-11 20:23:23 - [MESSAGE][INFO] - User set preference: ['noReset', 'true']

2023-07-11 20:23:23 - [MESSAGE][INFO] - User set preference: ['deviceId', '']

2023-07-11 20:23:23 - [MESSAGE][INFO] - Detected NodeJS location: "C:\Program Files\nodejs\node.exe"

2023-07-11 20:23:25 - [MESSAGE][INFO] - Appium server started on port 60,673

2023-07-11 20:23:45 - [MESSAGE][PASSED] - Starting app with application ID: 'com.kfc.mobile'

2023-07-11 20:23:45 - [TEST_STEP][PASSED] - delay(3, STOP_ON_FAILURE): Delayed 3 second(s)

2023-07-11 20:23:48 - [MESSAGE][PASSED] - Delayed 3 second(s)

2023-07-11 20:23:48 - [TEST_STEP][PASSED] - tap(findTestObject("Productions/Menu/My Order"), 0): Tapped on element 'Object Repository/Productions/Menu/My Order'

2023-07-11 20:23:48 - [MESSAGE][WARNING] - Timeout '0' is invalid. Using default page load timeout: '30'

2023-07-11 20:23:50 - [MESSAGE][PASSED] - Tapped on element 'Object Repository/Productions/Menu/My Order'

2023-07-11 20:23:50 - [TEST_STEP][PASSED] - delay(3, STOP_ON_FAILURE): Delayed 3 second(s)

2023-07-11 20:23:53 - [MESSAGE][PASSED] - Delayed 3 second(s)

2023-07-11 20:23:53 - [TEST_STEP][PASSED] - verifyElementVisible(findTestObject("Productions/My Order/Title - MY ORDER"), 0): Element 'Object Repository/Productions/My Order/Title - MY ORDER' is visible

2023-07-11 20:23:53 - [MESSAGE][WARNING] - Timeout '0' is invalid. Using default page load timeout: '30'

2023-07-11 20:23:54 - [MESSAGE][PASSED] - Element 'Object Repository/Productions/My Order/Title - MY ORDER' is visible

2023-07-11 20:23:54 - [TEST_STEP][PASSED] - tap(findTestObject("Productions/My Order/Order Detail - PNP/Snack Bucket Margheritta 1"), 0): Tapped on element 'Object Repository/Productions/My Order/Order Detail - PNP/Snack Bucket Margheritta 1'

2023-07-11 20:23:54 - [MESSAGE][WARNING] - Timeout '0' is invalid. Using default page load timeout: '30'

2023-07-11 20:23:55 - [MESSAGE][PASSED] - Tapped on element 'Object Repository/Productions/My Order/Order Detail - PNP/Snack Bucket Margheritta 1'

2023-07-11 20:23:55 - [TEST_STEP][PASSED] - delay(3, STOP_ON_FAILURE): Delayed 3 second(s)

2023-07-11 20:23:58 - [MESSAGE][PASSED] - Delayed 3 second(s)

2023-07-11 20:23:58 - [TEST_STEP][PASSED] - verifyElementVisible(findTestObject("Productions/My Order/Order Detail - PNP/Pick Number"), 0): Element 'Object Repository/Productions/My Order/Order Detail - PNP/Pick Number' is visible

2023-07-11 20:23:58 - [MESSAGE][WARNING] - Timeout '0' is invalid. Using default page load timeout: '30'

2023-07-11 20:24:00 - [MESSAGE][PASSED] - Element 'Object Repository/Productions/My Order/Order Detail - PNP/Pick Number' is visible

2023-07-11 20:24:00 - [TEST_STEP][PASSED] - verifyElementVisible(findTestObject("Productions/My Order/Order Detail - PNP/Order Type"), 0): Element 'Object Repository/Productions/My Order/Order Detail - PNP/Order Type' is visible

2023-07-11 20:24:00 - [MESSAGE][WARNING] - Timeout '0' is invalid. Using default page load timeout: '30'

2023-07-11 20:24:00 - [MESSAGE][PASSED] - Element 'Object Repository/Productions/My Order/Order Detail - PNP/Order Type' is visible

2023-07-11 20:24:00 - [TEST_STEP][PASSED] - verifyElementVisible(findTestObject("Productions/My Order/Order Detail - PNP/Pick Up Outlet"), 0): Element 'Object Repository/Productions/My Order/Order Detail - PNP/Pick Up Outlet' is visible

2023-07-11 20:24:00 - [MESSAGE][WARNING] - Timeout '0' is invalid. Using default page load timeout: '30'

2023-07-11 20:24:02 - [MESSAGE][PASSED] - Element 'Object Repository/Productions/My Order/Order Detail - PNP/Pick Up Outlet' is visible

2023-07-11 20:24:02 - [TEST_STEP][PASSED] - verifyElementVisible(findTestObject("Productions/My Order/Order Detail - PNP/Order Items"), 0): Element 'Object Repository/Productions/My Order/Order Detail - PNP/Order Items' is visible

2023-07-11 20:24:02 - [MESSAGE][WARNING] - Timeout '0' is invalid. Using default page load timeout: '30'

2023-07-11 20:24:03 - [MESSAGE][PASSED] - Element 'Object Repository/Productions/My Order/Order Detail - PNP/Order Items' is visible

2023-07-11 20:24:03 - [TEST_STEP][PASSED] - scrollToText("Total", STOP_ON_FAILURE): Scrolling to text 'Total' successfully

2023-07-11 20:24:07 - [MESSAGE][PASSED] - Scrolling to text 'Total' successfully

2023-07-11 20:24:07 - [TEST_STEP][PASSED] - verifyElementVisible(findTestObject("Productions/My Order/Order Detail - HMD/Instant Reward"), 0): Element 'Object Repository/Productions/My Order/Order Detail - HMD/Instant Reward' is visible

2023-07-11 20:24:07 - [MESSAGE][WARNING] - Timeout '0' is invalid. Using default page load timeout: '30'

2023-07-11 20:24:08 - [MESSAGE][PASSED] - Element 'Object Repository/Productions/My Order/Order Detail - HMD/Instant Reward' is visible

2023-07-11 20:24:08 - [TEST_STEP][PASSED] - verifyElementVisible(findTestObject("Productions/My Order/Order Detail - PNP/Order Summary"), 0): Element 'Object Repository/Productions/My Order/Order Detail - PNP/Order Summary' is visible

2023-07-11 20:24:08 - [MESSAGE][WARNING] - Timeout '0' is invalid. Using default page load timeout: '30'

2023-07-11 20:24:09 - [MESSAGE][PASSED] - Element 'Object Repository/Productions/My Order/Order Detail - PNP/Order Summary' is visible

2023-07-11 20:24:09 - [TEST_STEP][PASSED] - closeApplication(): Close app successfully

2023-07-11 20:24:09 - [MESSAGE][PASSED] - Close app successfully

2023-07-11 20:24:09 - [TEST_STEP][PASSED] - Start listener action : sampleAfterTestCase: null

2023-07-11 20:24:09 - [TEST_STEP][PASSED] - println(testCaseContext.getTestCaseId()): null

2023-07-11 20:24:09 - [TEST_STEP][PASSED] - println(testCaseContext.getTestCaseStatus()): null]]></system-out>
         <system-err><![CDATA[]]></system-err>
      </testcase>
      <testcase name="Test Cases/Production/Create Order/HMD/HMD - QR" time="127.671" classname="Test Cases/Production/Create Order/HMD/HMD - QR" status="PASSED">
         <system-out><![CDATA[2023-07-11 20:24:09 - [TEST_CASE][PASSED] - Test Cases/Production/Create Order/HMD/HMD - QR: Test Cases/Production/Create Order/HMD/HMD - QR

2023-07-11 20:24:10 - [TEST_STEP][PASSED] - startExistingApplication("com.kfc.mobile", STOP_ON_FAILURE): Starting app with application ID: 'com.kfc.mobile'

2023-07-11 20:24:10 - [MESSAGE][INFO] - User set preference: ['appPackage', 'com.kfc.mobile']

2023-07-11 20:24:10 - [MESSAGE][INFO] - User set preference: ['appActivity', 'com.kfc.mobile.presentation.splash.SplashActivity']

2023-07-11 20:24:10 - [MESSAGE][INFO] - User set preference: ['noReset', 'true']

2023-07-11 20:24:10 - [MESSAGE][INFO] - User set preference: ['deviceId', '']

2023-07-11 20:24:10 - [MESSAGE][INFO] - Detected NodeJS location: "C:\Program Files\nodejs\node.exe"

2023-07-11 20:24:13 - [MESSAGE][INFO] - Appium server started on port 60,892

2023-07-11 20:24:32 - [MESSAGE][PASSED] - Starting app with application ID: 'com.kfc.mobile'

2023-07-11 20:24:32 - [TEST_STEP][PASSED] - delay(5, STOP_ON_FAILURE): Delayed 5 second(s)

2023-07-11 20:24:37 - [MESSAGE][PASSED] - Delayed 5 second(s)

2023-07-11 20:24:37 - [TEST_STEP][PASSED] - swipe(281, 500, 434, 170): Swiped from 281,500 to 434,170

2023-07-11 20:24:39 - [MESSAGE][PASSED] - Swiped from 281,500 to 434,170

2023-07-11 20:24:39 - [TEST_STEP][PASSED] - tap(findTestObject("Productions/Create Order/HMD/Menu - DELIVERY"), 5): Tapped on element 'Object Repository/Productions/Create Order/HMD/Menu - DELIVERY'

2023-07-11 20:24:41 - [MESSAGE][PASSED] - Tapped on element 'Object Repository/Productions/Create Order/HMD/Menu - DELIVERY'

2023-07-11 20:24:41 - [TEST_STEP][PASSED] - verifyElementVisible(findTestObject("Productions/Create Order/HMD/Search Location - Search Bar"), 5): Element 'Object Repository/Productions/Create Order/HMD/Search Location - Search Bar' is visible

2023-07-11 20:24:45 - [MESSAGE][PASSED] - Element 'Object Repository/Productions/Create Order/HMD/Search Location - Search Bar' is visible

2023-07-11 20:24:45 - [TEST_STEP][PASSED] - tap(findTestObject("Productions/Create Order/HMD/Search Location - Search Bar"), 0, STOP_ON_FAILURE): Tapped on element 'Object Repository/Productions/Create Order/HMD/Search Location - Search Bar'

2023-07-11 20:24:45 - [MESSAGE][WARNING] - Timeout '0' is invalid. Using default page load timeout: '30'

2023-07-11 20:24:46 - [MESSAGE][PASSED] - Tapped on element 'Object Repository/Productions/Create Order/HMD/Search Location - Search Bar'

2023-07-11 20:24:46 - [TEST_STEP][PASSED] - setText(findTestObject("Productions/Create Order/HMD/Input Location - Search Bar"), "Kemang", 5): Text 'Kemang' has been set to element 'Object Repository/Productions/Create Order/HMD/Input Location - Search Bar'

2023-07-11 20:24:50 - [MESSAGE][PASSED] - Text 'Kemang' has been set to element 'Object Repository/Productions/Create Order/HMD/Input Location - Search Bar'

2023-07-11 20:24:50 - [TEST_STEP][PASSED] - hideKeyboard(): Keyboard is hidden

2023-07-11 20:24:54 - [MESSAGE][PASSED] - Keyboard is hidden

2023-07-11 20:24:54 - [TEST_STEP][PASSED] - delay(5, STOP_ON_FAILURE): Delayed 5 second(s)

2023-07-11 20:24:59 - [MESSAGE][PASSED] - Delayed 5 second(s)

2023-07-11 20:24:59 - [TEST_STEP][PASSED] - tap(findTestObject("Productions/Create Order/HMD/kemang village"), 0): Tapped on element 'Object Repository/Productions/Create Order/HMD/kemang village'

2023-07-11 20:24:59 - [MESSAGE][WARNING] - Timeout '0' is invalid. Using default page load timeout: '30'

2023-07-11 20:25:00 - [MESSAGE][PASSED] - Tapped on element 'Object Repository/Productions/Create Order/HMD/kemang village'

2023-07-11 20:25:00 - [TEST_STEP][PASSED] - delay(3, STOP_ON_FAILURE): Delayed 3 second(s)

2023-07-11 20:25:03 - [MESSAGE][PASSED] - Delayed 3 second(s)

2023-07-11 20:25:03 - [TEST_STEP][PASSED] - tap(findTestObject("Productions/Create Order/HMD/KEMANG"), 0): Tapped on element 'Object Repository/Productions/Create Order/HMD/KEMANG'

2023-07-11 20:25:03 - [MESSAGE][WARNING] - Timeout '0' is invalid. Using default page load timeout: '30'

2023-07-11 20:25:04 - [MESSAGE][PASSED] - Tapped on element 'Object Repository/Productions/Create Order/HMD/KEMANG'

2023-07-11 20:25:04 - [TEST_STEP][PASSED] - delay(3, STOP_ON_FAILURE): Delayed 3 second(s)

2023-07-11 20:25:07 - [MESSAGE][PASSED] - Delayed 3 second(s)

2023-07-11 20:25:07 - [TEST_STEP][PASSED] - tap(findTestObject("Productions/Create Order/PNP/Dine In/Button - Add"), 3): Tapped on element 'Object Repository/Productions/Create Order/PNP/Dine In/Button - Add'

2023-07-11 20:25:09 - [MESSAGE][PASSED] - Tapped on element 'Object Repository/Productions/Create Order/PNP/Dine In/Button - Add'

2023-07-11 20:25:09 - [TEST_STEP][PASSED] - delay(3, STOP_ON_FAILURE): Delayed 3 second(s)

2023-07-11 20:25:12 - [MESSAGE][PASSED] - Delayed 3 second(s)

2023-07-11 20:25:12 - [TEST_STEP][PASSED] - tap(findTestObject("Productions/Create Order/PNP/Dine In/Button - Continue Custom"), 5): Tapped on element 'Object Repository/Productions/Create Order/PNP/Dine In/Button - Continue Custom'

2023-07-11 20:25:13 - [MESSAGE][PASSED] - Tapped on element 'Object Repository/Productions/Create Order/PNP/Dine In/Button - Continue Custom'

2023-07-11 20:25:13 - [TEST_STEP][PASSED] - tap(findTestObject("Productions/Create Order/PNP/Dine In/Next Button Order"), 5): Tapped on element 'Object Repository/Productions/Create Order/PNP/Dine In/Next Button Order'

2023-07-11 20:25:15 - [MESSAGE][PASSED] - Tapped on element 'Object Repository/Productions/Create Order/PNP/Dine In/Next Button Order'

2023-07-11 20:25:15 - [TEST_STEP][PASSED] - delay(5, STOP_ON_FAILURE): Delayed 5 second(s)

2023-07-11 20:25:20 - [MESSAGE][PASSED] - Delayed 5 second(s)

2023-07-11 20:25:20 - [TEST_STEP][PASSED] - verifyElementVisible(findTestObject("Productions/Create Order/PNP/Dine In/You Got Free GOCENG"), 5): Element 'Object Repository/Productions/Create Order/PNP/Dine In/You Got Free GOCENG' is visible

2023-07-11 20:25:21 - [MESSAGE][PASSED] - Element 'Object Repository/Productions/Create Order/PNP/Dine In/You Got Free GOCENG' is visible

2023-07-11 20:25:21 - [TEST_STEP][PASSED] - verifyElementVisible(findTestObject("Productions/Create Order/PNP/Dine In/Continue Choose Reward"), 5): Element 'Object Repository/Productions/Create Order/PNP/Dine In/Continue Choose Reward' is visible

2023-07-11 20:25:21 - [MESSAGE][PASSED] - Element 'Object Repository/Productions/Create Order/PNP/Dine In/Continue Choose Reward' is visible

2023-07-11 20:25:21 - [TEST_STEP][PASSED] - tap(findTestObject("Productions/Create Order/PNP/Dine In/Continue Choose Reward"), 5): Tapped on element 'Object Repository/Productions/Create Order/PNP/Dine In/Continue Choose Reward'

2023-07-11 20:25:22 - [MESSAGE][PASSED] - Tapped on element 'Object Repository/Productions/Create Order/PNP/Dine In/Continue Choose Reward'

2023-07-11 20:25:22 - [TEST_STEP][PASSED] - delay(5, STOP_ON_FAILURE): Delayed 5 second(s)

2023-07-11 20:25:27 - [MESSAGE][PASSED] - Delayed 5 second(s)

2023-07-11 20:25:27 - [TEST_STEP][PASSED] - tap(findTestObject("Productions/Create Order/PNP/Dine In/Button - Choose Now Reward"), 5): Tapped on element 'Object Repository/Productions/Create Order/PNP/Dine In/Button - Choose Now Reward'

2023-07-11 20:25:28 - [MESSAGE][PASSED] - Tapped on element 'Object Repository/Productions/Create Order/PNP/Dine In/Button - Choose Now Reward'

2023-07-11 20:25:28 - [TEST_STEP][PASSED] - delay(5, STOP_ON_FAILURE): Delayed 5 second(s)

2023-07-11 20:25:33 - [MESSAGE][PASSED] - Delayed 5 second(s)

2023-07-11 20:25:33 - [TEST_STEP][PASSED] - tap(findTestObject("Productions/Create Order/PNP/Dine In/Button - Add Reward"), 5): Tapped on element 'Object Repository/Productions/Create Order/PNP/Dine In/Button - Add Reward'

2023-07-11 20:25:34 - [MESSAGE][PASSED] - Tapped on element 'Object Repository/Productions/Create Order/PNP/Dine In/Button - Add Reward'

2023-07-11 20:25:34 - [TEST_STEP][PASSED] - tap(findTestObject("Productions/Create Order/PNP/Dine In/Button - Confirm Reward"), 5): Tapped on element 'Object Repository/Productions/Create Order/PNP/Dine In/Button - Confirm Reward'

2023-07-11 20:25:35 - [MESSAGE][PASSED] - Tapped on element 'Object Repository/Productions/Create Order/PNP/Dine In/Button - Confirm Reward'

2023-07-11 20:25:35 - [TEST_STEP][PASSED] - swipe(281, 500, 434, 161): Swiped from 281,500 to 434,161

2023-07-11 20:25:36 - [MESSAGE][PASSED] - Swiped from 281,500 to 434,161

2023-07-11 20:25:36 - [TEST_STEP][PASSED] - scrollToText("TOTAL", STOP_ON_FAILURE): Scrolling to text 'TOTAL' successfully

2023-07-11 20:25:42 - [MESSAGE][PASSED] - Scrolling to text 'TOTAL' successfully

2023-07-11 20:25:42 - [TEST_STEP][PASSED] - setText(findTestObject("Productions/Create Order/HMD/Add notes for your driver"), "Rumah depan POS satpam", 0): Text 'Rumah depan POS satpam' has been set to element 'Object Repository/Productions/Create Order/HMD/Add notes for your driver'

2023-07-11 20:25:42 - [MESSAGE][WARNING] - Timeout '0' is invalid. Using default page load timeout: '30'

2023-07-11 20:25:43 - [MESSAGE][PASSED] - Text 'Rumah depan POS satpam' has been set to element 'Object Repository/Productions/Create Order/HMD/Add notes for your driver'

2023-07-11 20:25:43 - [TEST_STEP][PASSED] - tap(findTestObject("Productions/Create Order/HMD/Select Delivery Method"), 5): Tapped on element 'Object Repository/Productions/Create Order/HMD/Select Delivery Method'

2023-07-11 20:25:44 - [MESSAGE][PASSED] - Tapped on element 'Object Repository/Productions/Create Order/HMD/Select Delivery Method'

2023-07-11 20:25:44 - [TEST_STEP][PASSED] - delay(7, STOP_ON_FAILURE): Delayed 7 second(s)

2023-07-11 20:25:51 - [MESSAGE][PASSED] - Delayed 7 second(s)

2023-07-11 20:25:51 - [TEST_STEP][PASSED] - tap(findTestObject("Productions/Create Order/HMD/GrabExpress"), 5): Tapped on element 'Object Repository/Productions/Create Order/HMD/GrabExpress'

2023-07-11 20:25:52 - [MESSAGE][PASSED] - Tapped on element 'Object Repository/Productions/Create Order/HMD/GrabExpress'

2023-07-11 20:25:52 - [TEST_STEP][PASSED] - tap(findTestObject("Productions/Create Order/HMD/Button - Select"), 5): Tapped on element 'Object Repository/Productions/Create Order/HMD/Button - Select'

2023-07-11 20:25:53 - [MESSAGE][PASSED] - Tapped on element 'Object Repository/Productions/Create Order/HMD/Button - Select'

2023-07-11 20:25:53 - [TEST_STEP][PASSED] - delay(5, STOP_ON_FAILURE): Delayed 5 second(s)

2023-07-11 20:25:58 - [MESSAGE][PASSED] - Delayed 5 second(s)

2023-07-11 20:25:58 - [TEST_STEP][PASSED] - tap(findTestObject("Productions/Create Order/PNP/Dine In/Select Payment Method"), 5): Tapped on element 'Object Repository/Productions/Create Order/PNP/Dine In/Select Payment Method'

2023-07-11 20:25:58 - [MESSAGE][PASSED] - Tapped on element 'Object Repository/Productions/Create Order/PNP/Dine In/Select Payment Method'

2023-07-11 20:25:58 - [TEST_STEP][PASSED] - delay(5, STOP_ON_FAILURE): Delayed 5 second(s)

2023-07-11 20:26:03 - [MESSAGE][PASSED] - Delayed 5 second(s)

2023-07-11 20:26:03 - [TEST_STEP][PASSED] - verifyElementVisible(findTestObject("Productions/Create Order/PNP/Dine In/Group Payment Method"), 5): Element 'Object Repository/Productions/Create Order/PNP/Dine In/Group Payment Method' is visible

2023-07-11 20:26:04 - [MESSAGE][PASSED] - Element 'Object Repository/Productions/Create Order/PNP/Dine In/Group Payment Method' is visible

2023-07-11 20:26:04 - [TEST_STEP][PASSED] - tap(findTestObject("Productions/Create Order/Payment Method/Payment QRIS"), 5): Tapped on element 'Object Repository/Productions/Create Order/Payment Method/Payment QRIS'

2023-07-11 20:26:04 - [MESSAGE][PASSED] - Tapped on element 'Object Repository/Productions/Create Order/Payment Method/Payment QRIS'

2023-07-11 20:26:04 - [TEST_STEP][PASSED] - tap(findTestObject("Productions/Create Order/Payment Method/Button - Save Payment"), 5): Tapped on element 'Object Repository/Productions/Create Order/Payment Method/Button - Save Payment'

2023-07-11 20:26:06 - [MESSAGE][PASSED] - Tapped on element 'Object Repository/Productions/Create Order/Payment Method/Button - Save Payment'

2023-07-11 20:26:06 - [TEST_STEP][PASSED] - delay(5, STOP_ON_FAILURE): Delayed 5 second(s)

2023-07-11 20:26:11 - [MESSAGE][PASSED] - Delayed 5 second(s)

2023-07-11 20:26:11 - [TEST_STEP][PASSED] - swipe(281, 500, 434, 161): Swiped from 281,500 to 434,161

2023-07-11 20:26:12 - [MESSAGE][PASSED] - Swiped from 281,500 to 434,161

2023-07-11 20:26:12 - [TEST_STEP][PASSED] - delay(5, STOP_ON_FAILURE): Delayed 5 second(s)

2023-07-11 20:26:17 - [MESSAGE][PASSED] - Delayed 5 second(s)

2023-07-11 20:26:17 - [TEST_STEP][PASSED] - Start listener action : sampleAfterTestCase: null

2023-07-11 20:26:17 - [TEST_STEP][PASSED] - println(testCaseContext.getTestCaseId()): null

2023-07-11 20:26:17 - [TEST_STEP][PASSED] - println(testCaseContext.getTestCaseStatus()): null]]></system-out>
         <system-err><![CDATA[]]></system-err>
      </testcase>
      <testcase name="Test Cases/Production/Create Order/PNP/Take Away/Take Away - Credit Card" time="104.754" classname="Test Cases/Production/Create Order/PNP/Take Away/Take Away - Credit Card" status="PASSED">
         <system-out><![CDATA[2023-07-11 20:26:17 - [TEST_CASE][PASSED] - Test Cases/Production/Create Order/PNP/Take Away/Take Away - Credit Card: Test Cases/Production/Create Order/PNP/Take Away/Take Away - Credit Card

2023-07-11 20:26:18 - [TEST_STEP][PASSED] - startExistingApplication("com.kfc.mobile", STOP_ON_FAILURE): Starting app with application ID: 'com.kfc.mobile'

2023-07-11 20:26:18 - [MESSAGE][INFO] - User set preference: ['appPackage', 'com.kfc.mobile']

2023-07-11 20:26:18 - [MESSAGE][INFO] - User set preference: ['appActivity', 'com.kfc.mobile.presentation.splash.SplashActivity']

2023-07-11 20:26:18 - [MESSAGE][INFO] - User set preference: ['noReset', 'true']

2023-07-11 20:26:18 - [MESSAGE][INFO] - User set preference: ['deviceId', '']

2023-07-11 20:26:35 - [MESSAGE][PASSED] - Starting app with application ID: 'com.kfc.mobile'

2023-07-11 20:26:35 - [TEST_STEP][PASSED] - delay(5, STOP_ON_FAILURE): Delayed 5 second(s)

2023-07-11 20:26:40 - [MESSAGE][PASSED] - Delayed 5 second(s)

2023-07-11 20:26:40 - [TEST_STEP][PASSED] - tap(findTestObject("Productions/Menu/Home"), 5): Tapped on element 'Object Repository/Productions/Menu/Home'

2023-07-11 20:26:43 - [MESSAGE][PASSED] - Tapped on element 'Object Repository/Productions/Menu/Home'

2023-07-11 20:26:43 - [TEST_STEP][PASSED] - swipe(281, 500, 434, 170): Swiped from 281,500 to 434,170

2023-07-11 20:26:44 - [MESSAGE][PASSED] - Swiped from 281,500 to 434,170

2023-07-11 20:26:44 - [TEST_STEP][PASSED] - tap(findTestObject("Productions/Create Order/PNP/Dine In/Menu - DINE-IN"), 5): Tapped on element 'Object Repository/Productions/Create Order/PNP/Dine In/Menu - DINE-IN'

2023-07-11 20:26:45 - [MESSAGE][PASSED] - Tapped on element 'Object Repository/Productions/Create Order/PNP/Dine In/Menu - DINE-IN'

2023-07-11 20:26:45 - [TEST_STEP][PASSED] - verifyElementVisible(findTestObject("Productions/Create Order/PNP/Dine In/Search KFC Outlet"), 5): Element 'Object Repository/Productions/Create Order/PNP/Dine In/Search KFC Outlet' is visible

2023-07-11 20:26:48 - [MESSAGE][PASSED] - Element 'Object Repository/Productions/Create Order/PNP/Dine In/Search KFC Outlet' is visible

2023-07-11 20:26:48 - [TEST_STEP][PASSED] - tap(findTestObject("Productions/Create Order/PNP/Dine In/Search KFC Outlet"), 0, STOP_ON_FAILURE): Tapped on element 'Object Repository/Productions/Create Order/PNP/Dine In/Search KFC Outlet'

2023-07-11 20:26:49 - [MESSAGE][WARNING] - Timeout '0' is invalid. Using default page load timeout: '30'

2023-07-11 20:26:49 - [MESSAGE][PASSED] - Tapped on element 'Object Repository/Productions/Create Order/PNP/Dine In/Search KFC Outlet'

2023-07-11 20:26:49 - [TEST_STEP][PASSED] - setText(findTestObject("Productions/Create Order/PNP/Dine In/EditText - Search KFC Outlet"), "Kemang", 5): Text 'Kemang' has been set to element 'Object Repository/Productions/Create Order/PNP/Dine In/EditText - Search KFC Outlet'

2023-07-11 20:26:52 - [MESSAGE][PASSED] - Text 'Kemang' has been set to element 'Object Repository/Productions/Create Order/PNP/Dine In/EditText - Search KFC Outlet'

2023-07-11 20:26:52 - [TEST_STEP][PASSED] - hideKeyboard(): Keyboard is hidden

2023-07-11 20:26:56 - [MESSAGE][PASSED] - Keyboard is hidden

2023-07-11 20:26:56 - [TEST_STEP][PASSED] - delay(5, STOP_ON_FAILURE): Delayed 5 second(s)

2023-07-11 20:27:01 - [MESSAGE][PASSED] - Delayed 5 second(s)

2023-07-11 20:27:01 - [TEST_STEP][PASSED] - waitForElementPresent(findTestObject("Productions/Create Order/PNP/Dine In/Button - Select Outlet"), 5): Element 'Object Repository/Productions/Create Order/PNP/Dine In/Button - Select Outlet' is present

2023-07-11 20:27:02 - [MESSAGE][PASSED] - Element 'Object Repository/Productions/Create Order/PNP/Dine In/Button - Select Outlet' is present

2023-07-11 20:27:02 - [TEST_STEP][PASSED] - tap(findTestObject("Productions/Create Order/PNP/Dine In/Button - Select Outlet"), 0): Tapped on element 'Object Repository/Productions/Create Order/PNP/Dine In/Button - Select Outlet'

2023-07-11 20:27:02 - [MESSAGE][WARNING] - Timeout '0' is invalid. Using default page load timeout: '30'

2023-07-11 20:27:02 - [MESSAGE][PASSED] - Tapped on element 'Object Repository/Productions/Create Order/PNP/Dine In/Button - Select Outlet'

2023-07-11 20:27:02 - [TEST_STEP][PASSED] - delay(5, STOP_ON_FAILURE): Delayed 5 second(s)

2023-07-11 20:27:07 - [MESSAGE][PASSED] - Delayed 5 second(s)

2023-07-11 20:27:07 - [TEST_STEP][PASSED] - verifyElementVisible(findTestObject("Productions/Create Order/PNP/Dine In/List Menu Group"), 5): Element 'Object Repository/Productions/Create Order/PNP/Dine In/List Menu Group' is visible

2023-07-11 20:27:08 - [MESSAGE][PASSED] - Element 'Object Repository/Productions/Create Order/PNP/Dine In/List Menu Group' is visible

2023-07-11 20:27:08 - [TEST_STEP][PASSED] - tap(findTestObject("Productions/Create Order/PNP/Dine In/List Menu Group"), 5): Tapped on element 'Object Repository/Productions/Create Order/PNP/Dine In/List Menu Group'

2023-07-11 20:27:09 - [MESSAGE][PASSED] - Tapped on element 'Object Repository/Productions/Create Order/PNP/Dine In/List Menu Group'

2023-07-11 20:27:09 - [TEST_STEP][PASSED] - delay(3, STOP_ON_FAILURE): Delayed 3 second(s)

2023-07-11 20:27:12 - [MESSAGE][PASSED] - Delayed 3 second(s)

2023-07-11 20:27:12 - [TEST_STEP][PASSED] - tap(findTestObject("Productions/Create Order/PNP/Dine In/Breakfast"), 3): Tapped on element 'Object Repository/Productions/Create Order/PNP/Dine In/Breakfast'

2023-07-11 20:27:12 - [MESSAGE][PASSED] - Tapped on element 'Object Repository/Productions/Create Order/PNP/Dine In/Breakfast'

2023-07-11 20:27:12 - [TEST_STEP][PASSED] - tap(findTestObject("Productions/Create Order/PNP/Dine In/List Menu Group"), 3): Tapped on element 'Object Repository/Productions/Create Order/PNP/Dine In/List Menu Group'

2023-07-11 20:27:16 - [MESSAGE][PASSED] - Tapped on element 'Object Repository/Productions/Create Order/PNP/Dine In/List Menu Group'

2023-07-11 20:27:16 - [TEST_STEP][PASSED] - delay(3, STOP_ON_FAILURE): Delayed 3 second(s)

2023-07-11 20:27:19 - [MESSAGE][PASSED] - Delayed 3 second(s)

2023-07-11 20:27:19 - [TEST_STEP][PASSED] - tap(findTestObject("Productions/Create Order/PNP/Dine In/Spesial"), 3): Tapped on element 'Object Repository/Productions/Create Order/PNP/Dine In/Spesial'

2023-07-11 20:27:20 - [MESSAGE][PASSED] - Tapped on element 'Object Repository/Productions/Create Order/PNP/Dine In/Spesial'

2023-07-11 20:27:20 - [TEST_STEP][PASSED] - tap(findTestObject("Productions/Create Order/PNP/Dine In/Button - Add"), 3): Tapped on element 'Object Repository/Productions/Create Order/PNP/Dine In/Button - Add'

2023-07-11 20:27:23 - [MESSAGE][PASSED] - Tapped on element 'Object Repository/Productions/Create Order/PNP/Dine In/Button - Add'

2023-07-11 20:27:23 - [TEST_STEP][PASSED] - delay(3, STOP_ON_FAILURE): Delayed 3 second(s)

2023-07-11 20:27:26 - [MESSAGE][PASSED] - Delayed 3 second(s)

2023-07-11 20:27:26 - [TEST_STEP][PASSED] - tap(findTestObject("Productions/Create Order/PNP/Dine In/Button - Continue Custom"), 5): Tapped on element 'Object Repository/Productions/Create Order/PNP/Dine In/Button - Continue Custom'

2023-07-11 20:27:26 - [MESSAGE][PASSED] - Tapped on element 'Object Repository/Productions/Create Order/PNP/Dine In/Button - Continue Custom'

2023-07-11 20:27:26 - [TEST_STEP][PASSED] - tap(findTestObject("Productions/Create Order/PNP/Dine In/Next Button Order"), 5): Tapped on element 'Object Repository/Productions/Create Order/PNP/Dine In/Next Button Order'

2023-07-11 20:27:28 - [MESSAGE][PASSED] - Tapped on element 'Object Repository/Productions/Create Order/PNP/Dine In/Next Button Order'

2023-07-11 20:27:28 - [TEST_STEP][PASSED] - verifyElementVisible(findTestObject("Productions/Create Order/PNP/Dine In/You Got Free GOCENG"), 5): Element 'Object Repository/Productions/Create Order/PNP/Dine In/You Got Free GOCENG' is visible

2023-07-11 20:27:30 - [MESSAGE][PASSED] - Element 'Object Repository/Productions/Create Order/PNP/Dine In/You Got Free GOCENG' is visible

2023-07-11 20:27:30 - [TEST_STEP][PASSED] - verifyElementVisible(findTestObject("Productions/Create Order/PNP/Dine In/Continue Choose Reward"), 5): Element 'Object Repository/Productions/Create Order/PNP/Dine In/Continue Choose Reward' is visible

2023-07-11 20:27:31 - [MESSAGE][PASSED] - Element 'Object Repository/Productions/Create Order/PNP/Dine In/Continue Choose Reward' is visible

2023-07-11 20:27:31 - [TEST_STEP][PASSED] - tap(findTestObject("Productions/Create Order/PNP/Dine In/Continue Choose Reward"), 5): Tapped on element 'Object Repository/Productions/Create Order/PNP/Dine In/Continue Choose Reward'

2023-07-11 20:27:31 - [MESSAGE][PASSED] - Tapped on element 'Object Repository/Productions/Create Order/PNP/Dine In/Continue Choose Reward'

2023-07-11 20:27:31 - [TEST_STEP][PASSED] - delay(5, STOP_ON_FAILURE): Delayed 5 second(s)

2023-07-11 20:27:36 - [MESSAGE][PASSED] - Delayed 5 second(s)

2023-07-11 20:27:36 - [TEST_STEP][PASSED] - tap(findTestObject("Productions/Create Order/PNP/Dine In/Button - Choose Now Reward"), 5): Tapped on element 'Object Repository/Productions/Create Order/PNP/Dine In/Button - Choose Now Reward'

2023-07-11 20:27:39 - [MESSAGE][PASSED] - Tapped on element 'Object Repository/Productions/Create Order/PNP/Dine In/Button - Choose Now Reward'

2023-07-11 20:27:39 - [TEST_STEP][PASSED] - tap(findTestObject("Productions/Create Order/PNP/Dine In/Button - Add Reward"), 5): Tapped on element 'Object Repository/Productions/Create Order/PNP/Dine In/Button - Add Reward'

2023-07-11 20:27:41 - [MESSAGE][PASSED] - Tapped on element 'Object Repository/Productions/Create Order/PNP/Dine In/Button - Add Reward'

2023-07-11 20:27:41 - [TEST_STEP][PASSED] - tap(findTestObject("Productions/Create Order/PNP/Dine In/Button - Confirm Reward"), 5): Tapped on element 'Object Repository/Productions/Create Order/PNP/Dine In/Button - Confirm Reward'

2023-07-11 20:27:42 - [MESSAGE][PASSED] - Tapped on element 'Object Repository/Productions/Create Order/PNP/Dine In/Button - Confirm Reward'

2023-07-11 20:27:42 - [TEST_STEP][PASSED] - swipe(281, 500, 434, 161): Swiped from 281,500 to 434,161

2023-07-11 20:27:43 - [MESSAGE][PASSED] - Swiped from 281,500 to 434,161

2023-07-11 20:27:43 - [TEST_STEP][PASSED] - tap(findTestObject("Productions/Create Order/PNP/Dine In/Select Payment Method"), 5): Tapped on element 'Object Repository/Productions/Create Order/PNP/Dine In/Select Payment Method'

2023-07-11 20:27:45 - [MESSAGE][PASSED] - Tapped on element 'Object Repository/Productions/Create Order/PNP/Dine In/Select Payment Method'

2023-07-11 20:27:45 - [TEST_STEP][PASSED] - tap(findTestObject("Productions/Create Order/Payment Method/Payment Credit Card"), 5): Tapped on element 'Object Repository/Productions/Create Order/Payment Method/Payment Credit Card'

2023-07-11 20:27:47 - [MESSAGE][PASSED] - Tapped on element 'Object Repository/Productions/Create Order/Payment Method/Payment Credit Card'

2023-07-11 20:27:47 - [TEST_STEP][PASSED] - tap(findTestObject("Productions/Create Order/Payment Method/Button - Save Payment"), 5): Tapped on element 'Object Repository/Productions/Create Order/Payment Method/Button - Save Payment'

2023-07-11 20:27:48 - [MESSAGE][PASSED] - Tapped on element 'Object Repository/Productions/Create Order/Payment Method/Button - Save Payment'

2023-07-11 20:27:48 - [TEST_STEP][PASSED] - delay(5, STOP_ON_FAILURE): Delayed 5 second(s)

2023-07-11 20:27:53 - [MESSAGE][PASSED] - Delayed 5 second(s)

2023-07-11 20:27:53 - [TEST_STEP][PASSED] - swipe(281, 500, 434, 161): Swiped from 281,500 to 434,161

2023-07-11 20:27:54 - [MESSAGE][PASSED] - Swiped from 281,500 to 434,161

2023-07-11 20:27:54 - [TEST_STEP][PASSED] - delay(7, STOP_ON_FAILURE): Delayed 7 second(s)

2023-07-11 20:28:01 - [MESSAGE][PASSED] - Delayed 7 second(s)

2023-07-11 20:28:01 - [TEST_STEP][PASSED] - closeApplication(): Close app successfully

2023-07-11 20:28:02 - [MESSAGE][PASSED] - Close app successfully

2023-07-11 20:28:02 - [TEST_STEP][PASSED] - Start listener action : sampleAfterTestCase: null

2023-07-11 20:28:02 - [TEST_STEP][PASSED] - println(testCaseContext.getTestCaseId()): null

2023-07-11 20:28:02 - [TEST_STEP][PASSED] - println(testCaseContext.getTestCaseStatus()): null]]></system-out>
         <system-err><![CDATA[]]></system-err>
      </testcase>
      <testcase name="Test Cases/Production/Create Order/PNP/Dine In/Dine In - Debit Card" time="93.501" classname="Test Cases/Production/Create Order/PNP/Dine In/Dine In - Debit Card" status="FAILED">
         <failure type="FAILED" message="Test Cases/Production/Create Order/PNP/Dine In/Dine In - Debit Card FAILED.
Reason:
com.kms.katalon.core.exception.StepFailedException: Failed to tap on element 'Object Repository/Productions/Create Order/PNP/Dine In/Select Payment Method' (Root cause: org.openqa.selenium.StaleElementReferenceException: Cached elements 'By.xpath: //*[@class = 'android.widget.TextView' and (@text = 'Select Payment Method' or . = 'Select Payment Method')]' do not exist in DOM anymore
For documentation on this error, please visit: https://www.seleniumhq.org/exceptions/stale_element_reference.html
Build info: version: '3.141.59', revision: 'e82be7d358', time: '2018-11-14T08:25:53'
System info: host: 'NKC-23', ip: '192.168.1.14', os.name: 'Windows 10', os.arch: 'amd64', os.version: '10.0', java.version: '1.8.0_282'
Driver info: com.kms.katalon.core.appium.driver.SwipeableAndroidDriver
Capabilities {appActivity: com.kfc.mobile.presentation..., appPackage: com.kfc.mobile, autoGrantPermissions: true, automationName: uiautomator2, chromedriverPort: 54830, databaseEnabled: false, desired: {appActivity: com.kfc.mobile.presentation..., appPackage: com.kfc.mobile, autoGrantPermissions: true, automationName: uiautomator2, chromedriverPort: 54830, deviceId: , deviceName: OPPO CPH1803 (Android 8.1.0), newCommandTimeout: 1800, noReset: true, platform: ANDROID, platformName: android, platformVersion: 8.1.0, systemPort: 8295, udid: cefdc881}, deviceApiLevel: 27, deviceId: , deviceManufacturer: OPPO, deviceModel: CPH1803, deviceName: cefdc881, deviceScreenDensity: 320, deviceScreenSize: 720x1520, deviceUDID: cefdc881, javascriptEnabled: true, locationContextEnabled: false, networkConnectionEnabled: true, newCommandTimeout: 1800, noReset: true, pixelRatio: 2, platform: ANDROID, platformName: Android, platformVersion: 8.1.0, statBarHeight: 53, systemPort: 8295, takesScreenshot: true, udid: cefdc881, viewportRect: {height: 1467, left: 0, top: 53, width: 720}, warnings: {}, webStorageEnabled: false}
Session ID: d2aa3af5-7611-464d-b014-930bda20690c
	at org.openqa.selenium.remote.http.W3CHttpResponseCodec.createException(W3CHttpResponseCodec.java:187)
	at org.openqa.selenium.remote.http.W3CHttpResponseCodec.decode(W3CHttpResponseCodec.java:122)
	at org.openqa.selenium.remote.http.W3CHttpResponseCodec.decode(W3CHttpResponseCodec.java:49)
	at org.openqa.selenium.remote.HttpCommandExecutor.execute(HttpCommandExecutor.java:158)
	at io.appium.java_client.remote.AppiumCommandExecutor.execute(AppiumCommandExecutor.java:239)
	at org.openqa.selenium.remote.RemoteWebDriver.execute(RemoteWebDriver.java:552)
	at io.appium.java_client.DefaultGenericMobileDriver.execute(DefaultGenericMobileDriver.java:42)
	at io.appium.java_client.AppiumDriver.execute(AppiumDriver.java:1)
	at io.appium.java_client.android.AndroidDriver.execute(AndroidDriver.java:1)
	at com.kms.katalon.core.appium.driver.SwipeableAndroidDriver.execute(SwipeableAndroidDriver.java:1)
	at org.openqa.selenium.remote.RemoteWebElement.execute(RemoteWebElement.java:285)
	at io.appium.java_client.DefaultGenericMobileElement.execute(DefaultGenericMobileElement.java:45)
	at io.appium.java_client.MobileElement.execute(MobileElement.java:1)
	at io.appium.java_client.android.AndroidElement.execute(AndroidElement.java:1)
	at org.openqa.selenium.remote.RemoteWebElement.click(RemoteWebElement.java:84)
	at com.kms.katalon.core.mobile.keyword.builtin.TapKeyword$_tap_closure1.doCall(TapKeyword.groovy:82)
	at com.kms.katalon.core.mobile.keyword.builtin.TapKeyword$_tap_closure1.call(TapKeyword.groovy)
	at com.kms.katalon.core.mobile.keyword.internal.MobileKeywordMain.runKeyword(MobileKeywordMain.groovy:21)
	at com.kms.katalon.core.mobile.keyword.builtin.TapKeyword.tap(TapKeyword.groovy:84)
	at com.kms.katalon.core.mobile.keyword.builtin.TapKeyword.execute(TapKeyword.groovy:68)
	at com.kms.katalon.core.keyword.internal.KeywordExecutor.executeKeywordForPlatform(KeywordExecutor.groovy:74)
	at com.kms.katalon.core.mobile.keyword.MobileBuiltInKeywords.tap(MobileBuiltInKeywords.groovy:1490)
	at com.kms.katalon.core.mobile.keyword.MobileBuiltInKeywords$tap$0.call(Unknown Source)
	at Dine In - Debit Card.run(Dine In - Debit Card:85)
	at com.kms.katalon.core.main.ScriptEngine.run(ScriptEngine.java:194)
	at com.kms.katalon.core.main.ScriptEngine.runScriptAsRawText(ScriptEngine.java:119)
	at com.kms.katalon.core.main.TestCaseExecutor.runScript(TestCaseExecutor.java:448)
	at com.kms.katalon.core.main.TestCaseExecutor.doExecute(TestCaseExecutor.java:439)
	at com.kms.katalon.core.main.TestCaseExecutor.processExecutionPhase(TestCaseExecutor.java:418)
	at com.kms.katalon.core.main.TestCaseExecutor.accessMainPhase(TestCaseExecutor.java:410)
	at com.kms.katalon.core.main.TestCaseExecutor.execute(TestCaseExecutor.java:285)
	at com.kms.katalon.core.common.CommonExecutor.accessTestCaseMainPhase(CommonExecutor.java:65)
	at com.kms.katalon.core.main.TestSuiteExecutor.accessTestSuiteMainPhase(TestSuiteExecutor.java:151)
	at com.kms.katalon.core.main.TestSuiteExecutor.execute(TestSuiteExecutor.java:106)
	at com.kms.katalon.core.main.TestCaseMain.startTestSuite(TestCaseMain.java:185)
	at com.kms.katalon.core.main.TestCaseMain$startTestSuite$0.call(Unknown Source)
	at TempTestSuite1689081381910.run(TempTestSuite1689081381910.groovy:36)
)
	at com.kms.katalon.core.keyword.internal.KeywordMain.stepFailed(KeywordMain.groovy:50)
	at com.kms.katalon.core.mobile.keyword.internal.MobileKeywordMain.stepFailed(MobileKeywordMain.groovy:40)
	at com.kms.katalon.core.mobile.keyword.internal.MobileKeywordMain.runKeyword(MobileKeywordMain.groovy:23)
	at com.kms.katalon.core.mobile.keyword.builtin.TapKeyword.tap(TapKeyword.groovy:84)
	at com.kms.katalon.core.mobile.keyword.builtin.TapKeyword.execute(TapKeyword.groovy:68)
	at com.kms.katalon.core.keyword.internal.KeywordExecutor.executeKeywordForPlatform(KeywordExecutor.groovy:74)
	at com.kms.katalon.core.mobile.keyword.MobileBuiltInKeywords.tap(MobileBuiltInKeywords.groovy:1490)
	at com.kms.katalon.core.mobile.keyword.MobileBuiltInKeywords$tap$0.call(Unknown Source)
	at Dine In - Debit Card.run(Dine In - Debit Card:85)
	at com.kms.katalon.core.main.ScriptEngine.run(ScriptEngine.java:194)
	at com.kms.katalon.core.main.ScriptEngine.runScriptAsRawText(ScriptEngine.java:119)
	at com.kms.katalon.core.main.TestCaseExecutor.runScript(TestCaseExecutor.java:448)
	at com.kms.katalon.core.main.TestCaseExecutor.doExecute(TestCaseExecutor.java:439)
	at com.kms.katalon.core.main.TestCaseExecutor.processExecutionPhase(TestCaseExecutor.java:418)
	at com.kms.katalon.core.main.TestCaseExecutor.accessMainPhase(TestCaseExecutor.java:410)
	at com.kms.katalon.core.main.TestCaseExecutor.execute(TestCaseExecutor.java:285)
	at com.kms.katalon.core.common.CommonExecutor.accessTestCaseMainPhase(CommonExecutor.java:65)
	at com.kms.katalon.core.main.TestSuiteExecutor.accessTestSuiteMainPhase(TestSuiteExecutor.java:151)
	at com.kms.katalon.core.main.TestSuiteExecutor.execute(TestSuiteExecutor.java:106)
	at com.kms.katalon.core.main.TestCaseMain.startTestSuite(TestCaseMain.java:185)
	at com.kms.katalon.core.main.TestCaseMain$startTestSuite$0.call(Unknown Source)
	at TempTestSuite1689081381910.run(TempTestSuite1689081381910.groovy:36)
Caused by: org.openqa.selenium.StaleElementReferenceException: Cached elements 'By.xpath: //*[@class = 'android.widget.TextView' and (@text = 'Select Payment Method' or . = 'Select Payment Method')]' do not exist in DOM anymore
For documentation on this error, please visit: https://www.seleniumhq.org/exceptions/stale_element_reference.html
Build info: version: '3.141.59', revision: 'e82be7d358', time: '2018-11-14T08:25:53'
System info: host: 'NKC-23', ip: '192.168.1.14', os.name: 'Windows 10', os.arch: 'amd64', os.version: '10.0', java.version: '1.8.0_282'
Driver info: com.kms.katalon.core.appium.driver.SwipeableAndroidDriver
Capabilities {appActivity: com.kfc.mobile.presentation..., appPackage: com.kfc.mobile, autoGrantPermissions: true, automationName: uiautomator2, chromedriverPort: 54830, databaseEnabled: false, desired: {appActivity: com.kfc.mobile.presentation..., appPackage: com.kfc.mobile, autoGrantPermissions: true, automationName: uiautomator2, chromedriverPort: 54830, deviceId: , deviceName: OPPO CPH1803 (Android 8.1.0), newCommandTimeout: 1800, noReset: true, platform: ANDROID, platformName: android, platformVersion: 8.1.0, systemPort: 8295, udid: cefdc881}, deviceApiLevel: 27, deviceId: , deviceManufacturer: OPPO, deviceModel: CPH1803, deviceName: cefdc881, deviceScreenDensity: 320, deviceScreenSize: 720x1520, deviceUDID: cefdc881, javascriptEnabled: true, locationContextEnabled: false, networkConnectionEnabled: true, newCommandTimeout: 1800, noReset: true, pixelRatio: 2, platform: ANDROID, platformName: Android, platformVersion: 8.1.0, statBarHeight: 53, systemPort: 8295, takesScreenshot: true, udid: cefdc881, viewportRect: {height: 1467, left: 0, top: 53, width: 720}, warnings: {}, webStorageEnabled: false}
Session ID: d2aa3af5-7611-464d-b014-930bda20690c
	at org.openqa.selenium.remote.http.W3CHttpResponseCodec.createException(W3CHttpResponseCodec.java:187)
	at org.openqa.selenium.remote.http.W3CHttpResponseCodec.decode(W3CHttpResponseCodec.java:122)
	at org.openqa.selenium.remote.http.W3CHttpResponseCodec.decode(W3CHttpResponseCodec.java:49)
	at org.openqa.selenium.remote.HttpCommandExecutor.execute(HttpCommandExecutor.java:158)
	at io.appium.java_client.remote.AppiumCommandExecutor.execute(AppiumCommandExecutor.java:239)
	at org.openqa.selenium.remote.RemoteWebDriver.execute(RemoteWebDriver.java:552)
	at io.appium.java_client.DefaultGenericMobileDriver.execute(DefaultGenericMobileDriver.java:42)
	at io.appium.java_client.AppiumDriver.execute(AppiumDriver.java:1)
	at io.appium.java_client.android.AndroidDriver.execute(AndroidDriver.java:1)
	at com.kms.katalon.core.appium.driver.SwipeableAndroidDriver.execute(SwipeableAndroidDriver.java:1)
	at org.openqa.selenium.remote.RemoteWebElement.execute(RemoteWebElement.java:285)
	at io.appium.java_client.DefaultGenericMobileElement.execute(DefaultGenericMobileElement.java:45)
	at io.appium.java_client.MobileElement.execute(MobileElement.java:1)
	at io.appium.java_client.android.AndroidElement.execute(AndroidElement.java:1)
	at org.openqa.selenium.remote.RemoteWebElement.click(RemoteWebElement.java:84)
	at com.kms.katalon.core.mobile.keyword.builtin.TapKeyword$_tap_closure1.doCall(TapKeyword.groovy:82)
	at com.kms.katalon.core.mobile.keyword.builtin.TapKeyword$_tap_closure1.call(TapKeyword.groovy)
	at com.kms.katalon.core.mobile.keyword.internal.MobileKeywordMain.runKeyword(MobileKeywordMain.groovy:21)
	... 19 more
"/>
         <system-out><![CDATA[2023-07-11 20:28:02 - [TEST_CASE][FAILED] - Test Cases/Production/Create Order/PNP/Dine In/Dine In - Debit Card: Test Cases/Production/Create Order/PNP/Dine In/Dine In - Debit Card FAILED.
Reason:
com.kms.katalon.core.exception.StepFailedException: Failed to tap on element 'Object Repository/Productions/Create Order/PNP/Dine In/Select Payment Method' (Root cause: org.openqa.selenium.StaleElementReferenceException: Cached elements 'By.xpath: //*[@class = 'android.widget.TextView' and (@text = 'Select Payment Method' or . = 'Select Payment Method')]' do not exist in DOM anymore
For documentation on this error, please visit: https://www.seleniumhq.org/exceptions/stale_element_reference.html
Build info: version: '3.141.59', revision: 'e82be7d358', time: '2018-11-14T08:25:53'
System info: host: 'NKC-23', ip: '192.168.1.14', os.name: 'Windows 10', os.arch: 'amd64', os.version: '10.0', java.version: '1.8.0_282'
Driver info: com.kms.katalon.core.appium.driver.SwipeableAndroidDriver
Capabilities {appActivity: com.kfc.mobile.presentation..., appPackage: com.kfc.mobile, autoGrantPermissions: true, automationName: uiautomator2, chromedriverPort: 54830, databaseEnabled: false, desired: {appActivity: com.kfc.mobile.presentation..., appPackage: com.kfc.mobile, autoGrantPermissions: true, automationName: uiautomator2, chromedriverPort: 54830, deviceId: , deviceName: OPPO CPH1803 (Android 8.1.0), newCommandTimeout: 1800, noReset: true, platform: ANDROID, platformName: android, platformVersion: 8.1.0, systemPort: 8295, udid: cefdc881}, deviceApiLevel: 27, deviceId: , deviceManufacturer: OPPO, deviceModel: CPH1803, deviceName: cefdc881, deviceScreenDensity: 320, deviceScreenSize: 720x1520, deviceUDID: cefdc881, javascriptEnabled: true, locationContextEnabled: false, networkConnectionEnabled: true, newCommandTimeout: 1800, noReset: true, pixelRatio: 2, platform: ANDROID, platformName: Android, platformVersion: 8.1.0, statBarHeight: 53, systemPort: 8295, takesScreenshot: true, udid: cefdc881, viewportRect: {height: 1467, left: 0, top: 53, width: 720}, warnings: {}, webStorageEnabled: false}
Session ID: d2aa3af5-7611-464d-b014-930bda20690c
	at org.openqa.selenium.remote.http.W3CHttpResponseCodec.createException(W3CHttpResponseCodec.java:187)
	at org.openqa.selenium.remote.http.W3CHttpResponseCodec.decode(W3CHttpResponseCodec.java:122)
	at org.openqa.selenium.remote.http.W3CHttpResponseCodec.decode(W3CHttpResponseCodec.java:49)
	at org.openqa.selenium.remote.HttpCommandExecutor.execute(HttpCommandExecutor.java:158)
	at io.appium.java_client.remote.AppiumCommandExecutor.execute(AppiumCommandExecutor.java:239)
	at org.openqa.selenium.remote.RemoteWebDriver.execute(RemoteWebDriver.java:552)
	at io.appium.java_client.DefaultGenericMobileDriver.execute(DefaultGenericMobileDriver.java:42)
	at io.appium.java_client.AppiumDriver.execute(AppiumDriver.java:1)
	at io.appium.java_client.android.AndroidDriver.execute(AndroidDriver.java:1)
	at com.kms.katalon.core.appium.driver.SwipeableAndroidDriver.execute(SwipeableAndroidDriver.java:1)
	at org.openqa.selenium.remote.RemoteWebElement.execute(RemoteWebElement.java:285)
	at io.appium.java_client.DefaultGenericMobileElement.execute(DefaultGenericMobileElement.java:45)
	at io.appium.java_client.MobileElement.execute(MobileElement.java:1)
	at io.appium.java_client.android.AndroidElement.execute(AndroidElement.java:1)
	at org.openqa.selenium.remote.RemoteWebElement.click(RemoteWebElement.java:84)
	at com.kms.katalon.core.mobile.keyword.builtin.TapKeyword$_tap_closure1.doCall(TapKeyword.groovy:82)
	at com.kms.katalon.core.mobile.keyword.builtin.TapKeyword$_tap_closure1.call(TapKeyword.groovy)
	at com.kms.katalon.core.mobile.keyword.internal.MobileKeywordMain.runKeyword(MobileKeywordMain.groovy:21)
	at com.kms.katalon.core.mobile.keyword.builtin.TapKeyword.tap(TapKeyword.groovy:84)
	at com.kms.katalon.core.mobile.keyword.builtin.TapKeyword.execute(TapKeyword.groovy:68)
	at com.kms.katalon.core.keyword.internal.KeywordExecutor.executeKeywordForPlatform(KeywordExecutor.groovy:74)
	at com.kms.katalon.core.mobile.keyword.MobileBuiltInKeywords.tap(MobileBuiltInKeywords.groovy:1490)
	at com.kms.katalon.core.mobile.keyword.MobileBuiltInKeywords$tap$0.call(Unknown Source)
	at Dine In - Debit Card.run(Dine In - Debit Card:85)
	at com.kms.katalon.core.main.ScriptEngine.run(ScriptEngine.java:194)
	at com.kms.katalon.core.main.ScriptEngine.runScriptAsRawText(ScriptEngine.java:119)
	at com.kms.katalon.core.main.TestCaseExecutor.runScript(TestCaseExecutor.java:448)
	at com.kms.katalon.core.main.TestCaseExecutor.doExecute(TestCaseExecutor.java:439)
	at com.kms.katalon.core.main.TestCaseExecutor.processExecutionPhase(TestCaseExecutor.java:418)
	at com.kms.katalon.core.main.TestCaseExecutor.accessMainPhase(TestCaseExecutor.java:410)
	at com.kms.katalon.core.main.TestCaseExecutor.execute(TestCaseExecutor.java:285)
	at com.kms.katalon.core.common.CommonExecutor.accessTestCaseMainPhase(CommonExecutor.java:65)
	at com.kms.katalon.core.main.TestSuiteExecutor.accessTestSuiteMainPhase(TestSuiteExecutor.java:151)
	at com.kms.katalon.core.main.TestSuiteExecutor.execute(TestSuiteExecutor.java:106)
	at com.kms.katalon.core.main.TestCaseMain.startTestSuite(TestCaseMain.java:185)
	at com.kms.katalon.core.main.TestCaseMain$startTestSuite$0.call(Unknown Source)
	at TempTestSuite1689081381910.run(TempTestSuite1689081381910.groovy:36)
)
	at com.kms.katalon.core.keyword.internal.KeywordMain.stepFailed(KeywordMain.groovy:50)
	at com.kms.katalon.core.mobile.keyword.internal.MobileKeywordMain.stepFailed(MobileKeywordMain.groovy:40)
	at com.kms.katalon.core.mobile.keyword.internal.MobileKeywordMain.runKeyword(MobileKeywordMain.groovy:23)
	at com.kms.katalon.core.mobile.keyword.builtin.TapKeyword.tap(TapKeyword.groovy:84)
	at com.kms.katalon.core.mobile.keyword.builtin.TapKeyword.execute(TapKeyword.groovy:68)
	at com.kms.katalon.core.keyword.internal.KeywordExecutor.executeKeywordForPlatform(KeywordExecutor.groovy:74)
	at com.kms.katalon.core.mobile.keyword.MobileBuiltInKeywords.tap(MobileBuiltInKeywords.groovy:1490)
	at com.kms.katalon.core.mobile.keyword.MobileBuiltInKeywords$tap$0.call(Unknown Source)
	at Dine In - Debit Card.run(Dine In - Debit Card:85)
	at com.kms.katalon.core.main.ScriptEngine.run(ScriptEngine.java:194)
	at com.kms.katalon.core.main.ScriptEngine.runScriptAsRawText(ScriptEngine.java:119)
	at com.kms.katalon.core.main.TestCaseExecutor.runScript(TestCaseExecutor.java:448)
	at com.kms.katalon.core.main.TestCaseExecutor.doExecute(TestCaseExecutor.java:439)
	at com.kms.katalon.core.main.TestCaseExecutor.processExecutionPhase(TestCaseExecutor.java:418)
	at com.kms.katalon.core.main.TestCaseExecutor.accessMainPhase(TestCaseExecutor.java:410)
	at com.kms.katalon.core.main.TestCaseExecutor.execute(TestCaseExecutor.java:285)
	at com.kms.katalon.core.common.CommonExecutor.accessTestCaseMainPhase(CommonExecutor.java:65)
	at com.kms.katalon.core.main.TestSuiteExecutor.accessTestSuiteMainPhase(TestSuiteExecutor.java:151)
	at com.kms.katalon.core.main.TestSuiteExecutor.execute(TestSuiteExecutor.java:106)
	at com.kms.katalon.core.main.TestCaseMain.startTestSuite(TestCaseMain.java:185)
	at com.kms.katalon.core.main.TestCaseMain$startTestSuite$0.call(Unknown Source)
	at TempTestSuite1689081381910.run(TempTestSuite1689081381910.groovy:36)
Caused by: org.openqa.selenium.StaleElementReferenceException: Cached elements 'By.xpath: //*[@class = 'android.widget.TextView' and (@text = 'Select Payment Method' or . = 'Select Payment Method')]' do not exist in DOM anymore
For documentation on this error, please visit: https://www.seleniumhq.org/exceptions/stale_element_reference.html
Build info: version: '3.141.59', revision: 'e82be7d358', time: '2018-11-14T08:25:53'
System info: host: 'NKC-23', ip: '192.168.1.14', os.name: 'Windows 10', os.arch: 'amd64', os.version: '10.0', java.version: '1.8.0_282'
Driver info: com.kms.katalon.core.appium.driver.SwipeableAndroidDriver
Capabilities {appActivity: com.kfc.mobile.presentation..., appPackage: com.kfc.mobile, autoGrantPermissions: true, automationName: uiautomator2, chromedriverPort: 54830, databaseEnabled: false, desired: {appActivity: com.kfc.mobile.presentation..., appPackage: com.kfc.mobile, autoGrantPermissions: true, automationName: uiautomator2, chromedriverPort: 54830, deviceId: , deviceName: OPPO CPH1803 (Android 8.1.0), newCommandTimeout: 1800, noReset: true, platform: ANDROID, platformName: android, platformVersion: 8.1.0, systemPort: 8295, udid: cefdc881}, deviceApiLevel: 27, deviceId: , deviceManufacturer: OPPO, deviceModel: CPH1803, deviceName: cefdc881, deviceScreenDensity: 320, deviceScreenSize: 720x1520, deviceUDID: cefdc881, javascriptEnabled: true, locationContextEnabled: false, networkConnectionEnabled: true, newCommandTimeout: 1800, noReset: true, pixelRatio: 2, platform: ANDROID, platformName: Android, platformVersion: 8.1.0, statBarHeight: 53, systemPort: 8295, takesScreenshot: true, udid: cefdc881, viewportRect: {height: 1467, left: 0, top: 53, width: 720}, warnings: {}, webStorageEnabled: false}
Session ID: d2aa3af5-7611-464d-b014-930bda20690c
	at org.openqa.selenium.remote.http.W3CHttpResponseCodec.createException(W3CHttpResponseCodec.java:187)
	at org.openqa.selenium.remote.http.W3CHttpResponseCodec.decode(W3CHttpResponseCodec.java:122)
	at org.openqa.selenium.remote.http.W3CHttpResponseCodec.decode(W3CHttpResponseCodec.java:49)
	at org.openqa.selenium.remote.HttpCommandExecutor.execute(HttpCommandExecutor.java:158)
	at io.appium.java_client.remote.AppiumCommandExecutor.execute(AppiumCommandExecutor.java:239)
	at org.openqa.selenium.remote.RemoteWebDriver.execute(RemoteWebDriver.java:552)
	at io.appium.java_client.DefaultGenericMobileDriver.execute(DefaultGenericMobileDriver.java:42)
	at io.appium.java_client.AppiumDriver.execute(AppiumDriver.java:1)
	at io.appium.java_client.android.AndroidDriver.execute(AndroidDriver.java:1)
	at com.kms.katalon.core.appium.driver.SwipeableAndroidDriver.execute(SwipeableAndroidDriver.java:1)
	at org.openqa.selenium.remote.RemoteWebElement.execute(RemoteWebElement.java:285)
	at io.appium.java_client.DefaultGenericMobileElement.execute(DefaultGenericMobileElement.java:45)
	at io.appium.java_client.MobileElement.execute(MobileElement.java:1)
	at io.appium.java_client.android.AndroidElement.execute(AndroidElement.java:1)
	at org.openqa.selenium.remote.RemoteWebElement.click(RemoteWebElement.java:84)
	at com.kms.katalon.core.mobile.keyword.builtin.TapKeyword$_tap_closure1.doCall(TapKeyword.groovy:82)
	at com.kms.katalon.core.mobile.keyword.builtin.TapKeyword$_tap_closure1.call(TapKeyword.groovy)
	at com.kms.katalon.core.mobile.keyword.internal.MobileKeywordMain.runKeyword(MobileKeywordMain.groovy:21)
	... 19 more


2023-07-11 20:28:02 - [TEST_STEP][PASSED] - startExistingApplication("com.kfc.mobile", STOP_ON_FAILURE): Starting app with application ID: 'com.kfc.mobile'

2023-07-11 20:28:02 - [MESSAGE][INFO] - User set preference: ['appPackage', 'com.kfc.mobile']

2023-07-11 20:28:02 - [MESSAGE][INFO] - User set preference: ['appActivity', 'com.kfc.mobile.presentation.splash.SplashActivity']

2023-07-11 20:28:02 - [MESSAGE][INFO] - User set preference: ['noReset', 'true']

2023-07-11 20:28:02 - [MESSAGE][INFO] - User set preference: ['deviceId', '']

2023-07-11 20:28:03 - [MESSAGE][INFO] - Detected NodeJS location: "C:\Program Files\nodejs\node.exe"

2023-07-11 20:28:06 - [MESSAGE][INFO] - Appium server started on port 54,828

2023-07-11 20:28:25 - [MESSAGE][PASSED] - Starting app with application ID: 'com.kfc.mobile'

2023-07-11 20:28:25 - [TEST_STEP][PASSED] - delay(5, STOP_ON_FAILURE): Delayed 5 second(s)

2023-07-11 20:28:30 - [MESSAGE][PASSED] - Delayed 5 second(s)

2023-07-11 20:28:30 - [TEST_STEP][PASSED] - tap(findTestObject("Productions/Menu/Home"), 5): Tapped on element 'Object Repository/Productions/Menu/Home'

2023-07-11 20:28:33 - [MESSAGE][PASSED] - Tapped on element 'Object Repository/Productions/Menu/Home'

2023-07-11 20:28:33 - [TEST_STEP][PASSED] - swipe(281, 500, 434, 170): Swiped from 281,500 to 434,170

2023-07-11 20:28:34 - [MESSAGE][PASSED] - Swiped from 281,500 to 434,170

2023-07-11 20:28:34 - [TEST_STEP][PASSED] - tap(findTestObject("Productions/Create Order/PNP/Dine In/Menu - DINE-IN"), 5): Tapped on element 'Object Repository/Productions/Create Order/PNP/Dine In/Menu - DINE-IN'

2023-07-11 20:28:35 - [MESSAGE][PASSED] - Tapped on element 'Object Repository/Productions/Create Order/PNP/Dine In/Menu - DINE-IN'

2023-07-11 20:28:35 - [TEST_STEP][PASSED] - verifyElementVisible(findTestObject("Productions/Create Order/PNP/Dine In/Search KFC Outlet"), 5): Element 'Object Repository/Productions/Create Order/PNP/Dine In/Search KFC Outlet' is visible

2023-07-11 20:28:38 - [MESSAGE][PASSED] - Element 'Object Repository/Productions/Create Order/PNP/Dine In/Search KFC Outlet' is visible

2023-07-11 20:28:38 - [TEST_STEP][PASSED] - tap(findTestObject("Productions/Create Order/PNP/Dine In/Search KFC Outlet"), 0, STOP_ON_FAILURE): Tapped on element 'Object Repository/Productions/Create Order/PNP/Dine In/Search KFC Outlet'

2023-07-11 20:28:38 - [MESSAGE][WARNING] - Timeout '0' is invalid. Using default page load timeout: '30'

2023-07-11 20:28:39 - [MESSAGE][PASSED] - Tapped on element 'Object Repository/Productions/Create Order/PNP/Dine In/Search KFC Outlet'

2023-07-11 20:28:39 - [TEST_STEP][PASSED] - setText(findTestObject("Productions/Create Order/PNP/Dine In/EditText - Search KFC Outlet"), "Kemang", 5): Text 'Kemang' has been set to element 'Object Repository/Productions/Create Order/PNP/Dine In/EditText - Search KFC Outlet'

2023-07-11 20:28:42 - [MESSAGE][PASSED] - Text 'Kemang' has been set to element 'Object Repository/Productions/Create Order/PNP/Dine In/EditText - Search KFC Outlet'

2023-07-11 20:28:42 - [TEST_STEP][PASSED] - hideKeyboard(): Keyboard is hidden

2023-07-11 20:28:46 - [MESSAGE][PASSED] - Keyboard is hidden

2023-07-11 20:28:46 - [TEST_STEP][PASSED] - delay(5, STOP_ON_FAILURE): Delayed 5 second(s)

2023-07-11 20:28:51 - [MESSAGE][PASSED] - Delayed 5 second(s)

2023-07-11 20:28:51 - [TEST_STEP][PASSED] - waitForElementPresent(findTestObject("Productions/Create Order/PNP/Dine In/Button - Select Outlet"), 5): Element 'Object Repository/Productions/Create Order/PNP/Dine In/Button - Select Outlet' is present

2023-07-11 20:28:52 - [MESSAGE][PASSED] - Element 'Object Repository/Productions/Create Order/PNP/Dine In/Button - Select Outlet' is present

2023-07-11 20:28:52 - [TEST_STEP][PASSED] - tap(findTestObject("Productions/Create Order/PNP/Dine In/Button - Select Outlet"), 0): Tapped on element 'Object Repository/Productions/Create Order/PNP/Dine In/Button - Select Outlet'

2023-07-11 20:28:52 - [MESSAGE][WARNING] - Timeout '0' is invalid. Using default page load timeout: '30'

2023-07-11 20:28:53 - [MESSAGE][PASSED] - Tapped on element 'Object Repository/Productions/Create Order/PNP/Dine In/Button - Select Outlet'

2023-07-11 20:28:53 - [TEST_STEP][PASSED] - delay(5, STOP_ON_FAILURE): Delayed 5 second(s)

2023-07-11 20:28:58 - [MESSAGE][PASSED] - Delayed 5 second(s)

2023-07-11 20:28:58 - [TEST_STEP][PASSED] - verifyElementVisible(findTestObject("Productions/Create Order/PNP/Dine In/List Menu Group"), 5): Element 'Object Repository/Productions/Create Order/PNP/Dine In/List Menu Group' is visible

2023-07-11 20:28:58 - [MESSAGE][PASSED] - Element 'Object Repository/Productions/Create Order/PNP/Dine In/List Menu Group' is visible

2023-07-11 20:28:58 - [TEST_STEP][PASSED] - tap(findTestObject("Productions/Create Order/PNP/Dine In/List Menu Group"), 5): Tapped on element 'Object Repository/Productions/Create Order/PNP/Dine In/List Menu Group'

2023-07-11 20:28:59 - [MESSAGE][PASSED] - Tapped on element 'Object Repository/Productions/Create Order/PNP/Dine In/List Menu Group'

2023-07-11 20:28:59 - [TEST_STEP][PASSED] - delay(3, STOP_ON_FAILURE): Delayed 3 second(s)

2023-07-11 20:29:02 - [MESSAGE][PASSED] - Delayed 3 second(s)

2023-07-11 20:29:02 - [TEST_STEP][PASSED] - tap(findTestObject("Productions/Create Order/PNP/Dine In/Breakfast"), 3): Tapped on element 'Object Repository/Productions/Create Order/PNP/Dine In/Breakfast'

2023-07-11 20:29:03 - [MESSAGE][PASSED] - Tapped on element 'Object Repository/Productions/Create Order/PNP/Dine In/Breakfast'

2023-07-11 20:29:03 - [TEST_STEP][PASSED] - tap(findTestObject("Productions/Create Order/PNP/Dine In/List Menu Group"), 3): Tapped on element 'Object Repository/Productions/Create Order/PNP/Dine In/List Menu Group'

2023-07-11 20:29:06 - [MESSAGE][PASSED] - Tapped on element 'Object Repository/Productions/Create Order/PNP/Dine In/List Menu Group'

2023-07-11 20:29:06 - [TEST_STEP][PASSED] - delay(3, STOP_ON_FAILURE): Delayed 3 second(s)

2023-07-11 20:29:09 - [MESSAGE][PASSED] - Delayed 3 second(s)

2023-07-11 20:29:09 - [TEST_STEP][PASSED] - tap(findTestObject("Productions/Create Order/PNP/Dine In/Spesial"), 3): Tapped on element 'Object Repository/Productions/Create Order/PNP/Dine In/Spesial'

2023-07-11 20:29:10 - [MESSAGE][PASSED] - Tapped on element 'Object Repository/Productions/Create Order/PNP/Dine In/Spesial'

2023-07-11 20:29:10 - [TEST_STEP][PASSED] - tap(findTestObject("Productions/Create Order/PNP/Dine In/Button - Add"), 3): Tapped on element 'Object Repository/Productions/Create Order/PNP/Dine In/Button - Add'

2023-07-11 20:29:13 - [MESSAGE][PASSED] - Tapped on element 'Object Repository/Productions/Create Order/PNP/Dine In/Button - Add'

2023-07-11 20:29:13 - [TEST_STEP][PASSED] - delay(3, STOP_ON_FAILURE): Delayed 3 second(s)

2023-07-11 20:29:16 - [MESSAGE][PASSED] - Delayed 3 second(s)

2023-07-11 20:29:16 - [TEST_STEP][PASSED] - tap(findTestObject("Productions/Create Order/PNP/Dine In/Button - Continue Custom"), 5): Tapped on element 'Object Repository/Productions/Create Order/PNP/Dine In/Button - Continue Custom'

2023-07-11 20:29:17 - [MESSAGE][PASSED] - Tapped on element 'Object Repository/Productions/Create Order/PNP/Dine In/Button - Continue Custom'

2023-07-11 20:29:17 - [TEST_STEP][PASSED] - tap(findTestObject("Productions/Create Order/PNP/Dine In/Next Button Order"), 5): Tapped on element 'Object Repository/Productions/Create Order/PNP/Dine In/Next Button Order'

2023-07-11 20:29:18 - [MESSAGE][PASSED] - Tapped on element 'Object Repository/Productions/Create Order/PNP/Dine In/Next Button Order'

2023-07-11 20:29:18 - [TEST_STEP][PASSED] - verifyElementVisible(findTestObject("Productions/Create Order/PNP/Dine In/You Got Free GOCENG"), 5): Element 'Object Repository/Productions/Create Order/PNP/Dine In/You Got Free GOCENG' is visible

2023-07-11 20:29:21 - [MESSAGE][PASSED] - Element 'Object Repository/Productions/Create Order/PNP/Dine In/You Got Free GOCENG' is visible

2023-07-11 20:29:21 - [TEST_STEP][PASSED] - verifyElementVisible(findTestObject("Productions/Create Order/PNP/Dine In/Continue Choose Reward"), 5): Element 'Object Repository/Productions/Create Order/PNP/Dine In/Continue Choose Reward' is visible

2023-07-11 20:29:21 - [MESSAGE][PASSED] - Element 'Object Repository/Productions/Create Order/PNP/Dine In/Continue Choose Reward' is visible

2023-07-11 20:29:21 - [TEST_STEP][PASSED] - tap(findTestObject("Productions/Create Order/PNP/Dine In/Continue Choose Reward"), 5): Tapped on element 'Object Repository/Productions/Create Order/PNP/Dine In/Continue Choose Reward'

2023-07-11 20:29:22 - [MESSAGE][PASSED] - Tapped on element 'Object Repository/Productions/Create Order/PNP/Dine In/Continue Choose Reward'

2023-07-11 20:29:22 - [TEST_STEP][PASSED] - delay(5, STOP_ON_FAILURE): Delayed 5 second(s)

2023-07-11 20:29:27 - [MESSAGE][PASSED] - Delayed 5 second(s)

2023-07-11 20:29:27 - [TEST_STEP][PASSED] - tap(findTestObject("Productions/Create Order/PNP/Dine In/Button - Choose Now Reward"), 5): Tapped on element 'Object Repository/Productions/Create Order/PNP/Dine In/Button - Choose Now Reward'

2023-07-11 20:29:28 - [MESSAGE][PASSED] - Tapped on element 'Object Repository/Productions/Create Order/PNP/Dine In/Button - Choose Now Reward'

2023-07-11 20:29:28 - [TEST_STEP][PASSED] - tap(findTestObject("Productions/Create Order/PNP/Dine In/Button - Add Reward"), 5): Tapped on element 'Object Repository/Productions/Create Order/PNP/Dine In/Button - Add Reward'

2023-07-11 20:29:30 - [MESSAGE][PASSED] - Tapped on element 'Object Repository/Productions/Create Order/PNP/Dine In/Button - Add Reward'

2023-07-11 20:29:30 - [TEST_STEP][PASSED] - tap(findTestObject("Productions/Create Order/PNP/Dine In/Button - Confirm Reward"), 5): Tapped on element 'Object Repository/Productions/Create Order/PNP/Dine In/Button - Confirm Reward'

2023-07-11 20:29:31 - [MESSAGE][PASSED] - Tapped on element 'Object Repository/Productions/Create Order/PNP/Dine In/Button - Confirm Reward'

2023-07-11 20:29:31 - [TEST_STEP][PASSED] - swipe(281, 500, 434, 161): Swiped from 281,500 to 434,161

2023-07-11 20:29:33 - [MESSAGE][PASSED] - Swiped from 281,500 to 434,161

2023-07-11 20:29:33 - [TEST_STEP][FAILED] - tap(findTestObject("Productions/Create Order/PNP/Dine In/Select Payment Method"), 5): Failed to tap on element 'Object Repository/Productions/Create Order/PNP/Dine In/Select Payment Method' (Root cause: org.openqa.selenium.StaleElementReferenceException: Cached elements 'By.xpath: //*[@class = 'android.widget.TextView' and (@text = 'Select Payment Method' or . = 'Select Payment Method')]' do not exist in DOM anymore
For documentation on this error, please visit: https://www.seleniumhq.org/exceptions/stale_element_reference.html
Build info: version: '3.141.59', revision: 'e82be7d358', time: '2018-11-14T08:25:53'
System info: host: 'NKC-23', ip: '192.168.1.14', os.name: 'Windows 10', os.arch: 'amd64', os.version: '10.0', java.version: '1.8.0_282'
Driver info: com.kms.katalon.core.appium.driver.SwipeableAndroidDriver
Capabilities {appActivity: com.kfc.mobile.presentation..., appPackage: com.kfc.mobile, autoGrantPermissions: true, automationName: uiautomator2, chromedriverPort: 54830, databaseEnabled: false, desired: {appActivity: com.kfc.mobile.presentation..., appPackage: com.kfc.mobile, autoGrantPermissions: true, automationName: uiautomator2, chromedriverPort: 54830, deviceId: , deviceName: OPPO CPH1803 (Android 8.1.0), newCommandTimeout: 1800, noReset: true, platform: ANDROID, platformName: android, platformVersion: 8.1.0, systemPort: 8295, udid: cefdc881}, deviceApiLevel: 27, deviceId: , deviceManufacturer: OPPO, deviceModel: CPH1803, deviceName: cefdc881, deviceScreenDensity: 320, deviceScreenSize: 720x1520, deviceUDID: cefdc881, javascriptEnabled: true, locationContextEnabled: false, networkConnectionEnabled: true, newCommandTimeout: 1800, noReset: true, pixelRatio: 2, platform: ANDROID, platformName: Android, platformVersion: 8.1.0, statBarHeight: 53, systemPort: 8295, takesScreenshot: true, udid: cefdc881, viewportRect: {height: 1467, left: 0, top: 53, width: 720}, warnings: {}, webStorageEnabled: false}
Session ID: d2aa3af5-7611-464d-b014-930bda20690c
	at org.openqa.selenium.remote.http.W3CHttpResponseCodec.createException(W3CHttpResponseCodec.java:187)
	at org.openqa.selenium.remote.http.W3CHttpResponseCodec.decode(W3CHttpResponseCodec.java:122)
	at org.openqa.selenium.remote.http.W3CHttpResponseCodec.decode(W3CHttpResponseCodec.java:49)
	at org.openqa.selenium.remote.HttpCommandExecutor.execute(HttpCommandExecutor.java:158)
	at io.appium.java_client.remote.AppiumCommandExecutor.execute(AppiumCommandExecutor.java:239)
	at org.openqa.selenium.remote.RemoteWebDriver.execute(RemoteWebDriver.java:552)
	at io.appium.java_client.DefaultGenericMobileDriver.execute(DefaultGenericMobileDriver.java:42)
	at io.appium.java_client.AppiumDriver.execute(AppiumDriver.java:1)
	at io.appium.java_client.android.AndroidDriver.execute(AndroidDriver.java:1)
	at com.kms.katalon.core.appium.driver.SwipeableAndroidDriver.execute(SwipeableAndroidDriver.java:1)
	at org.openqa.selenium.remote.RemoteWebElement.execute(RemoteWebElement.java:285)
	at io.appium.java_client.DefaultGenericMobileElement.execute(DefaultGenericMobileElement.java:45)
	at io.appium.java_client.MobileElement.execute(MobileElement.java:1)
	at io.appium.java_client.android.AndroidElement.execute(AndroidElement.java:1)
	at org.openqa.selenium.remote.RemoteWebElement.click(RemoteWebElement.java:84)
	at com.kms.katalon.core.mobile.keyword.builtin.TapKeyword$_tap_closure1.doCall(TapKeyword.groovy:82)
	at com.kms.katalon.core.mobile.keyword.builtin.TapKeyword$_tap_closure1.call(TapKeyword.groovy)
	at com.kms.katalon.core.mobile.keyword.internal.MobileKeywordMain.runKeyword(MobileKeywordMain.groovy:21)
	at com.kms.katalon.core.mobile.keyword.builtin.TapKeyword.tap(TapKeyword.groovy:84)
	at com.kms.katalon.core.mobile.keyword.builtin.TapKeyword.execute(TapKeyword.groovy:68)
	at com.kms.katalon.core.keyword.internal.KeywordExecutor.executeKeywordForPlatform(KeywordExecutor.groovy:74)
	at com.kms.katalon.core.mobile.keyword.MobileBuiltInKeywords.tap(MobileBuiltInKeywords.groovy:1490)
	at com.kms.katalon.core.mobile.keyword.MobileBuiltInKeywords$tap$0.call(Unknown Source)
	at Dine In - Debit Card.run(Dine In - Debit Card:85)
	at com.kms.katalon.core.main.ScriptEngine.run(ScriptEngine.java:194)
	at com.kms.katalon.core.main.ScriptEngine.runScriptAsRawText(ScriptEngine.java:119)
	at com.kms.katalon.core.main.TestCaseExecutor.runScript(TestCaseExecutor.java:448)
	at com.kms.katalon.core.main.TestCaseExecutor.doExecute(TestCaseExecutor.java:439)
	at com.kms.katalon.core.main.TestCaseExecutor.processExecutionPhase(TestCaseExecutor.java:418)
	at com.kms.katalon.core.main.TestCaseExecutor.accessMainPhase(TestCaseExecutor.java:410)
	at com.kms.katalon.core.main.TestCaseExecutor.execute(TestCaseExecutor.java:285)
	at com.kms.katalon.core.common.CommonExecutor.accessTestCaseMainPhase(CommonExecutor.java:65)
	at com.kms.katalon.core.main.TestSuiteExecutor.accessTestSuiteMainPhase(TestSuiteExecutor.java:151)
	at com.kms.katalon.core.main.TestSuiteExecutor.execute(TestSuiteExecutor.java:106)
	at com.kms.katalon.core.main.TestCaseMain.startTestSuite(TestCaseMain.java:185)
	at com.kms.katalon.core.main.TestCaseMain$startTestSuite$0.call(Unknown Source)
	at TempTestSuite1689081381910.run(TempTestSuite1689081381910.groovy:36)
)

2023-07-11 20:29:35 - [MESSAGE][FAILED] - Failed to tap on element 'Object Repository/Productions/Create Order/PNP/Dine In/Select Payment Method' (Root cause: org.openqa.selenium.StaleElementReferenceException: Cached elements 'By.xpath: //*[@class = 'android.widget.TextView' and (@text = 'Select Payment Method' or . = 'Select Payment Method')]' do not exist in DOM anymore
For documentation on this error, please visit: https://www.seleniumhq.org/exceptions/stale_element_reference.html
Build info: version: '3.141.59', revision: 'e82be7d358', time: '2018-11-14T08:25:53'
System info: host: 'NKC-23', ip: '192.168.1.14', os.name: 'Windows 10', os.arch: 'amd64', os.version: '10.0', java.version: '1.8.0_282'
Driver info: com.kms.katalon.core.appium.driver.SwipeableAndroidDriver
Capabilities {appActivity: com.kfc.mobile.presentation..., appPackage: com.kfc.mobile, autoGrantPermissions: true, automationName: uiautomator2, chromedriverPort: 54830, databaseEnabled: false, desired: {appActivity: com.kfc.mobile.presentation..., appPackage: com.kfc.mobile, autoGrantPermissions: true, automationName: uiautomator2, chromedriverPort: 54830, deviceId: , deviceName: OPPO CPH1803 (Android 8.1.0), newCommandTimeout: 1800, noReset: true, platform: ANDROID, platformName: android, platformVersion: 8.1.0, systemPort: 8295, udid: cefdc881}, deviceApiLevel: 27, deviceId: , deviceManufacturer: OPPO, deviceModel: CPH1803, deviceName: cefdc881, deviceScreenDensity: 320, deviceScreenSize: 720x1520, deviceUDID: cefdc881, javascriptEnabled: true, locationContextEnabled: false, networkConnectionEnabled: true, newCommandTimeout: 1800, noReset: true, pixelRatio: 2, platform: ANDROID, platformName: Android, platformVersion: 8.1.0, statBarHeight: 53, systemPort: 8295, takesScreenshot: true, udid: cefdc881, viewportRect: {height: 1467, left: 0, top: 53, width: 720}, warnings: {}, webStorageEnabled: false}
Session ID: d2aa3af5-7611-464d-b014-930bda20690c
	at org.openqa.selenium.remote.http.W3CHttpResponseCodec.createException(W3CHttpResponseCodec.java:187)
	at org.openqa.selenium.remote.http.W3CHttpResponseCodec.decode(W3CHttpResponseCodec.java:122)
	at org.openqa.selenium.remote.http.W3CHttpResponseCodec.decode(W3CHttpResponseCodec.java:49)
	at org.openqa.selenium.remote.HttpCommandExecutor.execute(HttpCommandExecutor.java:158)
	at io.appium.java_client.remote.AppiumCommandExecutor.execute(AppiumCommandExecutor.java:239)
	at org.openqa.selenium.remote.RemoteWebDriver.execute(RemoteWebDriver.java:552)
	at io.appium.java_client.DefaultGenericMobileDriver.execute(DefaultGenericMobileDriver.java:42)
	at io.appium.java_client.AppiumDriver.execute(AppiumDriver.java:1)
	at io.appium.java_client.android.AndroidDriver.execute(AndroidDriver.java:1)
	at com.kms.katalon.core.appium.driver.SwipeableAndroidDriver.execute(SwipeableAndroidDriver.java:1)
	at org.openqa.selenium.remote.RemoteWebElement.execute(RemoteWebElement.java:285)
	at io.appium.java_client.DefaultGenericMobileElement.execute(DefaultGenericMobileElement.java:45)
	at io.appium.java_client.MobileElement.execute(MobileElement.java:1)
	at io.appium.java_client.android.AndroidElement.execute(AndroidElement.java:1)
	at org.openqa.selenium.remote.RemoteWebElement.click(RemoteWebElement.java:84)
	at com.kms.katalon.core.mobile.keyword.builtin.TapKeyword$_tap_closure1.doCall(TapKeyword.groovy:82)
	at com.kms.katalon.core.mobile.keyword.builtin.TapKeyword$_tap_closure1.call(TapKeyword.groovy)
	at com.kms.katalon.core.mobile.keyword.internal.MobileKeywordMain.runKeyword(MobileKeywordMain.groovy:21)
	at com.kms.katalon.core.mobile.keyword.builtin.TapKeyword.tap(TapKeyword.groovy:84)
	at com.kms.katalon.core.mobile.keyword.builtin.TapKeyword.execute(TapKeyword.groovy:68)
	at com.kms.katalon.core.keyword.internal.KeywordExecutor.executeKeywordForPlatform(KeywordExecutor.groovy:74)
	at com.kms.katalon.core.mobile.keyword.MobileBuiltInKeywords.tap(MobileBuiltInKeywords.groovy:1490)
	at com.kms.katalon.core.mobile.keyword.MobileBuiltInKeywords$tap$0.call(Unknown Source)
	at Dine In - Debit Card.run(Dine In - Debit Card:85)
	at com.kms.katalon.core.main.ScriptEngine.run(ScriptEngine.java:194)
	at com.kms.katalon.core.main.ScriptEngine.runScriptAsRawText(ScriptEngine.java:119)
	at com.kms.katalon.core.main.TestCaseExecutor.runScript(TestCaseExecutor.java:448)
	at com.kms.katalon.core.main.TestCaseExecutor.doExecute(TestCaseExecutor.java:439)
	at com.kms.katalon.core.main.TestCaseExecutor.processExecutionPhase(TestCaseExecutor.java:418)
	at com.kms.katalon.core.main.TestCaseExecutor.accessMainPhase(TestCaseExecutor.java:410)
	at com.kms.katalon.core.main.TestCaseExecutor.execute(TestCaseExecutor.java:285)
	at com.kms.katalon.core.common.CommonExecutor.accessTestCaseMainPhase(CommonExecutor.java:65)
	at com.kms.katalon.core.main.TestSuiteExecutor.accessTestSuiteMainPhase(TestSuiteExecutor.java:151)
	at com.kms.katalon.core.main.TestSuiteExecutor.execute(TestSuiteExecutor.java:106)
	at com.kms.katalon.core.main.TestCaseMain.startTestSuite(TestCaseMain.java:185)
	at com.kms.katalon.core.main.TestCaseMain$startTestSuite$0.call(Unknown Source)
	at TempTestSuite1689081381910.run(TempTestSuite1689081381910.groovy:36)
)
[[ATTACHMENT|C:\\Users\\Ahadian Rifky\\Downloads\\Katalon_Studio_Windows_64-8.5.5\\Katalon_Studio_Windows_64-8.5.5\\git.github.com\\maycheljecsan\\kfckuapps_katalon.git\\kfcku_android\\Reports\\20230711_201621\\Production\\KFCKU Apps\\20230711_201621\\1689082174528.png]]

2023-07-11 20:29:35 - [TEST_STEP][PASSED] - Start listener action : sampleAfterTestCase: null

2023-07-11 20:29:35 - [TEST_STEP][PASSED] - println(testCaseContext.getTestCaseId()): null

2023-07-11 20:29:35 - [TEST_STEP][PASSED] - println(testCaseContext.getTestCaseStatus()): null]]></system-out>
         <system-err><![CDATA[2023-07-11 20:28:02 - [TEST_CASE][FAILED] - Test Cases/Production/Create Order/PNP/Dine In/Dine In - Debit Card: Test Cases/Production/Create Order/PNP/Dine In/Dine In - Debit Card FAILED.
Reason:
com.kms.katalon.core.exception.StepFailedException: Failed to tap on element 'Object Repository/Productions/Create Order/PNP/Dine In/Select Payment Method' (Root cause: org.openqa.selenium.StaleElementReferenceException: Cached elements 'By.xpath: //*[@class = 'android.widget.TextView' and (@text = 'Select Payment Method' or . = 'Select Payment Method')]' do not exist in DOM anymore
For documentation on this error, please visit: https://www.seleniumhq.org/exceptions/stale_element_reference.html
Build info: version: '3.141.59', revision: 'e82be7d358', time: '2018-11-14T08:25:53'
System info: host: 'NKC-23', ip: '192.168.1.14', os.name: 'Windows 10', os.arch: 'amd64', os.version: '10.0', java.version: '1.8.0_282'
Driver info: com.kms.katalon.core.appium.driver.SwipeableAndroidDriver
Capabilities {appActivity: com.kfc.mobile.presentation..., appPackage: com.kfc.mobile, autoGrantPermissions: true, automationName: uiautomator2, chromedriverPort: 54830, databaseEnabled: false, desired: {appActivity: com.kfc.mobile.presentation..., appPackage: com.kfc.mobile, autoGrantPermissions: true, automationName: uiautomator2, chromedriverPort: 54830, deviceId: , deviceName: OPPO CPH1803 (Android 8.1.0), newCommandTimeout: 1800, noReset: true, platform: ANDROID, platformName: android, platformVersion: 8.1.0, systemPort: 8295, udid: cefdc881}, deviceApiLevel: 27, deviceId: , deviceManufacturer: OPPO, deviceModel: CPH1803, deviceName: cefdc881, deviceScreenDensity: 320, deviceScreenSize: 720x1520, deviceUDID: cefdc881, javascriptEnabled: true, locationContextEnabled: false, networkConnectionEnabled: true, newCommandTimeout: 1800, noReset: true, pixelRatio: 2, platform: ANDROID, platformName: Android, platformVersion: 8.1.0, statBarHeight: 53, systemPort: 8295, takesScreenshot: true, udid: cefdc881, viewportRect: {height: 1467, left: 0, top: 53, width: 720}, warnings: {}, webStorageEnabled: false}
Session ID: d2aa3af5-7611-464d-b014-930bda20690c
	at org.openqa.selenium.remote.http.W3CHttpResponseCodec.createException(W3CHttpResponseCodec.java:187)
	at org.openqa.selenium.remote.http.W3CHttpResponseCodec.decode(W3CHttpResponseCodec.java:122)
	at org.openqa.selenium.remote.http.W3CHttpResponseCodec.decode(W3CHttpResponseCodec.java:49)
	at org.openqa.selenium.remote.HttpCommandExecutor.execute(HttpCommandExecutor.java:158)
	at io.appium.java_client.remote.AppiumCommandExecutor.execute(AppiumCommandExecutor.java:239)
	at org.openqa.selenium.remote.RemoteWebDriver.execute(RemoteWebDriver.java:552)
	at io.appium.java_client.DefaultGenericMobileDriver.execute(DefaultGenericMobileDriver.java:42)
	at io.appium.java_client.AppiumDriver.execute(AppiumDriver.java:1)
	at io.appium.java_client.android.AndroidDriver.execute(AndroidDriver.java:1)
	at com.kms.katalon.core.appium.driver.SwipeableAndroidDriver.execute(SwipeableAndroidDriver.java:1)
	at org.openqa.selenium.remote.RemoteWebElement.execute(RemoteWebElement.java:285)
	at io.appium.java_client.DefaultGenericMobileElement.execute(DefaultGenericMobileElement.java:45)
	at io.appium.java_client.MobileElement.execute(MobileElement.java:1)
	at io.appium.java_client.android.AndroidElement.execute(AndroidElement.java:1)
	at org.openqa.selenium.remote.RemoteWebElement.click(RemoteWebElement.java:84)
	at com.kms.katalon.core.mobile.keyword.builtin.TapKeyword$_tap_closure1.doCall(TapKeyword.groovy:82)
	at com.kms.katalon.core.mobile.keyword.builtin.TapKeyword$_tap_closure1.call(TapKeyword.groovy)
	at com.kms.katalon.core.mobile.keyword.internal.MobileKeywordMain.runKeyword(MobileKeywordMain.groovy:21)
	at com.kms.katalon.core.mobile.keyword.builtin.TapKeyword.tap(TapKeyword.groovy:84)
	at com.kms.katalon.core.mobile.keyword.builtin.TapKeyword.execute(TapKeyword.groovy:68)
	at com.kms.katalon.core.keyword.internal.KeywordExecutor.executeKeywordForPlatform(KeywordExecutor.groovy:74)
	at com.kms.katalon.core.mobile.keyword.MobileBuiltInKeywords.tap(MobileBuiltInKeywords.groovy:1490)
	at com.kms.katalon.core.mobile.keyword.MobileBuiltInKeywords$tap$0.call(Unknown Source)
	at Dine In - Debit Card.run(Dine In - Debit Card:85)
	at com.kms.katalon.core.main.ScriptEngine.run(ScriptEngine.java:194)
	at com.kms.katalon.core.main.ScriptEngine.runScriptAsRawText(ScriptEngine.java:119)
	at com.kms.katalon.core.main.TestCaseExecutor.runScript(TestCaseExecutor.java:448)
	at com.kms.katalon.core.main.TestCaseExecutor.doExecute(TestCaseExecutor.java:439)
	at com.kms.katalon.core.main.TestCaseExecutor.processExecutionPhase(TestCaseExecutor.java:418)
	at com.kms.katalon.core.main.TestCaseExecutor.accessMainPhase(TestCaseExecutor.java:410)
	at com.kms.katalon.core.main.TestCaseExecutor.execute(TestCaseExecutor.java:285)
	at com.kms.katalon.core.common.CommonExecutor.accessTestCaseMainPhase(CommonExecutor.java:65)
	at com.kms.katalon.core.main.TestSuiteExecutor.accessTestSuiteMainPhase(TestSuiteExecutor.java:151)
	at com.kms.katalon.core.main.TestSuiteExecutor.execute(TestSuiteExecutor.java:106)
	at com.kms.katalon.core.main.TestCaseMain.startTestSuite(TestCaseMain.java:185)
	at com.kms.katalon.core.main.TestCaseMain$startTestSuite$0.call(Unknown Source)
	at TempTestSuite1689081381910.run(TempTestSuite1689081381910.groovy:36)
)
	at com.kms.katalon.core.keyword.internal.KeywordMain.stepFailed(KeywordMain.groovy:50)
	at com.kms.katalon.core.mobile.keyword.internal.MobileKeywordMain.stepFailed(MobileKeywordMain.groovy:40)
	at com.kms.katalon.core.mobile.keyword.internal.MobileKeywordMain.runKeyword(MobileKeywordMain.groovy:23)
	at com.kms.katalon.core.mobile.keyword.builtin.TapKeyword.tap(TapKeyword.groovy:84)
	at com.kms.katalon.core.mobile.keyword.builtin.TapKeyword.execute(TapKeyword.groovy:68)
	at com.kms.katalon.core.keyword.internal.KeywordExecutor.executeKeywordForPlatform(KeywordExecutor.groovy:74)
	at com.kms.katalon.core.mobile.keyword.MobileBuiltInKeywords.tap(MobileBuiltInKeywords.groovy:1490)
	at com.kms.katalon.core.mobile.keyword.MobileBuiltInKeywords$tap$0.call(Unknown Source)
	at Dine In - Debit Card.run(Dine In - Debit Card:85)
	at com.kms.katalon.core.main.ScriptEngine.run(ScriptEngine.java:194)
	at com.kms.katalon.core.main.ScriptEngine.runScriptAsRawText(ScriptEngine.java:119)
	at com.kms.katalon.core.main.TestCaseExecutor.runScript(TestCaseExecutor.java:448)
	at com.kms.katalon.core.main.TestCaseExecutor.doExecute(TestCaseExecutor.java:439)
	at com.kms.katalon.core.main.TestCaseExecutor.processExecutionPhase(TestCaseExecutor.java:418)
	at com.kms.katalon.core.main.TestCaseExecutor.accessMainPhase(TestCaseExecutor.java:410)
	at com.kms.katalon.core.main.TestCaseExecutor.execute(TestCaseExecutor.java:285)
	at com.kms.katalon.core.common.CommonExecutor.accessTestCaseMainPhase(CommonExecutor.java:65)
	at com.kms.katalon.core.main.TestSuiteExecutor.accessTestSuiteMainPhase(TestSuiteExecutor.java:151)
	at com.kms.katalon.core.main.TestSuiteExecutor.execute(TestSuiteExecutor.java:106)
	at com.kms.katalon.core.main.TestCaseMain.startTestSuite(TestCaseMain.java:185)
	at com.kms.katalon.core.main.TestCaseMain$startTestSuite$0.call(Unknown Source)
	at TempTestSuite1689081381910.run(TempTestSuite1689081381910.groovy:36)
Caused by: org.openqa.selenium.StaleElementReferenceException: Cached elements 'By.xpath: //*[@class = 'android.widget.TextView' and (@text = 'Select Payment Method' or . = 'Select Payment Method')]' do not exist in DOM anymore
For documentation on this error, please visit: https://www.seleniumhq.org/exceptions/stale_element_reference.html
Build info: version: '3.141.59', revision: 'e82be7d358', time: '2018-11-14T08:25:53'
System info: host: 'NKC-23', ip: '192.168.1.14', os.name: 'Windows 10', os.arch: 'amd64', os.version: '10.0', java.version: '1.8.0_282'
Driver info: com.kms.katalon.core.appium.driver.SwipeableAndroidDriver
Capabilities {appActivity: com.kfc.mobile.presentation..., appPackage: com.kfc.mobile, autoGrantPermissions: true, automationName: uiautomator2, chromedriverPort: 54830, databaseEnabled: false, desired: {appActivity: com.kfc.mobile.presentation..., appPackage: com.kfc.mobile, autoGrantPermissions: true, automationName: uiautomator2, chromedriverPort: 54830, deviceId: , deviceName: OPPO CPH1803 (Android 8.1.0), newCommandTimeout: 1800, noReset: true, platform: ANDROID, platformName: android, platformVersion: 8.1.0, systemPort: 8295, udid: cefdc881}, deviceApiLevel: 27, deviceId: , deviceManufacturer: OPPO, deviceModel: CPH1803, deviceName: cefdc881, deviceScreenDensity: 320, deviceScreenSize: 720x1520, deviceUDID: cefdc881, javascriptEnabled: true, locationContextEnabled: false, networkConnectionEnabled: true, newCommandTimeout: 1800, noReset: true, pixelRatio: 2, platform: ANDROID, platformName: Android, platformVersion: 8.1.0, statBarHeight: 53, systemPort: 8295, takesScreenshot: true, udid: cefdc881, viewportRect: {height: 1467, left: 0, top: 53, width: 720}, warnings: {}, webStorageEnabled: false}
Session ID: d2aa3af5-7611-464d-b014-930bda20690c
	at org.openqa.selenium.remote.http.W3CHttpResponseCodec.createException(W3CHttpResponseCodec.java:187)
	at org.openqa.selenium.remote.http.W3CHttpResponseCodec.decode(W3CHttpResponseCodec.java:122)
	at org.openqa.selenium.remote.http.W3CHttpResponseCodec.decode(W3CHttpResponseCodec.java:49)
	at org.openqa.selenium.remote.HttpCommandExecutor.execute(HttpCommandExecutor.java:158)
	at io.appium.java_client.remote.AppiumCommandExecutor.execute(AppiumCommandExecutor.java:239)
	at org.openqa.selenium.remote.RemoteWebDriver.execute(RemoteWebDriver.java:552)
	at io.appium.java_client.DefaultGenericMobileDriver.execute(DefaultGenericMobileDriver.java:42)
	at io.appium.java_client.AppiumDriver.execute(AppiumDriver.java:1)
	at io.appium.java_client.android.AndroidDriver.execute(AndroidDriver.java:1)
	at com.kms.katalon.core.appium.driver.SwipeableAndroidDriver.execute(SwipeableAndroidDriver.java:1)
	at org.openqa.selenium.remote.RemoteWebElement.execute(RemoteWebElement.java:285)
	at io.appium.java_client.DefaultGenericMobileElement.execute(DefaultGenericMobileElement.java:45)
	at io.appium.java_client.MobileElement.execute(MobileElement.java:1)
	at io.appium.java_client.android.AndroidElement.execute(AndroidElement.java:1)
	at org.openqa.selenium.remote.RemoteWebElement.click(RemoteWebElement.java:84)
	at com.kms.katalon.core.mobile.keyword.builtin.TapKeyword$_tap_closure1.doCall(TapKeyword.groovy:82)
	at com.kms.katalon.core.mobile.keyword.builtin.TapKeyword$_tap_closure1.call(TapKeyword.groovy)
	at com.kms.katalon.core.mobile.keyword.internal.MobileKeywordMain.runKeyword(MobileKeywordMain.groovy:21)
	... 19 more]]></system-err>
      </testcase>
      <testcase name="Test Cases/Production/Re-Buy/Rebuy" time="59.545" classname="Test Cases/Production/Re-Buy/Rebuy" status="FAILED">
         <failure type="FAILED" message="Test Cases/Production/Re-Buy/Rebuy FAILED.
Reason:
com.kms.katalon.core.exception.StepFailedException: Object Object Repository/Productions/Create Order/HMD/Select Delivery Method not found
	at com.kms.katalon.core.keyword.internal.KeywordMain.stepFailed(KeywordMain.groovy:50)
	at com.kms.katalon.core.mobile.keyword.internal.MobileKeywordMain.stepFailed(MobileKeywordMain.groovy:40)
	at com.kms.katalon.core.mobile.keyword.builtin.TapKeyword$_tap_closure1.doCall(TapKeyword.groovy:79)
	at com.kms.katalon.core.mobile.keyword.builtin.TapKeyword$_tap_closure1.call(TapKeyword.groovy)
	at com.kms.katalon.core.mobile.keyword.internal.MobileKeywordMain.runKeyword(MobileKeywordMain.groovy:21)
	at com.kms.katalon.core.mobile.keyword.builtin.TapKeyword.tap(TapKeyword.groovy:84)
	at com.kms.katalon.core.mobile.keyword.builtin.TapKeyword.execute(TapKeyword.groovy:68)
	at com.kms.katalon.core.keyword.internal.KeywordExecutor.executeKeywordForPlatform(KeywordExecutor.groovy:74)
	at com.kms.katalon.core.mobile.keyword.MobileBuiltInKeywords.tap(MobileBuiltInKeywords.groovy:1490)
	at com.kms.katalon.core.mobile.keyword.MobileBuiltInKeywords$tap$0.call(Unknown Source)
	at Rebuy.run(Rebuy:40)
	at com.kms.katalon.core.main.ScriptEngine.run(ScriptEngine.java:194)
	at com.kms.katalon.core.main.ScriptEngine.runScriptAsRawText(ScriptEngine.java:119)
	at com.kms.katalon.core.main.TestCaseExecutor.runScript(TestCaseExecutor.java:448)
	at com.kms.katalon.core.main.TestCaseExecutor.doExecute(TestCaseExecutor.java:439)
	at com.kms.katalon.core.main.TestCaseExecutor.processExecutionPhase(TestCaseExecutor.java:418)
	at com.kms.katalon.core.main.TestCaseExecutor.accessMainPhase(TestCaseExecutor.java:410)
	at com.kms.katalon.core.main.TestCaseExecutor.execute(TestCaseExecutor.java:285)
	at com.kms.katalon.core.common.CommonExecutor.accessTestCaseMainPhase(CommonExecutor.java:65)
	at com.kms.katalon.core.main.TestSuiteExecutor.accessTestSuiteMainPhase(TestSuiteExecutor.java:151)
	at com.kms.katalon.core.main.TestSuiteExecutor.execute(TestSuiteExecutor.java:106)
	at com.kms.katalon.core.main.TestCaseMain.startTestSuite(TestCaseMain.java:185)
	at com.kms.katalon.core.main.TestCaseMain$startTestSuite$0.call(Unknown Source)
	at TempTestSuite1689081381910.run(TempTestSuite1689081381910.groovy:36)
"/>
         <system-out><![CDATA[2023-07-11 20:29:35 - [TEST_CASE][FAILED] - Test Cases/Production/Re-Buy/Rebuy: Test Cases/Production/Re-Buy/Rebuy FAILED.
Reason:
com.kms.katalon.core.exception.StepFailedException: Object Object Repository/Productions/Create Order/HMD/Select Delivery Method not found
	at com.kms.katalon.core.keyword.internal.KeywordMain.stepFailed(KeywordMain.groovy:50)
	at com.kms.katalon.core.mobile.keyword.internal.MobileKeywordMain.stepFailed(MobileKeywordMain.groovy:40)
	at com.kms.katalon.core.mobile.keyword.builtin.TapKeyword$_tap_closure1.doCall(TapKeyword.groovy:79)
	at com.kms.katalon.core.mobile.keyword.builtin.TapKeyword$_tap_closure1.call(TapKeyword.groovy)
	at com.kms.katalon.core.mobile.keyword.internal.MobileKeywordMain.runKeyword(MobileKeywordMain.groovy:21)
	at com.kms.katalon.core.mobile.keyword.builtin.TapKeyword.tap(TapKeyword.groovy:84)
	at com.kms.katalon.core.mobile.keyword.builtin.TapKeyword.execute(TapKeyword.groovy:68)
	at com.kms.katalon.core.keyword.internal.KeywordExecutor.executeKeywordForPlatform(KeywordExecutor.groovy:74)
	at com.kms.katalon.core.mobile.keyword.MobileBuiltInKeywords.tap(MobileBuiltInKeywords.groovy:1490)
	at com.kms.katalon.core.mobile.keyword.MobileBuiltInKeywords$tap$0.call(Unknown Source)
	at Rebuy.run(Rebuy:40)
	at com.kms.katalon.core.main.ScriptEngine.run(ScriptEngine.java:194)
	at com.kms.katalon.core.main.ScriptEngine.runScriptAsRawText(ScriptEngine.java:119)
	at com.kms.katalon.core.main.TestCaseExecutor.runScript(TestCaseExecutor.java:448)
	at com.kms.katalon.core.main.TestCaseExecutor.doExecute(TestCaseExecutor.java:439)
	at com.kms.katalon.core.main.TestCaseExecutor.processExecutionPhase(TestCaseExecutor.java:418)
	at com.kms.katalon.core.main.TestCaseExecutor.accessMainPhase(TestCaseExecutor.java:410)
	at com.kms.katalon.core.main.TestCaseExecutor.execute(TestCaseExecutor.java:285)
	at com.kms.katalon.core.common.CommonExecutor.accessTestCaseMainPhase(CommonExecutor.java:65)
	at com.kms.katalon.core.main.TestSuiteExecutor.accessTestSuiteMainPhase(TestSuiteExecutor.java:151)
	at com.kms.katalon.core.main.TestSuiteExecutor.execute(TestSuiteExecutor.java:106)
	at com.kms.katalon.core.main.TestCaseMain.startTestSuite(TestCaseMain.java:185)
	at com.kms.katalon.core.main.TestCaseMain$startTestSuite$0.call(Unknown Source)
	at TempTestSuite1689081381910.run(TempTestSuite1689081381910.groovy:36)


2023-07-11 20:29:36 - [TEST_STEP][PASSED] - startExistingApplication("com.kfc.mobile", STOP_ON_FAILURE): Starting app with application ID: 'com.kfc.mobile'

2023-07-11 20:29:36 - [MESSAGE][INFO] - User set preference: ['appPackage', 'com.kfc.mobile']

2023-07-11 20:29:36 - [MESSAGE][INFO] - User set preference: ['appActivity', 'com.kfc.mobile.presentation.splash.SplashActivity']

2023-07-11 20:29:36 - [MESSAGE][INFO] - User set preference: ['noReset', 'true']

2023-07-11 20:29:36 - [MESSAGE][INFO] - User set preference: ['deviceId', '']

2023-07-11 20:29:54 - [MESSAGE][PASSED] - Starting app with application ID: 'com.kfc.mobile'

2023-07-11 20:29:54 - [TEST_STEP][PASSED] - delay(5, STOP_ON_FAILURE): Delayed 5 second(s)

2023-07-11 20:29:59 - [MESSAGE][PASSED] - Delayed 5 second(s)

2023-07-11 20:29:59 - [TEST_STEP][PASSED] - tap(findTestObject("Productions/Menu/My Order"), 0): Tapped on element 'Object Repository/Productions/Menu/My Order'

2023-07-11 20:29:59 - [MESSAGE][WARNING] - Timeout '0' is invalid. Using default page load timeout: '30'

2023-07-11 20:30:02 - [MESSAGE][PASSED] - Tapped on element 'Object Repository/Productions/Menu/My Order'

2023-07-11 20:30:02 - [TEST_STEP][PASSED] - tap(findTestObject("Productions/My Order/Order Detail - HMD/HMD - Kombo Crispy Burger"), 0): Tapped on element 'Object Repository/Productions/My Order/Order Detail - HMD/HMD - Kombo Crispy Burger'

2023-07-11 20:30:02 - [MESSAGE][WARNING] - Timeout '0' is invalid. Using default page load timeout: '30'

2023-07-11 20:30:06 - [MESSAGE][PASSED] - Tapped on element 'Object Repository/Productions/My Order/Order Detail - HMD/HMD - Kombo Crispy Burger'

2023-07-11 20:30:06 - [TEST_STEP][PASSED] - delay(10, STOP_ON_FAILURE): Delayed 10 second(s)

2023-07-11 20:30:16 - [MESSAGE][PASSED] - Delayed 10 second(s)

2023-07-11 20:30:16 - [TEST_STEP][PASSED] - scrollToText("TOTAL", STOP_ON_FAILURE): Scrolling to text 'TOTAL' successfully

2023-07-11 20:30:20 - [MESSAGE][PASSED] - Scrolling to text 'TOTAL' successfully

2023-07-11 20:30:20 - [TEST_STEP][PASSED] - swipe(281, 500, 434, 161): Swiped from 281,500 to 434,161

2023-07-11 20:30:21 - [MESSAGE][PASSED] - Swiped from 281,500 to 434,161

2023-07-11 20:30:21 - [TEST_STEP][PASSED] - tap(findTestObject("Productions/Rebuy/Button - Re-Order"), 5): Tapped on element 'Object Repository/Productions/Rebuy/Button - Re-Order'

2023-07-11 20:30:22 - [MESSAGE][PASSED] - Tapped on element 'Object Repository/Productions/Rebuy/Button - Re-Order'

2023-07-11 20:30:22 - [TEST_STEP][PASSED] - delay(5, STOP_ON_FAILURE): Delayed 5 second(s)

2023-07-11 20:30:27 - [MESSAGE][PASSED] - Delayed 5 second(s)

2023-07-11 20:30:27 - [TEST_STEP][PASSED] - swipe(281, 500, 434, 161): Swiped from 281,500 to 434,161

2023-07-11 20:30:28 - [MESSAGE][PASSED] - Swiped from 281,500 to 434,161

2023-07-11 20:30:28 - [TEST_STEP][FAILED] - tap(findTestObject("Productions/Create Order/HMD/Select Delivery Method"), 5): Failed to tap on element 'Object Repository/Productions/Create Order/HMD/Select Delivery Method' (Root cause: com.kms.katalon.core.exception.StepFailedException: Object Object Repository/Productions/Create Order/HMD/Select Delivery Method not found
	at com.kms.katalon.core.keyword.internal.KeywordMain.stepFailed(KeywordMain.groovy:50)
	at com.kms.katalon.core.mobile.keyword.internal.MobileKeywordMain.stepFailed(MobileKeywordMain.groovy:40)
	at com.kms.katalon.core.mobile.keyword.builtin.TapKeyword$_tap_closure1.doCall(TapKeyword.groovy:79)
	at com.kms.katalon.core.mobile.keyword.builtin.TapKeyword$_tap_closure1.call(TapKeyword.groovy)
	at com.kms.katalon.core.mobile.keyword.internal.MobileKeywordMain.runKeyword(MobileKeywordMain.groovy:21)
	at com.kms.katalon.core.mobile.keyword.builtin.TapKeyword.tap(TapKeyword.groovy:84)
	at com.kms.katalon.core.mobile.keyword.builtin.TapKeyword.execute(TapKeyword.groovy:68)
	at com.kms.katalon.core.keyword.internal.KeywordExecutor.executeKeywordForPlatform(KeywordExecutor.groovy:74)
	at com.kms.katalon.core.mobile.keyword.MobileBuiltInKeywords.tap(MobileBuiltInKeywords.groovy:1490)
	at com.kms.katalon.core.mobile.keyword.MobileBuiltInKeywords$tap$0.call(Unknown Source)
	at Rebuy.run(Rebuy:40)
	at com.kms.katalon.core.main.ScriptEngine.run(ScriptEngine.java:194)
	at com.kms.katalon.core.main.ScriptEngine.runScriptAsRawText(ScriptEngine.java:119)
	at com.kms.katalon.core.main.TestCaseExecutor.runScript(TestCaseExecutor.java:448)
	at com.kms.katalon.core.main.TestCaseExecutor.doExecute(TestCaseExecutor.java:439)
	at com.kms.katalon.core.main.TestCaseExecutor.processExecutionPhase(TestCaseExecutor.java:418)
	at com.kms.katalon.core.main.TestCaseExecutor.accessMainPhase(TestCaseExecutor.java:410)
	at com.kms.katalon.core.main.TestCaseExecutor.execute(TestCaseExecutor.java:285)
	at com.kms.katalon.core.common.CommonExecutor.accessTestCaseMainPhase(CommonExecutor.java:65)
	at com.kms.katalon.core.main.TestSuiteExecutor.accessTestSuiteMainPhase(TestSuiteExecutor.java:151)
	at com.kms.katalon.core.main.TestSuiteExecutor.execute(TestSuiteExecutor.java:106)
	at com.kms.katalon.core.main.TestCaseMain.startTestSuite(TestCaseMain.java:185)
	at com.kms.katalon.core.main.TestCaseMain$startTestSuite$0.call(Unknown Source)
	at TempTestSuite1689081381910.run(TempTestSuite1689081381910.groovy:36)
)

2023-07-11 20:30:34 - [MESSAGE][FAILED] - Object Object Repository/Productions/Create Order/HMD/Select Delivery Method not found

2023-07-11 20:30:35 - [MESSAGE][FAILED] - Failed to tap on element 'Object Repository/Productions/Create Order/HMD/Select Delivery Method' (Root cause: com.kms.katalon.core.exception.StepFailedException: Object Object Repository/Productions/Create Order/HMD/Select Delivery Method not found
	at com.kms.katalon.core.keyword.internal.KeywordMain.stepFailed(KeywordMain.groovy:50)
	at com.kms.katalon.core.mobile.keyword.internal.MobileKeywordMain.stepFailed(MobileKeywordMain.groovy:40)
	at com.kms.katalon.core.mobile.keyword.builtin.TapKeyword$_tap_closure1.doCall(TapKeyword.groovy:79)
	at com.kms.katalon.core.mobile.keyword.builtin.TapKeyword$_tap_closure1.call(TapKeyword.groovy)
	at com.kms.katalon.core.mobile.keyword.internal.MobileKeywordMain.runKeyword(MobileKeywordMain.groovy:21)
	at com.kms.katalon.core.mobile.keyword.builtin.TapKeyword.tap(TapKeyword.groovy:84)
	at com.kms.katalon.core.mobile.keyword.builtin.TapKeyword.execute(TapKeyword.groovy:68)
	at com.kms.katalon.core.keyword.internal.KeywordExecutor.executeKeywordForPlatform(KeywordExecutor.groovy:74)
	at com.kms.katalon.core.mobile.keyword.MobileBuiltInKeywords.tap(MobileBuiltInKeywords.groovy:1490)
	at com.kms.katalon.core.mobile.keyword.MobileBuiltInKeywords$tap$0.call(Unknown Source)
	at Rebuy.run(Rebuy:40)
	at com.kms.katalon.core.main.ScriptEngine.run(ScriptEngine.java:194)
	at com.kms.katalon.core.main.ScriptEngine.runScriptAsRawText(ScriptEngine.java:119)
	at com.kms.katalon.core.main.TestCaseExecutor.runScript(TestCaseExecutor.java:448)
	at com.kms.katalon.core.main.TestCaseExecutor.doExecute(TestCaseExecutor.java:439)
	at com.kms.katalon.core.main.TestCaseExecutor.processExecutionPhase(TestCaseExecutor.java:418)
	at com.kms.katalon.core.main.TestCaseExecutor.accessMainPhase(TestCaseExecutor.java:410)
	at com.kms.katalon.core.main.TestCaseExecutor.execute(TestCaseExecutor.java:285)
	at com.kms.katalon.core.common.CommonExecutor.accessTestCaseMainPhase(CommonExecutor.java:65)
	at com.kms.katalon.core.main.TestSuiteExecutor.accessTestSuiteMainPhase(TestSuiteExecutor.java:151)
	at com.kms.katalon.core.main.TestSuiteExecutor.execute(TestSuiteExecutor.java:106)
	at com.kms.katalon.core.main.TestCaseMain.startTestSuite(TestCaseMain.java:185)
	at com.kms.katalon.core.main.TestCaseMain$startTestSuite$0.call(Unknown Source)
	at TempTestSuite1689081381910.run(TempTestSuite1689081381910.groovy:36)
)
[[ATTACHMENT|C:\\Users\\Ahadian Rifky\\Downloads\\Katalon_Studio_Windows_64-8.5.5\\Katalon_Studio_Windows_64-8.5.5\\git.github.com\\maycheljecsan\\kfckuapps_katalon.git\\kfcku_android\\Reports\\20230711_201621\\Production\\KFCKU Apps\\20230711_201621\\1689082234106.png]]

2023-07-11 20:30:35 - [TEST_STEP][PASSED] - Start listener action : sampleAfterTestCase: null

2023-07-11 20:30:35 - [TEST_STEP][PASSED] - println(testCaseContext.getTestCaseId()): null

2023-07-11 20:30:35 - [TEST_STEP][PASSED] - println(testCaseContext.getTestCaseStatus()): null]]></system-out>
         <system-err><![CDATA[2023-07-11 20:29:35 - [TEST_CASE][FAILED] - Test Cases/Production/Re-Buy/Rebuy: Test Cases/Production/Re-Buy/Rebuy FAILED.
Reason:
com.kms.katalon.core.exception.StepFailedException: Object Object Repository/Productions/Create Order/HMD/Select Delivery Method not found
	at com.kms.katalon.core.keyword.internal.KeywordMain.stepFailed(KeywordMain.groovy:50)
	at com.kms.katalon.core.mobile.keyword.internal.MobileKeywordMain.stepFailed(MobileKeywordMain.groovy:40)
	at com.kms.katalon.core.mobile.keyword.builtin.TapKeyword$_tap_closure1.doCall(TapKeyword.groovy:79)
	at com.kms.katalon.core.mobile.keyword.builtin.TapKeyword$_tap_closure1.call(TapKeyword.groovy)
	at com.kms.katalon.core.mobile.keyword.internal.MobileKeywordMain.runKeyword(MobileKeywordMain.groovy:21)
	at com.kms.katalon.core.mobile.keyword.builtin.TapKeyword.tap(TapKeyword.groovy:84)
	at com.kms.katalon.core.mobile.keyword.builtin.TapKeyword.execute(TapKeyword.groovy:68)
	at com.kms.katalon.core.keyword.internal.KeywordExecutor.executeKeywordForPlatform(KeywordExecutor.groovy:74)
	at com.kms.katalon.core.mobile.keyword.MobileBuiltInKeywords.tap(MobileBuiltInKeywords.groovy:1490)
	at com.kms.katalon.core.mobile.keyword.MobileBuiltInKeywords$tap$0.call(Unknown Source)
	at Rebuy.run(Rebuy:40)
	at com.kms.katalon.core.main.ScriptEngine.run(ScriptEngine.java:194)
	at com.kms.katalon.core.main.ScriptEngine.runScriptAsRawText(ScriptEngine.java:119)
	at com.kms.katalon.core.main.TestCaseExecutor.runScript(TestCaseExecutor.java:448)
	at com.kms.katalon.core.main.TestCaseExecutor.doExecute(TestCaseExecutor.java:439)
	at com.kms.katalon.core.main.TestCaseExecutor.processExecutionPhase(TestCaseExecutor.java:418)
	at com.kms.katalon.core.main.TestCaseExecutor.accessMainPhase(TestCaseExecutor.java:410)
	at com.kms.katalon.core.main.TestCaseExecutor.execute(TestCaseExecutor.java:285)
	at com.kms.katalon.core.common.CommonExecutor.accessTestCaseMainPhase(CommonExecutor.java:65)
	at com.kms.katalon.core.main.TestSuiteExecutor.accessTestSuiteMainPhase(TestSuiteExecutor.java:151)
	at com.kms.katalon.core.main.TestSuiteExecutor.execute(TestSuiteExecutor.java:106)
	at com.kms.katalon.core.main.TestCaseMain.startTestSuite(TestCaseMain.java:185)
	at com.kms.katalon.core.main.TestCaseMain$startTestSuite$0.call(Unknown Source)
	at TempTestSuite1689081381910.run(TempTestSuite1689081381910.groovy:36)]]></system-err>
      </testcase>
      <testcase name="Test Cases/Production/Profile/Personal Info/User Profile" time="31.674" classname="Test Cases/Production/Profile/Personal Info/User Profile" status="FAILED">
         <failure type="FAILED" message="Test Cases/Production/Profile/Personal Info/User Profile FAILED.
Reason:
com.kms.katalon.core.exception.StepFailedException: Element 'Object Repository/Productions/Personal Info/Profile/Username' not found
	at com.kms.katalon.core.keyword.internal.KeywordMain.stepFailed(KeywordMain.groovy:50)
	at com.kms.katalon.core.mobile.keyword.internal.MobileKeywordMain.stepFailed(MobileKeywordMain.groovy:40)
	at com.kms.katalon.core.mobile.keyword.builtin.VerifyElementVisibleKeyword$_verifyElementVisible_closure1.doCall(VerifyElementVisibleKeyword.groovy:82)
	at com.kms.katalon.core.mobile.keyword.builtin.VerifyElementVisibleKeyword$_verifyElementVisible_closure1.call(VerifyElementVisibleKeyword.groovy)
	at com.kms.katalon.core.mobile.keyword.internal.MobileKeywordMain.runKeyword(MobileKeywordMain.groovy:21)
	at com.kms.katalon.core.mobile.keyword.builtin.VerifyElementVisibleKeyword.verifyElementVisible(VerifyElementVisibleKeyword.groovy:85)
	at com.kms.katalon.core.mobile.keyword.builtin.VerifyElementVisibleKeyword.execute(VerifyElementVisibleKeyword.groovy:64)
	at com.kms.katalon.core.keyword.internal.KeywordExecutor.executeKeywordForPlatform(KeywordExecutor.groovy:74)
	at com.kms.katalon.core.mobile.keyword.MobileBuiltInKeywords.verifyElementVisible(MobileBuiltInKeywords.groovy:2031)
	at com.kms.katalon.core.mobile.keyword.MobileBuiltInKeywords$verifyElementVisible$7.call(Unknown Source)
	at User Profile.run(User Profile:28)
	at com.kms.katalon.core.main.ScriptEngine.run(ScriptEngine.java:194)
	at com.kms.katalon.core.main.ScriptEngine.runScriptAsRawText(ScriptEngine.java:119)
	at com.kms.katalon.core.main.TestCaseExecutor.runScript(TestCaseExecutor.java:448)
	at com.kms.katalon.core.main.TestCaseExecutor.doExecute(TestCaseExecutor.java:439)
	at com.kms.katalon.core.main.TestCaseExecutor.processExecutionPhase(TestCaseExecutor.java:418)
	at com.kms.katalon.core.main.TestCaseExecutor.accessMainPhase(TestCaseExecutor.java:410)
	at com.kms.katalon.core.main.TestCaseExecutor.execute(TestCaseExecutor.java:285)
	at com.kms.katalon.core.common.CommonExecutor.accessTestCaseMainPhase(CommonExecutor.java:65)
	at com.kms.katalon.core.main.TestSuiteExecutor.accessTestSuiteMainPhase(TestSuiteExecutor.java:151)
	at com.kms.katalon.core.main.TestSuiteExecutor.execute(TestSuiteExecutor.java:106)
	at com.kms.katalon.core.main.TestCaseMain.startTestSuite(TestCaseMain.java:185)
	at com.kms.katalon.core.main.TestCaseMain$startTestSuite$0.call(Unknown Source)
	at TempTestSuite1689081381910.run(TempTestSuite1689081381910.groovy:36)
"/>
         <system-out><![CDATA[2023-07-11 20:30:35 - [TEST_CASE][FAILED] - Test Cases/Production/Profile/Personal Info/User Profile: Test Cases/Production/Profile/Personal Info/User Profile FAILED.
Reason:
com.kms.katalon.core.exception.StepFailedException: Element 'Object Repository/Productions/Personal Info/Profile/Username' not found
	at com.kms.katalon.core.keyword.internal.KeywordMain.stepFailed(KeywordMain.groovy:50)
	at com.kms.katalon.core.mobile.keyword.internal.MobileKeywordMain.stepFailed(MobileKeywordMain.groovy:40)
	at com.kms.katalon.core.mobile.keyword.builtin.VerifyElementVisibleKeyword$_verifyElementVisible_closure1.doCall(VerifyElementVisibleKeyword.groovy:82)
	at com.kms.katalon.core.mobile.keyword.builtin.VerifyElementVisibleKeyword$_verifyElementVisible_closure1.call(VerifyElementVisibleKeyword.groovy)
	at com.kms.katalon.core.mobile.keyword.internal.MobileKeywordMain.runKeyword(MobileKeywordMain.groovy:21)
	at com.kms.katalon.core.mobile.keyword.builtin.VerifyElementVisibleKeyword.verifyElementVisible(VerifyElementVisibleKeyword.groovy:85)
	at com.kms.katalon.core.mobile.keyword.builtin.VerifyElementVisibleKeyword.execute(VerifyElementVisibleKeyword.groovy:64)
	at com.kms.katalon.core.keyword.internal.KeywordExecutor.executeKeywordForPlatform(KeywordExecutor.groovy:74)
	at com.kms.katalon.core.mobile.keyword.MobileBuiltInKeywords.verifyElementVisible(MobileBuiltInKeywords.groovy:2031)
	at com.kms.katalon.core.mobile.keyword.MobileBuiltInKeywords$verifyElementVisible$7.call(Unknown Source)
	at User Profile.run(User Profile:28)
	at com.kms.katalon.core.main.ScriptEngine.run(ScriptEngine.java:194)
	at com.kms.katalon.core.main.ScriptEngine.runScriptAsRawText(ScriptEngine.java:119)
	at com.kms.katalon.core.main.TestCaseExecutor.runScript(TestCaseExecutor.java:448)
	at com.kms.katalon.core.main.TestCaseExecutor.doExecute(TestCaseExecutor.java:439)
	at com.kms.katalon.core.main.TestCaseExecutor.processExecutionPhase(TestCaseExecutor.java:418)
	at com.kms.katalon.core.main.TestCaseExecutor.accessMainPhase(TestCaseExecutor.java:410)
	at com.kms.katalon.core.main.TestCaseExecutor.execute(TestCaseExecutor.java:285)
	at com.kms.katalon.core.common.CommonExecutor.accessTestCaseMainPhase(CommonExecutor.java:65)
	at com.kms.katalon.core.main.TestSuiteExecutor.accessTestSuiteMainPhase(TestSuiteExecutor.java:151)
	at com.kms.katalon.core.main.TestSuiteExecutor.execute(TestSuiteExecutor.java:106)
	at com.kms.katalon.core.main.TestCaseMain.startTestSuite(TestCaseMain.java:185)
	at com.kms.katalon.core.main.TestCaseMain$startTestSuite$0.call(Unknown Source)
	at TempTestSuite1689081381910.run(TempTestSuite1689081381910.groovy:36)


2023-07-11 20:30:35 - [TEST_STEP][PASSED] - startExistingApplication("com.kfc.mobile", STOP_ON_FAILURE): Starting app with application ID: 'com.kfc.mobile'

2023-07-11 20:30:35 - [MESSAGE][INFO] - User set preference: ['appPackage', 'com.kfc.mobile']

2023-07-11 20:30:35 - [MESSAGE][INFO] - User set preference: ['appActivity', 'com.kfc.mobile.presentation.splash.SplashActivity']

2023-07-11 20:30:35 - [MESSAGE][INFO] - User set preference: ['noReset', 'true']

2023-07-11 20:30:35 - [MESSAGE][INFO] - User set preference: ['deviceId', '']

2023-07-11 20:30:53 - [MESSAGE][PASSED] - Starting app with application ID: 'com.kfc.mobile'

2023-07-11 20:30:53 - [TEST_STEP][PASSED] - delay(5, STOP_ON_FAILURE): Delayed 5 second(s)

2023-07-11 20:30:58 - [MESSAGE][PASSED] - Delayed 5 second(s)

2023-07-11 20:30:58 - [TEST_STEP][PASSED] - tap(findTestObject("Productions/Menu/Profile"), 0): Tapped on element 'Object Repository/Productions/Menu/Profile'

2023-07-11 20:30:58 - [MESSAGE][WARNING] - Timeout '0' is invalid. Using default page load timeout: '30'

2023-07-11 20:31:00 - [MESSAGE][PASSED] - Tapped on element 'Object Repository/Productions/Menu/Profile'

2023-07-11 20:31:00 - [TEST_STEP][PASSED] - verifyElementVisible(findTestObject("Productions/Personal Info/Profile/Photo Profile"), 3): Element 'Object Repository/Productions/Personal Info/Profile/Photo Profile' is visible

2023-07-11 20:31:02 - [MESSAGE][PASSED] - Element 'Object Repository/Productions/Personal Info/Profile/Photo Profile' is visible

2023-07-11 20:31:02 - [TEST_STEP][FAILED] - verifyElementVisible(findTestObject("Productions/Personal Info/Profile/Username"), 3): Failed to check for element 'Object Repository/Productions/Personal Info/Profile/Username' visible (Root cause: com.kms.katalon.core.exception.StepFailedException: Element 'Object Repository/Productions/Personal Info/Profile/Username' not found
	at com.kms.katalon.core.keyword.internal.KeywordMain.stepFailed(KeywordMain.groovy:50)
	at com.kms.katalon.core.mobile.keyword.internal.MobileKeywordMain.stepFailed(MobileKeywordMain.groovy:40)
	at com.kms.katalon.core.mobile.keyword.builtin.VerifyElementVisibleKeyword$_verifyElementVisible_closure1.doCall(VerifyElementVisibleKeyword.groovy:82)
	at com.kms.katalon.core.mobile.keyword.builtin.VerifyElementVisibleKeyword$_verifyElementVisible_closure1.call(VerifyElementVisibleKeyword.groovy)
	at com.kms.katalon.core.mobile.keyword.internal.MobileKeywordMain.runKeyword(MobileKeywordMain.groovy:21)
	at com.kms.katalon.core.mobile.keyword.builtin.VerifyElementVisibleKeyword.verifyElementVisible(VerifyElementVisibleKeyword.groovy:85)
	at com.kms.katalon.core.mobile.keyword.builtin.VerifyElementVisibleKeyword.execute(VerifyElementVisibleKeyword.groovy:64)
	at com.kms.katalon.core.keyword.internal.KeywordExecutor.executeKeywordForPlatform(KeywordExecutor.groovy:74)
	at com.kms.katalon.core.mobile.keyword.MobileBuiltInKeywords.verifyElementVisible(MobileBuiltInKeywords.groovy:2031)
	at com.kms.katalon.core.mobile.keyword.MobileBuiltInKeywords$verifyElementVisible$7.call(Unknown Source)
	at User Profile.run(User Profile:28)
	at com.kms.katalon.core.main.ScriptEngine.run(ScriptEngine.java:194)
	at com.kms.katalon.core.main.ScriptEngine.runScriptAsRawText(ScriptEngine.java:119)
	at com.kms.katalon.core.main.TestCaseExecutor.runScript(TestCaseExecutor.java:448)
	at com.kms.katalon.core.main.TestCaseExecutor.doExecute(TestCaseExecutor.java:439)
	at com.kms.katalon.core.main.TestCaseExecutor.processExecutionPhase(TestCaseExecutor.java:418)
	at com.kms.katalon.core.main.TestCaseExecutor.accessMainPhase(TestCaseExecutor.java:410)
	at com.kms.katalon.core.main.TestCaseExecutor.execute(TestCaseExecutor.java:285)
	at com.kms.katalon.core.common.CommonExecutor.accessTestCaseMainPhase(CommonExecutor.java:65)
	at com.kms.katalon.core.main.TestSuiteExecutor.accessTestSuiteMainPhase(TestSuiteExecutor.java:151)
	at com.kms.katalon.core.main.TestSuiteExecutor.execute(TestSuiteExecutor.java:106)
	at com.kms.katalon.core.main.TestCaseMain.startTestSuite(TestCaseMain.java:185)
	at com.kms.katalon.core.main.TestCaseMain$startTestSuite$0.call(Unknown Source)
	at TempTestSuite1689081381910.run(TempTestSuite1689081381910.groovy:36)
)

2023-07-11 20:31:05 - [MESSAGE][FAILED] - Element 'Object Repository/Productions/Personal Info/Profile/Username' not found

2023-07-11 20:31:06 - [MESSAGE][FAILED] - Failed to check for element 'Object Repository/Productions/Personal Info/Profile/Username' visible (Root cause: com.kms.katalon.core.exception.StepFailedException: Element 'Object Repository/Productions/Personal Info/Profile/Username' not found
	at com.kms.katalon.core.keyword.internal.KeywordMain.stepFailed(KeywordMain.groovy:50)
	at com.kms.katalon.core.mobile.keyword.internal.MobileKeywordMain.stepFailed(MobileKeywordMain.groovy:40)
	at com.kms.katalon.core.mobile.keyword.builtin.VerifyElementVisibleKeyword$_verifyElementVisible_closure1.doCall(VerifyElementVisibleKeyword.groovy:82)
	at com.kms.katalon.core.mobile.keyword.builtin.VerifyElementVisibleKeyword$_verifyElementVisible_closure1.call(VerifyElementVisibleKeyword.groovy)
	at com.kms.katalon.core.mobile.keyword.internal.MobileKeywordMain.runKeyword(MobileKeywordMain.groovy:21)
	at com.kms.katalon.core.mobile.keyword.builtin.VerifyElementVisibleKeyword.verifyElementVisible(VerifyElementVisibleKeyword.groovy:85)
	at com.kms.katalon.core.mobile.keyword.builtin.VerifyElementVisibleKeyword.execute(VerifyElementVisibleKeyword.groovy:64)
	at com.kms.katalon.core.keyword.internal.KeywordExecutor.executeKeywordForPlatform(KeywordExecutor.groovy:74)
	at com.kms.katalon.core.mobile.keyword.MobileBuiltInKeywords.verifyElementVisible(MobileBuiltInKeywords.groovy:2031)
	at com.kms.katalon.core.mobile.keyword.MobileBuiltInKeywords$verifyElementVisible$7.call(Unknown Source)
	at User Profile.run(User Profile:28)
	at com.kms.katalon.core.main.ScriptEngine.run(ScriptEngine.java:194)
	at com.kms.katalon.core.main.ScriptEngine.runScriptAsRawText(ScriptEngine.java:119)
	at com.kms.katalon.core.main.TestCaseExecutor.runScript(TestCaseExecutor.java:448)
	at com.kms.katalon.core.main.TestCaseExecutor.doExecute(TestCaseExecutor.java:439)
	at com.kms.katalon.core.main.TestCaseExecutor.processExecutionPhase(TestCaseExecutor.java:418)
	at com.kms.katalon.core.main.TestCaseExecutor.accessMainPhase(TestCaseExecutor.java:410)
	at com.kms.katalon.core.main.TestCaseExecutor.execute(TestCaseExecutor.java:285)
	at com.kms.katalon.core.common.CommonExecutor.accessTestCaseMainPhase(CommonExecutor.java:65)
	at com.kms.katalon.core.main.TestSuiteExecutor.accessTestSuiteMainPhase(TestSuiteExecutor.java:151)
	at com.kms.katalon.core.main.TestSuiteExecutor.execute(TestSuiteExecutor.java:106)
	at com.kms.katalon.core.main.TestCaseMain.startTestSuite(TestCaseMain.java:185)
	at com.kms.katalon.core.main.TestCaseMain$startTestSuite$0.call(Unknown Source)
	at TempTestSuite1689081381910.run(TempTestSuite1689081381910.groovy:36)
)
[[ATTACHMENT|C:\\Users\\Ahadian Rifky\\Downloads\\Katalon_Studio_Windows_64-8.5.5\\Katalon_Studio_Windows_64-8.5.5\\git.github.com\\maycheljecsan\\kfckuapps_katalon.git\\kfcku_android\\Reports\\20230711_201621\\Production\\KFCKU Apps\\20230711_201621\\1689082265824.png]]

2023-07-11 20:31:06 - [TEST_STEP][PASSED] - Start listener action : sampleAfterTestCase: null

2023-07-11 20:31:06 - [TEST_STEP][PASSED] - println(testCaseContext.getTestCaseId()): null

2023-07-11 20:31:06 - [TEST_STEP][PASSED] - println(testCaseContext.getTestCaseStatus()): null]]></system-out>
         <system-err><![CDATA[2023-07-11 20:30:35 - [TEST_CASE][FAILED] - Test Cases/Production/Profile/Personal Info/User Profile: Test Cases/Production/Profile/Personal Info/User Profile FAILED.
Reason:
com.kms.katalon.core.exception.StepFailedException: Element 'Object Repository/Productions/Personal Info/Profile/Username' not found
	at com.kms.katalon.core.keyword.internal.KeywordMain.stepFailed(KeywordMain.groovy:50)
	at com.kms.katalon.core.mobile.keyword.internal.MobileKeywordMain.stepFailed(MobileKeywordMain.groovy:40)
	at com.kms.katalon.core.mobile.keyword.builtin.VerifyElementVisibleKeyword$_verifyElementVisible_closure1.doCall(VerifyElementVisibleKeyword.groovy:82)
	at com.kms.katalon.core.mobile.keyword.builtin.VerifyElementVisibleKeyword$_verifyElementVisible_closure1.call(VerifyElementVisibleKeyword.groovy)
	at com.kms.katalon.core.mobile.keyword.internal.MobileKeywordMain.runKeyword(MobileKeywordMain.groovy:21)
	at com.kms.katalon.core.mobile.keyword.builtin.VerifyElementVisibleKeyword.verifyElementVisible(VerifyElementVisibleKeyword.groovy:85)
	at com.kms.katalon.core.mobile.keyword.builtin.VerifyElementVisibleKeyword.execute(VerifyElementVisibleKeyword.groovy:64)
	at com.kms.katalon.core.keyword.internal.KeywordExecutor.executeKeywordForPlatform(KeywordExecutor.groovy:74)
	at com.kms.katalon.core.mobile.keyword.MobileBuiltInKeywords.verifyElementVisible(MobileBuiltInKeywords.groovy:2031)
	at com.kms.katalon.core.mobile.keyword.MobileBuiltInKeywords$verifyElementVisible$7.call(Unknown Source)
	at User Profile.run(User Profile:28)
	at com.kms.katalon.core.main.ScriptEngine.run(ScriptEngine.java:194)
	at com.kms.katalon.core.main.ScriptEngine.runScriptAsRawText(ScriptEngine.java:119)
	at com.kms.katalon.core.main.TestCaseExecutor.runScript(TestCaseExecutor.java:448)
	at com.kms.katalon.core.main.TestCaseExecutor.doExecute(TestCaseExecutor.java:439)
	at com.kms.katalon.core.main.TestCaseExecutor.processExecutionPhase(TestCaseExecutor.java:418)
	at com.kms.katalon.core.main.TestCaseExecutor.accessMainPhase(TestCaseExecutor.java:410)
	at com.kms.katalon.core.main.TestCaseExecutor.execute(TestCaseExecutor.java:285)
	at com.kms.katalon.core.common.CommonExecutor.accessTestCaseMainPhase(CommonExecutor.java:65)
	at com.kms.katalon.core.main.TestSuiteExecutor.accessTestSuiteMainPhase(TestSuiteExecutor.java:151)
	at com.kms.katalon.core.main.TestSuiteExecutor.execute(TestSuiteExecutor.java:106)
	at com.kms.katalon.core.main.TestCaseMain.startTestSuite(TestCaseMain.java:185)
	at com.kms.katalon.core.main.TestCaseMain$startTestSuite$0.call(Unknown Source)
	at TempTestSuite1689081381910.run(TempTestSuite1689081381910.groovy:36)]]></system-err>
      </testcase>
      <testcase name="Test Cases/Production/Profile/Personal Info/Setting - Personal Info" time="58.959" classname="Test Cases/Production/Profile/Personal Info/Setting - Personal Info" status="FAILED">
         <failure type="FAILED" message="Test Cases/Production/Profile/Personal Info/Setting - Personal Info FAILED.
Reason:
com.kms.katalon.core.exception.StepFailedException: Object Object Repository/Productions/Personal Info/Edit-Profile/Edit Name not found
	at com.kms.katalon.core.keyword.internal.KeywordMain.stepFailed(KeywordMain.groovy:50)
	at com.kms.katalon.core.mobile.keyword.internal.MobileKeywordMain.stepFailed(MobileKeywordMain.groovy:40)
	at com.kms.katalon.core.mobile.keyword.builtin.SetTextKeyword$_setText_closure1.doCall(SetTextKeyword.groovy:76)
	at com.kms.katalon.core.mobile.keyword.builtin.SetTextKeyword$_setText_closure1.call(SetTextKeyword.groovy)
	at com.kms.katalon.core.mobile.keyword.internal.MobileKeywordMain.runKeyword(MobileKeywordMain.groovy:21)
	at com.kms.katalon.core.mobile.keyword.builtin.SetTextKeyword.setText(SetTextKeyword.groovy:83)
	at com.kms.katalon.core.mobile.keyword.builtin.SetTextKeyword.execute(SetTextKeyword.groovy:66)
	at com.kms.katalon.core.keyword.internal.KeywordExecutor.executeKeywordForPlatform(KeywordExecutor.groovy:74)
	at com.kms.katalon.core.mobile.keyword.MobileBuiltInKeywords.setText(MobileBuiltInKeywords.groovy:1307)
	at com.kms.katalon.core.mobile.keyword.MobileBuiltInKeywords$setText$4.call(Unknown Source)
	at Setting - Personal Info.run(Setting - Personal Info:28)
	at com.kms.katalon.core.main.ScriptEngine.run(ScriptEngine.java:194)
	at com.kms.katalon.core.main.ScriptEngine.runScriptAsRawText(ScriptEngine.java:119)
	at com.kms.katalon.core.main.TestCaseExecutor.runScript(TestCaseExecutor.java:448)
	at com.kms.katalon.core.main.TestCaseExecutor.doExecute(TestCaseExecutor.java:439)
	at com.kms.katalon.core.main.TestCaseExecutor.processExecutionPhase(TestCaseExecutor.java:418)
	at com.kms.katalon.core.main.TestCaseExecutor.accessMainPhase(TestCaseExecutor.java:410)
	at com.kms.katalon.core.main.TestCaseExecutor.execute(TestCaseExecutor.java:285)
	at com.kms.katalon.core.common.CommonExecutor.accessTestCaseMainPhase(CommonExecutor.java:65)
	at com.kms.katalon.core.main.TestSuiteExecutor.accessTestSuiteMainPhase(TestSuiteExecutor.java:151)
	at com.kms.katalon.core.main.TestSuiteExecutor.execute(TestSuiteExecutor.java:106)
	at com.kms.katalon.core.main.TestCaseMain.startTestSuite(TestCaseMain.java:185)
	at com.kms.katalon.core.main.TestCaseMain$startTestSuite$0.call(Unknown Source)
	at TempTestSuite1689081381910.run(TempTestSuite1689081381910.groovy:36)
"/>
         <system-out><![CDATA[2023-07-11 20:31:06 - [TEST_CASE][FAILED] - Test Cases/Production/Profile/Personal Info/Setting - Personal Info: Test Cases/Production/Profile/Personal Info/Setting - Personal Info FAILED.
Reason:
com.kms.katalon.core.exception.StepFailedException: Object Object Repository/Productions/Personal Info/Edit-Profile/Edit Name not found
	at com.kms.katalon.core.keyword.internal.KeywordMain.stepFailed(KeywordMain.groovy:50)
	at com.kms.katalon.core.mobile.keyword.internal.MobileKeywordMain.stepFailed(MobileKeywordMain.groovy:40)
	at com.kms.katalon.core.mobile.keyword.builtin.SetTextKeyword$_setText_closure1.doCall(SetTextKeyword.groovy:76)
	at com.kms.katalon.core.mobile.keyword.builtin.SetTextKeyword$_setText_closure1.call(SetTextKeyword.groovy)
	at com.kms.katalon.core.mobile.keyword.internal.MobileKeywordMain.runKeyword(MobileKeywordMain.groovy:21)
	at com.kms.katalon.core.mobile.keyword.builtin.SetTextKeyword.setText(SetTextKeyword.groovy:83)
	at com.kms.katalon.core.mobile.keyword.builtin.SetTextKeyword.execute(SetTextKeyword.groovy:66)
	at com.kms.katalon.core.keyword.internal.KeywordExecutor.executeKeywordForPlatform(KeywordExecutor.groovy:74)
	at com.kms.katalon.core.mobile.keyword.MobileBuiltInKeywords.setText(MobileBuiltInKeywords.groovy:1307)
	at com.kms.katalon.core.mobile.keyword.MobileBuiltInKeywords$setText$4.call(Unknown Source)
	at Setting - Personal Info.run(Setting - Personal Info:28)
	at com.kms.katalon.core.main.ScriptEngine.run(ScriptEngine.java:194)
	at com.kms.katalon.core.main.ScriptEngine.runScriptAsRawText(ScriptEngine.java:119)
	at com.kms.katalon.core.main.TestCaseExecutor.runScript(TestCaseExecutor.java:448)
	at com.kms.katalon.core.main.TestCaseExecutor.doExecute(TestCaseExecutor.java:439)
	at com.kms.katalon.core.main.TestCaseExecutor.processExecutionPhase(TestCaseExecutor.java:418)
	at com.kms.katalon.core.main.TestCaseExecutor.accessMainPhase(TestCaseExecutor.java:410)
	at com.kms.katalon.core.main.TestCaseExecutor.execute(TestCaseExecutor.java:285)
	at com.kms.katalon.core.common.CommonExecutor.accessTestCaseMainPhase(CommonExecutor.java:65)
	at com.kms.katalon.core.main.TestSuiteExecutor.accessTestSuiteMainPhase(TestSuiteExecutor.java:151)
	at com.kms.katalon.core.main.TestSuiteExecutor.execute(TestSuiteExecutor.java:106)
	at com.kms.katalon.core.main.TestCaseMain.startTestSuite(TestCaseMain.java:185)
	at com.kms.katalon.core.main.TestCaseMain$startTestSuite$0.call(Unknown Source)
	at TempTestSuite1689081381910.run(TempTestSuite1689081381910.groovy:36)


2023-07-11 20:31:07 - [TEST_STEP][PASSED] - startExistingApplication("com.kfc.mobile", STOP_ON_FAILURE): Starting app with application ID: 'com.kfc.mobile'

2023-07-11 20:31:07 - [MESSAGE][INFO] - User set preference: ['appPackage', 'com.kfc.mobile']

2023-07-11 20:31:07 - [MESSAGE][INFO] - User set preference: ['appActivity', 'com.kfc.mobile.presentation.splash.SplashActivity']

2023-07-11 20:31:07 - [MESSAGE][INFO] - User set preference: ['noReset', 'true']

2023-07-11 20:31:07 - [MESSAGE][INFO] - User set preference: ['deviceId', '']

2023-07-11 20:31:25 - [MESSAGE][PASSED] - Starting app with application ID: 'com.kfc.mobile'

2023-07-11 20:31:25 - [TEST_STEP][PASSED] - delay(5, STOP_ON_FAILURE): Delayed 5 second(s)

2023-07-11 20:31:30 - [MESSAGE][PASSED] - Delayed 5 second(s)

2023-07-11 20:31:30 - [TEST_STEP][PASSED] - tap(findTestObject("Productions/Menu/Profile"), 0): Tapped on element 'Object Repository/Productions/Menu/Profile'

2023-07-11 20:31:30 - [MESSAGE][WARNING] - Timeout '0' is invalid. Using default page load timeout: '30'

2023-07-11 20:31:32 - [MESSAGE][PASSED] - Tapped on element 'Object Repository/Productions/Menu/Profile'

2023-07-11 20:31:32 - [TEST_STEP][PASSED] - tap(findTestObject("Productions/Personal Info/Edit Profile"), 0): Tapped on element 'Object Repository/Productions/Personal Info/Edit Profile'

2023-07-11 20:31:32 - [MESSAGE][WARNING] - Timeout '0' is invalid. Using default page load timeout: '30'

2023-07-11 20:31:34 - [MESSAGE][PASSED] - Tapped on element 'Object Repository/Productions/Personal Info/Edit Profile'

2023-07-11 20:31:34 - [TEST_STEP][FAILED] - setText(findTestObject("Productions/Personal Info/Edit-Profile/Edit Name"), "Mike", 0): Failed to set text into element (Root cause: com.kms.katalon.core.exception.StepFailedException: Object Object Repository/Productions/Personal Info/Edit-Profile/Edit Name not found
	at com.kms.katalon.core.keyword.internal.KeywordMain.stepFailed(KeywordMain.groovy:50)
	at com.kms.katalon.core.mobile.keyword.internal.MobileKeywordMain.stepFailed(MobileKeywordMain.groovy:40)
	at com.kms.katalon.core.mobile.keyword.builtin.SetTextKeyword$_setText_closure1.doCall(SetTextKeyword.groovy:76)
	at com.kms.katalon.core.mobile.keyword.builtin.SetTextKeyword$_setText_closure1.call(SetTextKeyword.groovy)
	at com.kms.katalon.core.mobile.keyword.internal.MobileKeywordMain.runKeyword(MobileKeywordMain.groovy:21)
	at com.kms.katalon.core.mobile.keyword.builtin.SetTextKeyword.setText(SetTextKeyword.groovy:83)
	at com.kms.katalon.core.mobile.keyword.builtin.SetTextKeyword.execute(SetTextKeyword.groovy:66)
	at com.kms.katalon.core.keyword.internal.KeywordExecutor.executeKeywordForPlatform(KeywordExecutor.groovy:74)
	at com.kms.katalon.core.mobile.keyword.MobileBuiltInKeywords.setText(MobileBuiltInKeywords.groovy:1307)
	at com.kms.katalon.core.mobile.keyword.MobileBuiltInKeywords$setText$4.call(Unknown Source)
	at Setting - Personal Info.run(Setting - Personal Info:28)
	at com.kms.katalon.core.main.ScriptEngine.run(ScriptEngine.java:194)
	at com.kms.katalon.core.main.ScriptEngine.runScriptAsRawText(ScriptEngine.java:119)
	at com.kms.katalon.core.main.TestCaseExecutor.runScript(TestCaseExecutor.java:448)
	at com.kms.katalon.core.main.TestCaseExecutor.doExecute(TestCaseExecutor.java:439)
	at com.kms.katalon.core.main.TestCaseExecutor.processExecutionPhase(TestCaseExecutor.java:418)
	at com.kms.katalon.core.main.TestCaseExecutor.accessMainPhase(TestCaseExecutor.java:410)
	at com.kms.katalon.core.main.TestCaseExecutor.execute(TestCaseExecutor.java:285)
	at com.kms.katalon.core.common.CommonExecutor.accessTestCaseMainPhase(CommonExecutor.java:65)
	at com.kms.katalon.core.main.TestSuiteExecutor.accessTestSuiteMainPhase(TestSuiteExecutor.java:151)
	at com.kms.katalon.core.main.TestSuiteExecutor.execute(TestSuiteExecutor.java:106)
	at com.kms.katalon.core.main.TestCaseMain.startTestSuite(TestCaseMain.java:185)
	at com.kms.katalon.core.main.TestCaseMain$startTestSuite$0.call(Unknown Source)
	at TempTestSuite1689081381910.run(TempTestSuite1689081381910.groovy:36)
)

2023-07-11 20:31:34 - [MESSAGE][WARNING] - Timeout '0' is invalid. Using default page load timeout: '30'

2023-07-11 20:32:04 - [MESSAGE][FAILED] - Object Object Repository/Productions/Personal Info/Edit-Profile/Edit Name not found

2023-07-11 20:32:05 - [MESSAGE][FAILED] - Failed to set text into element (Root cause: com.kms.katalon.core.exception.StepFailedException: Object Object Repository/Productions/Personal Info/Edit-Profile/Edit Name not found
	at com.kms.katalon.core.keyword.internal.KeywordMain.stepFailed(KeywordMain.groovy:50)
	at com.kms.katalon.core.mobile.keyword.internal.MobileKeywordMain.stepFailed(MobileKeywordMain.groovy:40)
	at com.kms.katalon.core.mobile.keyword.builtin.SetTextKeyword$_setText_closure1.doCall(SetTextKeyword.groovy:76)
	at com.kms.katalon.core.mobile.keyword.builtin.SetTextKeyword$_setText_closure1.call(SetTextKeyword.groovy)
	at com.kms.katalon.core.mobile.keyword.internal.MobileKeywordMain.runKeyword(MobileKeywordMain.groovy:21)
	at com.kms.katalon.core.mobile.keyword.builtin.SetTextKeyword.setText(SetTextKeyword.groovy:83)
	at com.kms.katalon.core.mobile.keyword.builtin.SetTextKeyword.execute(SetTextKeyword.groovy:66)
	at com.kms.katalon.core.keyword.internal.KeywordExecutor.executeKeywordForPlatform(KeywordExecutor.groovy:74)
	at com.kms.katalon.core.mobile.keyword.MobileBuiltInKeywords.setText(MobileBuiltInKeywords.groovy:1307)
	at com.kms.katalon.core.mobile.keyword.MobileBuiltInKeywords$setText$4.call(Unknown Source)
	at Setting - Personal Info.run(Setting - Personal Info:28)
	at com.kms.katalon.core.main.ScriptEngine.run(ScriptEngine.java:194)
	at com.kms.katalon.core.main.ScriptEngine.runScriptAsRawText(ScriptEngine.java:119)
	at com.kms.katalon.core.main.TestCaseExecutor.runScript(TestCaseExecutor.java:448)
	at com.kms.katalon.core.main.TestCaseExecutor.doExecute(TestCaseExecutor.java:439)
	at com.kms.katalon.core.main.TestCaseExecutor.processExecutionPhase(TestCaseExecutor.java:418)
	at com.kms.katalon.core.main.TestCaseExecutor.accessMainPhase(TestCaseExecutor.java:410)
	at com.kms.katalon.core.main.TestCaseExecutor.execute(TestCaseExecutor.java:285)
	at com.kms.katalon.core.common.CommonExecutor.accessTestCaseMainPhase(CommonExecutor.java:65)
	at com.kms.katalon.core.main.TestSuiteExecutor.accessTestSuiteMainPhase(TestSuiteExecutor.java:151)
	at com.kms.katalon.core.main.TestSuiteExecutor.execute(TestSuiteExecutor.java:106)
	at com.kms.katalon.core.main.TestCaseMain.startTestSuite(TestCaseMain.java:185)
	at com.kms.katalon.core.main.TestCaseMain$startTestSuite$0.call(Unknown Source)
	at TempTestSuite1689081381910.run(TempTestSuite1689081381910.groovy:36)
)
[[ATTACHMENT|C:\\Users\\Ahadian Rifky\\Downloads\\Katalon_Studio_Windows_64-8.5.5\\Katalon_Studio_Windows_64-8.5.5\\git.github.com\\maycheljecsan\\kfckuapps_katalon.git\\kfcku_android\\Reports\\20230711_201621\\Production\\KFCKU Apps\\20230711_201621\\1689082324843.png]]

2023-07-11 20:32:05 - [TEST_STEP][PASSED] - Start listener action : sampleAfterTestCase: null

2023-07-11 20:32:05 - [TEST_STEP][PASSED] - println(testCaseContext.getTestCaseId()): null

2023-07-11 20:32:05 - [TEST_STEP][PASSED] - println(testCaseContext.getTestCaseStatus()): null]]></system-out>
         <system-err><![CDATA[2023-07-11 20:31:06 - [TEST_CASE][FAILED] - Test Cases/Production/Profile/Personal Info/Setting - Personal Info: Test Cases/Production/Profile/Personal Info/Setting - Personal Info FAILED.
Reason:
com.kms.katalon.core.exception.StepFailedException: Object Object Repository/Productions/Personal Info/Edit-Profile/Edit Name not found
	at com.kms.katalon.core.keyword.internal.KeywordMain.stepFailed(KeywordMain.groovy:50)
	at com.kms.katalon.core.mobile.keyword.internal.MobileKeywordMain.stepFailed(MobileKeywordMain.groovy:40)
	at com.kms.katalon.core.mobile.keyword.builtin.SetTextKeyword$_setText_closure1.doCall(SetTextKeyword.groovy:76)
	at com.kms.katalon.core.mobile.keyword.builtin.SetTextKeyword$_setText_closure1.call(SetTextKeyword.groovy)
	at com.kms.katalon.core.mobile.keyword.internal.MobileKeywordMain.runKeyword(MobileKeywordMain.groovy:21)
	at com.kms.katalon.core.mobile.keyword.builtin.SetTextKeyword.setText(SetTextKeyword.groovy:83)
	at com.kms.katalon.core.mobile.keyword.builtin.SetTextKeyword.execute(SetTextKeyword.groovy:66)
	at com.kms.katalon.core.keyword.internal.KeywordExecutor.executeKeywordForPlatform(KeywordExecutor.groovy:74)
	at com.kms.katalon.core.mobile.keyword.MobileBuiltInKeywords.setText(MobileBuiltInKeywords.groovy:1307)
	at com.kms.katalon.core.mobile.keyword.MobileBuiltInKeywords$setText$4.call(Unknown Source)
	at Setting - Personal Info.run(Setting - Personal Info:28)
	at com.kms.katalon.core.main.ScriptEngine.run(ScriptEngine.java:194)
	at com.kms.katalon.core.main.ScriptEngine.runScriptAsRawText(ScriptEngine.java:119)
	at com.kms.katalon.core.main.TestCaseExecutor.runScript(TestCaseExecutor.java:448)
	at com.kms.katalon.core.main.TestCaseExecutor.doExecute(TestCaseExecutor.java:439)
	at com.kms.katalon.core.main.TestCaseExecutor.processExecutionPhase(TestCaseExecutor.java:418)
	at com.kms.katalon.core.main.TestCaseExecutor.accessMainPhase(TestCaseExecutor.java:410)
	at com.kms.katalon.core.main.TestCaseExecutor.execute(TestCaseExecutor.java:285)
	at com.kms.katalon.core.common.CommonExecutor.accessTestCaseMainPhase(CommonExecutor.java:65)
	at com.kms.katalon.core.main.TestSuiteExecutor.accessTestSuiteMainPhase(TestSuiteExecutor.java:151)
	at com.kms.katalon.core.main.TestSuiteExecutor.execute(TestSuiteExecutor.java:106)
	at com.kms.katalon.core.main.TestCaseMain.startTestSuite(TestCaseMain.java:185)
	at com.kms.katalon.core.main.TestCaseMain$startTestSuite$0.call(Unknown Source)
	at TempTestSuite1689081381910.run(TempTestSuite1689081381910.groovy:36)]]></system-err>
      </testcase>
      <testcase name="Test Cases/Production/Profile/General/Change Language" time="49.059" classname="Test Cases/Production/Profile/General/Change Language" status="PASSED">
         <system-out><![CDATA[2023-07-11 20:32:05 - [TEST_CASE][PASSED] - Test Cases/Production/Profile/General/Change Language: Test Cases/Production/Profile/General/Change Language

2023-07-11 20:32:06 - [TEST_STEP][PASSED] - startExistingApplication("com.kfc.mobile", STOP_ON_FAILURE): Starting app with application ID: 'com.kfc.mobile'

2023-07-11 20:32:06 - [MESSAGE][INFO] - User set preference: ['appPackage', 'com.kfc.mobile']

2023-07-11 20:32:06 - [MESSAGE][INFO] - User set preference: ['appActivity', 'com.kfc.mobile.presentation.splash.SplashActivity']

2023-07-11 20:32:06 - [MESSAGE][INFO] - User set preference: ['noReset', 'true']

2023-07-11 20:32:06 - [MESSAGE][INFO] - User set preference: ['deviceId', '']

2023-07-11 20:32:24 - [MESSAGE][PASSED] - Starting app with application ID: 'com.kfc.mobile'

2023-07-11 20:32:24 - [TEST_STEP][PASSED] - delay(5, STOP_ON_FAILURE): Delayed 5 second(s)

2023-07-11 20:32:29 - [MESSAGE][PASSED] - Delayed 5 second(s)

2023-07-11 20:32:29 - [TEST_STEP][PASSED] - tap(findTestObject("Productions/Menu/Profile"), 0): Tapped on element 'Object Repository/Productions/Menu/Profile'

2023-07-11 20:32:29 - [MESSAGE][WARNING] - Timeout '0' is invalid. Using default page load timeout: '30'

2023-07-11 20:32:31 - [MESSAGE][PASSED] - Tapped on element 'Object Repository/Productions/Menu/Profile'

2023-07-11 20:32:31 - [TEST_STEP][PASSED] - tap(findTestObject("Productions/General/Change Language/Menu - Language"), 3): Tapped on element 'Object Repository/Productions/General/Change Language/Menu - Language'

2023-07-11 20:32:33 - [MESSAGE][PASSED] - Tapped on element 'Object Repository/Productions/General/Change Language/Menu - Language'

2023-07-11 20:32:33 - [TEST_STEP][PASSED] - verifyElementVisible(findTestObject("Productions/General/Change Language/SELECT LANGUAGE"), 3): Element 'Object Repository/Productions/General/Change Language/SELECT LANGUAGE' is visible

2023-07-11 20:32:34 - [MESSAGE][PASSED] - Element 'Object Repository/Productions/General/Change Language/SELECT LANGUAGE' is visible

2023-07-11 20:32:34 - [TEST_STEP][PASSED] - verifyElementVisible(findTestObject("Productions/General/Change Language/Bahasa Indonesia"), 3): Element 'Object Repository/Productions/General/Change Language/Bahasa Indonesia' is visible

2023-07-11 20:32:35 - [MESSAGE][PASSED] - Element 'Object Repository/Productions/General/Change Language/Bahasa Indonesia' is visible

2023-07-11 20:32:35 - [TEST_STEP][PASSED] - verifyElementVisible(findTestObject("Productions/General/Change Language/English (United States)"), 3): Element 'Object Repository/Productions/General/Change Language/English (United States)' is visible

2023-07-11 20:32:36 - [MESSAGE][PASSED] - Element 'Object Repository/Productions/General/Change Language/English (United States)' is visible

2023-07-11 20:32:36 - [TEST_STEP][PASSED] - tap(findTestObject("Productions/General/Change Language/Bahasa Indonesia"), 3): Tapped on element 'Object Repository/Productions/General/Change Language/Bahasa Indonesia'

2023-07-11 20:32:36 - [MESSAGE][PASSED] - Tapped on element 'Object Repository/Productions/General/Change Language/Bahasa Indonesia'

2023-07-11 20:32:36 - [TEST_STEP][PASSED] - tap(findTestObject("Productions/General/Change Language/Save"), 3): Tapped on element 'Object Repository/Productions/General/Change Language/Save'

2023-07-11 20:32:37 - [MESSAGE][PASSED] - Tapped on element 'Object Repository/Productions/General/Change Language/Save'

2023-07-11 20:32:37 - [TEST_STEP][PASSED] - delay(5, STOP_ON_FAILURE): Delayed 5 second(s)

2023-07-11 20:32:42 - [MESSAGE][PASSED] - Delayed 5 second(s)

2023-07-11 20:32:42 - [TEST_STEP][PASSED] - verifyElementText(findTestObject("Productions/General/Change Language/Manu - Bahasa"), "Bahasa"): Actual text and expected text of test object 'Object Repository/Productions/General/Change Language/Manu - Bahasa' are matched.

2023-07-11 20:32:43 - [MESSAGE][PASSED] - Actual text and expected text of test object 'Object Repository/Productions/General/Change Language/Manu - Bahasa' are matched.

2023-07-11 20:32:43 - [TEST_STEP][PASSED] - tap(findTestObject("Productions/General/Change Language/Manu - Bahasa"), 3): Tapped on element 'Object Repository/Productions/General/Change Language/Manu - Bahasa'

2023-07-11 20:32:44 - [MESSAGE][PASSED] - Tapped on element 'Object Repository/Productions/General/Change Language/Manu - Bahasa'

2023-07-11 20:32:44 - [TEST_STEP][PASSED] - verifyElementVisible(findTestObject("Productions/General/Change Language/PILIH BAHASA"), 3): Element 'Object Repository/Productions/General/Change Language/PILIH BAHASA' is visible

2023-07-11 20:32:45 - [MESSAGE][PASSED] - Element 'Object Repository/Productions/General/Change Language/PILIH BAHASA' is visible

2023-07-11 20:32:45 - [TEST_STEP][PASSED] - verifyElementVisible(findTestObject("Productions/General/Change Language/Bahasa Indonesia"), 3): Element 'Object Repository/Productions/General/Change Language/Bahasa Indonesia' is visible

2023-07-11 20:32:46 - [MESSAGE][PASSED] - Element 'Object Repository/Productions/General/Change Language/Bahasa Indonesia' is visible

2023-07-11 20:32:46 - [TEST_STEP][PASSED] - verifyElementVisible(findTestObject("Productions/General/Change Language/English (United States)"), 3): Element 'Object Repository/Productions/General/Change Language/English (United States)' is visible

2023-07-11 20:32:46 - [MESSAGE][PASSED] - Element 'Object Repository/Productions/General/Change Language/English (United States)' is visible

2023-07-11 20:32:46 - [TEST_STEP][PASSED] - tap(findTestObject("Productions/General/Change Language/English (United States)"), 3): Tapped on element 'Object Repository/Productions/General/Change Language/English (United States)'

2023-07-11 20:32:47 - [MESSAGE][PASSED] - Tapped on element 'Object Repository/Productions/General/Change Language/English (United States)'

2023-07-11 20:32:47 - [TEST_STEP][PASSED] - tap(findTestObject("Productions/General/Change Language/Simpan"), 3): Tapped on element 'Object Repository/Productions/General/Change Language/Simpan'

2023-07-11 20:32:48 - [MESSAGE][PASSED] - Tapped on element 'Object Repository/Productions/General/Change Language/Simpan'

2023-07-11 20:32:48 - [TEST_STEP][PASSED] - delay(5, STOP_ON_FAILURE): Delayed 5 second(s)

2023-07-11 20:32:53 - [MESSAGE][PASSED] - Delayed 5 second(s)

2023-07-11 20:32:53 - [TEST_STEP][PASSED] - verifyElementText(findTestObject("Productions/General/Change Language/Menu - Language"), "Language"): Actual text and expected text of test object 'Object Repository/Productions/General/Change Language/Menu - Language' are matched.

2023-07-11 20:32:54 - [MESSAGE][PASSED] - Actual text and expected text of test object 'Object Repository/Productions/General/Change Language/Menu - Language' are matched.

2023-07-11 20:32:54 - [TEST_STEP][PASSED] - closeApplication(): Close app successfully

2023-07-11 20:32:54 - [MESSAGE][PASSED] - Close app successfully

2023-07-11 20:32:54 - [TEST_STEP][PASSED] - Start listener action : sampleAfterTestCase: null

2023-07-11 20:32:54 - [TEST_STEP][PASSED] - println(testCaseContext.getTestCaseId()): null

2023-07-11 20:32:54 - [TEST_STEP][PASSED] - println(testCaseContext.getTestCaseStatus()): null]]></system-out>
         <system-err><![CDATA[]]></system-err>
      </testcase>
      <testcase name="Test Cases/Production/Profile/General/Customer Service" time="43.848" classname="Test Cases/Production/Profile/General/Customer Service" status="PASSED">
         <system-out><![CDATA[2023-07-11 20:32:54 - [TEST_CASE][PASSED] - Test Cases/Production/Profile/General/Customer Service: Test Cases/Production/Profile/General/Customer Service

2023-07-11 20:32:55 - [TEST_STEP][PASSED] - startExistingApplication("com.kfc.mobile", STOP_ON_FAILURE): Starting app with application ID: 'com.kfc.mobile'

2023-07-11 20:32:55 - [MESSAGE][INFO] - User set preference: ['appPackage', 'com.kfc.mobile']

2023-07-11 20:32:55 - [MESSAGE][INFO] - User set preference: ['appActivity', 'com.kfc.mobile.presentation.splash.SplashActivity']

2023-07-11 20:32:55 - [MESSAGE][INFO] - User set preference: ['noReset', 'true']

2023-07-11 20:32:55 - [MESSAGE][INFO] - User set preference: ['deviceId', '']

2023-07-11 20:32:55 - [MESSAGE][INFO] - Detected NodeJS location: "C:\Program Files\nodejs\node.exe"

2023-07-11 20:32:58 - [MESSAGE][INFO] - Appium server started on port 55,954

2023-07-11 20:33:17 - [MESSAGE][PASSED] - Starting app with application ID: 'com.kfc.mobile'

2023-07-11 20:33:17 - [TEST_STEP][PASSED] - delay(5, STOP_ON_FAILURE): Delayed 5 second(s)

2023-07-11 20:33:23 - [MESSAGE][PASSED] - Delayed 5 second(s)

2023-07-11 20:33:23 - [TEST_STEP][PASSED] - tap(findTestObject("Productions/Menu/Profile"), 0): Tapped on element 'Object Repository/Productions/Menu/Profile'

2023-07-11 20:33:23 - [MESSAGE][WARNING] - Timeout '0' is invalid. Using default page load timeout: '30'

2023-07-11 20:33:25 - [MESSAGE][PASSED] - Tapped on element 'Object Repository/Productions/Menu/Profile'

2023-07-11 20:33:25 - [TEST_STEP][PASSED] - tap(findTestObject("Productions/General/Customer-Service/Menu-Customer Service"), 3): Tapped on element 'Object Repository/Productions/General/Customer-Service/Menu-Customer Service'

2023-07-11 20:33:27 - [MESSAGE][PASSED] - Tapped on element 'Object Repository/Productions/General/Customer-Service/Menu-Customer Service'

2023-07-11 20:33:27 - [TEST_STEP][PASSED] - verifyElementVisible(findTestObject("Productions/General/Customer-Service/CUSTOMER SERVICE"), 3): Element 'Object Repository/Productions/General/Customer-Service/CUSTOMER SERVICE' is visible

2023-07-11 20:33:29 - [MESSAGE][PASSED] - Element 'Object Repository/Productions/General/Customer-Service/CUSTOMER SERVICE' is visible

2023-07-11 20:33:29 - [TEST_STEP][PASSED] - verifyElementVisible(findTestObject("Productions/General/Customer-Service/Call"), 3): Element 'Object Repository/Productions/General/Customer-Service/Call' is visible

2023-07-11 20:33:29 - [MESSAGE][PASSED] - Element 'Object Repository/Productions/General/Customer-Service/Call' is visible

2023-07-11 20:33:29 - [TEST_STEP][PASSED] - verifyElementVisible(findTestObject("Productions/General/Customer-Service/Whatsapp"), 3): Element 'Object Repository/Productions/General/Customer-Service/Whatsapp' is visible

2023-07-11 20:33:30 - [MESSAGE][PASSED] - Element 'Object Repository/Productions/General/Customer-Service/Whatsapp' is visible

2023-07-11 20:33:30 - [TEST_STEP][PASSED] - verifyElementVisible(findTestObject("Productions/General/Customer-Service/Email"), 3): Element 'Object Repository/Productions/General/Customer-Service/Email' is visible

2023-07-11 20:33:30 - [MESSAGE][PASSED] - Element 'Object Repository/Productions/General/Customer-Service/Email' is visible

2023-07-11 20:33:30 - [TEST_STEP][PASSED] - verifyElementVisible(findTestObject("Productions/General/Customer-Service/Image CS KFC"), 3): Element 'Object Repository/Productions/General/Customer-Service/Image CS KFC' is visible

2023-07-11 20:33:31 - [MESSAGE][PASSED] - Element 'Object Repository/Productions/General/Customer-Service/Image CS KFC' is visible

2023-07-11 20:33:31 - [TEST_STEP][PASSED] - tap(findTestObject("Productions/General/Customer-Service/Close Button"), 3): Tapped on element 'Object Repository/Productions/General/Customer-Service/Close Button'

2023-07-11 20:33:33 - [MESSAGE][PASSED] - Tapped on element 'Object Repository/Productions/General/Customer-Service/Close Button'

2023-07-11 20:33:33 - [TEST_STEP][PASSED] - delay(5, STOP_ON_FAILURE): Delayed 5 second(s)

2023-07-11 20:33:38 - [MESSAGE][PASSED] - Delayed 5 second(s)

2023-07-11 20:33:38 - [TEST_STEP][PASSED] - closeApplication(): Close app successfully

2023-07-11 20:33:38 - [MESSAGE][PASSED] - Close app successfully

2023-07-11 20:33:38 - [TEST_STEP][PASSED] - Start listener action : sampleAfterTestCase: null

2023-07-11 20:33:38 - [TEST_STEP][PASSED] - println(testCaseContext.getTestCaseId()): null

2023-07-11 20:33:38 - [TEST_STEP][PASSED] - println(testCaseContext.getTestCaseStatus()): null]]></system-out>
         <system-err><![CDATA[]]></system-err>
      </testcase>
      <testcase name="Test Cases/Production/Profile/General/Privacy Policy" time="42.075" classname="Test Cases/Production/Profile/General/Privacy Policy" status="PASSED">
         <system-out><![CDATA[2023-07-11 20:33:38 - [TEST_CASE][PASSED] - Test Cases/Production/Profile/General/Privacy Policy: Test Cases/Production/Profile/General/Privacy Policy

2023-07-11 20:33:39 - [TEST_STEP][PASSED] - startExistingApplication("com.kfc.mobile", STOP_ON_FAILURE): Starting app with application ID: 'com.kfc.mobile'

2023-07-11 20:33:39 - [MESSAGE][INFO] - User set preference: ['appPackage', 'com.kfc.mobile']

2023-07-11 20:33:39 - [MESSAGE][INFO] - User set preference: ['appActivity', 'com.kfc.mobile.presentation.splash.SplashActivity']

2023-07-11 20:33:39 - [MESSAGE][INFO] - User set preference: ['noReset', 'true']

2023-07-11 20:33:39 - [MESSAGE][INFO] - User set preference: ['deviceId', '']

2023-07-11 20:33:39 - [MESSAGE][INFO] - Detected NodeJS location: "C:\Program Files\nodejs\node.exe"

2023-07-11 20:33:42 - [MESSAGE][INFO] - Appium server started on port 56,170

2023-07-11 20:34:00 - [MESSAGE][PASSED] - Starting app with application ID: 'com.kfc.mobile'

2023-07-11 20:34:00 - [TEST_STEP][PASSED] - delay(5, STOP_ON_FAILURE): Delayed 5 second(s)

2023-07-11 20:34:05 - [MESSAGE][PASSED] - Delayed 5 second(s)

2023-07-11 20:34:05 - [TEST_STEP][PASSED] - tap(findTestObject("Productions/Menu/Profile"), 0): Tapped on element 'Object Repository/Productions/Menu/Profile'

2023-07-11 20:34:06 - [MESSAGE][WARNING] - Timeout '0' is invalid. Using default page load timeout: '30'

2023-07-11 20:34:08 - [MESSAGE][PASSED] - Tapped on element 'Object Repository/Productions/Menu/Profile'

2023-07-11 20:34:08 - [TEST_STEP][PASSED] - tap(findTestObject("Productions/General/Privacy-Policy/Menu - Privacy Policy"), 3): Tapped on element 'Object Repository/Productions/General/Privacy-Policy/Menu - Privacy Policy'

2023-07-11 20:34:10 - [MESSAGE][PASSED] - Tapped on element 'Object Repository/Productions/General/Privacy-Policy/Menu - Privacy Policy'

2023-07-11 20:34:10 - [TEST_STEP][PASSED] - verifyElementVisible(findTestObject("Productions/General/Privacy-Policy/Title - PRIVACY POLICY"), 3): Element 'Object Repository/Productions/General/Privacy-Policy/Title - PRIVACY POLICY' is visible

2023-07-11 20:34:13 - [MESSAGE][PASSED] - Element 'Object Repository/Productions/General/Privacy-Policy/Title - PRIVACY POLICY' is visible

2023-07-11 20:34:13 - [TEST_STEP][PASSED] - verifyElementVisible(findTestObject("Productions/General/Privacy-Policy/Privacy Policy"), 3): Element 'Object Repository/Productions/General/Privacy-Policy/Privacy Policy' is visible

2023-07-11 20:34:14 - [MESSAGE][PASSED] - Element 'Object Repository/Productions/General/Privacy-Policy/Privacy Policy' is visible

2023-07-11 20:34:14 - [TEST_STEP][PASSED] - tap(findTestObject("Productions/General/Privacy-Policy/Close"), 3): Tapped on element 'Object Repository/Productions/General/Privacy-Policy/Close'

2023-07-11 20:34:15 - [MESSAGE][PASSED] - Tapped on element 'Object Repository/Productions/General/Privacy-Policy/Close'

2023-07-11 20:34:15 - [TEST_STEP][PASSED] - delay(5, STOP_ON_FAILURE): Delayed 5 second(s)

2023-07-11 20:34:20 - [MESSAGE][PASSED] - Delayed 5 second(s)

2023-07-11 20:34:20 - [TEST_STEP][PASSED] - closeApplication(): Close app successfully

2023-07-11 20:34:20 - [MESSAGE][PASSED] - Close app successfully

2023-07-11 20:34:20 - [TEST_STEP][PASSED] - Start listener action : sampleAfterTestCase: null

2023-07-11 20:34:20 - [TEST_STEP][PASSED] - println(testCaseContext.getTestCaseId()): null

2023-07-11 20:34:20 - [TEST_STEP][PASSED] - println(testCaseContext.getTestCaseStatus()): null]]></system-out>
         <system-err><![CDATA[]]></system-err>
      </testcase>
      <testcase name="Test Cases/Production/Profile/General/Term and Condition" time="40.628" classname="Test Cases/Production/Profile/General/Term and Condition" status="PASSED">
         <system-out><![CDATA[2023-07-11 20:34:20 - [TEST_CASE][PASSED] - Test Cases/Production/Profile/General/Term and Condition: Test Cases/Production/Profile/General/Term and Condition

2023-07-11 20:34:21 - [TEST_STEP][PASSED] - startExistingApplication("com.kfc.mobile", STOP_ON_FAILURE): Starting app with application ID: 'com.kfc.mobile'

2023-07-11 20:34:21 - [MESSAGE][INFO] - User set preference: ['appPackage', 'com.kfc.mobile']

2023-07-11 20:34:21 - [MESSAGE][INFO] - User set preference: ['appActivity', 'com.kfc.mobile.presentation.splash.SplashActivity']

2023-07-11 20:34:21 - [MESSAGE][INFO] - User set preference: ['noReset', 'true']

2023-07-11 20:34:21 - [MESSAGE][INFO] - User set preference: ['deviceId', '']

2023-07-11 20:34:22 - [MESSAGE][INFO] - Detected NodeJS location: "C:\Program Files\nodejs\node.exe"

2023-07-11 20:34:24 - [MESSAGE][INFO] - Appium server started on port 56,364

2023-07-11 20:34:42 - [MESSAGE][PASSED] - Starting app with application ID: 'com.kfc.mobile'

2023-07-11 20:34:42 - [TEST_STEP][PASSED] - delay(5, STOP_ON_FAILURE): Delayed 5 second(s)

2023-07-11 20:34:47 - [MESSAGE][PASSED] - Delayed 5 second(s)

2023-07-11 20:34:47 - [TEST_STEP][PASSED] - tap(findTestObject("Productions/Menu/Profile"), 0): Tapped on element 'Object Repository/Productions/Menu/Profile'

2023-07-11 20:34:47 - [MESSAGE][WARNING] - Timeout '0' is invalid. Using default page load timeout: '30'

2023-07-11 20:34:50 - [MESSAGE][PASSED] - Tapped on element 'Object Repository/Productions/Menu/Profile'

2023-07-11 20:34:50 - [TEST_STEP][PASSED] - tap(findTestObject("Productions/General/Term and Condition/Menu - TnC"), 3): Tapped on element 'Object Repository/Productions/General/Term and Condition/Menu - TnC'

2023-07-11 20:34:51 - [MESSAGE][PASSED] - Tapped on element 'Object Repository/Productions/General/Term and Condition/Menu - TnC'

2023-07-11 20:34:51 - [TEST_STEP][PASSED] - verifyElementVisible(findTestObject("Productions/General/Term and Condition/Title - TERMS AND CONDITIONS"), 3): Element 'Object Repository/Productions/General/Term and Condition/Title - TERMS AND CONDITIONS' is visible

2023-07-11 20:34:54 - [MESSAGE][PASSED] - Element 'Object Repository/Productions/General/Term and Condition/Title - TERMS AND CONDITIONS' is visible

2023-07-11 20:34:54 - [TEST_STEP][PASSED] - verifyElementVisible(findTestObject("Productions/General/Term and Condition/Term Of Use"), 3): Element 'Object Repository/Productions/General/Term and Condition/Term Of Use' is visible

2023-07-11 20:34:55 - [MESSAGE][PASSED] - Element 'Object Repository/Productions/General/Term and Condition/Term Of Use' is visible

2023-07-11 20:34:55 - [TEST_STEP][PASSED] - tap(findTestObject("Productions/General/Term and Condition/Close"), 3): Tapped on element 'Object Repository/Productions/General/Term and Condition/Close'

2023-07-11 20:34:56 - [MESSAGE][PASSED] - Tapped on element 'Object Repository/Productions/General/Term and Condition/Close'

2023-07-11 20:34:56 - [TEST_STEP][PASSED] - delay(5, STOP_ON_FAILURE): Delayed 5 second(s)

2023-07-11 20:35:01 - [MESSAGE][PASSED] - Delayed 5 second(s)

2023-07-11 20:35:01 - [TEST_STEP][PASSED] - closeApplication(): Close app successfully

2023-07-11 20:35:01 - [MESSAGE][PASSED] - Close app successfully

2023-07-11 20:35:01 - [TEST_STEP][PASSED] - Start listener action : sampleAfterTestCase: null

2023-07-11 20:35:01 - [TEST_STEP][PASSED] - println(testCaseContext.getTestCaseId()): null

2023-07-11 20:35:01 - [TEST_STEP][PASSED] - println(testCaseContext.getTestCaseStatus()): null]]></system-out>
         <system-err><![CDATA[]]></system-err>
      </testcase>
      <testcase name="Test Cases/Production/Profile/Device/Linked Account" time="49.091" classname="Test Cases/Production/Profile/Device/Linked Account" status="PASSED">
         <system-out><![CDATA[2023-07-11 20:35:01 - [TEST_CASE][PASSED] - Test Cases/Production/Profile/Device/Linked Account: Test Cases/Production/Profile/Device/Linked Account

2023-07-11 20:35:02 - [TEST_STEP][PASSED] - startExistingApplication("com.kfc.mobile", STOP_ON_FAILURE): Starting app with application ID: 'com.kfc.mobile'

2023-07-11 20:35:02 - [MESSAGE][INFO] - User set preference: ['appPackage', 'com.kfc.mobile']

2023-07-11 20:35:02 - [MESSAGE][INFO] - User set preference: ['appActivity', 'com.kfc.mobile.presentation.splash.SplashActivity']

2023-07-11 20:35:02 - [MESSAGE][INFO] - User set preference: ['noReset', 'true']

2023-07-11 20:35:02 - [MESSAGE][INFO] - User set preference: ['deviceId', '']

2023-07-11 20:35:02 - [MESSAGE][INFO] - Detected NodeJS location: "C:\Program Files\nodejs\node.exe"

2023-07-11 20:35:04 - [MESSAGE][INFO] - Appium server started on port 56,567

2023-07-11 20:35:23 - [MESSAGE][PASSED] - Starting app with application ID: 'com.kfc.mobile'

2023-07-11 20:35:23 - [TEST_STEP][PASSED] - delay(5, STOP_ON_FAILURE): Delayed 5 second(s)

2023-07-11 20:35:28 - [MESSAGE][PASSED] - Delayed 5 second(s)

2023-07-11 20:35:28 - [TEST_STEP][PASSED] - tap(findTestObject("Productions/Menu/Profile"), 0): Tapped on element 'Object Repository/Productions/Menu/Profile'

2023-07-11 20:35:28 - [MESSAGE][WARNING] - Timeout '0' is invalid. Using default page load timeout: '30'

2023-07-11 20:35:30 - [MESSAGE][PASSED] - Tapped on element 'Object Repository/Productions/Menu/Profile'

2023-07-11 20:35:30 - [TEST_STEP][PASSED] - tap(findTestObject("Productions/General/Linked Account/Menu - Linked Account"), 3): Tapped on element 'Object Repository/Productions/General/Linked Account/Menu - Linked Account'

2023-07-11 20:35:33 - [MESSAGE][PASSED] - Tapped on element 'Object Repository/Productions/General/Linked Account/Menu - Linked Account'

2023-07-11 20:35:33 - [TEST_STEP][PASSED] - delay(10, STOP_ON_FAILURE): Delayed 10 second(s)

2023-07-11 20:35:43 - [MESSAGE][PASSED] - Delayed 10 second(s)

2023-07-11 20:35:43 - [TEST_STEP][PASSED] - verifyElementVisible(findTestObject("Productions/General/Linked Account/Payment Account"), 3): Element 'Object Repository/Productions/General/Linked Account/Payment Account' is visible

2023-07-11 20:35:43 - [MESSAGE][PASSED] - Element 'Object Repository/Productions/General/Linked Account/Payment Account' is visible

2023-07-11 20:35:43 - [TEST_STEP][PASSED] - verifyElementVisible(findTestObject("Productions/General/Linked Account/Note"), 3): Element 'Object Repository/Productions/General/Linked Account/Note' is visible

2023-07-11 20:35:44 - [MESSAGE][PASSED] - Element 'Object Repository/Productions/General/Linked Account/Note' is visible

2023-07-11 20:35:44 - [TEST_STEP][PASSED] - tap(findTestObject("Productions/General/Linked Account/Back Button"), 3): Tapped on element 'Object Repository/Productions/General/Linked Account/Back Button'

2023-07-11 20:35:45 - [MESSAGE][PASSED] - Tapped on element 'Object Repository/Productions/General/Linked Account/Back Button'

2023-07-11 20:35:45 - [TEST_STEP][PASSED] - delay(5, STOP_ON_FAILURE): Delayed 5 second(s)

2023-07-11 20:35:50 - [MESSAGE][PASSED] - Delayed 5 second(s)

2023-07-11 20:35:50 - [TEST_STEP][PASSED] - closeApplication(): Close app successfully

2023-07-11 20:35:50 - [MESSAGE][PASSED] - Close app successfully

2023-07-11 20:35:50 - [TEST_STEP][PASSED] - Start listener action : sampleAfterTestCase: null

2023-07-11 20:35:50 - [TEST_STEP][PASSED] - println(testCaseContext.getTestCaseId()): null

2023-07-11 20:35:50 - [TEST_STEP][PASSED] - println(testCaseContext.getTestCaseStatus()): null]]></system-out>
         <system-err><![CDATA[]]></system-err>
      </testcase>
      <testcase name="Test Cases/Production/Profile/Device/App Version" time="36.012" classname="Test Cases/Production/Profile/Device/App Version" status="PASSED">
         <system-out><![CDATA[2023-07-11 20:35:50 - [TEST_CASE][PASSED] - Test Cases/Production/Profile/Device/App Version: Test Cases/Production/Profile/Device/App Version

2023-07-11 20:35:51 - [TEST_STEP][PASSED] - startExistingApplication("com.kfc.mobile", STOP_ON_FAILURE): Starting app with application ID: 'com.kfc.mobile'

2023-07-11 20:35:51 - [MESSAGE][INFO] - User set preference: ['appPackage', 'com.kfc.mobile']

2023-07-11 20:35:51 - [MESSAGE][INFO] - User set preference: ['appActivity', 'com.kfc.mobile.presentation.splash.SplashActivity']

2023-07-11 20:35:51 - [MESSAGE][INFO] - User set preference: ['noReset', 'true']

2023-07-11 20:35:51 - [MESSAGE][INFO] - User set preference: ['deviceId', '']

2023-07-11 20:35:51 - [MESSAGE][INFO] - Detected NodeJS location: "C:\Program Files\nodejs\node.exe"

2023-07-11 20:35:53 - [MESSAGE][INFO] - Appium server started on port 56,770

2023-07-11 20:36:11 - [MESSAGE][PASSED] - Starting app with application ID: 'com.kfc.mobile'

2023-07-11 20:36:11 - [TEST_STEP][PASSED] - delay(5, STOP_ON_FAILURE): Delayed 5 second(s)

2023-07-11 20:36:16 - [MESSAGE][PASSED] - Delayed 5 second(s)

2023-07-11 20:36:16 - [TEST_STEP][PASSED] - tap(findTestObject("Productions/Menu/Profile"), 0): Tapped on element 'Object Repository/Productions/Menu/Profile'

2023-07-11 20:36:16 - [MESSAGE][WARNING] - Timeout '0' is invalid. Using default page load timeout: '30'

2023-07-11 20:36:19 - [MESSAGE][PASSED] - Tapped on element 'Object Repository/Productions/Menu/Profile'

2023-07-11 20:36:19 - [TEST_STEP][PASSED] - verifyElementVisible(findTestObject("Productions/Device/Version Apps"), 3): Element 'Object Repository/Productions/Device/Version Apps' is visible

2023-07-11 20:36:21 - [MESSAGE][PASSED] - Element 'Object Repository/Productions/Device/Version Apps' is visible

2023-07-11 20:36:21 - [TEST_STEP][PASSED] - delay(5, STOP_ON_FAILURE): Delayed 5 second(s)

2023-07-11 20:36:26 - [MESSAGE][PASSED] - Delayed 5 second(s)

2023-07-11 20:36:26 - [TEST_STEP][PASSED] - closeApplication(): Close app successfully

2023-07-11 20:36:26 - [MESSAGE][PASSED] - Close app successfully

2023-07-11 20:36:26 - [TEST_STEP][PASSED] - Start listener action : sampleAfterTestCase: null

2023-07-11 20:36:26 - [TEST_STEP][PASSED] - println(testCaseContext.getTestCaseId()): null

2023-07-11 20:36:26 - [TEST_STEP][PASSED] - println(testCaseContext.getTestCaseStatus()): null]]></system-out>
         <system-err><![CDATA[]]></system-err>
      </testcase>
      <testcase name="Test Cases/Production/Profile/Device/Logout" time="38.306" classname="Test Cases/Production/Profile/Device/Logout" status="PASSED">
         <system-out><![CDATA[2023-07-11 20:36:26 - [TEST_CASE][PASSED] - Test Cases/Production/Profile/Device/Logout: Test Cases/Production/Profile/Device/Logout

2023-07-11 20:36:27 - [TEST_STEP][PASSED] - startExistingApplication("com.kfc.mobile", STOP_ON_FAILURE): Starting app with application ID: 'com.kfc.mobile'

2023-07-11 20:36:27 - [MESSAGE][INFO] - User set preference: ['appPackage', 'com.kfc.mobile']

2023-07-11 20:36:27 - [MESSAGE][INFO] - User set preference: ['appActivity', 'com.kfc.mobile.presentation.splash.SplashActivity']

2023-07-11 20:36:27 - [MESSAGE][INFO] - User set preference: ['noReset', 'true']

2023-07-11 20:36:27 - [MESSAGE][INFO] - User set preference: ['deviceId', '']

2023-07-11 20:36:27 - [MESSAGE][INFO] - Detected NodeJS location: "C:\Program Files\nodejs\node.exe"

2023-07-11 20:36:29 - [MESSAGE][INFO] - Appium server started on port 56,955

2023-07-11 20:36:47 - [MESSAGE][PASSED] - Starting app with application ID: 'com.kfc.mobile'

2023-07-11 20:36:47 - [TEST_STEP][PASSED] - delay(5, STOP_ON_FAILURE): Delayed 5 second(s)

2023-07-11 20:36:52 - [MESSAGE][PASSED] - Delayed 5 second(s)

2023-07-11 20:36:52 - [TEST_STEP][PASSED] - tap(findTestObject("Productions/Menu/Profile"), 0): Tapped on element 'Object Repository/Productions/Menu/Profile'

2023-07-11 20:36:52 - [MESSAGE][WARNING] - Timeout '0' is invalid. Using default page load timeout: '30'

2023-07-11 20:36:54 - [MESSAGE][PASSED] - Tapped on element 'Object Repository/Productions/Menu/Profile'

2023-07-11 20:36:54 - [TEST_STEP][PASSED] - tap(findTestObject("Productions/Device/Log Out"), 3): Tapped on element 'Object Repository/Productions/Device/Log Out'

2023-07-11 20:36:57 - [MESSAGE][PASSED] - Tapped on element 'Object Repository/Productions/Device/Log Out'

2023-07-11 20:36:57 - [TEST_STEP][PASSED] - verifyElementVisible(findTestObject("Productions/Login/Logout - Yes"), 3): Element 'Object Repository/Productions/Login/Logout - Yes' is visible

2023-07-11 20:36:58 - [MESSAGE][PASSED] - Element 'Object Repository/Productions/Login/Logout - Yes' is visible

2023-07-11 20:36:58 - [TEST_STEP][PASSED] - verifyElementVisible(findTestObject("Productions/Login/Logout - Cancel"), 3): Element 'Object Repository/Productions/Login/Logout - Cancel' is visible

2023-07-11 20:36:58 - [MESSAGE][PASSED] - Element 'Object Repository/Productions/Login/Logout - Cancel' is visible

2023-07-11 20:36:58 - [TEST_STEP][PASSED] - tap(findTestObject("Productions/Login/Logout - Yes"), 3): Tapped on element 'Object Repository/Productions/Login/Logout - Yes'

2023-07-11 20:36:59 - [MESSAGE][PASSED] - Tapped on element 'Object Repository/Productions/Login/Logout - Yes'

2023-07-11 20:36:59 - [TEST_STEP][PASSED] - delay(5, STOP_ON_FAILURE): Delayed 5 second(s)

2023-07-11 20:37:04 - [MESSAGE][PASSED] - Delayed 5 second(s)

2023-07-11 20:37:04 - [TEST_STEP][PASSED] - closeApplication(): Close app successfully

2023-07-11 20:37:04 - [MESSAGE][PASSED] - Close app successfully

2023-07-11 20:37:04 - [TEST_STEP][PASSED] - Start listener action : sampleAfterTestCase: null

2023-07-11 20:37:04 - [TEST_STEP][PASSED] - println(testCaseContext.getTestCaseId()): null

2023-07-11 20:37:04 - [TEST_STEP][PASSED] - println(testCaseContext.getTestCaseStatus()): null]]></system-out>
         <system-err><![CDATA[]]></system-err>
      </testcase>
      <system-out><![CDATA[2023-07-11 20:16:38 - [TEST_SUITE][FAILED] - KFCKU Apps: Test Cases/Production/Create Order/PNP/Dine In/Dine In - Debit Card FAILED.
Reason:
com.kms.katalon.core.exception.StepFailedException: Failed to tap on element 'Object Repository/Productions/Create Order/PNP/Dine In/Select Payment Method' (Root cause: org.openqa.selenium.StaleElementReferenceException: Cached elements 'By.xpath: //*[@class = 'android.widget.TextView' and (@text = 'Select Payment Method' or . = 'Select Payment Method')]' do not exist in DOM anymore
For documentation on this error, please visit: https://www.seleniumhq.org/exceptions/stale_element_reference.html
Build info: version: '3.141.59', revision: 'e82be7d358', time: '2018-11-14T08:25:53'
System info: host: 'NKC-23', ip: '192.168.1.14', os.name: 'Windows 10', os.arch: 'amd64', os.version: '10.0', java.version: '1.8.0_282'
Driver info: com.kms.katalon.core.appium.driver.SwipeableAndroidDriver
Capabilities {appActivity: com.kfc.mobile.presentation..., appPackage: com.kfc.mobile, autoGrantPermissions: true, automationName: uiautomator2, chromedriverPort: 54830, databaseEnabled: false, desired: {appActivity: com.kfc.mobile.presentation..., appPackage: com.kfc.mobile, autoGrantPermissions: true, automationName: uiautomator2, chromedriverPort: 54830, deviceId: , deviceName: OPPO CPH1803 (Android 8.1.0), newCommandTimeout: 1800, noReset: true, platform: ANDROID, platformName: android, platformVersion: 8.1.0, systemPort: 8295, udid: cefdc881}, deviceApiLevel: 27, deviceId: , deviceManufacturer: OPPO, deviceModel: CPH1803, deviceName: cefdc881, deviceScreenDensity: 320, deviceScreenSize: 720x1520, deviceUDID: cefdc881, javascriptEnabled: true, locationContextEnabled: false, networkConnectionEnabled: true, newCommandTimeout: 1800, noReset: true, pixelRatio: 2, platform: ANDROID, platformName: Android, platformVersion: 8.1.0, statBarHeight: 53, systemPort: 8295, takesScreenshot: true, udid: cefdc881, viewportRect: {height: 1467, left: 0, top: 53, width: 720}, warnings: {}, webStorageEnabled: false}
Session ID: d2aa3af5-7611-464d-b014-930bda20690c
	at org.openqa.selenium.remote.http.W3CHttpResponseCodec.createException(W3CHttpResponseCodec.java:187)
	at org.openqa.selenium.remote.http.W3CHttpResponseCodec.decode(W3CHttpResponseCodec.java:122)
	at org.openqa.selenium.remote.http.W3CHttpResponseCodec.decode(W3CHttpResponseCodec.java:49)
	at org.openqa.selenium.remote.HttpCommandExecutor.execute(HttpCommandExecutor.java:158)
	at io.appium.java_client.remote.AppiumCommandExecutor.execute(AppiumCommandExecutor.java:239)
	at org.openqa.selenium.remote.RemoteWebDriver.execute(RemoteWebDriver.java:552)
	at io.appium.java_client.DefaultGenericMobileDriver.execute(DefaultGenericMobileDriver.java:42)
	at io.appium.java_client.AppiumDriver.execute(AppiumDriver.java:1)
	at io.appium.java_client.android.AndroidDriver.execute(AndroidDriver.java:1)
	at com.kms.katalon.core.appium.driver.SwipeableAndroidDriver.execute(SwipeableAndroidDriver.java:1)
	at org.openqa.selenium.remote.RemoteWebElement.execute(RemoteWebElement.java:285)
	at io.appium.java_client.DefaultGenericMobileElement.execute(DefaultGenericMobileElement.java:45)
	at io.appium.java_client.MobileElement.execute(MobileElement.java:1)
	at io.appium.java_client.android.AndroidElement.execute(AndroidElement.java:1)
	at org.openqa.selenium.remote.RemoteWebElement.click(RemoteWebElement.java:84)
	at com.kms.katalon.core.mobile.keyword.builtin.TapKeyword$_tap_closure1.doCall(TapKeyword.groovy:82)
	at com.kms.katalon.core.mobile.keyword.builtin.TapKeyword$_tap_closure1.call(TapKeyword.groovy)
	at com.kms.katalon.core.mobile.keyword.internal.MobileKeywordMain.runKeyword(MobileKeywordMain.groovy:21)
	at com.kms.katalon.core.mobile.keyword.builtin.TapKeyword.tap(TapKeyword.groovy:84)
	at com.kms.katalon.core.mobile.keyword.builtin.TapKeyword.execute(TapKeyword.groovy:68)
	at com.kms.katalon.core.keyword.internal.KeywordExecutor.executeKeywordForPlatform(KeywordExecutor.groovy:74)
	at com.kms.katalon.core.mobile.keyword.MobileBuiltInKeywords.tap(MobileBuiltInKeywords.groovy:1490)
	at com.kms.katalon.core.mobile.keyword.MobileBuiltInKeywords$tap$0.call(Unknown Source)
	at Dine In - Debit Card.run(Dine In - Debit Card:85)
	at com.kms.katalon.core.main.ScriptEngine.run(ScriptEngine.java:194)
	at com.kms.katalon.core.main.ScriptEngine.runScriptAsRawText(ScriptEngine.java:119)
	at com.kms.katalon.core.main.TestCaseExecutor.runScript(TestCaseExecutor.java:448)
	at com.kms.katalon.core.main.TestCaseExecutor.doExecute(TestCaseExecutor.java:439)
	at com.kms.katalon.core.main.TestCaseExecutor.processExecutionPhase(TestCaseExecutor.java:418)
	at com.kms.katalon.core.main.TestCaseExecutor.accessMainPhase(TestCaseExecutor.java:410)
	at com.kms.katalon.core.main.TestCaseExecutor.execute(TestCaseExecutor.java:285)
	at com.kms.katalon.core.common.CommonExecutor.accessTestCaseMainPhase(CommonExecutor.java:65)
	at com.kms.katalon.core.main.TestSuiteExecutor.accessTestSuiteMainPhase(TestSuiteExecutor.java:151)
	at com.kms.katalon.core.main.TestSuiteExecutor.execute(TestSuiteExecutor.java:106)
	at com.kms.katalon.core.main.TestCaseMain.startTestSuite(TestCaseMain.java:185)
	at com.kms.katalon.core.main.TestCaseMain$startTestSuite$0.call(Unknown Source)
	at TempTestSuite1689081381910.run(TempTestSuite1689081381910.groovy:36)
)
	at com.kms.katalon.core.keyword.internal.KeywordMain.stepFailed(KeywordMain.groovy:50)
	at com.kms.katalon.core.mobile.keyword.internal.MobileKeywordMain.stepFailed(MobileKeywordMain.groovy:40)
	at com.kms.katalon.core.mobile.keyword.internal.MobileKeywordMain.runKeyword(MobileKeywordMain.groovy:23)
	at com.kms.katalon.core.mobile.keyword.builtin.TapKeyword.tap(TapKeyword.groovy:84)
	at com.kms.katalon.core.mobile.keyword.builtin.TapKeyword.execute(TapKeyword.groovy:68)
	at com.kms.katalon.core.keyword.internal.KeywordExecutor.executeKeywordForPlatform(KeywordExecutor.groovy:74)
	at com.kms.katalon.core.mobile.keyword.MobileBuiltInKeywords.tap(MobileBuiltInKeywords.groovy:1490)
	at com.kms.katalon.core.mobile.keyword.MobileBuiltInKeywords$tap$0.call(Unknown Source)
	at Dine In - Debit Card.run(Dine In - Debit Card:85)
	at com.kms.katalon.core.main.ScriptEngine.run(ScriptEngine.java:194)
	at com.kms.katalon.core.main.ScriptEngine.runScriptAsRawText(ScriptEngine.java:119)
	at com.kms.katalon.core.main.TestCaseExecutor.runScript(TestCaseExecutor.java:448)
	at com.kms.katalon.core.main.TestCaseExecutor.doExecute(TestCaseExecutor.java:439)
	at com.kms.katalon.core.main.TestCaseExecutor.processExecutionPhase(TestCaseExecutor.java:418)
	at com.kms.katalon.core.main.TestCaseExecutor.accessMainPhase(TestCaseExecutor.java:410)
	at com.kms.katalon.core.main.TestCaseExecutor.execute(TestCaseExecutor.java:285)
	at com.kms.katalon.core.common.CommonExecutor.accessTestCaseMainPhase(CommonExecutor.java:65)
	at com.kms.katalon.core.main.TestSuiteExecutor.accessTestSuiteMainPhase(TestSuiteExecutor.java:151)
	at com.kms.katalon.core.main.TestSuiteExecutor.execute(TestSuiteExecutor.java:106)
	at com.kms.katalon.core.main.TestCaseMain.startTestSuite(TestCaseMain.java:185)
	at com.kms.katalon.core.main.TestCaseMain$startTestSuite$0.call(Unknown Source)
	at TempTestSuite1689081381910.run(TempTestSuite1689081381910.groovy:36)
Caused by: org.openqa.selenium.StaleElementReferenceException: Cached elements 'By.xpath: //*[@class = 'android.widget.TextView' and (@text = 'Select Payment Method' or . = 'Select Payment Method')]' do not exist in DOM anymore
For documentation on this error, please visit: https://www.seleniumhq.org/exceptions/stale_element_reference.html
Build info: version: '3.141.59', revision: 'e82be7d358', time: '2018-11-14T08:25:53'
System info: host: 'NKC-23', ip: '192.168.1.14', os.name: 'Windows 10', os.arch: 'amd64', os.version: '10.0', java.version: '1.8.0_282'
Driver info: com.kms.katalon.core.appium.driver.SwipeableAndroidDriver
Capabilities {appActivity: com.kfc.mobile.presentation..., appPackage: com.kfc.mobile, autoGrantPermissions: true, automationName: uiautomator2, chromedriverPort: 54830, databaseEnabled: false, desired: {appActivity: com.kfc.mobile.presentation..., appPackage: com.kfc.mobile, autoGrantPermissions: true, automationName: uiautomator2, chromedriverPort: 54830, deviceId: , deviceName: OPPO CPH1803 (Android 8.1.0), newCommandTimeout: 1800, noReset: true, platform: ANDROID, platformName: android, platformVersion: 8.1.0, systemPort: 8295, udid: cefdc881}, deviceApiLevel: 27, deviceId: , deviceManufacturer: OPPO, deviceModel: CPH1803, deviceName: cefdc881, deviceScreenDensity: 320, deviceScreenSize: 720x1520, deviceUDID: cefdc881, javascriptEnabled: true, locationContextEnabled: false, networkConnectionEnabled: true, newCommandTimeout: 1800, noReset: true, pixelRatio: 2, platform: ANDROID, platformName: Android, platformVersion: 8.1.0, statBarHeight: 53, systemPort: 8295, takesScreenshot: true, udid: cefdc881, viewportRect: {height: 1467, left: 0, top: 53, width: 720}, warnings: {}, webStorageEnabled: false}
Session ID: d2aa3af5-7611-464d-b014-930bda20690c
	at org.openqa.selenium.remote.http.W3CHttpResponseCodec.createException(W3CHttpResponseCodec.java:187)
	at org.openqa.selenium.remote.http.W3CHttpResponseCodec.decode(W3CHttpResponseCodec.java:122)
	at org.openqa.selenium.remote.http.W3CHttpResponseCodec.decode(W3CHttpResponseCodec.java:49)
	at org.openqa.selenium.remote.HttpCommandExecutor.execute(HttpCommandExecutor.java:158)
	at io.appium.java_client.remote.AppiumCommandExecutor.execute(AppiumCommandExecutor.java:239)
	at org.openqa.selenium.remote.RemoteWebDriver.execute(RemoteWebDriver.java:552)
	at io.appium.java_client.DefaultGenericMobileDriver.execute(DefaultGenericMobileDriver.java:42)
	at io.appium.java_client.AppiumDriver.execute(AppiumDriver.java:1)
	at io.appium.java_client.android.AndroidDriver.execute(AndroidDriver.java:1)
	at com.kms.katalon.core.appium.driver.SwipeableAndroidDriver.execute(SwipeableAndroidDriver.java:1)
	at org.openqa.selenium.remote.RemoteWebElement.execute(RemoteWebElement.java:285)
	at io.appium.java_client.DefaultGenericMobileElement.execute(DefaultGenericMobileElement.java:45)
	at io.appium.java_client.MobileElement.execute(MobileElement.java:1)
	at io.appium.java_client.android.AndroidElement.execute(AndroidElement.java:1)
	at org.openqa.selenium.remote.RemoteWebElement.click(RemoteWebElement.java:84)
	at com.kms.katalon.core.mobile.keyword.builtin.TapKeyword$_tap_closure1.doCall(TapKeyword.groovy:82)
	at com.kms.katalon.core.mobile.keyword.builtin.TapKeyword$_tap_closure1.call(TapKeyword.groovy)
	at com.kms.katalon.core.mobile.keyword.internal.MobileKeywordMain.runKeyword(MobileKeywordMain.groovy:21)
	... 19 more]]></system-out>
      <system-err><![CDATA[2023-07-11 20:16:38 - [TEST_SUITE][FAILED] - KFCKU Apps: Test Cases/Production/Create Order/PNP/Dine In/Dine In - Debit Card FAILED.
Reason:
com.kms.katalon.core.exception.StepFailedException: Failed to tap on element 'Object Repository/Productions/Create Order/PNP/Dine In/Select Payment Method' (Root cause: org.openqa.selenium.StaleElementReferenceException: Cached elements 'By.xpath: //*[@class = 'android.widget.TextView' and (@text = 'Select Payment Method' or . = 'Select Payment Method')]' do not exist in DOM anymore
For documentation on this error, please visit: https://www.seleniumhq.org/exceptions/stale_element_reference.html
Build info: version: '3.141.59', revision: 'e82be7d358', time: '2018-11-14T08:25:53'
System info: host: 'NKC-23', ip: '192.168.1.14', os.name: 'Windows 10', os.arch: 'amd64', os.version: '10.0', java.version: '1.8.0_282'
Driver info: com.kms.katalon.core.appium.driver.SwipeableAndroidDriver
Capabilities {appActivity: com.kfc.mobile.presentation..., appPackage: com.kfc.mobile, autoGrantPermissions: true, automationName: uiautomator2, chromedriverPort: 54830, databaseEnabled: false, desired: {appActivity: com.kfc.mobile.presentation..., appPackage: com.kfc.mobile, autoGrantPermissions: true, automationName: uiautomator2, chromedriverPort: 54830, deviceId: , deviceName: OPPO CPH1803 (Android 8.1.0), newCommandTimeout: 1800, noReset: true, platform: ANDROID, platformName: android, platformVersion: 8.1.0, systemPort: 8295, udid: cefdc881}, deviceApiLevel: 27, deviceId: , deviceManufacturer: OPPO, deviceModel: CPH1803, deviceName: cefdc881, deviceScreenDensity: 320, deviceScreenSize: 720x1520, deviceUDID: cefdc881, javascriptEnabled: true, locationContextEnabled: false, networkConnectionEnabled: true, newCommandTimeout: 1800, noReset: true, pixelRatio: 2, platform: ANDROID, platformName: Android, platformVersion: 8.1.0, statBarHeight: 53, systemPort: 8295, takesScreenshot: true, udid: cefdc881, viewportRect: {height: 1467, left: 0, top: 53, width: 720}, warnings: {}, webStorageEnabled: false}
Session ID: d2aa3af5-7611-464d-b014-930bda20690c
	at org.openqa.selenium.remote.http.W3CHttpResponseCodec.createException(W3CHttpResponseCodec.java:187)
	at org.openqa.selenium.remote.http.W3CHttpResponseCodec.decode(W3CHttpResponseCodec.java:122)
	at org.openqa.selenium.remote.http.W3CHttpResponseCodec.decode(W3CHttpResponseCodec.java:49)
	at org.openqa.selenium.remote.HttpCommandExecutor.execute(HttpCommandExecutor.java:158)
	at io.appium.java_client.remote.AppiumCommandExecutor.execute(AppiumCommandExecutor.java:239)
	at org.openqa.selenium.remote.RemoteWebDriver.execute(RemoteWebDriver.java:552)
	at io.appium.java_client.DefaultGenericMobileDriver.execute(DefaultGenericMobileDriver.java:42)
	at io.appium.java_client.AppiumDriver.execute(AppiumDriver.java:1)
	at io.appium.java_client.android.AndroidDriver.execute(AndroidDriver.java:1)
	at com.kms.katalon.core.appium.driver.SwipeableAndroidDriver.execute(SwipeableAndroidDriver.java:1)
	at org.openqa.selenium.remote.RemoteWebElement.execute(RemoteWebElement.java:285)
	at io.appium.java_client.DefaultGenericMobileElement.execute(DefaultGenericMobileElement.java:45)
	at io.appium.java_client.MobileElement.execute(MobileElement.java:1)
	at io.appium.java_client.android.AndroidElement.execute(AndroidElement.java:1)
	at org.openqa.selenium.remote.RemoteWebElement.click(RemoteWebElement.java:84)
	at com.kms.katalon.core.mobile.keyword.builtin.TapKeyword$_tap_closure1.doCall(TapKeyword.groovy:82)
	at com.kms.katalon.core.mobile.keyword.builtin.TapKeyword$_tap_closure1.call(TapKeyword.groovy)
	at com.kms.katalon.core.mobile.keyword.internal.MobileKeywordMain.runKeyword(MobileKeywordMain.groovy:21)
	at com.kms.katalon.core.mobile.keyword.builtin.TapKeyword.tap(TapKeyword.groovy:84)
	at com.kms.katalon.core.mobile.keyword.builtin.TapKeyword.execute(TapKeyword.groovy:68)
	at com.kms.katalon.core.keyword.internal.KeywordExecutor.executeKeywordForPlatform(KeywordExecutor.groovy:74)
	at com.kms.katalon.core.mobile.keyword.MobileBuiltInKeywords.tap(MobileBuiltInKeywords.groovy:1490)
	at com.kms.katalon.core.mobile.keyword.MobileBuiltInKeywords$tap$0.call(Unknown Source)
	at Dine In - Debit Card.run(Dine In - Debit Card:85)
	at com.kms.katalon.core.main.ScriptEngine.run(ScriptEngine.java:194)
	at com.kms.katalon.core.main.ScriptEngine.runScriptAsRawText(ScriptEngine.java:119)
	at com.kms.katalon.core.main.TestCaseExecutor.runScript(TestCaseExecutor.java:448)
	at com.kms.katalon.core.main.TestCaseExecutor.doExecute(TestCaseExecutor.java:439)
	at com.kms.katalon.core.main.TestCaseExecutor.processExecutionPhase(TestCaseExecutor.java:418)
	at com.kms.katalon.core.main.TestCaseExecutor.accessMainPhase(TestCaseExecutor.java:410)
	at com.kms.katalon.core.main.TestCaseExecutor.execute(TestCaseExecutor.java:285)
	at com.kms.katalon.core.common.CommonExecutor.accessTestCaseMainPhase(CommonExecutor.java:65)
	at com.kms.katalon.core.main.TestSuiteExecutor.accessTestSuiteMainPhase(TestSuiteExecutor.java:151)
	at com.kms.katalon.core.main.TestSuiteExecutor.execute(TestSuiteExecutor.java:106)
	at com.kms.katalon.core.main.TestCaseMain.startTestSuite(TestCaseMain.java:185)
	at com.kms.katalon.core.main.TestCaseMain$startTestSuite$0.call(Unknown Source)
	at TempTestSuite1689081381910.run(TempTestSuite1689081381910.groovy:36)
)
	at com.kms.katalon.core.keyword.internal.KeywordMain.stepFailed(KeywordMain.groovy:50)
	at com.kms.katalon.core.mobile.keyword.internal.MobileKeywordMain.stepFailed(MobileKeywordMain.groovy:40)
	at com.kms.katalon.core.mobile.keyword.internal.MobileKeywordMain.runKeyword(MobileKeywordMain.groovy:23)
	at com.kms.katalon.core.mobile.keyword.builtin.TapKeyword.tap(TapKeyword.groovy:84)
	at com.kms.katalon.core.mobile.keyword.builtin.TapKeyword.execute(TapKeyword.groovy:68)
	at com.kms.katalon.core.keyword.internal.KeywordExecutor.executeKeywordForPlatform(KeywordExecutor.groovy:74)
	at com.kms.katalon.core.mobile.keyword.MobileBuiltInKeywords.tap(MobileBuiltInKeywords.groovy:1490)
	at com.kms.katalon.core.mobile.keyword.MobileBuiltInKeywords$tap$0.call(Unknown Source)
	at Dine In - Debit Card.run(Dine In - Debit Card:85)
	at com.kms.katalon.core.main.ScriptEngine.run(ScriptEngine.java:194)
	at com.kms.katalon.core.main.ScriptEngine.runScriptAsRawText(ScriptEngine.java:119)
	at com.kms.katalon.core.main.TestCaseExecutor.runScript(TestCaseExecutor.java:448)
	at com.kms.katalon.core.main.TestCaseExecutor.doExecute(TestCaseExecutor.java:439)
	at com.kms.katalon.core.main.TestCaseExecutor.processExecutionPhase(TestCaseExecutor.java:418)
	at com.kms.katalon.core.main.TestCaseExecutor.accessMainPhase(TestCaseExecutor.java:410)
	at com.kms.katalon.core.main.TestCaseExecutor.execute(TestCaseExecutor.java:285)
	at com.kms.katalon.core.common.CommonExecutor.accessTestCaseMainPhase(CommonExecutor.java:65)
	at com.kms.katalon.core.main.TestSuiteExecutor.accessTestSuiteMainPhase(TestSuiteExecutor.java:151)
	at com.kms.katalon.core.main.TestSuiteExecutor.execute(TestSuiteExecutor.java:106)
	at com.kms.katalon.core.main.TestCaseMain.startTestSuite(TestCaseMain.java:185)
	at com.kms.katalon.core.main.TestCaseMain$startTestSuite$0.call(Unknown Source)
	at TempTestSuite1689081381910.run(TempTestSuite1689081381910.groovy:36)
Caused by: org.openqa.selenium.StaleElementReferenceException: Cached elements 'By.xpath: //*[@class = 'android.widget.TextView' and (@text = 'Select Payment Method' or . = 'Select Payment Method')]' do not exist in DOM anymore
For documentation on this error, please visit: https://www.seleniumhq.org/exceptions/stale_element_reference.html
Build info: version: '3.141.59', revision: 'e82be7d358', time: '2018-11-14T08:25:53'
System info: host: 'NKC-23', ip: '192.168.1.14', os.name: 'Windows 10', os.arch: 'amd64', os.version: '10.0', java.version: '1.8.0_282'
Driver info: com.kms.katalon.core.appium.driver.SwipeableAndroidDriver
Capabilities {appActivity: com.kfc.mobile.presentation..., appPackage: com.kfc.mobile, autoGrantPermissions: true, automationName: uiautomator2, chromedriverPort: 54830, databaseEnabled: false, desired: {appActivity: com.kfc.mobile.presentation..., appPackage: com.kfc.mobile, autoGrantPermissions: true, automationName: uiautomator2, chromedriverPort: 54830, deviceId: , deviceName: OPPO CPH1803 (Android 8.1.0), newCommandTimeout: 1800, noReset: true, platform: ANDROID, platformName: android, platformVersion: 8.1.0, systemPort: 8295, udid: cefdc881}, deviceApiLevel: 27, deviceId: , deviceManufacturer: OPPO, deviceModel: CPH1803, deviceName: cefdc881, deviceScreenDensity: 320, deviceScreenSize: 720x1520, deviceUDID: cefdc881, javascriptEnabled: true, locationContextEnabled: false, networkConnectionEnabled: true, newCommandTimeout: 1800, noReset: true, pixelRatio: 2, platform: ANDROID, platformName: Android, platformVersion: 8.1.0, statBarHeight: 53, systemPort: 8295, takesScreenshot: true, udid: cefdc881, viewportRect: {height: 1467, left: 0, top: 53, width: 720}, warnings: {}, webStorageEnabled: false}
Session ID: d2aa3af5-7611-464d-b014-930bda20690c
	at org.openqa.selenium.remote.http.W3CHttpResponseCodec.createException(W3CHttpResponseCodec.java:187)
	at org.openqa.selenium.remote.http.W3CHttpResponseCodec.decode(W3CHttpResponseCodec.java:122)
	at org.openqa.selenium.remote.http.W3CHttpResponseCodec.decode(W3CHttpResponseCodec.java:49)
	at org.openqa.selenium.remote.HttpCommandExecutor.execute(HttpCommandExecutor.java:158)
	at io.appium.java_client.remote.AppiumCommandExecutor.execute(AppiumCommandExecutor.java:239)
	at org.openqa.selenium.remote.RemoteWebDriver.execute(RemoteWebDriver.java:552)
	at io.appium.java_client.DefaultGenericMobileDriver.execute(DefaultGenericMobileDriver.java:42)
	at io.appium.java_client.AppiumDriver.execute(AppiumDriver.java:1)
	at io.appium.java_client.android.AndroidDriver.execute(AndroidDriver.java:1)
	at com.kms.katalon.core.appium.driver.SwipeableAndroidDriver.execute(SwipeableAndroidDriver.java:1)
	at org.openqa.selenium.remote.RemoteWebElement.execute(RemoteWebElement.java:285)
	at io.appium.java_client.DefaultGenericMobileElement.execute(DefaultGenericMobileElement.java:45)
	at io.appium.java_client.MobileElement.execute(MobileElement.java:1)
	at io.appium.java_client.android.AndroidElement.execute(AndroidElement.java:1)
	at org.openqa.selenium.remote.RemoteWebElement.click(RemoteWebElement.java:84)
	at com.kms.katalon.core.mobile.keyword.builtin.TapKeyword$_tap_closure1.doCall(TapKeyword.groovy:82)
	at com.kms.katalon.core.mobile.keyword.builtin.TapKeyword$_tap_closure1.call(TapKeyword.groovy)
	at com.kms.katalon.core.mobile.keyword.internal.MobileKeywordMain.runKeyword(MobileKeywordMain.groovy:21)
	... 19 more]]></system-err>
   </testsuite>
</testsuites>
