<?xml version="1.0" encoding="UTF-8"?>
<testsuites name="Profile" time="379.402" tests="10" failures="3" errors="0">
   <testsuite name="Profile" tests="10" failures="3" errors="0" time="379.402" skipped="0" timestamp="2023-05-16 16:00:46" hostname="Ahadian Rifky - NKC-23" id="Test Suites/Production/Profile">
      <properties>
         <property name="deviceName" value="OPPO CPH1803 (Android 8.1.0)"/>
         <property name="devicePlatform" value=""/>
         <property name="logFolder" value="C:\\Users\\Ahadian Rifky\\Downloads\\Katalon_Studio_Windows_64-8.5.5\\Katalon_Studio_Windows_64-8.5.5\\git.github.com\\maycheljecsan\\kfckuapps_katalon.git\\kfcku_android\\Reports\\20230516_160034\\Production\\Profile\\20230516_160034"/>
         <property name="logFiles" value="C:\\Users\\Ahadian Rifky\\Downloads\\Katalon_Studio_Windows_64-8.5.5\\Katalon_Studio_Windows_64-8.5.5\\git.github.com\\maycheljecsan\\kfckuapps_katalon.git\\kfcku_android\\Reports\\20230516_160034\\Production\\Profile\\20230516_160034\\appium.log, C:\\Users\\Ahadian Rifky\\Downloads\\Katalon_Studio_Windows_64-8.5.5\\Katalon_Studio_Windows_64-8.5.5\\git.github.com\\maycheljecsan\\kfckuapps_katalon.git\\kfcku_android\\Reports\\20230516_160034\\Production\\Profile\\20230516_160034\\execution0.log"/>
         <property name="attachments" value="C:\\Users\\Ahadian Rifky\\Downloads\\Katalon_Studio_Windows_64-8.5.5\\Katalon_Studio_Windows_64-8.5.5\\git.github.com\\maycheljecsan\\kfckuapps_katalon.git\\kfcku_android\\Reports\\20230516_160034\\Production\\Profile\\20230516_160034\\1684227741144.png, C:\\Users\\Ahadian Rifky\\Downloads\\Katalon_Studio_Windows_64-8.5.5\\Katalon_Studio_Windows_64-8.5.5\\git.github.com\\maycheljecsan\\kfckuapps_katalon.git\\kfcku_android\\Reports\\20230516_160034\\Production\\Profile\\20230516_160034\\1684227769280.png, C:\\Users\\Ahadian Rifky\\Downloads\\Katalon_Studio_Windows_64-8.5.5\\Katalon_Studio_Windows_64-8.5.5\\git.github.com\\maycheljecsan\\kfckuapps_katalon.git\\kfcku_android\\Reports\\20230516_160034\\Production\\Profile\\20230516_160034\\1684227991664.png"/>
         <property name="hostName" value="Ahadian Rifky - NKC-23"/>
         <property name="os" value="Windows 10 64bit"/>
         <property name="appiumServerStatus" value="{&quot;value&quot;:{&quot;build&quot;:{&quot;version&quot;:&quot;1.22.3&quot;}},&quot;sessionId&quot;:null,&quot;status&quot;:0}"/>
         <property name="katalonVersion" value="8.5.5.208"/>
         <property name="deviceOS" value="Android"/>
         <property name="appiumVersion" value="1.22.3"/>
         <property name="deviceModel" value="CPH1803"/>
         <property name="hostAddress" value="172.10.13.174"/>
         <property name="deviceManufacturer" value="OPPO"/>
         <property name="deviceId" value="cefdc881"/>
         <property name="deviceName" value="OPPO CPH1803 (Android 8.1.0)"/>
         <property name="deviceOSVersion" value="8.1.0"/>
      </properties>
      <testcase name="Test Cases/Production/Profile/Personal Info/Change Password" time="36.62" classname="Test Cases/Production/Profile/Personal Info/Change Password" status="PASSED">
         <system-out><![CDATA[2023-05-16 16:00:46 - [TEST_CASE][PASSED] - Test Cases/Production/Profile/Personal Info/Change Password: Test Cases/Production/Profile/Personal Info/Change Password

2023-05-16 16:00:47 - [TEST_STEP][PASSED] - startExistingApplication("com.kfc.mobile", STOP_ON_FAILURE): Starting app with application ID: 'com.kfc.mobile'

2023-05-16 16:00:47 - [MESSAGE][INFO] - User set preference: ['appPackage', 'com.kfc.mobile']

2023-05-16 16:00:47 - [MESSAGE][INFO] - User set preference: ['appActivity', 'com.kfc.mobile.presentation.splash.SplashActivity']

2023-05-16 16:00:47 - [MESSAGE][INFO] - User set preference: ['noReset', 'true']

2023-05-16 16:00:47 - [MESSAGE][INFO] - User set preference: ['deviceId', 'cefdc881']

2023-05-16 16:00:47 - [MESSAGE][INFO] - Detected NodeJS location: "C:\Program Files\nodejs\node.exe"

2023-05-16 16:00:49 - [MESSAGE][INFO] - Appium server started on port 62,247

2023-05-16 16:01:08 - [MESSAGE][PASSED] - Starting app with application ID: 'com.kfc.mobile'

2023-05-16 16:01:08 - [TEST_STEP][PASSED] - delay(5, STOP_ON_FAILURE): Delayed 5 second(s)

2023-05-16 16:01:13 - [MESSAGE][PASSED] - Delayed 5 second(s)

2023-05-16 16:01:13 - [TEST_STEP][PASSED] - tap(findTestObject("Productions/Menu/Profile"), 0): Tapped on element 'Object Repository/Productions/Menu/Profile'

2023-05-16 16:01:13 - [MESSAGE][WARNING] - Timeout '0' is invalid. Using default page load timeout: '30'

2023-05-16 16:01:15 - [MESSAGE][PASSED] - Tapped on element 'Object Repository/Productions/Menu/Profile'

2023-05-16 16:01:15 - [TEST_STEP][PASSED] - tap(findTestObject("Productions/Personal Info/Change Password"), 0): Tapped on element 'Object Repository/Productions/Personal Info/Change Password'

2023-05-16 16:01:16 - [MESSAGE][WARNING] - Timeout '0' is invalid. Using default page load timeout: '30'

2023-05-16 16:01:17 - [MESSAGE][PASSED] - Tapped on element 'Object Repository/Productions/Personal Info/Change Password'

2023-05-16 16:01:17 - [TEST_STEP][PASSED] - delay(5, STOP_ON_FAILURE): Delayed 5 second(s)

2023-05-16 16:01:22 - [MESSAGE][PASSED] - Delayed 5 second(s)

2023-05-16 16:01:22 - [TEST_STEP][PASSED] - closeApplication(): Close app successfully

2023-05-16 16:01:23 - [MESSAGE][PASSED] - Close app successfully

2023-05-16 16:01:23 - [TEST_STEP][PASSED] - Start listener action : sampleAfterTestCase: null

2023-05-16 16:01:23 - [TEST_STEP][PASSED] - println(testCaseContext.getTestCaseId()): null

2023-05-16 16:01:23 - [TEST_STEP][PASSED] - println(testCaseContext.getTestCaseStatus()): null]]></system-out>
         <system-err><![CDATA[]]></system-err>
      </testcase>
      <testcase name="Test Cases/Production/Profile/Personal Info/Setting - Personal Info" time="58.628" classname="Test Cases/Production/Profile/Personal Info/Setting - Personal Info" status="FAILED">
         <failure type="FAILED" message="Test Cases/Production/Profile/Personal Info/Setting - Personal Info FAILED.
Reason:
com.kms.katalon.core.exception.StepFailedException: Object Object Repository/Productions/Personal Info/Edit-Profile/Edit Name not found
	at com.kms.katalon.core.keyword.internal.KeywordMain.stepFailed(KeywordMain.groovy:50)
	at com.kms.katalon.core.mobile.keyword.internal.MobileKeywordMain.stepFailed(MobileKeywordMain.groovy:40)
	at com.kms.katalon.core.mobile.keyword.builtin.SetTextKeyword$_setText_closure1.doCall(SetTextKeyword.groovy:76)
	at com.kms.katalon.core.mobile.keyword.builtin.SetTextKeyword$_setText_closure1.call(SetTextKeyword.groovy)
	at com.kms.katalon.core.mobile.keyword.internal.MobileKeywordMain.runKeyword(MobileKeywordMain.groovy:21)
	at com.kms.katalon.core.mobile.keyword.builtin.SetTextKeyword.setText(SetTextKeyword.groovy:83)
	at com.kms.katalon.core.mobile.keyword.builtin.SetTextKeyword.execute(SetTextKeyword.groovy:66)
	at com.kms.katalon.core.keyword.internal.KeywordExecutor.executeKeywordForPlatform(KeywordExecutor.groovy:74)
	at com.kms.katalon.core.mobile.keyword.MobileBuiltInKeywords.setText(MobileBuiltInKeywords.groovy:1307)
	at com.kms.katalon.core.mobile.keyword.MobileBuiltInKeywords$setText$2.call(Unknown Source)
	at Setting - Personal Info.run(Setting - Personal Info:28)
	at com.kms.katalon.core.main.ScriptEngine.run(ScriptEngine.java:194)
	at com.kms.katalon.core.main.ScriptEngine.runScriptAsRawText(ScriptEngine.java:119)
	at com.kms.katalon.core.main.TestCaseExecutor.runScript(TestCaseExecutor.java:448)
	at com.kms.katalon.core.main.TestCaseExecutor.doExecute(TestCaseExecutor.java:439)
	at com.kms.katalon.core.main.TestCaseExecutor.processExecutionPhase(TestCaseExecutor.java:418)
	at com.kms.katalon.core.main.TestCaseExecutor.accessMainPhase(TestCaseExecutor.java:410)
	at com.kms.katalon.core.main.TestCaseExecutor.execute(TestCaseExecutor.java:285)
	at com.kms.katalon.core.common.CommonExecutor.accessTestCaseMainPhase(CommonExecutor.java:65)
	at com.kms.katalon.core.main.TestSuiteExecutor.accessTestSuiteMainPhase(TestSuiteExecutor.java:151)
	at com.kms.katalon.core.main.TestSuiteExecutor.execute(TestSuiteExecutor.java:106)
	at com.kms.katalon.core.main.TestCaseMain.startTestSuite(TestCaseMain.java:185)
	at com.kms.katalon.core.main.TestCaseMain$startTestSuite$0.call(Unknown Source)
	at TempTestSuite1684227634289.run(TempTestSuite1684227634289.groovy:36)
"/>
         <system-out><![CDATA[2023-05-16 16:01:23 - [TEST_CASE][FAILED] - Test Cases/Production/Profile/Personal Info/Setting - Personal Info: Test Cases/Production/Profile/Personal Info/Setting - Personal Info FAILED.
Reason:
com.kms.katalon.core.exception.StepFailedException: Object Object Repository/Productions/Personal Info/Edit-Profile/Edit Name not found
	at com.kms.katalon.core.keyword.internal.KeywordMain.stepFailed(KeywordMain.groovy:50)
	at com.kms.katalon.core.mobile.keyword.internal.MobileKeywordMain.stepFailed(MobileKeywordMain.groovy:40)
	at com.kms.katalon.core.mobile.keyword.builtin.SetTextKeyword$_setText_closure1.doCall(SetTextKeyword.groovy:76)
	at com.kms.katalon.core.mobile.keyword.builtin.SetTextKeyword$_setText_closure1.call(SetTextKeyword.groovy)
	at com.kms.katalon.core.mobile.keyword.internal.MobileKeywordMain.runKeyword(MobileKeywordMain.groovy:21)
	at com.kms.katalon.core.mobile.keyword.builtin.SetTextKeyword.setText(SetTextKeyword.groovy:83)
	at com.kms.katalon.core.mobile.keyword.builtin.SetTextKeyword.execute(SetTextKeyword.groovy:66)
	at com.kms.katalon.core.keyword.internal.KeywordExecutor.executeKeywordForPlatform(KeywordExecutor.groovy:74)
	at com.kms.katalon.core.mobile.keyword.MobileBuiltInKeywords.setText(MobileBuiltInKeywords.groovy:1307)
	at com.kms.katalon.core.mobile.keyword.MobileBuiltInKeywords$setText$2.call(Unknown Source)
	at Setting - Personal Info.run(Setting - Personal Info:28)
	at com.kms.katalon.core.main.ScriptEngine.run(ScriptEngine.java:194)
	at com.kms.katalon.core.main.ScriptEngine.runScriptAsRawText(ScriptEngine.java:119)
	at com.kms.katalon.core.main.TestCaseExecutor.runScript(TestCaseExecutor.java:448)
	at com.kms.katalon.core.main.TestCaseExecutor.doExecute(TestCaseExecutor.java:439)
	at com.kms.katalon.core.main.TestCaseExecutor.processExecutionPhase(TestCaseExecutor.java:418)
	at com.kms.katalon.core.main.TestCaseExecutor.accessMainPhase(TestCaseExecutor.java:410)
	at com.kms.katalon.core.main.TestCaseExecutor.execute(TestCaseExecutor.java:285)
	at com.kms.katalon.core.common.CommonExecutor.accessTestCaseMainPhase(CommonExecutor.java:65)
	at com.kms.katalon.core.main.TestSuiteExecutor.accessTestSuiteMainPhase(TestSuiteExecutor.java:151)
	at com.kms.katalon.core.main.TestSuiteExecutor.execute(TestSuiteExecutor.java:106)
	at com.kms.katalon.core.main.TestCaseMain.startTestSuite(TestCaseMain.java:185)
	at com.kms.katalon.core.main.TestCaseMain$startTestSuite$0.call(Unknown Source)
	at TempTestSuite1684227634289.run(TempTestSuite1684227634289.groovy:36)


2023-05-16 16:01:23 - [TEST_STEP][PASSED] - startExistingApplication("com.kfc.mobile", STOP_ON_FAILURE): Starting app with application ID: 'com.kfc.mobile'

2023-05-16 16:01:23 - [MESSAGE][INFO] - User set preference: ['appPackage', 'com.kfc.mobile']

2023-05-16 16:01:23 - [MESSAGE][INFO] - User set preference: ['appActivity', 'com.kfc.mobile.presentation.splash.SplashActivity']

2023-05-16 16:01:23 - [MESSAGE][INFO] - User set preference: ['noReset', 'true']

2023-05-16 16:01:23 - [MESSAGE][INFO] - User set preference: ['deviceId', 'cefdc881']

2023-05-16 16:01:23 - [MESSAGE][INFO] - Detected NodeJS location: "C:\Program Files\nodejs\node.exe"

2023-05-16 16:01:25 - [MESSAGE][INFO] - Appium server started on port 62,452

2023-05-16 16:01:41 - [MESSAGE][PASSED] - Starting app with application ID: 'com.kfc.mobile'

2023-05-16 16:01:41 - [TEST_STEP][PASSED] - delay(5, STOP_ON_FAILURE): Delayed 5 second(s)

2023-05-16 16:01:46 - [MESSAGE][PASSED] - Delayed 5 second(s)

2023-05-16 16:01:46 - [TEST_STEP][PASSED] - tap(findTestObject("Productions/Menu/Profile"), 0): Tapped on element 'Object Repository/Productions/Menu/Profile'

2023-05-16 16:01:46 - [MESSAGE][WARNING] - Timeout '0' is invalid. Using default page load timeout: '30'

2023-05-16 16:01:49 - [MESSAGE][PASSED] - Tapped on element 'Object Repository/Productions/Menu/Profile'

2023-05-16 16:01:49 - [TEST_STEP][PASSED] - tap(findTestObject("Productions/Personal Info/Edit Profile"), 0): Tapped on element 'Object Repository/Productions/Personal Info/Edit Profile'

2023-05-16 16:01:49 - [MESSAGE][WARNING] - Timeout '0' is invalid. Using default page load timeout: '30'

2023-05-16 16:01:50 - [MESSAGE][PASSED] - Tapped on element 'Object Repository/Productions/Personal Info/Edit Profile'

2023-05-16 16:01:50 - [TEST_STEP][FAILED] - setText(findTestObject("Productions/Personal Info/Edit-Profile/Edit Name"), "mike", 0): Failed to set text into element (Root cause: com.kms.katalon.core.exception.StepFailedException: Object Object Repository/Productions/Personal Info/Edit-Profile/Edit Name not found
	at com.kms.katalon.core.keyword.internal.KeywordMain.stepFailed(KeywordMain.groovy:50)
	at com.kms.katalon.core.mobile.keyword.internal.MobileKeywordMain.stepFailed(MobileKeywordMain.groovy:40)
	at com.kms.katalon.core.mobile.keyword.builtin.SetTextKeyword$_setText_closure1.doCall(SetTextKeyword.groovy:76)
	at com.kms.katalon.core.mobile.keyword.builtin.SetTextKeyword$_setText_closure1.call(SetTextKeyword.groovy)
	at com.kms.katalon.core.mobile.keyword.internal.MobileKeywordMain.runKeyword(MobileKeywordMain.groovy:21)
	at com.kms.katalon.core.mobile.keyword.builtin.SetTextKeyword.setText(SetTextKeyword.groovy:83)
	at com.kms.katalon.core.mobile.keyword.builtin.SetTextKeyword.execute(SetTextKeyword.groovy:66)
	at com.kms.katalon.core.keyword.internal.KeywordExecutor.executeKeywordForPlatform(KeywordExecutor.groovy:74)
	at com.kms.katalon.core.mobile.keyword.MobileBuiltInKeywords.setText(MobileBuiltInKeywords.groovy:1307)
	at com.kms.katalon.core.mobile.keyword.MobileBuiltInKeywords$setText$2.call(Unknown Source)
	at Setting - Personal Info.run(Setting - Personal Info:28)
	at com.kms.katalon.core.main.ScriptEngine.run(ScriptEngine.java:194)
	at com.kms.katalon.core.main.ScriptEngine.runScriptAsRawText(ScriptEngine.java:119)
	at com.kms.katalon.core.main.TestCaseExecutor.runScript(TestCaseExecutor.java:448)
	at com.kms.katalon.core.main.TestCaseExecutor.doExecute(TestCaseExecutor.java:439)
	at com.kms.katalon.core.main.TestCaseExecutor.processExecutionPhase(TestCaseExecutor.java:418)
	at com.kms.katalon.core.main.TestCaseExecutor.accessMainPhase(TestCaseExecutor.java:410)
	at com.kms.katalon.core.main.TestCaseExecutor.execute(TestCaseExecutor.java:285)
	at com.kms.katalon.core.common.CommonExecutor.accessTestCaseMainPhase(CommonExecutor.java:65)
	at com.kms.katalon.core.main.TestSuiteExecutor.accessTestSuiteMainPhase(TestSuiteExecutor.java:151)
	at com.kms.katalon.core.main.TestSuiteExecutor.execute(TestSuiteExecutor.java:106)
	at com.kms.katalon.core.main.TestCaseMain.startTestSuite(TestCaseMain.java:185)
	at com.kms.katalon.core.main.TestCaseMain$startTestSuite$0.call(Unknown Source)
	at TempTestSuite1684227634289.run(TempTestSuite1684227634289.groovy:36)
)

2023-05-16 16:01:51 - [MESSAGE][WARNING] - Timeout '0' is invalid. Using default page load timeout: '30'

2023-05-16 16:02:21 - [MESSAGE][FAILED] - Object Object Repository/Productions/Personal Info/Edit-Profile/Edit Name not found

2023-05-16 16:02:22 - [MESSAGE][FAILED] - Failed to set text into element (Root cause: com.kms.katalon.core.exception.StepFailedException: Object Object Repository/Productions/Personal Info/Edit-Profile/Edit Name not found
	at com.kms.katalon.core.keyword.internal.KeywordMain.stepFailed(KeywordMain.groovy:50)
	at com.kms.katalon.core.mobile.keyword.internal.MobileKeywordMain.stepFailed(MobileKeywordMain.groovy:40)
	at com.kms.katalon.core.mobile.keyword.builtin.SetTextKeyword$_setText_closure1.doCall(SetTextKeyword.groovy:76)
	at com.kms.katalon.core.mobile.keyword.builtin.SetTextKeyword$_setText_closure1.call(SetTextKeyword.groovy)
	at com.kms.katalon.core.mobile.keyword.internal.MobileKeywordMain.runKeyword(MobileKeywordMain.groovy:21)
	at com.kms.katalon.core.mobile.keyword.builtin.SetTextKeyword.setText(SetTextKeyword.groovy:83)
	at com.kms.katalon.core.mobile.keyword.builtin.SetTextKeyword.execute(SetTextKeyword.groovy:66)
	at com.kms.katalon.core.keyword.internal.KeywordExecutor.executeKeywordForPlatform(KeywordExecutor.groovy:74)
	at com.kms.katalon.core.mobile.keyword.MobileBuiltInKeywords.setText(MobileBuiltInKeywords.groovy:1307)
	at com.kms.katalon.core.mobile.keyword.MobileBuiltInKeywords$setText$2.call(Unknown Source)
	at Setting - Personal Info.run(Setting - Personal Info:28)
	at com.kms.katalon.core.main.ScriptEngine.run(ScriptEngine.java:194)
	at com.kms.katalon.core.main.ScriptEngine.runScriptAsRawText(ScriptEngine.java:119)
	at com.kms.katalon.core.main.TestCaseExecutor.runScript(TestCaseExecutor.java:448)
	at com.kms.katalon.core.main.TestCaseExecutor.doExecute(TestCaseExecutor.java:439)
	at com.kms.katalon.core.main.TestCaseExecutor.processExecutionPhase(TestCaseExecutor.java:418)
	at com.kms.katalon.core.main.TestCaseExecutor.accessMainPhase(TestCaseExecutor.java:410)
	at com.kms.katalon.core.main.TestCaseExecutor.execute(TestCaseExecutor.java:285)
	at com.kms.katalon.core.common.CommonExecutor.accessTestCaseMainPhase(CommonExecutor.java:65)
	at com.kms.katalon.core.main.TestSuiteExecutor.accessTestSuiteMainPhase(TestSuiteExecutor.java:151)
	at com.kms.katalon.core.main.TestSuiteExecutor.execute(TestSuiteExecutor.java:106)
	at com.kms.katalon.core.main.TestCaseMain.startTestSuite(TestCaseMain.java:185)
	at com.kms.katalon.core.main.TestCaseMain$startTestSuite$0.call(Unknown Source)
	at TempTestSuite1684227634289.run(TempTestSuite1684227634289.groovy:36)
)
[[ATTACHMENT|C:\\Users\\Ahadian Rifky\\Downloads\\Katalon_Studio_Windows_64-8.5.5\\Katalon_Studio_Windows_64-8.5.5\\git.github.com\\maycheljecsan\\kfckuapps_katalon.git\\kfcku_android\\Reports\\20230516_160034\\Production\\Profile\\20230516_160034\\1684227741144.png]]

2023-05-16 16:02:22 - [TEST_STEP][PASSED] - Start listener action : sampleAfterTestCase: null

2023-05-16 16:02:22 - [TEST_STEP][PASSED] - println(testCaseContext.getTestCaseId()): null

2023-05-16 16:02:22 - [TEST_STEP][PASSED] - println(testCaseContext.getTestCaseStatus()): null]]></system-out>
         <system-err><![CDATA[2023-05-16 16:01:23 - [TEST_CASE][FAILED] - Test Cases/Production/Profile/Personal Info/Setting - Personal Info: Test Cases/Production/Profile/Personal Info/Setting - Personal Info FAILED.
Reason:
com.kms.katalon.core.exception.StepFailedException: Object Object Repository/Productions/Personal Info/Edit-Profile/Edit Name not found
	at com.kms.katalon.core.keyword.internal.KeywordMain.stepFailed(KeywordMain.groovy:50)
	at com.kms.katalon.core.mobile.keyword.internal.MobileKeywordMain.stepFailed(MobileKeywordMain.groovy:40)
	at com.kms.katalon.core.mobile.keyword.builtin.SetTextKeyword$_setText_closure1.doCall(SetTextKeyword.groovy:76)
	at com.kms.katalon.core.mobile.keyword.builtin.SetTextKeyword$_setText_closure1.call(SetTextKeyword.groovy)
	at com.kms.katalon.core.mobile.keyword.internal.MobileKeywordMain.runKeyword(MobileKeywordMain.groovy:21)
	at com.kms.katalon.core.mobile.keyword.builtin.SetTextKeyword.setText(SetTextKeyword.groovy:83)
	at com.kms.katalon.core.mobile.keyword.builtin.SetTextKeyword.execute(SetTextKeyword.groovy:66)
	at com.kms.katalon.core.keyword.internal.KeywordExecutor.executeKeywordForPlatform(KeywordExecutor.groovy:74)
	at com.kms.katalon.core.mobile.keyword.MobileBuiltInKeywords.setText(MobileBuiltInKeywords.groovy:1307)
	at com.kms.katalon.core.mobile.keyword.MobileBuiltInKeywords$setText$2.call(Unknown Source)
	at Setting - Personal Info.run(Setting - Personal Info:28)
	at com.kms.katalon.core.main.ScriptEngine.run(ScriptEngine.java:194)
	at com.kms.katalon.core.main.ScriptEngine.runScriptAsRawText(ScriptEngine.java:119)
	at com.kms.katalon.core.main.TestCaseExecutor.runScript(TestCaseExecutor.java:448)
	at com.kms.katalon.core.main.TestCaseExecutor.doExecute(TestCaseExecutor.java:439)
	at com.kms.katalon.core.main.TestCaseExecutor.processExecutionPhase(TestCaseExecutor.java:418)
	at com.kms.katalon.core.main.TestCaseExecutor.accessMainPhase(TestCaseExecutor.java:410)
	at com.kms.katalon.core.main.TestCaseExecutor.execute(TestCaseExecutor.java:285)
	at com.kms.katalon.core.common.CommonExecutor.accessTestCaseMainPhase(CommonExecutor.java:65)
	at com.kms.katalon.core.main.TestSuiteExecutor.accessTestSuiteMainPhase(TestSuiteExecutor.java:151)
	at com.kms.katalon.core.main.TestSuiteExecutor.execute(TestSuiteExecutor.java:106)
	at com.kms.katalon.core.main.TestCaseMain.startTestSuite(TestCaseMain.java:185)
	at com.kms.katalon.core.main.TestCaseMain$startTestSuite$0.call(Unknown Source)
	at TempTestSuite1684227634289.run(TempTestSuite1684227634289.groovy:36)]]></system-err>
      </testcase>
      <testcase name="Test Cases/Production/Profile/Personal Info/User Profile" time="28.078" classname="Test Cases/Production/Profile/Personal Info/User Profile" status="FAILED">
         <failure type="FAILED" message="Test Cases/Production/Profile/Personal Info/User Profile FAILED.
Reason:
com.kms.katalon.core.exception.StepFailedException: Element 'Object Repository/Productions/Personal Info/Profile/Username' not found
	at com.kms.katalon.core.keyword.internal.KeywordMain.stepFailed(KeywordMain.groovy:50)
	at com.kms.katalon.core.mobile.keyword.internal.MobileKeywordMain.stepFailed(MobileKeywordMain.groovy:40)
	at com.kms.katalon.core.mobile.keyword.builtin.VerifyElementVisibleKeyword$_verifyElementVisible_closure1.doCall(VerifyElementVisibleKeyword.groovy:82)
	at com.kms.katalon.core.mobile.keyword.builtin.VerifyElementVisibleKeyword$_verifyElementVisible_closure1.call(VerifyElementVisibleKeyword.groovy)
	at com.kms.katalon.core.mobile.keyword.internal.MobileKeywordMain.runKeyword(MobileKeywordMain.groovy:21)
	at com.kms.katalon.core.mobile.keyword.builtin.VerifyElementVisibleKeyword.verifyElementVisible(VerifyElementVisibleKeyword.groovy:85)
	at com.kms.katalon.core.mobile.keyword.builtin.VerifyElementVisibleKeyword.execute(VerifyElementVisibleKeyword.groovy:64)
	at com.kms.katalon.core.keyword.internal.KeywordExecutor.executeKeywordForPlatform(KeywordExecutor.groovy:74)
	at com.kms.katalon.core.mobile.keyword.MobileBuiltInKeywords.verifyElementVisible(MobileBuiltInKeywords.groovy:2031)
	at com.kms.katalon.core.mobile.keyword.MobileBuiltInKeywords$verifyElementVisible$3.call(Unknown Source)
	at User Profile.run(User Profile:28)
	at com.kms.katalon.core.main.ScriptEngine.run(ScriptEngine.java:194)
	at com.kms.katalon.core.main.ScriptEngine.runScriptAsRawText(ScriptEngine.java:119)
	at com.kms.katalon.core.main.TestCaseExecutor.runScript(TestCaseExecutor.java:448)
	at com.kms.katalon.core.main.TestCaseExecutor.doExecute(TestCaseExecutor.java:439)
	at com.kms.katalon.core.main.TestCaseExecutor.processExecutionPhase(TestCaseExecutor.java:418)
	at com.kms.katalon.core.main.TestCaseExecutor.accessMainPhase(TestCaseExecutor.java:410)
	at com.kms.katalon.core.main.TestCaseExecutor.execute(TestCaseExecutor.java:285)
	at com.kms.katalon.core.common.CommonExecutor.accessTestCaseMainPhase(CommonExecutor.java:65)
	at com.kms.katalon.core.main.TestSuiteExecutor.accessTestSuiteMainPhase(TestSuiteExecutor.java:151)
	at com.kms.katalon.core.main.TestSuiteExecutor.execute(TestSuiteExecutor.java:106)
	at com.kms.katalon.core.main.TestCaseMain.startTestSuite(TestCaseMain.java:185)
	at com.kms.katalon.core.main.TestCaseMain$startTestSuite$0.call(Unknown Source)
	at TempTestSuite1684227634289.run(TempTestSuite1684227634289.groovy:36)
"/>
         <system-out><![CDATA[2023-05-16 16:02:22 - [TEST_CASE][FAILED] - Test Cases/Production/Profile/Personal Info/User Profile: Test Cases/Production/Profile/Personal Info/User Profile FAILED.
Reason:
com.kms.katalon.core.exception.StepFailedException: Element 'Object Repository/Productions/Personal Info/Profile/Username' not found
	at com.kms.katalon.core.keyword.internal.KeywordMain.stepFailed(KeywordMain.groovy:50)
	at com.kms.katalon.core.mobile.keyword.internal.MobileKeywordMain.stepFailed(MobileKeywordMain.groovy:40)
	at com.kms.katalon.core.mobile.keyword.builtin.VerifyElementVisibleKeyword$_verifyElementVisible_closure1.doCall(VerifyElementVisibleKeyword.groovy:82)
	at com.kms.katalon.core.mobile.keyword.builtin.VerifyElementVisibleKeyword$_verifyElementVisible_closure1.call(VerifyElementVisibleKeyword.groovy)
	at com.kms.katalon.core.mobile.keyword.internal.MobileKeywordMain.runKeyword(MobileKeywordMain.groovy:21)
	at com.kms.katalon.core.mobile.keyword.builtin.VerifyElementVisibleKeyword.verifyElementVisible(VerifyElementVisibleKeyword.groovy:85)
	at com.kms.katalon.core.mobile.keyword.builtin.VerifyElementVisibleKeyword.execute(VerifyElementVisibleKeyword.groovy:64)
	at com.kms.katalon.core.keyword.internal.KeywordExecutor.executeKeywordForPlatform(KeywordExecutor.groovy:74)
	at com.kms.katalon.core.mobile.keyword.MobileBuiltInKeywords.verifyElementVisible(MobileBuiltInKeywords.groovy:2031)
	at com.kms.katalon.core.mobile.keyword.MobileBuiltInKeywords$verifyElementVisible$3.call(Unknown Source)
	at User Profile.run(User Profile:28)
	at com.kms.katalon.core.main.ScriptEngine.run(ScriptEngine.java:194)
	at com.kms.katalon.core.main.ScriptEngine.runScriptAsRawText(ScriptEngine.java:119)
	at com.kms.katalon.core.main.TestCaseExecutor.runScript(TestCaseExecutor.java:448)
	at com.kms.katalon.core.main.TestCaseExecutor.doExecute(TestCaseExecutor.java:439)
	at com.kms.katalon.core.main.TestCaseExecutor.processExecutionPhase(TestCaseExecutor.java:418)
	at com.kms.katalon.core.main.TestCaseExecutor.accessMainPhase(TestCaseExecutor.java:410)
	at com.kms.katalon.core.main.TestCaseExecutor.execute(TestCaseExecutor.java:285)
	at com.kms.katalon.core.common.CommonExecutor.accessTestCaseMainPhase(CommonExecutor.java:65)
	at com.kms.katalon.core.main.TestSuiteExecutor.accessTestSuiteMainPhase(TestSuiteExecutor.java:151)
	at com.kms.katalon.core.main.TestSuiteExecutor.execute(TestSuiteExecutor.java:106)
	at com.kms.katalon.core.main.TestCaseMain.startTestSuite(TestCaseMain.java:185)
	at com.kms.katalon.core.main.TestCaseMain$startTestSuite$0.call(Unknown Source)
	at TempTestSuite1684227634289.run(TempTestSuite1684227634289.groovy:36)


2023-05-16 16:02:22 - [TEST_STEP][PASSED] - startExistingApplication("com.kfc.mobile", STOP_ON_FAILURE): Starting app with application ID: 'com.kfc.mobile'

2023-05-16 16:02:22 - [MESSAGE][INFO] - User set preference: ['appPackage', 'com.kfc.mobile']

2023-05-16 16:02:22 - [MESSAGE][INFO] - User set preference: ['appActivity', 'com.kfc.mobile.presentation.splash.SplashActivity']

2023-05-16 16:02:22 - [MESSAGE][INFO] - User set preference: ['noReset', 'true']

2023-05-16 16:02:22 - [MESSAGE][INFO] - User set preference: ['deviceId', 'cefdc881']

2023-05-16 16:02:36 - [MESSAGE][PASSED] - Starting app with application ID: 'com.kfc.mobile'

2023-05-16 16:02:36 - [TEST_STEP][PASSED] - delay(5, STOP_ON_FAILURE): Delayed 5 second(s)

2023-05-16 16:02:41 - [MESSAGE][PASSED] - Delayed 5 second(s)

2023-05-16 16:02:41 - [TEST_STEP][PASSED] - tap(findTestObject("Productions/Menu/Profile"), 0): Tapped on element 'Object Repository/Productions/Menu/Profile'

2023-05-16 16:02:41 - [MESSAGE][WARNING] - Timeout '0' is invalid. Using default page load timeout: '30'

2023-05-16 16:02:44 - [MESSAGE][PASSED] - Tapped on element 'Object Repository/Productions/Menu/Profile'

2023-05-16 16:02:44 - [TEST_STEP][PASSED] - verifyElementVisible(findTestObject("Productions/Personal Info/Profile/Photo Profile"), 3): Element 'Object Repository/Productions/Personal Info/Profile/Photo Profile' is visible

2023-05-16 16:02:46 - [MESSAGE][PASSED] - Element 'Object Repository/Productions/Personal Info/Profile/Photo Profile' is visible

2023-05-16 16:02:46 - [TEST_STEP][FAILED] - verifyElementVisible(findTestObject("Productions/Personal Info/Profile/Username"), 3): Failed to check for element 'Object Repository/Productions/Personal Info/Profile/Username' visible (Root cause: com.kms.katalon.core.exception.StepFailedException: Element 'Object Repository/Productions/Personal Info/Profile/Username' not found
	at com.kms.katalon.core.keyword.internal.KeywordMain.stepFailed(KeywordMain.groovy:50)
	at com.kms.katalon.core.mobile.keyword.internal.MobileKeywordMain.stepFailed(MobileKeywordMain.groovy:40)
	at com.kms.katalon.core.mobile.keyword.builtin.VerifyElementVisibleKeyword$_verifyElementVisible_closure1.doCall(VerifyElementVisibleKeyword.groovy:82)
	at com.kms.katalon.core.mobile.keyword.builtin.VerifyElementVisibleKeyword$_verifyElementVisible_closure1.call(VerifyElementVisibleKeyword.groovy)
	at com.kms.katalon.core.mobile.keyword.internal.MobileKeywordMain.runKeyword(MobileKeywordMain.groovy:21)
	at com.kms.katalon.core.mobile.keyword.builtin.VerifyElementVisibleKeyword.verifyElementVisible(VerifyElementVisibleKeyword.groovy:85)
	at com.kms.katalon.core.mobile.keyword.builtin.VerifyElementVisibleKeyword.execute(VerifyElementVisibleKeyword.groovy:64)
	at com.kms.katalon.core.keyword.internal.KeywordExecutor.executeKeywordForPlatform(KeywordExecutor.groovy:74)
	at com.kms.katalon.core.mobile.keyword.MobileBuiltInKeywords.verifyElementVisible(MobileBuiltInKeywords.groovy:2031)
	at com.kms.katalon.core.mobile.keyword.MobileBuiltInKeywords$verifyElementVisible$3.call(Unknown Source)
	at User Profile.run(User Profile:28)
	at com.kms.katalon.core.main.ScriptEngine.run(ScriptEngine.java:194)
	at com.kms.katalon.core.main.ScriptEngine.runScriptAsRawText(ScriptEngine.java:119)
	at com.kms.katalon.core.main.TestCaseExecutor.runScript(TestCaseExecutor.java:448)
	at com.kms.katalon.core.main.TestCaseExecutor.doExecute(TestCaseExecutor.java:439)
	at com.kms.katalon.core.main.TestCaseExecutor.processExecutionPhase(TestCaseExecutor.java:418)
	at com.kms.katalon.core.main.TestCaseExecutor.accessMainPhase(TestCaseExecutor.java:410)
	at com.kms.katalon.core.main.TestCaseExecutor.execute(TestCaseExecutor.java:285)
	at com.kms.katalon.core.common.CommonExecutor.accessTestCaseMainPhase(CommonExecutor.java:65)
	at com.kms.katalon.core.main.TestSuiteExecutor.accessTestSuiteMainPhase(TestSuiteExecutor.java:151)
	at com.kms.katalon.core.main.TestSuiteExecutor.execute(TestSuiteExecutor.java:106)
	at com.kms.katalon.core.main.TestCaseMain.startTestSuite(TestCaseMain.java:185)
	at com.kms.katalon.core.main.TestCaseMain$startTestSuite$0.call(Unknown Source)
	at TempTestSuite1684227634289.run(TempTestSuite1684227634289.groovy:36)
)

2023-05-16 16:02:49 - [MESSAGE][FAILED] - Element 'Object Repository/Productions/Personal Info/Profile/Username' not found

2023-05-16 16:02:50 - [MESSAGE][FAILED] - Failed to check for element 'Object Repository/Productions/Personal Info/Profile/Username' visible (Root cause: com.kms.katalon.core.exception.StepFailedException: Element 'Object Repository/Productions/Personal Info/Profile/Username' not found
	at com.kms.katalon.core.keyword.internal.KeywordMain.stepFailed(KeywordMain.groovy:50)
	at com.kms.katalon.core.mobile.keyword.internal.MobileKeywordMain.stepFailed(MobileKeywordMain.groovy:40)
	at com.kms.katalon.core.mobile.keyword.builtin.VerifyElementVisibleKeyword$_verifyElementVisible_closure1.doCall(VerifyElementVisibleKeyword.groovy:82)
	at com.kms.katalon.core.mobile.keyword.builtin.VerifyElementVisibleKeyword$_verifyElementVisible_closure1.call(VerifyElementVisibleKeyword.groovy)
	at com.kms.katalon.core.mobile.keyword.internal.MobileKeywordMain.runKeyword(MobileKeywordMain.groovy:21)
	at com.kms.katalon.core.mobile.keyword.builtin.VerifyElementVisibleKeyword.verifyElementVisible(VerifyElementVisibleKeyword.groovy:85)
	at com.kms.katalon.core.mobile.keyword.builtin.VerifyElementVisibleKeyword.execute(VerifyElementVisibleKeyword.groovy:64)
	at com.kms.katalon.core.keyword.internal.KeywordExecutor.executeKeywordForPlatform(KeywordExecutor.groovy:74)
	at com.kms.katalon.core.mobile.keyword.MobileBuiltInKeywords.verifyElementVisible(MobileBuiltInKeywords.groovy:2031)
	at com.kms.katalon.core.mobile.keyword.MobileBuiltInKeywords$verifyElementVisible$3.call(Unknown Source)
	at User Profile.run(User Profile:28)
	at com.kms.katalon.core.main.ScriptEngine.run(ScriptEngine.java:194)
	at com.kms.katalon.core.main.ScriptEngine.runScriptAsRawText(ScriptEngine.java:119)
	at com.kms.katalon.core.main.TestCaseExecutor.runScript(TestCaseExecutor.java:448)
	at com.kms.katalon.core.main.TestCaseExecutor.doExecute(TestCaseExecutor.java:439)
	at com.kms.katalon.core.main.TestCaseExecutor.processExecutionPhase(TestCaseExecutor.java:418)
	at com.kms.katalon.core.main.TestCaseExecutor.accessMainPhase(TestCaseExecutor.java:410)
	at com.kms.katalon.core.main.TestCaseExecutor.execute(TestCaseExecutor.java:285)
	at com.kms.katalon.core.common.CommonExecutor.accessTestCaseMainPhase(CommonExecutor.java:65)
	at com.kms.katalon.core.main.TestSuiteExecutor.accessTestSuiteMainPhase(TestSuiteExecutor.java:151)
	at com.kms.katalon.core.main.TestSuiteExecutor.execute(TestSuiteExecutor.java:106)
	at com.kms.katalon.core.main.TestCaseMain.startTestSuite(TestCaseMain.java:185)
	at com.kms.katalon.core.main.TestCaseMain$startTestSuite$0.call(Unknown Source)
	at TempTestSuite1684227634289.run(TempTestSuite1684227634289.groovy:36)
)
[[ATTACHMENT|C:\\Users\\Ahadian Rifky\\Downloads\\Katalon_Studio_Windows_64-8.5.5\\Katalon_Studio_Windows_64-8.5.5\\git.github.com\\maycheljecsan\\kfckuapps_katalon.git\\kfcku_android\\Reports\\20230516_160034\\Production\\Profile\\20230516_160034\\1684227769280.png]]

2023-05-16 16:02:50 - [TEST_STEP][PASSED] - Start listener action : sampleAfterTestCase: null

2023-05-16 16:02:50 - [TEST_STEP][PASSED] - println(testCaseContext.getTestCaseId()): null

2023-05-16 16:02:50 - [TEST_STEP][PASSED] - println(testCaseContext.getTestCaseStatus()): null]]></system-out>
         <system-err><![CDATA[2023-05-16 16:02:22 - [TEST_CASE][FAILED] - Test Cases/Production/Profile/Personal Info/User Profile: Test Cases/Production/Profile/Personal Info/User Profile FAILED.
Reason:
com.kms.katalon.core.exception.StepFailedException: Element 'Object Repository/Productions/Personal Info/Profile/Username' not found
	at com.kms.katalon.core.keyword.internal.KeywordMain.stepFailed(KeywordMain.groovy:50)
	at com.kms.katalon.core.mobile.keyword.internal.MobileKeywordMain.stepFailed(MobileKeywordMain.groovy:40)
	at com.kms.katalon.core.mobile.keyword.builtin.VerifyElementVisibleKeyword$_verifyElementVisible_closure1.doCall(VerifyElementVisibleKeyword.groovy:82)
	at com.kms.katalon.core.mobile.keyword.builtin.VerifyElementVisibleKeyword$_verifyElementVisible_closure1.call(VerifyElementVisibleKeyword.groovy)
	at com.kms.katalon.core.mobile.keyword.internal.MobileKeywordMain.runKeyword(MobileKeywordMain.groovy:21)
	at com.kms.katalon.core.mobile.keyword.builtin.VerifyElementVisibleKeyword.verifyElementVisible(VerifyElementVisibleKeyword.groovy:85)
	at com.kms.katalon.core.mobile.keyword.builtin.VerifyElementVisibleKeyword.execute(VerifyElementVisibleKeyword.groovy:64)
	at com.kms.katalon.core.keyword.internal.KeywordExecutor.executeKeywordForPlatform(KeywordExecutor.groovy:74)
	at com.kms.katalon.core.mobile.keyword.MobileBuiltInKeywords.verifyElementVisible(MobileBuiltInKeywords.groovy:2031)
	at com.kms.katalon.core.mobile.keyword.MobileBuiltInKeywords$verifyElementVisible$3.call(Unknown Source)
	at User Profile.run(User Profile:28)
	at com.kms.katalon.core.main.ScriptEngine.run(ScriptEngine.java:194)
	at com.kms.katalon.core.main.ScriptEngine.runScriptAsRawText(ScriptEngine.java:119)
	at com.kms.katalon.core.main.TestCaseExecutor.runScript(TestCaseExecutor.java:448)
	at com.kms.katalon.core.main.TestCaseExecutor.doExecute(TestCaseExecutor.java:439)
	at com.kms.katalon.core.main.TestCaseExecutor.processExecutionPhase(TestCaseExecutor.java:418)
	at com.kms.katalon.core.main.TestCaseExecutor.accessMainPhase(TestCaseExecutor.java:410)
	at com.kms.katalon.core.main.TestCaseExecutor.execute(TestCaseExecutor.java:285)
	at com.kms.katalon.core.common.CommonExecutor.accessTestCaseMainPhase(CommonExecutor.java:65)
	at com.kms.katalon.core.main.TestSuiteExecutor.accessTestSuiteMainPhase(TestSuiteExecutor.java:151)
	at com.kms.katalon.core.main.TestSuiteExecutor.execute(TestSuiteExecutor.java:106)
	at com.kms.katalon.core.main.TestCaseMain.startTestSuite(TestCaseMain.java:185)
	at com.kms.katalon.core.main.TestCaseMain$startTestSuite$0.call(Unknown Source)
	at TempTestSuite1684227634289.run(TempTestSuite1684227634289.groovy:36)]]></system-err>
      </testcase>
      <testcase name="Test Cases/Production/Profile/General/Change Language" time="44.531" classname="Test Cases/Production/Profile/General/Change Language" status="PASSED">
         <system-out><![CDATA[2023-05-16 16:02:50 - [TEST_CASE][PASSED] - Test Cases/Production/Profile/General/Change Language: Test Cases/Production/Profile/General/Change Language

2023-05-16 16:02:50 - [TEST_STEP][PASSED] - startExistingApplication("com.kfc.mobile", STOP_ON_FAILURE): Starting app with application ID: 'com.kfc.mobile'

2023-05-16 16:02:50 - [MESSAGE][INFO] - User set preference: ['appPackage', 'com.kfc.mobile']

2023-05-16 16:02:50 - [MESSAGE][INFO] - User set preference: ['appActivity', 'com.kfc.mobile.presentation.splash.SplashActivity']

2023-05-16 16:02:50 - [MESSAGE][INFO] - User set preference: ['noReset', 'true']

2023-05-16 16:02:50 - [MESSAGE][INFO] - User set preference: ['deviceId', 'cefdc881']

2023-05-16 16:03:04 - [MESSAGE][PASSED] - Starting app with application ID: 'com.kfc.mobile'

2023-05-16 16:03:04 - [TEST_STEP][PASSED] - delay(5, STOP_ON_FAILURE): Delayed 5 second(s)

2023-05-16 16:03:10 - [MESSAGE][PASSED] - Delayed 5 second(s)

2023-05-16 16:03:10 - [TEST_STEP][PASSED] - tap(findTestObject("Productions/Menu/Profile"), 0): Tapped on element 'Object Repository/Productions/Menu/Profile'

2023-05-16 16:03:10 - [MESSAGE][WARNING] - Timeout '0' is invalid. Using default page load timeout: '30'

2023-05-16 16:03:12 - [MESSAGE][PASSED] - Tapped on element 'Object Repository/Productions/Menu/Profile'

2023-05-16 16:03:12 - [TEST_STEP][PASSED] - tap(findTestObject("Productions/General/Change Language/Menu - Language"), 3): Tapped on element 'Object Repository/Productions/General/Change Language/Menu - Language'

2023-05-16 16:03:14 - [MESSAGE][PASSED] - Tapped on element 'Object Repository/Productions/General/Change Language/Menu - Language'

2023-05-16 16:03:15 - [TEST_STEP][PASSED] - verifyElementVisible(findTestObject("Productions/General/Change Language/SELECT LANGUAGE"), 3): Element 'Object Repository/Productions/General/Change Language/SELECT LANGUAGE' is visible

2023-05-16 16:03:16 - [MESSAGE][PASSED] - Element 'Object Repository/Productions/General/Change Language/SELECT LANGUAGE' is visible

2023-05-16 16:03:16 - [TEST_STEP][PASSED] - verifyElementVisible(findTestObject("Productions/General/Change Language/Bahasa Indonesia"), 3): Element 'Object Repository/Productions/General/Change Language/Bahasa Indonesia' is visible

2023-05-16 16:03:16 - [MESSAGE][PASSED] - Element 'Object Repository/Productions/General/Change Language/Bahasa Indonesia' is visible

2023-05-16 16:03:16 - [TEST_STEP][PASSED] - verifyElementVisible(findTestObject("Productions/General/Change Language/English (United States)"), 3): Element 'Object Repository/Productions/General/Change Language/English (United States)' is visible

2023-05-16 16:03:17 - [MESSAGE][PASSED] - Element 'Object Repository/Productions/General/Change Language/English (United States)' is visible

2023-05-16 16:03:17 - [TEST_STEP][PASSED] - tap(findTestObject("Productions/General/Change Language/Bahasa Indonesia"), 3): Tapped on element 'Object Repository/Productions/General/Change Language/Bahasa Indonesia'

2023-05-16 16:03:18 - [MESSAGE][PASSED] - Tapped on element 'Object Repository/Productions/General/Change Language/Bahasa Indonesia'

2023-05-16 16:03:18 - [TEST_STEP][PASSED] - tap(findTestObject("Productions/General/Change Language/Save"), 3): Tapped on element 'Object Repository/Productions/General/Change Language/Save'

2023-05-16 16:03:19 - [MESSAGE][PASSED] - Tapped on element 'Object Repository/Productions/General/Change Language/Save'

2023-05-16 16:03:19 - [TEST_STEP][PASSED] - delay(5, STOP_ON_FAILURE): Delayed 5 second(s)

2023-05-16 16:03:24 - [MESSAGE][PASSED] - Delayed 5 second(s)

2023-05-16 16:03:24 - [TEST_STEP][PASSED] - verifyElementText(findTestObject("Productions/General/Change Language/Manu - Bahasa"), "Bahasa"): Actual text and expected text of test object 'Object Repository/Productions/General/Change Language/Manu - Bahasa' are matched.

2023-05-16 16:03:24 - [MESSAGE][PASSED] - Actual text and expected text of test object 'Object Repository/Productions/General/Change Language/Manu - Bahasa' are matched.

2023-05-16 16:03:24 - [TEST_STEP][PASSED] - tap(findTestObject("Productions/General/Change Language/Manu - Bahasa"), 3): Tapped on element 'Object Repository/Productions/General/Change Language/Manu - Bahasa'

2023-05-16 16:03:25 - [MESSAGE][PASSED] - Tapped on element 'Object Repository/Productions/General/Change Language/Manu - Bahasa'

2023-05-16 16:03:25 - [TEST_STEP][PASSED] - verifyElementVisible(findTestObject("Productions/General/Change Language/PILIH BAHASA"), 3): Element 'Object Repository/Productions/General/Change Language/PILIH BAHASA' is visible

2023-05-16 16:03:26 - [MESSAGE][PASSED] - Element 'Object Repository/Productions/General/Change Language/PILIH BAHASA' is visible

2023-05-16 16:03:26 - [TEST_STEP][PASSED] - verifyElementVisible(findTestObject("Productions/General/Change Language/Bahasa Indonesia"), 3): Element 'Object Repository/Productions/General/Change Language/Bahasa Indonesia' is visible

2023-05-16 16:03:27 - [MESSAGE][PASSED] - Element 'Object Repository/Productions/General/Change Language/Bahasa Indonesia' is visible

2023-05-16 16:03:27 - [TEST_STEP][PASSED] - verifyElementVisible(findTestObject("Productions/General/Change Language/English (United States)"), 3): Element 'Object Repository/Productions/General/Change Language/English (United States)' is visible

2023-05-16 16:03:27 - [MESSAGE][PASSED] - Element 'Object Repository/Productions/General/Change Language/English (United States)' is visible

2023-05-16 16:03:27 - [TEST_STEP][PASSED] - tap(findTestObject("Productions/General/Change Language/English (United States)"), 3): Tapped on element 'Object Repository/Productions/General/Change Language/English (United States)'

2023-05-16 16:03:27 - [MESSAGE][PASSED] - Tapped on element 'Object Repository/Productions/General/Change Language/English (United States)'

2023-05-16 16:03:27 - [TEST_STEP][PASSED] - tap(findTestObject("Productions/General/Change Language/Simpan"), 3): Tapped on element 'Object Repository/Productions/General/Change Language/Simpan'

2023-05-16 16:03:28 - [MESSAGE][PASSED] - Tapped on element 'Object Repository/Productions/General/Change Language/Simpan'

2023-05-16 16:03:28 - [TEST_STEP][PASSED] - delay(5, STOP_ON_FAILURE): Delayed 5 second(s)

2023-05-16 16:03:33 - [MESSAGE][PASSED] - Delayed 5 second(s)

2023-05-16 16:03:33 - [TEST_STEP][PASSED] - verifyElementText(findTestObject("Productions/General/Change Language/Menu - Language"), "Language"): Actual text and expected text of test object 'Object Repository/Productions/General/Change Language/Menu - Language' are matched.

2023-05-16 16:03:34 - [MESSAGE][PASSED] - Actual text and expected text of test object 'Object Repository/Productions/General/Change Language/Menu - Language' are matched.

2023-05-16 16:03:34 - [TEST_STEP][PASSED] - closeApplication(): Close app successfully

2023-05-16 16:03:34 - [MESSAGE][PASSED] - Close app successfully

2023-05-16 16:03:34 - [TEST_STEP][PASSED] - Start listener action : sampleAfterTestCase: null

2023-05-16 16:03:34 - [TEST_STEP][PASSED] - println(testCaseContext.getTestCaseId()): null

2023-05-16 16:03:34 - [TEST_STEP][PASSED] - println(testCaseContext.getTestCaseStatus()): null]]></system-out>
         <system-err><![CDATA[]]></system-err>
      </testcase>
      <testcase name="Test Cases/Production/Profile/General/Customer Service" time="37.813" classname="Test Cases/Production/Profile/General/Customer Service" status="PASSED">
         <system-out><![CDATA[2023-05-16 16:03:34 - [TEST_CASE][PASSED] - Test Cases/Production/Profile/General/Customer Service: Test Cases/Production/Profile/General/Customer Service

2023-05-16 16:03:35 - [TEST_STEP][PASSED] - startExistingApplication("com.kfc.mobile", STOP_ON_FAILURE): Starting app with application ID: 'com.kfc.mobile'

2023-05-16 16:03:35 - [MESSAGE][INFO] - User set preference: ['appPackage', 'com.kfc.mobile']

2023-05-16 16:03:35 - [MESSAGE][INFO] - User set preference: ['appActivity', 'com.kfc.mobile.presentation.splash.SplashActivity']

2023-05-16 16:03:35 - [MESSAGE][INFO] - User set preference: ['noReset', 'true']

2023-05-16 16:03:35 - [MESSAGE][INFO] - User set preference: ['deviceId', 'cefdc881']

2023-05-16 16:03:35 - [MESSAGE][INFO] - Detected NodeJS location: "C:\Program Files\nodejs\node.exe"

2023-05-16 16:03:36 - [MESSAGE][INFO] - Appium server started on port 63,101

2023-05-16 16:03:52 - [MESSAGE][PASSED] - Starting app with application ID: 'com.kfc.mobile'

2023-05-16 16:03:52 - [TEST_STEP][PASSED] - delay(5, STOP_ON_FAILURE): Delayed 5 second(s)

2023-05-16 16:03:57 - [MESSAGE][PASSED] - Delayed 5 second(s)

2023-05-16 16:03:57 - [TEST_STEP][PASSED] - tap(findTestObject("Productions/Menu/Profile"), 0): Tapped on element 'Object Repository/Productions/Menu/Profile'

2023-05-16 16:03:57 - [MESSAGE][WARNING] - Timeout '0' is invalid. Using default page load timeout: '30'

2023-05-16 16:04:00 - [MESSAGE][PASSED] - Tapped on element 'Object Repository/Productions/Menu/Profile'

2023-05-16 16:04:00 - [TEST_STEP][PASSED] - tap(findTestObject("Productions/General/Customer-Service/Menu-Customer Service"), 3): Tapped on element 'Object Repository/Productions/General/Customer-Service/Menu-Customer Service'

2023-05-16 16:04:02 - [MESSAGE][PASSED] - Tapped on element 'Object Repository/Productions/General/Customer-Service/Menu-Customer Service'

2023-05-16 16:04:02 - [TEST_STEP][PASSED] - verifyElementVisible(findTestObject("Productions/General/Customer-Service/CUSTOMER SERVICE"), 3): Element 'Object Repository/Productions/General/Customer-Service/CUSTOMER SERVICE' is visible

2023-05-16 16:04:04 - [MESSAGE][PASSED] - Element 'Object Repository/Productions/General/Customer-Service/CUSTOMER SERVICE' is visible

2023-05-16 16:04:04 - [TEST_STEP][PASSED] - verifyElementVisible(findTestObject("Productions/General/Customer-Service/Call"), 3): Element 'Object Repository/Productions/General/Customer-Service/Call' is visible

2023-05-16 16:04:04 - [MESSAGE][PASSED] - Element 'Object Repository/Productions/General/Customer-Service/Call' is visible

2023-05-16 16:04:04 - [TEST_STEP][PASSED] - verifyElementVisible(findTestObject("Productions/General/Customer-Service/Whatsapp"), 3): Element 'Object Repository/Productions/General/Customer-Service/Whatsapp' is visible

2023-05-16 16:04:05 - [MESSAGE][PASSED] - Element 'Object Repository/Productions/General/Customer-Service/Whatsapp' is visible

2023-05-16 16:04:05 - [TEST_STEP][PASSED] - verifyElementVisible(findTestObject("Productions/General/Customer-Service/Email"), 3): Element 'Object Repository/Productions/General/Customer-Service/Email' is visible

2023-05-16 16:04:05 - [MESSAGE][PASSED] - Element 'Object Repository/Productions/General/Customer-Service/Email' is visible

2023-05-16 16:04:05 - [TEST_STEP][PASSED] - verifyElementVisible(findTestObject("Productions/General/Customer-Service/Image CS KFC"), 3): Element 'Object Repository/Productions/General/Customer-Service/Image CS KFC' is visible

2023-05-16 16:04:06 - [MESSAGE][PASSED] - Element 'Object Repository/Productions/General/Customer-Service/Image CS KFC' is visible

2023-05-16 16:04:06 - [TEST_STEP][PASSED] - tap(findTestObject("Productions/General/Customer-Service/Close Button"), 3): Tapped on element 'Object Repository/Productions/General/Customer-Service/Close Button'

2023-05-16 16:04:07 - [MESSAGE][PASSED] - Tapped on element 'Object Repository/Productions/General/Customer-Service/Close Button'

2023-05-16 16:04:07 - [TEST_STEP][PASSED] - delay(5, STOP_ON_FAILURE): Delayed 5 second(s)

2023-05-16 16:04:12 - [MESSAGE][PASSED] - Delayed 5 second(s)

2023-05-16 16:04:12 - [TEST_STEP][PASSED] - closeApplication(): Close app successfully

2023-05-16 16:04:12 - [MESSAGE][PASSED] - Close app successfully

2023-05-16 16:04:12 - [TEST_STEP][PASSED] - Start listener action : sampleAfterTestCase: null

2023-05-16 16:04:12 - [TEST_STEP][PASSED] - println(testCaseContext.getTestCaseId()): null

2023-05-16 16:04:12 - [TEST_STEP][PASSED] - println(testCaseContext.getTestCaseStatus()): null]]></system-out>
         <system-err><![CDATA[]]></system-err>
      </testcase>
      <testcase name="Test Cases/Production/Profile/General/Privacy Policy" time="37.832" classname="Test Cases/Production/Profile/General/Privacy Policy" status="PASSED">
         <system-out><![CDATA[2023-05-16 16:04:12 - [TEST_CASE][PASSED] - Test Cases/Production/Profile/General/Privacy Policy: Test Cases/Production/Profile/General/Privacy Policy

2023-05-16 16:04:12 - [TEST_STEP][PASSED] - startExistingApplication("com.kfc.mobile", STOP_ON_FAILURE): Starting app with application ID: 'com.kfc.mobile'

2023-05-16 16:04:12 - [MESSAGE][INFO] - User set preference: ['appPackage', 'com.kfc.mobile']

2023-05-16 16:04:12 - [MESSAGE][INFO] - User set preference: ['appActivity', 'com.kfc.mobile.presentation.splash.SplashActivity']

2023-05-16 16:04:12 - [MESSAGE][INFO] - User set preference: ['noReset', 'true']

2023-05-16 16:04:12 - [MESSAGE][INFO] - User set preference: ['deviceId', 'cefdc881']

2023-05-16 16:04:12 - [MESSAGE][INFO] - Detected NodeJS location: "C:\Program Files\nodejs\node.exe"

2023-05-16 16:04:14 - [MESSAGE][INFO] - Appium server started on port 63,317

2023-05-16 16:04:30 - [MESSAGE][PASSED] - Starting app with application ID: 'com.kfc.mobile'

2023-05-16 16:04:30 - [TEST_STEP][PASSED] - delay(5, STOP_ON_FAILURE): Delayed 5 second(s)

2023-05-16 16:04:35 - [MESSAGE][PASSED] - Delayed 5 second(s)

2023-05-16 16:04:35 - [TEST_STEP][PASSED] - tap(findTestObject("Productions/Menu/Profile"), 0): Tapped on element 'Object Repository/Productions/Menu/Profile'

2023-05-16 16:04:35 - [MESSAGE][WARNING] - Timeout '0' is invalid. Using default page load timeout: '30'

2023-05-16 16:04:38 - [MESSAGE][PASSED] - Tapped on element 'Object Repository/Productions/Menu/Profile'

2023-05-16 16:04:38 - [TEST_STEP][PASSED] - tap(findTestObject("Productions/General/Privacy-Policy/Menu - Privacy Policy"), 3): Tapped on element 'Object Repository/Productions/General/Privacy-Policy/Menu - Privacy Policy'

2023-05-16 16:04:40 - [MESSAGE][PASSED] - Tapped on element 'Object Repository/Productions/General/Privacy-Policy/Menu - Privacy Policy'

2023-05-16 16:04:40 - [TEST_STEP][PASSED] - verifyElementVisible(findTestObject("Productions/General/Privacy-Policy/Title - PRIVACY POLICY"), 3): Element 'Object Repository/Productions/General/Privacy-Policy/Title - PRIVACY POLICY' is visible

2023-05-16 16:04:43 - [MESSAGE][PASSED] - Element 'Object Repository/Productions/General/Privacy-Policy/Title - PRIVACY POLICY' is visible

2023-05-16 16:04:43 - [TEST_STEP][PASSED] - verifyElementVisible(findTestObject("Productions/General/Privacy-Policy/Privacy Policy"), 3): Element 'Object Repository/Productions/General/Privacy-Policy/Privacy Policy' is visible

2023-05-16 16:04:44 - [MESSAGE][PASSED] - Element 'Object Repository/Productions/General/Privacy-Policy/Privacy Policy' is visible

2023-05-16 16:04:44 - [TEST_STEP][PASSED] - tap(findTestObject("Productions/General/Privacy-Policy/Close"), 3): Tapped on element 'Object Repository/Productions/General/Privacy-Policy/Close'

2023-05-16 16:04:44 - [MESSAGE][PASSED] - Tapped on element 'Object Repository/Productions/General/Privacy-Policy/Close'

2023-05-16 16:04:44 - [TEST_STEP][PASSED] - delay(5, STOP_ON_FAILURE): Delayed 5 second(s)

2023-05-16 16:04:49 - [MESSAGE][PASSED] - Delayed 5 second(s)

2023-05-16 16:04:49 - [TEST_STEP][PASSED] - closeApplication(): Close app successfully

2023-05-16 16:04:50 - [MESSAGE][PASSED] - Close app successfully

2023-05-16 16:04:50 - [TEST_STEP][PASSED] - Start listener action : sampleAfterTestCase: null

2023-05-16 16:04:50 - [TEST_STEP][PASSED] - println(testCaseContext.getTestCaseId()): null

2023-05-16 16:04:50 - [TEST_STEP][PASSED] - println(testCaseContext.getTestCaseStatus()): null]]></system-out>
         <system-err><![CDATA[]]></system-err>
      </testcase>
      <testcase name="Test Cases/Production/Profile/General/Term and Condition" time="38.348" classname="Test Cases/Production/Profile/General/Term and Condition" status="PASSED">
         <system-out><![CDATA[2023-05-16 16:04:50 - [TEST_CASE][PASSED] - Test Cases/Production/Profile/General/Term and Condition: Test Cases/Production/Profile/General/Term and Condition

2023-05-16 16:04:50 - [TEST_STEP][PASSED] - startExistingApplication("com.kfc.mobile", STOP_ON_FAILURE): Starting app with application ID: 'com.kfc.mobile'

2023-05-16 16:04:50 - [MESSAGE][INFO] - User set preference: ['appPackage', 'com.kfc.mobile']

2023-05-16 16:04:50 - [MESSAGE][INFO] - User set preference: ['appActivity', 'com.kfc.mobile.presentation.splash.SplashActivity']

2023-05-16 16:04:50 - [MESSAGE][INFO] - User set preference: ['noReset', 'true']

2023-05-16 16:04:50 - [MESSAGE][INFO] - User set preference: ['deviceId', 'cefdc881']

2023-05-16 16:04:50 - [MESSAGE][INFO] - Detected NodeJS location: "C:\Program Files\nodejs\node.exe"

2023-05-16 16:04:52 - [MESSAGE][INFO] - Appium server started on port 63,527

2023-05-16 16:05:08 - [MESSAGE][PASSED] - Starting app with application ID: 'com.kfc.mobile'

2023-05-16 16:05:08 - [TEST_STEP][PASSED] - delay(5, STOP_ON_FAILURE): Delayed 5 second(s)

2023-05-16 16:05:13 - [MESSAGE][PASSED] - Delayed 5 second(s)

2023-05-16 16:05:13 - [TEST_STEP][PASSED] - tap(findTestObject("Productions/Menu/Profile"), 0): Tapped on element 'Object Repository/Productions/Menu/Profile'

2023-05-16 16:05:13 - [MESSAGE][WARNING] - Timeout '0' is invalid. Using default page load timeout: '30'

2023-05-16 16:05:16 - [MESSAGE][PASSED] - Tapped on element 'Object Repository/Productions/Menu/Profile'

2023-05-16 16:05:16 - [TEST_STEP][PASSED] - tap(findTestObject("Productions/General/Term and Condition/Menu - TnC"), 3): Tapped on element 'Object Repository/Productions/General/Term and Condition/Menu - TnC'

2023-05-16 16:05:17 - [MESSAGE][PASSED] - Tapped on element 'Object Repository/Productions/General/Term and Condition/Menu - TnC'

2023-05-16 16:05:17 - [TEST_STEP][PASSED] - verifyElementVisible(findTestObject("Productions/General/Term and Condition/Title - TERMS AND CONDITIONS"), 3): Element 'Object Repository/Productions/General/Term and Condition/Title - TERMS AND CONDITIONS' is visible

2023-05-16 16:05:19 - [MESSAGE][PASSED] - Element 'Object Repository/Productions/General/Term and Condition/Title - TERMS AND CONDITIONS' is visible

2023-05-16 16:05:19 - [TEST_STEP][PASSED] - verifyElementVisible(findTestObject("Productions/General/Term and Condition/Term Of Use"), 3): Element 'Object Repository/Productions/General/Term and Condition/Term Of Use' is visible

2023-05-16 16:05:21 - [MESSAGE][PASSED] - Element 'Object Repository/Productions/General/Term and Condition/Term Of Use' is visible

2023-05-16 16:05:21 - [TEST_STEP][PASSED] - tap(findTestObject("Productions/General/Term and Condition/Close"), 3): Tapped on element 'Object Repository/Productions/General/Term and Condition/Close'

2023-05-16 16:05:23 - [MESSAGE][PASSED] - Tapped on element 'Object Repository/Productions/General/Term and Condition/Close'

2023-05-16 16:05:23 - [TEST_STEP][PASSED] - delay(5, STOP_ON_FAILURE): Delayed 5 second(s)

2023-05-16 16:05:28 - [MESSAGE][PASSED] - Delayed 5 second(s)

2023-05-16 16:05:28 - [TEST_STEP][PASSED] - closeApplication(): Close app successfully

2023-05-16 16:05:28 - [MESSAGE][PASSED] - Close app successfully

2023-05-16 16:05:28 - [TEST_STEP][PASSED] - Start listener action : sampleAfterTestCase: null

2023-05-16 16:05:28 - [TEST_STEP][PASSED] - println(testCaseContext.getTestCaseId()): null

2023-05-16 16:05:28 - [TEST_STEP][PASSED] - println(testCaseContext.getTestCaseStatus()): null]]></system-out>
         <system-err><![CDATA[]]></system-err>
      </testcase>
      <testcase name="Test Cases/Production/Profile/Device/App Version" time="32.588" classname="Test Cases/Production/Profile/Device/App Version" status="PASSED">
         <system-out><![CDATA[2023-05-16 16:05:28 - [TEST_CASE][PASSED] - Test Cases/Production/Profile/Device/App Version: Test Cases/Production/Profile/Device/App Version

2023-05-16 16:05:28 - [TEST_STEP][PASSED] - startExistingApplication("com.kfc.mobile", STOP_ON_FAILURE): Starting app with application ID: 'com.kfc.mobile'

2023-05-16 16:05:28 - [MESSAGE][INFO] - User set preference: ['appPackage', 'com.kfc.mobile']

2023-05-16 16:05:28 - [MESSAGE][INFO] - User set preference: ['appActivity', 'com.kfc.mobile.presentation.splash.SplashActivity']

2023-05-16 16:05:28 - [MESSAGE][INFO] - User set preference: ['noReset', 'true']

2023-05-16 16:05:28 - [MESSAGE][INFO] - User set preference: ['deviceId', 'cefdc881']

2023-05-16 16:05:29 - [MESSAGE][INFO] - Detected NodeJS location: "C:\Program Files\nodejs\node.exe"

2023-05-16 16:05:30 - [MESSAGE][INFO] - Appium server started on port 63,746

2023-05-16 16:05:46 - [MESSAGE][PASSED] - Starting app with application ID: 'com.kfc.mobile'

2023-05-16 16:05:46 - [TEST_STEP][PASSED] - delay(5, STOP_ON_FAILURE): Delayed 5 second(s)

2023-05-16 16:05:51 - [MESSAGE][PASSED] - Delayed 5 second(s)

2023-05-16 16:05:51 - [TEST_STEP][PASSED] - tap(findTestObject("Productions/Menu/Profile"), 0): Tapped on element 'Object Repository/Productions/Menu/Profile'

2023-05-16 16:05:52 - [MESSAGE][WARNING] - Timeout '0' is invalid. Using default page load timeout: '30'

2023-05-16 16:05:54 - [MESSAGE][PASSED] - Tapped on element 'Object Repository/Productions/Menu/Profile'

2023-05-16 16:05:54 - [TEST_STEP][PASSED] - verifyElementVisible(findTestObject("Productions/Device/Version Apps"), 3): Element 'Object Repository/Productions/Device/Version Apps' is visible

2023-05-16 16:05:55 - [MESSAGE][PASSED] - Element 'Object Repository/Productions/Device/Version Apps' is visible

2023-05-16 16:05:55 - [TEST_STEP][PASSED] - delay(5, STOP_ON_FAILURE): Delayed 5 second(s)

2023-05-16 16:06:00 - [MESSAGE][PASSED] - Delayed 5 second(s)

2023-05-16 16:06:00 - [TEST_STEP][PASSED] - closeApplication(): Close app successfully

2023-05-16 16:06:01 - [MESSAGE][PASSED] - Close app successfully

2023-05-16 16:06:01 - [TEST_STEP][PASSED] - Start listener action : sampleAfterTestCase: null

2023-05-16 16:06:01 - [TEST_STEP][PASSED] - println(testCaseContext.getTestCaseId()): null

2023-05-16 16:06:01 - [TEST_STEP][PASSED] - println(testCaseContext.getTestCaseStatus()): null]]></system-out>
         <system-err><![CDATA[]]></system-err>
      </testcase>
      <testcase name="Test Cases/Production/Profile/Device/Linked Account" time="31.216" classname="Test Cases/Production/Profile/Device/Linked Account" status="FAILED">
         <failure type="FAILED" message="Test Cases/Production/Profile/Device/Linked Account FAILED.
Reason:
com.kms.katalon.core.exception.StepFailedException: Element 'Object Repository/Productions/General/Linked Account/Payment Account' not found
	at com.kms.katalon.core.keyword.internal.KeywordMain.stepFailed(KeywordMain.groovy:50)
	at com.kms.katalon.core.mobile.keyword.internal.MobileKeywordMain.stepFailed(MobileKeywordMain.groovy:40)
	at com.kms.katalon.core.mobile.keyword.builtin.VerifyElementVisibleKeyword$_verifyElementVisible_closure1.doCall(VerifyElementVisibleKeyword.groovy:82)
	at com.kms.katalon.core.mobile.keyword.builtin.VerifyElementVisibleKeyword$_verifyElementVisible_closure1.call(VerifyElementVisibleKeyword.groovy)
	at com.kms.katalon.core.mobile.keyword.internal.MobileKeywordMain.runKeyword(MobileKeywordMain.groovy:21)
	at com.kms.katalon.core.mobile.keyword.builtin.VerifyElementVisibleKeyword.verifyElementVisible(VerifyElementVisibleKeyword.groovy:85)
	at com.kms.katalon.core.mobile.keyword.builtin.VerifyElementVisibleKeyword.execute(VerifyElementVisibleKeyword.groovy:64)
	at com.kms.katalon.core.keyword.internal.KeywordExecutor.executeKeywordForPlatform(KeywordExecutor.groovy:74)
	at com.kms.katalon.core.mobile.keyword.MobileBuiltInKeywords.verifyElementVisible(MobileBuiltInKeywords.groovy:2031)
	at com.kms.katalon.core.mobile.keyword.MobileBuiltInKeywords$verifyElementVisible$3.call(Unknown Source)
	at Linked Account.run(Linked Account:28)
	at com.kms.katalon.core.main.ScriptEngine.run(ScriptEngine.java:194)
	at com.kms.katalon.core.main.ScriptEngine.runScriptAsRawText(ScriptEngine.java:119)
	at com.kms.katalon.core.main.TestCaseExecutor.runScript(TestCaseExecutor.java:448)
	at com.kms.katalon.core.main.TestCaseExecutor.doExecute(TestCaseExecutor.java:439)
	at com.kms.katalon.core.main.TestCaseExecutor.processExecutionPhase(TestCaseExecutor.java:418)
	at com.kms.katalon.core.main.TestCaseExecutor.accessMainPhase(TestCaseExecutor.java:410)
	at com.kms.katalon.core.main.TestCaseExecutor.execute(TestCaseExecutor.java:285)
	at com.kms.katalon.core.common.CommonExecutor.accessTestCaseMainPhase(CommonExecutor.java:65)
	at com.kms.katalon.core.main.TestSuiteExecutor.accessTestSuiteMainPhase(TestSuiteExecutor.java:151)
	at com.kms.katalon.core.main.TestSuiteExecutor.execute(TestSuiteExecutor.java:106)
	at com.kms.katalon.core.main.TestCaseMain.startTestSuite(TestCaseMain.java:185)
	at com.kms.katalon.core.main.TestCaseMain$startTestSuite$0.call(Unknown Source)
	at TempTestSuite1684227634289.run(TempTestSuite1684227634289.groovy:36)
"/>
         <system-out><![CDATA[2023-05-16 16:06:01 - [TEST_CASE][FAILED] - Test Cases/Production/Profile/Device/Linked Account: Test Cases/Production/Profile/Device/Linked Account FAILED.
Reason:
com.kms.katalon.core.exception.StepFailedException: Element 'Object Repository/Productions/General/Linked Account/Payment Account' not found
	at com.kms.katalon.core.keyword.internal.KeywordMain.stepFailed(KeywordMain.groovy:50)
	at com.kms.katalon.core.mobile.keyword.internal.MobileKeywordMain.stepFailed(MobileKeywordMain.groovy:40)
	at com.kms.katalon.core.mobile.keyword.builtin.VerifyElementVisibleKeyword$_verifyElementVisible_closure1.doCall(VerifyElementVisibleKeyword.groovy:82)
	at com.kms.katalon.core.mobile.keyword.builtin.VerifyElementVisibleKeyword$_verifyElementVisible_closure1.call(VerifyElementVisibleKeyword.groovy)
	at com.kms.katalon.core.mobile.keyword.internal.MobileKeywordMain.runKeyword(MobileKeywordMain.groovy:21)
	at com.kms.katalon.core.mobile.keyword.builtin.VerifyElementVisibleKeyword.verifyElementVisible(VerifyElementVisibleKeyword.groovy:85)
	at com.kms.katalon.core.mobile.keyword.builtin.VerifyElementVisibleKeyword.execute(VerifyElementVisibleKeyword.groovy:64)
	at com.kms.katalon.core.keyword.internal.KeywordExecutor.executeKeywordForPlatform(KeywordExecutor.groovy:74)
	at com.kms.katalon.core.mobile.keyword.MobileBuiltInKeywords.verifyElementVisible(MobileBuiltInKeywords.groovy:2031)
	at com.kms.katalon.core.mobile.keyword.MobileBuiltInKeywords$verifyElementVisible$3.call(Unknown Source)
	at Linked Account.run(Linked Account:28)
	at com.kms.katalon.core.main.ScriptEngine.run(ScriptEngine.java:194)
	at com.kms.katalon.core.main.ScriptEngine.runScriptAsRawText(ScriptEngine.java:119)
	at com.kms.katalon.core.main.TestCaseExecutor.runScript(TestCaseExecutor.java:448)
	at com.kms.katalon.core.main.TestCaseExecutor.doExecute(TestCaseExecutor.java:439)
	at com.kms.katalon.core.main.TestCaseExecutor.processExecutionPhase(TestCaseExecutor.java:418)
	at com.kms.katalon.core.main.TestCaseExecutor.accessMainPhase(TestCaseExecutor.java:410)
	at com.kms.katalon.core.main.TestCaseExecutor.execute(TestCaseExecutor.java:285)
	at com.kms.katalon.core.common.CommonExecutor.accessTestCaseMainPhase(CommonExecutor.java:65)
	at com.kms.katalon.core.main.TestSuiteExecutor.accessTestSuiteMainPhase(TestSuiteExecutor.java:151)
	at com.kms.katalon.core.main.TestSuiteExecutor.execute(TestSuiteExecutor.java:106)
	at com.kms.katalon.core.main.TestCaseMain.startTestSuite(TestCaseMain.java:185)
	at com.kms.katalon.core.main.TestCaseMain$startTestSuite$0.call(Unknown Source)
	at TempTestSuite1684227634289.run(TempTestSuite1684227634289.groovy:36)


2023-05-16 16:06:01 - [TEST_STEP][PASSED] - startExistingApplication("com.kfc.mobile", STOP_ON_FAILURE): Starting app with application ID: 'com.kfc.mobile'

2023-05-16 16:06:01 - [MESSAGE][INFO] - User set preference: ['appPackage', 'com.kfc.mobile']

2023-05-16 16:06:01 - [MESSAGE][INFO] - User set preference: ['appActivity', 'com.kfc.mobile.presentation.splash.SplashActivity']

2023-05-16 16:06:01 - [MESSAGE][INFO] - User set preference: ['noReset', 'true']

2023-05-16 16:06:01 - [MESSAGE][INFO] - User set preference: ['deviceId', 'cefdc881']

2023-05-16 16:06:01 - [MESSAGE][INFO] - Detected NodeJS location: "C:\Program Files\nodejs\node.exe"

2023-05-16 16:06:02 - [MESSAGE][INFO] - Appium server started on port 63,951

2023-05-16 16:06:18 - [MESSAGE][PASSED] - Starting app with application ID: 'com.kfc.mobile'

2023-05-16 16:06:18 - [TEST_STEP][PASSED] - delay(5, STOP_ON_FAILURE): Delayed 5 second(s)

2023-05-16 16:06:23 - [MESSAGE][PASSED] - Delayed 5 second(s)

2023-05-16 16:06:23 - [TEST_STEP][PASSED] - tap(findTestObject("Productions/Menu/Profile"), 0): Tapped on element 'Object Repository/Productions/Menu/Profile'

2023-05-16 16:06:23 - [MESSAGE][WARNING] - Timeout '0' is invalid. Using default page load timeout: '30'

2023-05-16 16:06:26 - [MESSAGE][PASSED] - Tapped on element 'Object Repository/Productions/Menu/Profile'

2023-05-16 16:06:26 - [TEST_STEP][PASSED] - tap(findTestObject("Productions/General/Linked Account/Menu - Linked Account"), 3): Tapped on element 'Object Repository/Productions/General/Linked Account/Menu - Linked Account'

2023-05-16 16:06:28 - [MESSAGE][PASSED] - Tapped on element 'Object Repository/Productions/General/Linked Account/Menu - Linked Account'

2023-05-16 16:06:28 - [TEST_STEP][FAILED] - verifyElementVisible(findTestObject("Productions/General/Linked Account/Payment Account"), 3): Failed to check for element 'Object Repository/Productions/General/Linked Account/Payment Account' visible (Root cause: com.kms.katalon.core.exception.StepFailedException: Element 'Object Repository/Productions/General/Linked Account/Payment Account' not found
	at com.kms.katalon.core.keyword.internal.KeywordMain.stepFailed(KeywordMain.groovy:50)
	at com.kms.katalon.core.mobile.keyword.internal.MobileKeywordMain.stepFailed(MobileKeywordMain.groovy:40)
	at com.kms.katalon.core.mobile.keyword.builtin.VerifyElementVisibleKeyword$_verifyElementVisible_closure1.doCall(VerifyElementVisibleKeyword.groovy:82)
	at com.kms.katalon.core.mobile.keyword.builtin.VerifyElementVisibleKeyword$_verifyElementVisible_closure1.call(VerifyElementVisibleKeyword.groovy)
	at com.kms.katalon.core.mobile.keyword.internal.MobileKeywordMain.runKeyword(MobileKeywordMain.groovy:21)
	at com.kms.katalon.core.mobile.keyword.builtin.VerifyElementVisibleKeyword.verifyElementVisible(VerifyElementVisibleKeyword.groovy:85)
	at com.kms.katalon.core.mobile.keyword.builtin.VerifyElementVisibleKeyword.execute(VerifyElementVisibleKeyword.groovy:64)
	at com.kms.katalon.core.keyword.internal.KeywordExecutor.executeKeywordForPlatform(KeywordExecutor.groovy:74)
	at com.kms.katalon.core.mobile.keyword.MobileBuiltInKeywords.verifyElementVisible(MobileBuiltInKeywords.groovy:2031)
	at com.kms.katalon.core.mobile.keyword.MobileBuiltInKeywords$verifyElementVisible$3.call(Unknown Source)
	at Linked Account.run(Linked Account:28)
	at com.kms.katalon.core.main.ScriptEngine.run(ScriptEngine.java:194)
	at com.kms.katalon.core.main.ScriptEngine.runScriptAsRawText(ScriptEngine.java:119)
	at com.kms.katalon.core.main.TestCaseExecutor.runScript(TestCaseExecutor.java:448)
	at com.kms.katalon.core.main.TestCaseExecutor.doExecute(TestCaseExecutor.java:439)
	at com.kms.katalon.core.main.TestCaseExecutor.processExecutionPhase(TestCaseExecutor.java:418)
	at com.kms.katalon.core.main.TestCaseExecutor.accessMainPhase(TestCaseExecutor.java:410)
	at com.kms.katalon.core.main.TestCaseExecutor.execute(TestCaseExecutor.java:285)
	at com.kms.katalon.core.common.CommonExecutor.accessTestCaseMainPhase(CommonExecutor.java:65)
	at com.kms.katalon.core.main.TestSuiteExecutor.accessTestSuiteMainPhase(TestSuiteExecutor.java:151)
	at com.kms.katalon.core.main.TestSuiteExecutor.execute(TestSuiteExecutor.java:106)
	at com.kms.katalon.core.main.TestCaseMain.startTestSuite(TestCaseMain.java:185)
	at com.kms.katalon.core.main.TestCaseMain$startTestSuite$0.call(Unknown Source)
	at TempTestSuite1684227634289.run(TempTestSuite1684227634289.groovy:36)
)

2023-05-16 16:06:31 - [MESSAGE][FAILED] - Element 'Object Repository/Productions/General/Linked Account/Payment Account' not found

2023-05-16 16:06:32 - [MESSAGE][FAILED] - Failed to check for element 'Object Repository/Productions/General/Linked Account/Payment Account' visible (Root cause: com.kms.katalon.core.exception.StepFailedException: Element 'Object Repository/Productions/General/Linked Account/Payment Account' not found
	at com.kms.katalon.core.keyword.internal.KeywordMain.stepFailed(KeywordMain.groovy:50)
	at com.kms.katalon.core.mobile.keyword.internal.MobileKeywordMain.stepFailed(MobileKeywordMain.groovy:40)
	at com.kms.katalon.core.mobile.keyword.builtin.VerifyElementVisibleKeyword$_verifyElementVisible_closure1.doCall(VerifyElementVisibleKeyword.groovy:82)
	at com.kms.katalon.core.mobile.keyword.builtin.VerifyElementVisibleKeyword$_verifyElementVisible_closure1.call(VerifyElementVisibleKeyword.groovy)
	at com.kms.katalon.core.mobile.keyword.internal.MobileKeywordMain.runKeyword(MobileKeywordMain.groovy:21)
	at com.kms.katalon.core.mobile.keyword.builtin.VerifyElementVisibleKeyword.verifyElementVisible(VerifyElementVisibleKeyword.groovy:85)
	at com.kms.katalon.core.mobile.keyword.builtin.VerifyElementVisibleKeyword.execute(VerifyElementVisibleKeyword.groovy:64)
	at com.kms.katalon.core.keyword.internal.KeywordExecutor.executeKeywordForPlatform(KeywordExecutor.groovy:74)
	at com.kms.katalon.core.mobile.keyword.MobileBuiltInKeywords.verifyElementVisible(MobileBuiltInKeywords.groovy:2031)
	at com.kms.katalon.core.mobile.keyword.MobileBuiltInKeywords$verifyElementVisible$3.call(Unknown Source)
	at Linked Account.run(Linked Account:28)
	at com.kms.katalon.core.main.ScriptEngine.run(ScriptEngine.java:194)
	at com.kms.katalon.core.main.ScriptEngine.runScriptAsRawText(ScriptEngine.java:119)
	at com.kms.katalon.core.main.TestCaseExecutor.runScript(TestCaseExecutor.java:448)
	at com.kms.katalon.core.main.TestCaseExecutor.doExecute(TestCaseExecutor.java:439)
	at com.kms.katalon.core.main.TestCaseExecutor.processExecutionPhase(TestCaseExecutor.java:418)
	at com.kms.katalon.core.main.TestCaseExecutor.accessMainPhase(TestCaseExecutor.java:410)
	at com.kms.katalon.core.main.TestCaseExecutor.execute(TestCaseExecutor.java:285)
	at com.kms.katalon.core.common.CommonExecutor.accessTestCaseMainPhase(CommonExecutor.java:65)
	at com.kms.katalon.core.main.TestSuiteExecutor.accessTestSuiteMainPhase(TestSuiteExecutor.java:151)
	at com.kms.katalon.core.main.TestSuiteExecutor.execute(TestSuiteExecutor.java:106)
	at com.kms.katalon.core.main.TestCaseMain.startTestSuite(TestCaseMain.java:185)
	at com.kms.katalon.core.main.TestCaseMain$startTestSuite$0.call(Unknown Source)
	at TempTestSuite1684227634289.run(TempTestSuite1684227634289.groovy:36)
)
[[ATTACHMENT|C:\\Users\\Ahadian Rifky\\Downloads\\Katalon_Studio_Windows_64-8.5.5\\Katalon_Studio_Windows_64-8.5.5\\git.github.com\\maycheljecsan\\kfckuapps_katalon.git\\kfcku_android\\Reports\\20230516_160034\\Production\\Profile\\20230516_160034\\1684227991664.png]]

2023-05-16 16:06:32 - [TEST_STEP][PASSED] - Start listener action : sampleAfterTestCase: null

2023-05-16 16:06:32 - [TEST_STEP][PASSED] - println(testCaseContext.getTestCaseId()): null

2023-05-16 16:06:32 - [TEST_STEP][PASSED] - println(testCaseContext.getTestCaseStatus()): null]]></system-out>
         <system-err><![CDATA[2023-05-16 16:06:01 - [TEST_CASE][FAILED] - Test Cases/Production/Profile/Device/Linked Account: Test Cases/Production/Profile/Device/Linked Account FAILED.
Reason:
com.kms.katalon.core.exception.StepFailedException: Element 'Object Repository/Productions/General/Linked Account/Payment Account' not found
	at com.kms.katalon.core.keyword.internal.KeywordMain.stepFailed(KeywordMain.groovy:50)
	at com.kms.katalon.core.mobile.keyword.internal.MobileKeywordMain.stepFailed(MobileKeywordMain.groovy:40)
	at com.kms.katalon.core.mobile.keyword.builtin.VerifyElementVisibleKeyword$_verifyElementVisible_closure1.doCall(VerifyElementVisibleKeyword.groovy:82)
	at com.kms.katalon.core.mobile.keyword.builtin.VerifyElementVisibleKeyword$_verifyElementVisible_closure1.call(VerifyElementVisibleKeyword.groovy)
	at com.kms.katalon.core.mobile.keyword.internal.MobileKeywordMain.runKeyword(MobileKeywordMain.groovy:21)
	at com.kms.katalon.core.mobile.keyword.builtin.VerifyElementVisibleKeyword.verifyElementVisible(VerifyElementVisibleKeyword.groovy:85)
	at com.kms.katalon.core.mobile.keyword.builtin.VerifyElementVisibleKeyword.execute(VerifyElementVisibleKeyword.groovy:64)
	at com.kms.katalon.core.keyword.internal.KeywordExecutor.executeKeywordForPlatform(KeywordExecutor.groovy:74)
	at com.kms.katalon.core.mobile.keyword.MobileBuiltInKeywords.verifyElementVisible(MobileBuiltInKeywords.groovy:2031)
	at com.kms.katalon.core.mobile.keyword.MobileBuiltInKeywords$verifyElementVisible$3.call(Unknown Source)
	at Linked Account.run(Linked Account:28)
	at com.kms.katalon.core.main.ScriptEngine.run(ScriptEngine.java:194)
	at com.kms.katalon.core.main.ScriptEngine.runScriptAsRawText(ScriptEngine.java:119)
	at com.kms.katalon.core.main.TestCaseExecutor.runScript(TestCaseExecutor.java:448)
	at com.kms.katalon.core.main.TestCaseExecutor.doExecute(TestCaseExecutor.java:439)
	at com.kms.katalon.core.main.TestCaseExecutor.processExecutionPhase(TestCaseExecutor.java:418)
	at com.kms.katalon.core.main.TestCaseExecutor.accessMainPhase(TestCaseExecutor.java:410)
	at com.kms.katalon.core.main.TestCaseExecutor.execute(TestCaseExecutor.java:285)
	at com.kms.katalon.core.common.CommonExecutor.accessTestCaseMainPhase(CommonExecutor.java:65)
	at com.kms.katalon.core.main.TestSuiteExecutor.accessTestSuiteMainPhase(TestSuiteExecutor.java:151)
	at com.kms.katalon.core.main.TestSuiteExecutor.execute(TestSuiteExecutor.java:106)
	at com.kms.katalon.core.main.TestCaseMain.startTestSuite(TestCaseMain.java:185)
	at com.kms.katalon.core.main.TestCaseMain$startTestSuite$0.call(Unknown Source)
	at TempTestSuite1684227634289.run(TempTestSuite1684227634289.groovy:36)]]></system-err>
      </testcase>
      <testcase name="Test Cases/Production/Profile/Device/Logout" time="33.44" classname="Test Cases/Production/Profile/Device/Logout" status="PASSED">
         <system-out><![CDATA[2023-05-16 16:06:32 - [TEST_CASE][PASSED] - Test Cases/Production/Profile/Device/Logout: Test Cases/Production/Profile/Device/Logout

2023-05-16 16:06:32 - [TEST_STEP][PASSED] - startExistingApplication("com.kfc.mobile", STOP_ON_FAILURE): Starting app with application ID: 'com.kfc.mobile'

2023-05-16 16:06:32 - [MESSAGE][INFO] - User set preference: ['appPackage', 'com.kfc.mobile']

2023-05-16 16:06:32 - [MESSAGE][INFO] - User set preference: ['appActivity', 'com.kfc.mobile.presentation.splash.SplashActivity']

2023-05-16 16:06:32 - [MESSAGE][INFO] - User set preference: ['noReset', 'true']

2023-05-16 16:06:32 - [MESSAGE][INFO] - User set preference: ['deviceId', 'cefdc881']

2023-05-16 16:06:48 - [MESSAGE][PASSED] - Starting app with application ID: 'com.kfc.mobile'

2023-05-16 16:06:48 - [TEST_STEP][PASSED] - delay(5, STOP_ON_FAILURE): Delayed 5 second(s)

2023-05-16 16:06:53 - [MESSAGE][PASSED] - Delayed 5 second(s)

2023-05-16 16:06:53 - [TEST_STEP][PASSED] - tap(findTestObject("Productions/Menu/Profile"), 0): Tapped on element 'Object Repository/Productions/Menu/Profile'

2023-05-16 16:06:53 - [MESSAGE][WARNING] - Timeout '0' is invalid. Using default page load timeout: '30'

2023-05-16 16:06:56 - [MESSAGE][PASSED] - Tapped on element 'Object Repository/Productions/Menu/Profile'

2023-05-16 16:06:56 - [TEST_STEP][PASSED] - tap(findTestObject("Productions/Device/Log Out"), 3): Tapped on element 'Object Repository/Productions/Device/Log Out'

2023-05-16 16:06:58 - [MESSAGE][PASSED] - Tapped on element 'Object Repository/Productions/Device/Log Out'

2023-05-16 16:06:58 - [TEST_STEP][PASSED] - verifyElementVisible(findTestObject("Productions/Login/Logout - Yes"), 3): Element 'Object Repository/Productions/Login/Logout - Yes' is visible

2023-05-16 16:06:59 - [MESSAGE][PASSED] - Element 'Object Repository/Productions/Login/Logout - Yes' is visible

2023-05-16 16:06:59 - [TEST_STEP][PASSED] - verifyElementVisible(findTestObject("Productions/Login/Logout - Cancel"), 3): Element 'Object Repository/Productions/Login/Logout - Cancel' is visible

2023-05-16 16:07:00 - [MESSAGE][PASSED] - Element 'Object Repository/Productions/Login/Logout - Cancel' is visible

2023-05-16 16:07:00 - [TEST_STEP][PASSED] - tap(findTestObject("Productions/Login/Logout - Yes"), 3): Tapped on element 'Object Repository/Productions/Login/Logout - Yes'

2023-05-16 16:07:00 - [MESSAGE][PASSED] - Tapped on element 'Object Repository/Productions/Login/Logout - Yes'

2023-05-16 16:07:00 - [TEST_STEP][PASSED] - delay(5, STOP_ON_FAILURE): Delayed 5 second(s)

2023-05-16 16:07:05 - [MESSAGE][PASSED] - Delayed 5 second(s)

2023-05-16 16:07:05 - [TEST_STEP][PASSED] - closeApplication(): Close app successfully

2023-05-16 16:07:05 - [MESSAGE][PASSED] - Close app successfully

2023-05-16 16:07:05 - [TEST_STEP][PASSED] - Start listener action : sampleAfterTestCase: null

2023-05-16 16:07:05 - [TEST_STEP][PASSED] - println(testCaseContext.getTestCaseId()): null

2023-05-16 16:07:05 - [TEST_STEP][PASSED] - println(testCaseContext.getTestCaseStatus()): null]]></system-out>
         <system-err><![CDATA[]]></system-err>
      </testcase>
      <system-out><![CDATA[2023-05-16 16:00:46 - [TEST_SUITE][FAILED] - Profile: Test Cases/Production/Profile/Personal Info/Setting - Personal Info FAILED.
Reason:
com.kms.katalon.core.exception.StepFailedException: Object Object Repository/Productions/Personal Info/Edit-Profile/Edit Name not found
	at com.kms.katalon.core.keyword.internal.KeywordMain.stepFailed(KeywordMain.groovy:50)
	at com.kms.katalon.core.mobile.keyword.internal.MobileKeywordMain.stepFailed(MobileKeywordMain.groovy:40)
	at com.kms.katalon.core.mobile.keyword.builtin.SetTextKeyword$_setText_closure1.doCall(SetTextKeyword.groovy:76)
	at com.kms.katalon.core.mobile.keyword.builtin.SetTextKeyword$_setText_closure1.call(SetTextKeyword.groovy)
	at com.kms.katalon.core.mobile.keyword.internal.MobileKeywordMain.runKeyword(MobileKeywordMain.groovy:21)
	at com.kms.katalon.core.mobile.keyword.builtin.SetTextKeyword.setText(SetTextKeyword.groovy:83)
	at com.kms.katalon.core.mobile.keyword.builtin.SetTextKeyword.execute(SetTextKeyword.groovy:66)
	at com.kms.katalon.core.keyword.internal.KeywordExecutor.executeKeywordForPlatform(KeywordExecutor.groovy:74)
	at com.kms.katalon.core.mobile.keyword.MobileBuiltInKeywords.setText(MobileBuiltInKeywords.groovy:1307)
	at com.kms.katalon.core.mobile.keyword.MobileBuiltInKeywords$setText$2.call(Unknown Source)
	at Setting - Personal Info.run(Setting - Personal Info:28)
	at com.kms.katalon.core.main.ScriptEngine.run(ScriptEngine.java:194)
	at com.kms.katalon.core.main.ScriptEngine.runScriptAsRawText(ScriptEngine.java:119)
	at com.kms.katalon.core.main.TestCaseExecutor.runScript(TestCaseExecutor.java:448)
	at com.kms.katalon.core.main.TestCaseExecutor.doExecute(TestCaseExecutor.java:439)
	at com.kms.katalon.core.main.TestCaseExecutor.processExecutionPhase(TestCaseExecutor.java:418)
	at com.kms.katalon.core.main.TestCaseExecutor.accessMainPhase(TestCaseExecutor.java:410)
	at com.kms.katalon.core.main.TestCaseExecutor.execute(TestCaseExecutor.java:285)
	at com.kms.katalon.core.common.CommonExecutor.accessTestCaseMainPhase(CommonExecutor.java:65)
	at com.kms.katalon.core.main.TestSuiteExecutor.accessTestSuiteMainPhase(TestSuiteExecutor.java:151)
	at com.kms.katalon.core.main.TestSuiteExecutor.execute(TestSuiteExecutor.java:106)
	at com.kms.katalon.core.main.TestCaseMain.startTestSuite(TestCaseMain.java:185)
	at com.kms.katalon.core.main.TestCaseMain$startTestSuite$0.call(Unknown Source)
	at TempTestSuite1684227634289.run(TempTestSuite1684227634289.groovy:36)]]></system-out>
      <system-err><![CDATA[2023-05-16 16:00:46 - [TEST_SUITE][FAILED] - Profile: Test Cases/Production/Profile/Personal Info/Setting - Personal Info FAILED.
Reason:
com.kms.katalon.core.exception.StepFailedException: Object Object Repository/Productions/Personal Info/Edit-Profile/Edit Name not found
	at com.kms.katalon.core.keyword.internal.KeywordMain.stepFailed(KeywordMain.groovy:50)
	at com.kms.katalon.core.mobile.keyword.internal.MobileKeywordMain.stepFailed(MobileKeywordMain.groovy:40)
	at com.kms.katalon.core.mobile.keyword.builtin.SetTextKeyword$_setText_closure1.doCall(SetTextKeyword.groovy:76)
	at com.kms.katalon.core.mobile.keyword.builtin.SetTextKeyword$_setText_closure1.call(SetTextKeyword.groovy)
	at com.kms.katalon.core.mobile.keyword.internal.MobileKeywordMain.runKeyword(MobileKeywordMain.groovy:21)
	at com.kms.katalon.core.mobile.keyword.builtin.SetTextKeyword.setText(SetTextKeyword.groovy:83)
	at com.kms.katalon.core.mobile.keyword.builtin.SetTextKeyword.execute(SetTextKeyword.groovy:66)
	at com.kms.katalon.core.keyword.internal.KeywordExecutor.executeKeywordForPlatform(KeywordExecutor.groovy:74)
	at com.kms.katalon.core.mobile.keyword.MobileBuiltInKeywords.setText(MobileBuiltInKeywords.groovy:1307)
	at com.kms.katalon.core.mobile.keyword.MobileBuiltInKeywords$setText$2.call(Unknown Source)
	at Setting - Personal Info.run(Setting - Personal Info:28)
	at com.kms.katalon.core.main.ScriptEngine.run(ScriptEngine.java:194)
	at com.kms.katalon.core.main.ScriptEngine.runScriptAsRawText(ScriptEngine.java:119)
	at com.kms.katalon.core.main.TestCaseExecutor.runScript(TestCaseExecutor.java:448)
	at com.kms.katalon.core.main.TestCaseExecutor.doExecute(TestCaseExecutor.java:439)
	at com.kms.katalon.core.main.TestCaseExecutor.processExecutionPhase(TestCaseExecutor.java:418)
	at com.kms.katalon.core.main.TestCaseExecutor.accessMainPhase(TestCaseExecutor.java:410)
	at com.kms.katalon.core.main.TestCaseExecutor.execute(TestCaseExecutor.java:285)
	at com.kms.katalon.core.common.CommonExecutor.accessTestCaseMainPhase(CommonExecutor.java:65)
	at com.kms.katalon.core.main.TestSuiteExecutor.accessTestSuiteMainPhase(TestSuiteExecutor.java:151)
	at com.kms.katalon.core.main.TestSuiteExecutor.execute(TestSuiteExecutor.java:106)
	at com.kms.katalon.core.main.TestCaseMain.startTestSuite(TestCaseMain.java:185)
	at com.kms.katalon.core.main.TestCaseMain$startTestSuite$0.call(Unknown Source)
	at TempTestSuite1684227634289.run(TempTestSuite1684227634289.groovy:36)]]></system-err>
   </testsuite>
</testsuites>
