<?xml version="1.0" encoding="UTF-8"?>
<testsuites name="Create Order" time="841.771" tests="6" failures="2" errors="1">
   <testsuite name="Create Order" tests="6" failures="2" errors="1" time="841.771" skipped="0" timestamp="2023-01-25 16:48:48" hostname="Ahadian Rifky - NKC-23" id="Test Suites/Create Order/Create Order">
      <properties>
         <property name="deviceName" value="OPPO CPH1801 (Android 7.1.1)"/>
         <property name="devicePlatform" value=""/>
         <property name="logFolder" value="C:\\Users\\Ahadian Rifky\\Downloads\\Katalon_Studio_Windows_64-8.5.5\\Katalon_Studio_Windows_64-8.5.5\\git.github.com\\maycheljecsan\\kfckuapps_katalon.git\\kfcku_android\\Reports\\20230125_164845\\Create Order\\Create Order\\20230125_164845"/>
         <property name="logFiles" value="C:\\Users\\Ahadian Rifky\\Downloads\\Katalon_Studio_Windows_64-8.5.5\\Katalon_Studio_Windows_64-8.5.5\\git.github.com\\maycheljecsan\\kfckuapps_katalon.git\\kfcku_android\\Reports\\20230125_164845\\Create Order\\Create Order\\20230125_164845\\appium.log, C:\\Users\\Ahadian Rifky\\Downloads\\Katalon_Studio_Windows_64-8.5.5\\Katalon_Studio_Windows_64-8.5.5\\git.github.com\\maycheljecsan\\kfckuapps_katalon.git\\kfcku_android\\Reports\\20230125_164845\\Create Order\\Create Order\\20230125_164845\\execution0.log"/>
         <property name="attachments" value="C:\\Users\\Ahadian Rifky\\Downloads\\Katalon_Studio_Windows_64-8.5.5\\Katalon_Studio_Windows_64-8.5.5\\git.github.com\\maycheljecsan\\kfckuapps_katalon.git\\kfcku_android\\Reports\\20230125_164845\\Create Order\\Create Order\\20230125_164845\\1674640637050.png, C:\\Users\\Ahadian Rifky\\Downloads\\Katalon_Studio_Windows_64-8.5.5\\Katalon_Studio_Windows_64-8.5.5\\git.github.com\\maycheljecsan\\kfckuapps_katalon.git\\kfcku_android\\Reports\\20230125_164845\\Create Order\\Create Order\\20230125_164845\\1674640969262.png"/>
         <property name="hostName" value="Ahadian Rifky - NKC-23"/>
         <property name="os" value="Windows 10 64bit"/>
         <property name="appiumServerStatus" value="{&quot;value&quot;:{&quot;build&quot;:{&quot;version&quot;:&quot;1.22.3&quot;}},&quot;sessionId&quot;:null,&quot;status&quot;:0}"/>
         <property name="katalonVersion" value="8.5.5.208"/>
         <property name="deviceOS" value="Android"/>
         <property name="appiumVersion" value="1.22.3"/>
         <property name="deviceModel" value="CPH1801"/>
         <property name="hostAddress" value="172.10.9.59"/>
         <property name="deviceManufacturer" value="OPPO"/>
         <property name="deviceId" value="aa14e06a"/>
         <property name="deviceName" value="OPPO CPH1801 (Android 7.1.1)"/>
         <property name="deviceOSVersion" value="7.1.1"/>
      </properties>
      <testcase name="Test Cases/Create Order/Dine In/Dine In - Dana" time="165.476" classname="Test Cases/Create Order/Dine In/Dine In - Dana" status="PASSED">
         <system-out><![CDATA[2023-01-25 16:48:48 - [TEST_CASE][PASSED] - Test Cases/Create Order/Dine In/Dine In - Dana: Test Cases/Create Order/Dine In/Dine In - Dana

2023-01-25 16:48:48 - [TEST_STEP][PASSED] - startExistingApplication("com.kfc.mobile.hkStaging", STOP_ON_FAILURE): Starting app with application ID: 'com.kfc.mobile.hkStaging'

2023-01-25 16:48:49 - [MESSAGE][INFO] - User set preference: ['appPackage', 'com.kfc.mobile.hkStaging']

2023-01-25 16:48:49 - [MESSAGE][INFO] - User set preference: ['appActivity', 'com.kfc.mobile.presentation.home.HomeActivity']

2023-01-25 16:48:49 - [MESSAGE][INFO] - User set preference: ['noReset', 'true']

2023-01-25 16:48:49 - [MESSAGE][INFO] - User set preference: ['deviceId', '']

2023-01-25 16:48:49 - [MESSAGE][INFO] - Detected NodeJS location: "C:\Program Files\nodejs\node.exe"

2023-01-25 16:48:51 - [MESSAGE][INFO] - Appium server started on port 54,598

2023-01-25 16:49:09 - [MESSAGE][INFO] - Failed to get OS statusbar's information using default method.

2023-01-25 16:49:10 - [MESSAGE][PASSED] - Starting app with application ID: 'com.kfc.mobile.hkStaging'

2023-01-25 16:49:10 - [TEST_STEP][PASSED] - waitForElementPresent(findTestObject("Order Dine In/android.widget.TextView - Beranda"), 5): Element 'Object Repository/Order Dine In/android.widget.TextView - Beranda' is present

2023-01-25 16:49:12 - [MESSAGE][PASSED] - Element 'Object Repository/Order Dine In/android.widget.TextView - Beranda' is present

2023-01-25 16:49:12 - [TEST_STEP][PASSED] - tap(findTestObject("Object Repository/Order Dine In/android.widget.TextView - Beranda"), 5): Tapped on element 'Object Repository/Order Dine In/android.widget.TextView - Beranda'

2023-01-25 16:49:12 - [MESSAGE][PASSED] - Tapped on element 'Object Repository/Order Dine In/android.widget.TextView - Beranda'

2023-01-25 16:49:12 - [TEST_STEP][PASSED] - swipe(281, 500, 434, 161): Swiped from 281,500 to 434,161

2023-01-25 16:49:13 - [MESSAGE][PASSED] - Swiped from 281,500 to 434,161

2023-01-25 16:49:13 - [TEST_STEP][PASSED] - tap(findTestObject("Object Repository/Order Dine In/android.widget.TextView - DINE-IN"), 5): Tapped on element 'Object Repository/Order Dine In/android.widget.TextView - DINE-IN'

2023-01-25 16:49:14 - [MESSAGE][PASSED] - Tapped on element 'Object Repository/Order Dine In/android.widget.TextView - DINE-IN'

2023-01-25 16:49:14 - [TEST_STEP][PASSED] - tap(findTestObject("Object Repository/Order Dine In/android.widget.TextView - Cari Gerai KFC"), 5): Tapped on element 'Object Repository/Order Dine In/android.widget.TextView - Cari Gerai KFC'

2023-01-25 16:49:17 - [MESSAGE][PASSED] - Tapped on element 'Object Repository/Order Dine In/android.widget.TextView - Cari Gerai KFC'

2023-01-25 16:49:17 - [TEST_STEP][PASSED] - setText(findTestObject("Object Repository/Order Dine In/android.widget.EditText - Cari Gerai KFC"), "MT Haryono", 5): Text 'MT Haryono' has been set to element 'Object Repository/Order Dine In/android.widget.EditText - Cari Gerai KFC'

2023-01-25 16:49:22 - [MESSAGE][PASSED] - Text 'MT Haryono' has been set to element 'Object Repository/Order Dine In/android.widget.EditText - Cari Gerai KFC'

2023-01-25 16:49:22 - [TEST_STEP][PASSED] - hideKeyboard(): Keyboard is hidden

2023-01-25 16:49:24 - [MESSAGE][PASSED] - Keyboard is hidden

2023-01-25 16:49:24 - [TEST_STEP][PASSED] - waitForElementPresent(findTestObject("Object Repository/Order Dine In/android.widget.TextView - MT HARYONO JAKARTA"), 5): Object Object Repository/Order Dine In/android.widget.TextView - MT HARYONO JAKARTA not found

2023-01-25 16:49:30 - [MESSAGE][WARNING] - Object Object Repository/Order Dine In/android.widget.TextView - MT HARYONO JAKARTA not found

2023-01-25 16:49:30 - [TEST_STEP][PASSED] - tap(findTestObject("Order Dine In/Order/android.widget.Button - Pilih Gerai"), 0): Tapped on element 'Object Repository/Order Dine In/Order/android.widget.Button - Pilih Gerai'

2023-01-25 16:49:30 - [MESSAGE][WARNING] - Timeout '0' is invalid. Using default page load timeout: '30'

2023-01-25 16:49:30 - [MESSAGE][PASSED] - Tapped on element 'Object Repository/Order Dine In/Order/android.widget.Button - Pilih Gerai'

2023-01-25 16:49:30 - [TEST_STEP][PASSED] - delay(5, STOP_ON_FAILURE): Delayed 5 second(s)

2023-01-25 16:49:35 - [MESSAGE][PASSED] - Delayed 5 second(s)

2023-01-25 16:49:35 - [TEST_STEP][PASSED] - tap(findTestObject("Order Dine In/android.widget.FrameLayout"), 5): Tapped on element 'Object Repository/Order Dine In/android.widget.FrameLayout'

2023-01-25 16:49:36 - [MESSAGE][PASSED] - Tapped on element 'Object Repository/Order Dine In/android.widget.FrameLayout'

2023-01-25 16:49:36 - [TEST_STEP][PASSED] - delay(5, STOP_ON_FAILURE): Delayed 5 second(s)

2023-01-25 16:49:41 - [MESSAGE][PASSED] - Delayed 5 second(s)

2023-01-25 16:49:41 - [TEST_STEP][PASSED] - pressBack(): Press back button successfully

2023-01-25 16:49:42 - [MESSAGE][PASSED] - Press back button successfully

2023-01-25 16:49:42 - [TEST_STEP][PASSED] - waitForElementPresent(findTestObject("Order Dine In/android.widget.Button - Add"), 5): Element 'Object Repository/Order Dine In/android.widget.Button - Add' is present

2023-01-25 16:49:42 - [MESSAGE][PASSED] - Element 'Object Repository/Order Dine In/android.widget.Button - Add' is present

2023-01-25 16:49:42 - [TEST_STEP][PASSED] - tap(findTestObject("Order Dine In/android.widget.Button - Add"), 5): Tapped on element 'Object Repository/Order Dine In/android.widget.Button - Add'

2023-01-25 16:49:43 - [MESSAGE][PASSED] - Tapped on element 'Object Repository/Order Dine In/android.widget.Button - Add'

2023-01-25 16:49:43 - [TEST_STEP][PASSED] - delay(5, STOP_ON_FAILURE): Delayed 5 second(s)

2023-01-25 16:49:48 - [MESSAGE][PASSED] - Delayed 5 second(s)

2023-01-25 16:49:48 - [TEST_STEP][PASSED] - waitForElementPresent(findTestObject("Order Dine In/Order/android.widget.Button - Lanjut"), 5): Element 'Object Repository/Order Dine In/Order/android.widget.Button - Lanjut' is present

2023-01-25 16:49:48 - [MESSAGE][PASSED] - Element 'Object Repository/Order Dine In/Order/android.widget.Button - Lanjut' is present

2023-01-25 16:49:48 - [TEST_STEP][PASSED] - tap(findTestObject("Order Dine In/Order/android.widget.Button - Lanjut"), 5): Tapped on element 'Object Repository/Order Dine In/Order/android.widget.Button - Lanjut'

2023-01-25 16:49:48 - [MESSAGE][PASSED] - Tapped on element 'Object Repository/Order Dine In/Order/android.widget.Button - Lanjut'

2023-01-25 16:49:48 - [TEST_STEP][PASSED] - delay(5, STOP_ON_FAILURE): Delayed 5 second(s)

2023-01-25 16:49:53 - [MESSAGE][PASSED] - Delayed 5 second(s)

2023-01-25 16:49:53 - [TEST_STEP][PASSED] - waitForElementPresent(findTestObject("Order Dine In/Order/android.widget.LinearLayout"), 5): Element 'Object Repository/Order Dine In/Order/android.widget.LinearLayout' is present

2023-01-25 16:49:54 - [MESSAGE][PASSED] - Element 'Object Repository/Order Dine In/Order/android.widget.LinearLayout' is present

2023-01-25 16:49:54 - [TEST_STEP][PASSED] - tap(findTestObject("Order Dine In/Order/android.widget.LinearLayout"), 5): Tapped on element 'Object Repository/Order Dine In/Order/android.widget.LinearLayout'

2023-01-25 16:49:55 - [MESSAGE][PASSED] - Tapped on element 'Object Repository/Order Dine In/Order/android.widget.LinearLayout'

2023-01-25 16:49:55 - [TEST_STEP][PASSED] - delay(5, STOP_ON_FAILURE): Delayed 5 second(s)

2023-01-25 16:50:00 - [MESSAGE][PASSED] - Delayed 5 second(s)

2023-01-25 16:50:00 - [TEST_STEP][PASSED] - waitForElementPresent(findTestObject("Order Dine In/Order/android.widget.TextView - Pilih Menu Gratis"), 5): Element 'Object Repository/Order Dine In/Order/android.widget.TextView - Pilih Menu Gratis' is present

2023-01-25 16:50:00 - [MESSAGE][PASSED] - Element 'Object Repository/Order Dine In/Order/android.widget.TextView - Pilih Menu Gratis' is present

2023-01-25 16:50:00 - [TEST_STEP][PASSED] - tap(findTestObject("Order Dine In/Order/android.widget.TextView - Pilih Menu Gratis"), 5): Tapped on element 'Object Repository/Order Dine In/Order/android.widget.TextView - Pilih Menu Gratis'

2023-01-25 16:50:00 - [MESSAGE][PASSED] - Tapped on element 'Object Repository/Order Dine In/Order/android.widget.TextView - Pilih Menu Gratis'

2023-01-25 16:50:00 - [TEST_STEP][PASSED] - delay(5, STOP_ON_FAILURE): Delayed 5 second(s)

2023-01-25 16:50:05 - [MESSAGE][PASSED] - Delayed 5 second(s)

2023-01-25 16:50:05 - [TEST_STEP][PASSED] - waitForElementPresent(findTestObject("Order Dine In/Order/android.widget.Button - Pilih Sekarang"), 10): Element 'Object Repository/Order Dine In/Order/android.widget.Button - Pilih Sekarang' is present

2023-01-25 16:50:06 - [MESSAGE][PASSED] - Element 'Object Repository/Order Dine In/Order/android.widget.Button - Pilih Sekarang' is present

2023-01-25 16:50:06 - [TEST_STEP][PASSED] - tap(findTestObject("Order Dine In/Order/android.widget.Button - Pilih Sekarang"), 10): Tapped on element 'Object Repository/Order Dine In/Order/android.widget.Button - Pilih Sekarang'

2023-01-25 16:50:06 - [MESSAGE][PASSED] - Tapped on element 'Object Repository/Order Dine In/Order/android.widget.Button - Pilih Sekarang'

2023-01-25 16:50:06 - [TEST_STEP][PASSED] - delay(5, STOP_ON_FAILURE): Delayed 5 second(s)

2023-01-25 16:50:11 - [MESSAGE][PASSED] - Delayed 5 second(s)

2023-01-25 16:50:11 - [TEST_STEP][PASSED] - waitForElementPresent(findTestObject("Order Dine In/Order/android.widget.Button - TAMBAHKAN"), 10): Element 'Object Repository/Order Dine In/Order/android.widget.Button - TAMBAHKAN' is present

2023-01-25 16:50:12 - [MESSAGE][PASSED] - Element 'Object Repository/Order Dine In/Order/android.widget.Button - TAMBAHKAN' is present

2023-01-25 16:50:12 - [TEST_STEP][PASSED] - tap(findTestObject("Order Dine In/Order/android.widget.Button - TAMBAHKAN"), 5): Tapped on element 'Object Repository/Order Dine In/Order/android.widget.Button - TAMBAHKAN'

2023-01-25 16:50:13 - [MESSAGE][PASSED] - Tapped on element 'Object Repository/Order Dine In/Order/android.widget.Button - TAMBAHKAN'

2023-01-25 16:50:13 - [TEST_STEP][PASSED] - delay(5, STOP_ON_FAILURE): Delayed 5 second(s)

2023-01-25 16:50:18 - [MESSAGE][PASSED] - Delayed 5 second(s)

2023-01-25 16:50:18 - [TEST_STEP][PASSED] - tap(findTestObject("Order Dine In/Order/android.widget.Button - Lanjutkan"), 5): Tapped on element 'Object Repository/Order Dine In/Order/android.widget.Button - Lanjutkan'

2023-01-25 16:50:18 - [MESSAGE][PASSED] - Tapped on element 'Object Repository/Order Dine In/Order/android.widget.Button - Lanjutkan'

2023-01-25 16:50:18 - [TEST_STEP][PASSED] - delay(5, STOP_ON_FAILURE): Delayed 5 second(s)

2023-01-25 16:50:23 - [MESSAGE][PASSED] - Delayed 5 second(s)

2023-01-25 16:50:23 - [TEST_STEP][PASSED] - scrollToText("TOTAL", STOP_ON_FAILURE): Scrolling to text 'TOTAL' successfully

2023-01-25 16:50:29 - [MESSAGE][PASSED] - Scrolling to text 'TOTAL' successfully

2023-01-25 16:50:29 - [TEST_STEP][PASSED] - tap(findTestObject("Order Dine In/Payment/android.widget.TextView - Lihat Semua"), 5): Tapped on element 'Object Repository/Order Dine In/Payment/android.widget.TextView - Lihat Semua'

2023-01-25 16:50:30 - [MESSAGE][PASSED] - Tapped on element 'Object Repository/Order Dine In/Payment/android.widget.TextView - Lihat Semua'

2023-01-25 16:50:30 - [TEST_STEP][PASSED] - delay(5, STOP_ON_FAILURE): Delayed 5 second(s)

2023-01-25 16:50:35 - [MESSAGE][PASSED] - Delayed 5 second(s)

2023-01-25 16:50:35 - [TEST_STEP][PASSED] - swipe(281, 500, 434, 161): Swiped from 281,500 to 434,161

2023-01-25 16:50:36 - [MESSAGE][PASSED] - Swiped from 281,500 to 434,161

2023-01-25 16:50:36 - [TEST_STEP][PASSED] - testObjectOne = new com.kms.katalon.core.testobject.TestObject(): null

2023-01-25 16:50:36 - [TEST_STEP][PASSED] - testObjectOne.addProperty("xpath", EQUALS, "//hierarchy/android.widget.FrameLayout[1]/android.widget.LinearLayout[1]/android.widget.FrameLayout[1]/android.widget.FrameLayout[1]/android.widget.FrameLayout[1]/android.widget.FrameLayout[1]/android.view.ViewGroup[1]/android.widget.FrameLayout[1]/android.widget.ScrollView[1]/android.view.ViewGroup[1]/android.view.ViewGroup[1]/androidx.recyclerview.widget.RecyclerView[1]/android.view.ViewGroup[3]/android.widget.ImageView[1]"): null

2023-01-25 16:50:36 - [TEST_STEP][PASSED] - tap(testObjectOne, 5): Tapped on element ''

2023-01-25 16:50:37 - [MESSAGE][PASSED] - Tapped on element ''

2023-01-25 16:50:37 - [TEST_STEP][PASSED] - delay(5, STOP_ON_FAILURE): Delayed 5 second(s)

2023-01-25 16:50:42 - [MESSAGE][PASSED] - Delayed 5 second(s)

2023-01-25 16:50:42 - [TEST_STEP][PASSED] - swipe(281, 500, 434, 161): Swiped from 281,500 to 434,161

2023-01-25 16:50:43 - [MESSAGE][PASSED] - Swiped from 281,500 to 434,161

2023-01-25 16:50:43 - [TEST_STEP][PASSED] - delay(5, STOP_ON_FAILURE): Delayed 5 second(s)

2023-01-25 16:50:48 - [MESSAGE][PASSED] - Delayed 5 second(s)

2023-01-25 16:50:48 - [TEST_STEP][PASSED] - testObjectTwo = new com.kms.katalon.core.testobject.TestObject(): null

2023-01-25 16:50:48 - [TEST_STEP][PASSED] - testObjectTwo.addProperty("xpath", EQUALS, "//hierarchy/android.widget.FrameLayout[1]/android.widget.LinearLayout[1]/android.widget.FrameLayout[1]/android.widget.FrameLayout[1]/android.widget.FrameLayout[1]/android.widget.FrameLayout[1]/android.view.ViewGroup[1]/android.widget.FrameLayout[1]/android.widget.ScrollView[1]/android.view.ViewGroup[1]/android.view.ViewGroup[1]/androidx.recyclerview.widget.RecyclerView[1]/android.view.ViewGroup[4]"): null

2023-01-25 16:50:48 - [TEST_STEP][PASSED] - delay(5, STOP_ON_FAILURE): Delayed 5 second(s)

2023-01-25 16:50:53 - [MESSAGE][PASSED] - Delayed 5 second(s)

2023-01-25 16:50:53 - [TEST_STEP][PASSED] - tap(testObjectTwo, 5): Tapped on element ''

2023-01-25 16:50:53 - [MESSAGE][PASSED] - Tapped on element ''

2023-01-25 16:50:53 - [TEST_STEP][PASSED] - delay(10, STOP_ON_FAILURE): Delayed 10 second(s)

2023-01-25 16:51:03 - [MESSAGE][PASSED] - Delayed 10 second(s)

2023-01-25 16:51:03 - [TEST_STEP][PASSED] - tap(findTestObject("Order Dine In/Payment/android.widget.Button - Simpan"), 5): Tapped on element 'Object Repository/Order Dine In/Payment/android.widget.Button - Simpan'

2023-01-25 16:51:04 - [MESSAGE][PASSED] - Tapped on element 'Object Repository/Order Dine In/Payment/android.widget.Button - Simpan'

2023-01-25 16:51:04 - [TEST_STEP][PASSED] - delay(10, STOP_ON_FAILURE): Delayed 10 second(s)

2023-01-25 16:51:14 - [MESSAGE][PASSED] - Delayed 10 second(s)

2023-01-25 16:51:14 - [TEST_STEP][PASSED] - swipe(281, 500, 434, 161): Swiped from 281,500 to 434,161

2023-01-25 16:51:15 - [MESSAGE][PASSED] - Swiped from 281,500 to 434,161

2023-01-25 16:51:15 - [TEST_STEP][PASSED] - tap(findTestObject("Order Dine In/Payment/android.widget.Button - Pesan Sekarang"), 10): Tapped on element 'Object Repository/Order Dine In/Payment/android.widget.Button - Pesan Sekarang'

2023-01-25 16:51:16 - [MESSAGE][PASSED] - Tapped on element 'Object Repository/Order Dine In/Payment/android.widget.Button - Pesan Sekarang'

2023-01-25 16:51:16 - [TEST_STEP][PASSED] - delay(10, STOP_ON_FAILURE): Delayed 10 second(s)

2023-01-25 16:51:26 - [MESSAGE][PASSED] - Delayed 10 second(s)

2023-01-25 16:51:26 - [TEST_STEP][PASSED] - waitForElementPresent(findTestObject("Order Dine In/Payment/imgPayment/android.view.View"), 5): Element 'Object Repository/Order Dine In/Payment/imgPayment/android.view.View' is present

2023-01-25 16:51:27 - [MESSAGE][PASSED] - Element 'Object Repository/Order Dine In/Payment/imgPayment/android.view.View' is present

2023-01-25 16:51:27 - [TEST_STEP][PASSED] - tap(findTestObject("Order Dine In/Payment/android.view.View"), 10): Tapped on element 'Object Repository/Order Dine In/Payment/android.view.View'

2023-01-25 16:51:27 - [MESSAGE][PASSED] - Tapped on element 'Object Repository/Order Dine In/Payment/android.view.View'

2023-01-25 16:51:27 - [TEST_STEP][PASSED] - waitForElementPresent(findTestObject("Order Dine In/Payment/android.widget.TextView - Konfirmasi pembayaran Anda"), 10): Element 'Object Repository/Order Dine In/Payment/android.widget.TextView - Konfirmasi pembayaran Anda' is present

2023-01-25 16:51:27 - [MESSAGE][PASSED] - Element 'Object Repository/Order Dine In/Payment/android.widget.TextView - Konfirmasi pembayaran Anda' is present

2023-01-25 16:51:27 - [TEST_STEP][PASSED] - tap(findTestObject("Order Dine In/Payment/android.widget.ImageButton"), 10): Tapped on element 'Object Repository/Order Dine In/Payment/android.widget.ImageButton'

2023-01-25 16:51:32 - [MESSAGE][PASSED] - Tapped on element 'Object Repository/Order Dine In/Payment/android.widget.ImageButton'

2023-01-25 16:51:32 - [TEST_STEP][PASSED] - closeApplication(): Close app successfully

2023-01-25 16:51:33 - [MESSAGE][PASSED] - Close app successfully]]></system-out>
         <system-err><![CDATA[]]></system-err>
      </testcase>
      <testcase name="Test Cases/Create Order/Dine In/Dine In - Gopay" time="160.991" classname="Test Cases/Create Order/Dine In/Dine In - Gopay" status="PASSED">
         <system-out><![CDATA[2023-01-25 16:51:33 - [TEST_CASE][PASSED] - Test Cases/Create Order/Dine In/Dine In - Gopay: Test Cases/Create Order/Dine In/Dine In - Gopay

2023-01-25 16:51:34 - [TEST_STEP][PASSED] - startExistingApplication("com.kfc.mobile.hkStaging", STOP_ON_FAILURE): Starting app with application ID: 'com.kfc.mobile.hkStaging'

2023-01-25 16:51:34 - [MESSAGE][INFO] - User set preference: ['appPackage', 'com.kfc.mobile.hkStaging']

2023-01-25 16:51:34 - [MESSAGE][INFO] - User set preference: ['appActivity', 'com.kfc.mobile.presentation.home.HomeActivity']

2023-01-25 16:51:34 - [MESSAGE][INFO] - User set preference: ['noReset', 'true']

2023-01-25 16:51:34 - [MESSAGE][INFO] - User set preference: ['deviceId', '']

2023-01-25 16:51:34 - [MESSAGE][INFO] - Detected NodeJS location: "C:\Program Files\nodejs\node.exe"

2023-01-25 16:51:36 - [MESSAGE][INFO] - Appium server started on port 54,833

2023-01-25 16:51:49 - [MESSAGE][INFO] - Failed to get OS statusbar's information using default method.

2023-01-25 16:51:50 - [MESSAGE][PASSED] - Starting app with application ID: 'com.kfc.mobile.hkStaging'

2023-01-25 16:51:50 - [TEST_STEP][PASSED] - waitForElementPresent(findTestObject("Order Dine In/android.widget.TextView - Beranda"), 5): Element 'Object Repository/Order Dine In/android.widget.TextView - Beranda' is present

2023-01-25 16:51:51 - [MESSAGE][PASSED] - Element 'Object Repository/Order Dine In/android.widget.TextView - Beranda' is present

2023-01-25 16:51:51 - [TEST_STEP][PASSED] - tap(findTestObject("Object Repository/Order Dine In/android.widget.TextView - Beranda"), 5): Tapped on element 'Object Repository/Order Dine In/android.widget.TextView - Beranda'

2023-01-25 16:51:53 - [MESSAGE][PASSED] - Tapped on element 'Object Repository/Order Dine In/android.widget.TextView - Beranda'

2023-01-25 16:51:53 - [TEST_STEP][PASSED] - swipe(281, 500, 434, 161): Swiped from 281,500 to 434,161

2023-01-25 16:51:54 - [MESSAGE][PASSED] - Swiped from 281,500 to 434,161

2023-01-25 16:51:54 - [TEST_STEP][PASSED] - tap(findTestObject("Object Repository/Order Dine In/android.widget.TextView - DINE-IN"), 5): Tapped on element 'Object Repository/Order Dine In/android.widget.TextView - DINE-IN'

2023-01-25 16:51:56 - [MESSAGE][PASSED] - Tapped on element 'Object Repository/Order Dine In/android.widget.TextView - DINE-IN'

2023-01-25 16:51:56 - [TEST_STEP][PASSED] - tap(findTestObject("Object Repository/Order Dine In/android.widget.TextView - Cari Gerai KFC"), 5): Tapped on element 'Object Repository/Order Dine In/android.widget.TextView - Cari Gerai KFC'

2023-01-25 16:51:59 - [MESSAGE][PASSED] - Tapped on element 'Object Repository/Order Dine In/android.widget.TextView - Cari Gerai KFC'

2023-01-25 16:51:59 - [TEST_STEP][PASSED] - setText(findTestObject("Object Repository/Order Dine In/android.widget.EditText - Cari Gerai KFC"), "MT Haryono", 5): Text 'MT Haryono' has been set to element 'Object Repository/Order Dine In/android.widget.EditText - Cari Gerai KFC'

2023-01-25 16:52:03 - [MESSAGE][PASSED] - Text 'MT Haryono' has been set to element 'Object Repository/Order Dine In/android.widget.EditText - Cari Gerai KFC'

2023-01-25 16:52:03 - [TEST_STEP][PASSED] - hideKeyboard(): Keyboard is hidden

2023-01-25 16:52:06 - [MESSAGE][PASSED] - Keyboard is hidden

2023-01-25 16:52:06 - [TEST_STEP][PASSED] - waitForElementPresent(findTestObject("Object Repository/Order Dine In/android.widget.TextView - MT HARYONO JAKARTA"), 5): Object Object Repository/Order Dine In/android.widget.TextView - MT HARYONO JAKARTA not found

2023-01-25 16:52:11 - [MESSAGE][WARNING] - Object Object Repository/Order Dine In/android.widget.TextView - MT HARYONO JAKARTA not found

2023-01-25 16:52:11 - [TEST_STEP][PASSED] - tap(findTestObject("Order Dine In/Order/android.widget.Button - Pilih Gerai"), 5): Tapped on element 'Object Repository/Order Dine In/Order/android.widget.Button - Pilih Gerai'

2023-01-25 16:52:12 - [MESSAGE][PASSED] - Tapped on element 'Object Repository/Order Dine In/Order/android.widget.Button - Pilih Gerai'

2023-01-25 16:52:12 - [TEST_STEP][PASSED] - delay(5, STOP_ON_FAILURE): Delayed 5 second(s)

2023-01-25 16:52:17 - [MESSAGE][PASSED] - Delayed 5 second(s)

2023-01-25 16:52:17 - [TEST_STEP][PASSED] - tap(findTestObject("Order Dine In/android.widget.FrameLayout"), 5): Tapped on element 'Object Repository/Order Dine In/android.widget.FrameLayout'

2023-01-25 16:52:17 - [MESSAGE][PASSED] - Tapped on element 'Object Repository/Order Dine In/android.widget.FrameLayout'

2023-01-25 16:52:17 - [TEST_STEP][PASSED] - delay(5, STOP_ON_FAILURE): Delayed 5 second(s)

2023-01-25 16:52:22 - [MESSAGE][PASSED] - Delayed 5 second(s)

2023-01-25 16:52:22 - [TEST_STEP][PASSED] - pressBack(): Press back button successfully

2023-01-25 16:52:23 - [MESSAGE][PASSED] - Press back button successfully

2023-01-25 16:52:23 - [TEST_STEP][PASSED] - waitForElementPresent(findTestObject("Order Dine In/android.widget.Button - Add"), 5): Element 'Object Repository/Order Dine In/android.widget.Button - Add' is present

2023-01-25 16:52:24 - [MESSAGE][PASSED] - Element 'Object Repository/Order Dine In/android.widget.Button - Add' is present

2023-01-25 16:52:24 - [TEST_STEP][PASSED] - tap(findTestObject("Order Dine In/android.widget.Button - Add"), 5): Tapped on element 'Object Repository/Order Dine In/android.widget.Button - Add'

2023-01-25 16:52:24 - [MESSAGE][PASSED] - Tapped on element 'Object Repository/Order Dine In/android.widget.Button - Add'

2023-01-25 16:52:24 - [TEST_STEP][PASSED] - delay(5, STOP_ON_FAILURE): Delayed 5 second(s)

2023-01-25 16:52:29 - [MESSAGE][PASSED] - Delayed 5 second(s)

2023-01-25 16:52:29 - [TEST_STEP][PASSED] - waitForElementPresent(findTestObject("Order Dine In/Order/android.widget.Button - Lanjut"), 5): Element 'Object Repository/Order Dine In/Order/android.widget.Button - Lanjut' is present

2023-01-25 16:52:29 - [MESSAGE][PASSED] - Element 'Object Repository/Order Dine In/Order/android.widget.Button - Lanjut' is present

2023-01-25 16:52:29 - [TEST_STEP][PASSED] - tap(findTestObject("Order Dine In/Order/android.widget.Button - Lanjut"), 5): Tapped on element 'Object Repository/Order Dine In/Order/android.widget.Button - Lanjut'

2023-01-25 16:52:30 - [MESSAGE][PASSED] - Tapped on element 'Object Repository/Order Dine In/Order/android.widget.Button - Lanjut'

2023-01-25 16:52:30 - [TEST_STEP][PASSED] - delay(5, STOP_ON_FAILURE): Delayed 5 second(s)

2023-01-25 16:52:35 - [MESSAGE][PASSED] - Delayed 5 second(s)

2023-01-25 16:52:35 - [TEST_STEP][PASSED] - waitForElementPresent(findTestObject("Order Dine In/Order/android.widget.LinearLayout"), 5): Element 'Object Repository/Order Dine In/Order/android.widget.LinearLayout' is present

2023-01-25 16:52:36 - [MESSAGE][PASSED] - Element 'Object Repository/Order Dine In/Order/android.widget.LinearLayout' is present

2023-01-25 16:52:36 - [TEST_STEP][PASSED] - tap(findTestObject("Order Dine In/Order/android.widget.LinearLayout"), 5): Tapped on element 'Object Repository/Order Dine In/Order/android.widget.LinearLayout'

2023-01-25 16:52:36 - [MESSAGE][PASSED] - Tapped on element 'Object Repository/Order Dine In/Order/android.widget.LinearLayout'

2023-01-25 16:52:36 - [TEST_STEP][PASSED] - delay(5, STOP_ON_FAILURE): Delayed 5 second(s)

2023-01-25 16:52:41 - [MESSAGE][PASSED] - Delayed 5 second(s)

2023-01-25 16:52:41 - [TEST_STEP][PASSED] - waitForElementPresent(findTestObject("Order Dine In/Order/android.widget.TextView - Pilih Menu Gratis"), 5): Element 'Object Repository/Order Dine In/Order/android.widget.TextView - Pilih Menu Gratis' is present

2023-01-25 16:52:42 - [MESSAGE][PASSED] - Element 'Object Repository/Order Dine In/Order/android.widget.TextView - Pilih Menu Gratis' is present

2023-01-25 16:52:42 - [TEST_STEP][PASSED] - tap(findTestObject("Order Dine In/Order/android.widget.TextView - Pilih Menu Gratis"), 5): Tapped on element 'Object Repository/Order Dine In/Order/android.widget.TextView - Pilih Menu Gratis'

2023-01-25 16:52:42 - [MESSAGE][PASSED] - Tapped on element 'Object Repository/Order Dine In/Order/android.widget.TextView - Pilih Menu Gratis'

2023-01-25 16:52:42 - [TEST_STEP][PASSED] - delay(5, STOP_ON_FAILURE): Delayed 5 second(s)

2023-01-25 16:52:47 - [MESSAGE][PASSED] - Delayed 5 second(s)

2023-01-25 16:52:47 - [TEST_STEP][PASSED] - waitForElementPresent(findTestObject("Order Dine In/Order/android.widget.Button - Pilih Sekarang"), 10): Element 'Object Repository/Order Dine In/Order/android.widget.Button - Pilih Sekarang' is present

2023-01-25 16:52:48 - [MESSAGE][PASSED] - Element 'Object Repository/Order Dine In/Order/android.widget.Button - Pilih Sekarang' is present

2023-01-25 16:52:48 - [TEST_STEP][PASSED] - tap(findTestObject("Order Dine In/Order/android.widget.Button - Pilih Sekarang"), 10): Tapped on element 'Object Repository/Order Dine In/Order/android.widget.Button - Pilih Sekarang'

2023-01-25 16:52:48 - [MESSAGE][PASSED] - Tapped on element 'Object Repository/Order Dine In/Order/android.widget.Button - Pilih Sekarang'

2023-01-25 16:52:48 - [TEST_STEP][PASSED] - delay(5, STOP_ON_FAILURE): Delayed 5 second(s)

2023-01-25 16:52:53 - [MESSAGE][PASSED] - Delayed 5 second(s)

2023-01-25 16:52:53 - [TEST_STEP][PASSED] - waitForElementPresent(findTestObject("Order Dine In/Order/android.widget.Button - TAMBAHKAN"), 10): Element 'Object Repository/Order Dine In/Order/android.widget.Button - TAMBAHKAN' is present

2023-01-25 16:52:54 - [MESSAGE][PASSED] - Element 'Object Repository/Order Dine In/Order/android.widget.Button - TAMBAHKAN' is present

2023-01-25 16:52:54 - [TEST_STEP][PASSED] - tap(findTestObject("Order Dine In/Order/android.widget.Button - TAMBAHKAN"), 5): Tapped on element 'Object Repository/Order Dine In/Order/android.widget.Button - TAMBAHKAN'

2023-01-25 16:52:54 - [MESSAGE][PASSED] - Tapped on element 'Object Repository/Order Dine In/Order/android.widget.Button - TAMBAHKAN'

2023-01-25 16:52:54 - [TEST_STEP][PASSED] - delay(5, STOP_ON_FAILURE): Delayed 5 second(s)

2023-01-25 16:52:59 - [MESSAGE][PASSED] - Delayed 5 second(s)

2023-01-25 16:52:59 - [TEST_STEP][PASSED] - tap(findTestObject("Order Dine In/Order/android.widget.Button - Lanjutkan"), 5): Tapped on element 'Object Repository/Order Dine In/Order/android.widget.Button - Lanjutkan'

2023-01-25 16:53:00 - [MESSAGE][PASSED] - Tapped on element 'Object Repository/Order Dine In/Order/android.widget.Button - Lanjutkan'

2023-01-25 16:53:00 - [TEST_STEP][PASSED] - delay(5, STOP_ON_FAILURE): Delayed 5 second(s)

2023-01-25 16:53:05 - [MESSAGE][PASSED] - Delayed 5 second(s)

2023-01-25 16:53:05 - [TEST_STEP][PASSED] - scrollToText("TOTAL", STOP_ON_FAILURE): Scrolling to text 'TOTAL' successfully

2023-01-25 16:53:10 - [MESSAGE][PASSED] - Scrolling to text 'TOTAL' successfully

2023-01-25 16:53:10 - [TEST_STEP][PASSED] - tap(findTestObject("Order Dine In/Payment/android.widget.TextView - Lihat Semua"), 5): Tapped on element 'Object Repository/Order Dine In/Payment/android.widget.TextView - Lihat Semua'

2023-01-25 16:53:12 - [MESSAGE][PASSED] - Tapped on element 'Object Repository/Order Dine In/Payment/android.widget.TextView - Lihat Semua'

2023-01-25 16:53:12 - [TEST_STEP][PASSED] - delay(5, STOP_ON_FAILURE): Delayed 5 second(s)

2023-01-25 16:53:17 - [MESSAGE][PASSED] - Delayed 5 second(s)

2023-01-25 16:53:17 - [TEST_STEP][PASSED] - swipe(281, 500, 434, 161): Swiped from 281,500 to 434,161

2023-01-25 16:53:18 - [MESSAGE][PASSED] - Swiped from 281,500 to 434,161

2023-01-25 16:53:18 - [TEST_STEP][PASSED] - testObjectOne = new com.kms.katalon.core.testobject.TestObject(): null

2023-01-25 16:53:18 - [TEST_STEP][PASSED] - testObjectOne.addProperty("xpath", EQUALS, "//hierarchy/android.widget.FrameLayout[1]/android.widget.LinearLayout[1]/android.widget.FrameLayout[1]/android.widget.FrameLayout[1]/android.widget.FrameLayout[1]/android.widget.FrameLayout[1]/android.view.ViewGroup[1]/android.widget.FrameLayout[1]/android.widget.ScrollView[1]/android.view.ViewGroup[1]/android.view.ViewGroup[1]/androidx.recyclerview.widget.RecyclerView[1]/android.view.ViewGroup[3]/android.widget.ImageView[1]"): null

2023-01-25 16:53:18 - [TEST_STEP][PASSED] - tap(testObjectOne, 5): Tapped on element ''

2023-01-25 16:53:18 - [MESSAGE][PASSED] - Tapped on element ''

2023-01-25 16:53:18 - [TEST_STEP][PASSED] - delay(5, STOP_ON_FAILURE): Delayed 5 second(s)

2023-01-25 16:53:23 - [MESSAGE][PASSED] - Delayed 5 second(s)

2023-01-25 16:53:23 - [TEST_STEP][PASSED] - swipe(281, 500, 434, 161): Swiped from 281,500 to 434,161

2023-01-25 16:53:24 - [MESSAGE][PASSED] - Swiped from 281,500 to 434,161

2023-01-25 16:53:25 - [TEST_STEP][PASSED] - delay(5, STOP_ON_FAILURE): Delayed 5 second(s)

2023-01-25 16:53:30 - [MESSAGE][PASSED] - Delayed 5 second(s)

2023-01-25 16:53:30 - [TEST_STEP][PASSED] - testObjectTwo = new com.kms.katalon.core.testobject.TestObject(): null

2023-01-25 16:53:30 - [TEST_STEP][PASSED] - testObjectTwo.addProperty("xpath", EQUALS, "//hierarchy/android.widget.FrameLayout[1]/android.widget.LinearLayout[1]/android.widget.FrameLayout[1]/android.widget.FrameLayout[1]/android.widget.FrameLayout[1]/android.widget.FrameLayout[1]/android.view.ViewGroup[1]/android.widget.FrameLayout[1]/android.widget.ScrollView[1]/android.view.ViewGroup[1]/android.view.ViewGroup[1]/androidx.recyclerview.widget.RecyclerView[1]/android.view.ViewGroup[3]"): null

2023-01-25 16:53:30 - [TEST_STEP][PASSED] - delay(5, STOP_ON_FAILURE): Delayed 5 second(s)

2023-01-25 16:53:35 - [MESSAGE][PASSED] - Delayed 5 second(s)

2023-01-25 16:53:35 - [TEST_STEP][PASSED] - tap(testObjectTwo, 5): Tapped on element ''

2023-01-25 16:53:35 - [MESSAGE][PASSED] - Tapped on element ''

2023-01-25 16:53:35 - [TEST_STEP][PASSED] - delay(10, STOP_ON_FAILURE): Delayed 10 second(s)

2023-01-25 16:53:45 - [MESSAGE][PASSED] - Delayed 10 second(s)

2023-01-25 16:53:45 - [TEST_STEP][PASSED] - tap(findTestObject("Order Dine In/Payment/android.widget.Button - Simpan"), 5): Tapped on element 'Object Repository/Order Dine In/Payment/android.widget.Button - Simpan'

2023-01-25 16:53:46 - [MESSAGE][PASSED] - Tapped on element 'Object Repository/Order Dine In/Payment/android.widget.Button - Simpan'

2023-01-25 16:53:46 - [TEST_STEP][PASSED] - delay(10, STOP_ON_FAILURE): Delayed 10 second(s)

2023-01-25 16:53:56 - [MESSAGE][PASSED] - Delayed 10 second(s)

2023-01-25 16:53:56 - [TEST_STEP][PASSED] - tap(findTestObject("Order Dine In/Payment/android.widget.Button - Pesan Sekarang"), 10): Tapped on element 'Object Repository/Order Dine In/Payment/android.widget.Button - Pesan Sekarang'

2023-01-25 16:53:56 - [MESSAGE][PASSED] - Tapped on element 'Object Repository/Order Dine In/Payment/android.widget.Button - Pesan Sekarang'

2023-01-25 16:53:56 - [TEST_STEP][PASSED] - delay(10, STOP_ON_FAILURE): Delayed 10 second(s)

2023-01-25 16:54:06 - [MESSAGE][PASSED] - Delayed 10 second(s)

2023-01-25 16:54:06 - [TEST_STEP][PASSED] - waitForElementPresent(findTestObject("Order Dine In/Gopay/android.widget.TextView - GoPay - Web"), 10): Element 'Object Repository/Order Dine In/Gopay/android.widget.TextView - GoPay - Web' is present

2023-01-25 16:54:07 - [MESSAGE][PASSED] - Element 'Object Repository/Order Dine In/Gopay/android.widget.TextView - GoPay - Web' is present

2023-01-25 16:54:07 - [TEST_STEP][PASSED] - tap(findTestObject("Order Dine In/Gopay/android.widget.EditText"), 10): Tapped on element 'Object Repository/Order Dine In/Gopay/android.widget.EditText'

2023-01-25 16:54:07 - [MESSAGE][PASSED] - Tapped on element 'Object Repository/Order Dine In/Gopay/android.widget.EditText'

2023-01-25 16:54:07 - [TEST_STEP][PASSED] - setText(findTestObject("Order Dine In/Gopay/android.widget.EditText"), "654321", 5): Text '654321' has been set to element 'Object Repository/Order Dine In/Gopay/android.widget.EditText'

2023-01-25 16:54:10 - [MESSAGE][PASSED] - Text '654321' has been set to element 'Object Repository/Order Dine In/Gopay/android.widget.EditText'

2023-01-25 16:54:10 - [TEST_STEP][PASSED] - hideKeyboard(): Keyboard is hidden

2023-01-25 16:54:13 - [MESSAGE][PASSED] - Keyboard is hidden

2023-01-25 16:54:13 - [TEST_STEP][PASSED] - tap(findTestObject("Order Dine In/Gopay/android.widget.Button - Submit"), 10): Tapped on element 'Object Repository/Order Dine In/Gopay/android.widget.Button - Submit'

2023-01-25 16:54:13 - [MESSAGE][PASSED] - Tapped on element 'Object Repository/Order Dine In/Gopay/android.widget.Button - Submit'

2023-01-25 16:54:13 - [TEST_STEP][PASSED] - closeApplication(): Close app successfully

2023-01-25 16:54:14 - [MESSAGE][PASSED] - Close app successfully]]></system-out>
         <system-err><![CDATA[]]></system-err>
      </testcase>
      <testcase name="Test Cases/Create Order/Drive Thru/Drive Thru - Dana" time="113.62" classname="Test Cases/Create Order/Drive Thru/Drive Thru - Dana" status="ERROR">
         <error type="ERROR" message="Test Cases/Create Order/Drive Thru/Drive Thru - Dana FAILED.
Reason:
groovy.lang.MissingPropertyException: No such property: ConditionType for class: Script1674630252472
	at Drive Thru - Dana.run(Drive Thru - Dana:132)
	at com.kms.katalon.core.main.ScriptEngine.run(ScriptEngine.java:194)
	at com.kms.katalon.core.main.ScriptEngine.runScriptAsRawText(ScriptEngine.java:119)
	at com.kms.katalon.core.main.TestCaseExecutor.runScript(TestCaseExecutor.java:448)
	at com.kms.katalon.core.main.TestCaseExecutor.doExecute(TestCaseExecutor.java:439)
	at com.kms.katalon.core.main.TestCaseExecutor.processExecutionPhase(TestCaseExecutor.java:418)
	at com.kms.katalon.core.main.TestCaseExecutor.accessMainPhase(TestCaseExecutor.java:410)
	at com.kms.katalon.core.main.TestCaseExecutor.execute(TestCaseExecutor.java:285)
	at com.kms.katalon.core.common.CommonExecutor.accessTestCaseMainPhase(CommonExecutor.java:65)
	at com.kms.katalon.core.main.TestSuiteExecutor.accessTestSuiteMainPhase(TestSuiteExecutor.java:151)
	at com.kms.katalon.core.main.TestSuiteExecutor.execute(TestSuiteExecutor.java:106)
	at com.kms.katalon.core.main.TestCaseMain.startTestSuite(TestCaseMain.java:185)
	at com.kms.katalon.core.main.TestCaseMain$startTestSuite$0.call(Unknown Source)
	at TempTestSuite1674640125329.run(TempTestSuite1674640125329.groovy:36)
"/>
         <system-out><![CDATA[2023-01-25 16:54:14 - [TEST_CASE][ERROR] - Test Cases/Create Order/Drive Thru/Drive Thru - Dana: Test Cases/Create Order/Drive Thru/Drive Thru - Dana FAILED.
Reason:
groovy.lang.MissingPropertyException: No such property: ConditionType for class: Script1674630252472
	at Drive Thru - Dana.run(Drive Thru - Dana:132)
	at com.kms.katalon.core.main.ScriptEngine.run(ScriptEngine.java:194)
	at com.kms.katalon.core.main.ScriptEngine.runScriptAsRawText(ScriptEngine.java:119)
	at com.kms.katalon.core.main.TestCaseExecutor.runScript(TestCaseExecutor.java:448)
	at com.kms.katalon.core.main.TestCaseExecutor.doExecute(TestCaseExecutor.java:439)
	at com.kms.katalon.core.main.TestCaseExecutor.processExecutionPhase(TestCaseExecutor.java:418)
	at com.kms.katalon.core.main.TestCaseExecutor.accessMainPhase(TestCaseExecutor.java:410)
	at com.kms.katalon.core.main.TestCaseExecutor.execute(TestCaseExecutor.java:285)
	at com.kms.katalon.core.common.CommonExecutor.accessTestCaseMainPhase(CommonExecutor.java:65)
	at com.kms.katalon.core.main.TestSuiteExecutor.accessTestSuiteMainPhase(TestSuiteExecutor.java:151)
	at com.kms.katalon.core.main.TestSuiteExecutor.execute(TestSuiteExecutor.java:106)
	at com.kms.katalon.core.main.TestCaseMain.startTestSuite(TestCaseMain.java:185)
	at com.kms.katalon.core.main.TestCaseMain$startTestSuite$0.call(Unknown Source)
	at TempTestSuite1674640125329.run(TempTestSuite1674640125329.groovy:36)


2023-01-25 16:54:15 - [TEST_STEP][PASSED] - startExistingApplication("com.kfc.mobile.hkStaging", STOP_ON_FAILURE): Starting app with application ID: 'com.kfc.mobile.hkStaging'

2023-01-25 16:54:15 - [MESSAGE][INFO] - User set preference: ['appPackage', 'com.kfc.mobile.hkStaging']

2023-01-25 16:54:15 - [MESSAGE][INFO] - User set preference: ['appActivity', 'com.kfc.mobile.presentation.home.HomeActivity']

2023-01-25 16:54:15 - [MESSAGE][INFO] - User set preference: ['noReset', 'true']

2023-01-25 16:54:15 - [MESSAGE][INFO] - User set preference: ['deviceId', '']

2023-01-25 16:54:15 - [MESSAGE][INFO] - Detected NodeJS location: "C:\Program Files\nodejs\node.exe"

2023-01-25 16:54:17 - [MESSAGE][INFO] - Appium server started on port 55,084

2023-01-25 16:54:30 - [MESSAGE][INFO] - Failed to get OS statusbar's information using default method.

2023-01-25 16:54:31 - [MESSAGE][PASSED] - Starting app with application ID: 'com.kfc.mobile.hkStaging'

2023-01-25 16:54:31 - [TEST_STEP][PASSED] - waitForElementPresent(findTestObject("Order Dine In/android.widget.TextView - Beranda"), 5): Element 'Object Repository/Order Dine In/android.widget.TextView - Beranda' is present

2023-01-25 16:54:32 - [MESSAGE][PASSED] - Element 'Object Repository/Order Dine In/android.widget.TextView - Beranda' is present

2023-01-25 16:54:32 - [TEST_STEP][PASSED] - tap(findTestObject("Object Repository/Order Dine In/android.widget.TextView - Beranda"), 5): Tapped on element 'Object Repository/Order Dine In/android.widget.TextView - Beranda'

2023-01-25 16:54:35 - [MESSAGE][PASSED] - Tapped on element 'Object Repository/Order Dine In/android.widget.TextView - Beranda'

2023-01-25 16:54:35 - [TEST_STEP][PASSED] - swipe(281, 600, 434, 90): Swiped from 281,600 to 434,90

2023-01-25 16:54:36 - [MESSAGE][PASSED] - Swiped from 281,600 to 434,90

2023-01-25 16:54:36 - [TEST_STEP][PASSED] - device_Height = getDeviceHeight(): Current device physical height is 1280

2023-01-25 16:54:36 - [MESSAGE][PASSED] - Current device physical height is 1280

2023-01-25 16:54:36 - [TEST_STEP][PASSED] - device_Width = getDeviceWidth(): Current device physical width is 720

2023-01-25 16:54:36 - [MESSAGE][PASSED] - Current device physical width is 720

2023-01-25 16:54:36 - [TEST_STEP][PASSED] - startY = device_Height / 2: null

2023-01-25 16:54:36 - [TEST_STEP][PASSED] - endY = startY: null

2023-01-25 16:54:36 - [TEST_STEP][PASSED] - startX = device_Width * 0.30: null

2023-01-25 16:54:36 - [TEST_STEP][PASSED] - endX = device_Width * 0.70: null

2023-01-25 16:54:36 - [TEST_STEP][PASSED] - swipe(endX, startY, startX, endY): Swiped from 504,640 to 216,640

2023-01-25 16:54:37 - [MESSAGE][PASSED] - Swiped from 504,640 to 216,640

2023-01-25 16:54:37 - [TEST_STEP][PASSED] - waitForElementPresent(findTestObject("Order Type/android.widget.TextView - DRIVE-THRU"), 10): Element 'Object Repository/Order Type/android.widget.TextView - DRIVE-THRU' is present

2023-01-25 16:54:38 - [MESSAGE][PASSED] - Element 'Object Repository/Order Type/android.widget.TextView - DRIVE-THRU' is present

2023-01-25 16:54:38 - [TEST_STEP][PASSED] - tap(findTestObject("Order Type/android.widget.TextView - DRIVE-THRU"), 5): Tapped on element 'Object Repository/Order Type/android.widget.TextView - DRIVE-THRU'

2023-01-25 16:54:38 - [MESSAGE][PASSED] - Tapped on element 'Object Repository/Order Type/android.widget.TextView - DRIVE-THRU'

2023-01-25 16:54:38 - [TEST_STEP][PASSED] - waitForElementPresent(findTestObject("Order Dine In/android.widget.EditText - Cari Gerai KFC"), 5): Object Object Repository/Order Dine In/android.widget.EditText - Cari Gerai KFC not found

2023-01-25 16:54:44 - [MESSAGE][WARNING] - Object Object Repository/Order Dine In/android.widget.EditText - Cari Gerai KFC not found

2023-01-25 16:54:44 - [TEST_STEP][PASSED] - tap(findTestObject("Object Repository/Order Dine In/android.widget.TextView - Cari Gerai KFC"), 5): Tapped on element 'Object Repository/Order Dine In/android.widget.TextView - Cari Gerai KFC'

2023-01-25 16:54:44 - [MESSAGE][PASSED] - Tapped on element 'Object Repository/Order Dine In/android.widget.TextView - Cari Gerai KFC'

2023-01-25 16:54:44 - [TEST_STEP][PASSED] - setText(findTestObject("Object Repository/Order Dine In/android.widget.EditText - Cari Gerai KFC"), "MT Haryono", 5): Text 'MT Haryono' has been set to element 'Object Repository/Order Dine In/android.widget.EditText - Cari Gerai KFC'

2023-01-25 16:54:48 - [MESSAGE][PASSED] - Text 'MT Haryono' has been set to element 'Object Repository/Order Dine In/android.widget.EditText - Cari Gerai KFC'

2023-01-25 16:54:48 - [TEST_STEP][PASSED] - hideKeyboard(): Keyboard is hidden

2023-01-25 16:54:51 - [MESSAGE][PASSED] - Keyboard is hidden

2023-01-25 16:54:51 - [TEST_STEP][PASSED] - waitForElementPresent(findTestObject("Order Dine In/android.widget.TextView - MT HARYONO JAKARTA"), 5): Object Object Repository/Order Dine In/android.widget.TextView - MT HARYONO JAKARTA not found

2023-01-25 16:54:56 - [MESSAGE][WARNING] - Object Object Repository/Order Dine In/android.widget.TextView - MT HARYONO JAKARTA not found

2023-01-25 16:54:56 - [TEST_STEP][PASSED] - tap(findTestObject("Order Dine In/Order/android.widget.Button - Pilih Gerai"), 5): Tapped on element 'Object Repository/Order Dine In/Order/android.widget.Button - Pilih Gerai'

2023-01-25 16:54:57 - [MESSAGE][PASSED] - Tapped on element 'Object Repository/Order Dine In/Order/android.widget.Button - Pilih Gerai'

2023-01-25 16:54:57 - [TEST_STEP][PASSED] - delay(5, STOP_ON_FAILURE): Delayed 5 second(s)

2023-01-25 16:55:02 - [MESSAGE][PASSED] - Delayed 5 second(s)

2023-01-25 16:55:02 - [TEST_STEP][PASSED] - tap(findTestObject("Order Dine In/android.widget.FrameLayout"), 5): Tapped on element 'Object Repository/Order Dine In/android.widget.FrameLayout'

2023-01-25 16:55:02 - [MESSAGE][PASSED] - Tapped on element 'Object Repository/Order Dine In/android.widget.FrameLayout'

2023-01-25 16:55:02 - [TEST_STEP][PASSED] - delay(5, STOP_ON_FAILURE): Delayed 5 second(s)

2023-01-25 16:55:07 - [MESSAGE][PASSED] - Delayed 5 second(s)

2023-01-25 16:55:07 - [TEST_STEP][PASSED] - pressBack(): Press back button successfully

2023-01-25 16:55:08 - [MESSAGE][PASSED] - Press back button successfully

2023-01-25 16:55:08 - [TEST_STEP][PASSED] - waitForElementPresent(findTestObject("Order Dine In/android.widget.Button - Add"), 5): Element 'Object Repository/Order Dine In/android.widget.Button - Add' is present

2023-01-25 16:55:09 - [MESSAGE][PASSED] - Element 'Object Repository/Order Dine In/android.widget.Button - Add' is present

2023-01-25 16:55:09 - [TEST_STEP][PASSED] - tap(findTestObject("Order Dine In/android.widget.Button - Add"), 5): Tapped on element 'Object Repository/Order Dine In/android.widget.Button - Add'

2023-01-25 16:55:09 - [MESSAGE][PASSED] - Tapped on element 'Object Repository/Order Dine In/android.widget.Button - Add'

2023-01-25 16:55:09 - [TEST_STEP][PASSED] - delay(5, STOP_ON_FAILURE): Delayed 5 second(s)

2023-01-25 16:55:14 - [MESSAGE][PASSED] - Delayed 5 second(s)

2023-01-25 16:55:14 - [TEST_STEP][PASSED] - waitForElementPresent(findTestObject("Order Dine In/Order/android.widget.Button - Lanjut"), 5): Element 'Object Repository/Order Dine In/Order/android.widget.Button - Lanjut' is present

2023-01-25 16:55:14 - [MESSAGE][PASSED] - Element 'Object Repository/Order Dine In/Order/android.widget.Button - Lanjut' is present

2023-01-25 16:55:14 - [TEST_STEP][PASSED] - tap(findTestObject("Order Dine In/Order/android.widget.Button - Lanjut"), 5): Tapped on element 'Object Repository/Order Dine In/Order/android.widget.Button - Lanjut'

2023-01-25 16:55:15 - [MESSAGE][PASSED] - Tapped on element 'Object Repository/Order Dine In/Order/android.widget.Button - Lanjut'

2023-01-25 16:55:15 - [TEST_STEP][PASSED] - delay(5, STOP_ON_FAILURE): Delayed 5 second(s)

2023-01-25 16:55:20 - [MESSAGE][PASSED] - Delayed 5 second(s)

2023-01-25 16:55:20 - [TEST_STEP][PASSED] - waitForElementPresent(findTestObject("Order Dine In/Order/android.widget.LinearLayout"), 5): Element 'Object Repository/Order Dine In/Order/android.widget.LinearLayout' is present

2023-01-25 16:55:20 - [MESSAGE][PASSED] - Element 'Object Repository/Order Dine In/Order/android.widget.LinearLayout' is present

2023-01-25 16:55:20 - [TEST_STEP][PASSED] - tap(findTestObject("Order Dine In/Order/android.widget.LinearLayout"), 5): Tapped on element 'Object Repository/Order Dine In/Order/android.widget.LinearLayout'

2023-01-25 16:55:21 - [MESSAGE][PASSED] - Tapped on element 'Object Repository/Order Dine In/Order/android.widget.LinearLayout'

2023-01-25 16:55:21 - [TEST_STEP][PASSED] - waitForElementPresent(findTestObject("Order Dine In/Order/android.widget.TextView - Pilih Menu Gratis"), 5): Element 'Object Repository/Order Dine In/Order/android.widget.TextView - Pilih Menu Gratis' is present

2023-01-25 16:55:23 - [MESSAGE][PASSED] - Element 'Object Repository/Order Dine In/Order/android.widget.TextView - Pilih Menu Gratis' is present

2023-01-25 16:55:23 - [TEST_STEP][PASSED] - tap(findTestObject("Order Dine In/Order/android.widget.TextView - Pilih Menu Gratis"), 5): Tapped on element 'Object Repository/Order Dine In/Order/android.widget.TextView - Pilih Menu Gratis'

2023-01-25 16:55:23 - [MESSAGE][PASSED] - Tapped on element 'Object Repository/Order Dine In/Order/android.widget.TextView - Pilih Menu Gratis'

2023-01-25 16:55:23 - [TEST_STEP][PASSED] - delay(5, STOP_ON_FAILURE): Delayed 5 second(s)

2023-01-25 16:55:28 - [MESSAGE][PASSED] - Delayed 5 second(s)

2023-01-25 16:55:28 - [TEST_STEP][PASSED] - waitForElementPresent(findTestObject("DRT Payment/android.widget.EditText - Mohon untuk mengisi nomor"), 5): Element 'Object Repository/DRT Payment/android.widget.EditText - Mohon untuk mengisi nomor' is present

2023-01-25 16:55:29 - [MESSAGE][PASSED] - Element 'Object Repository/DRT Payment/android.widget.EditText - Mohon untuk mengisi nomor' is present

2023-01-25 16:55:29 - [TEST_STEP][PASSED] - setText(findTestObject("DRT Payment/android.widget.EditText - Mohon untuk mengisi nomor"), "B 1223 YTH", 5): Text 'B 1223 YTH' has been set to element 'Object Repository/DRT Payment/android.widget.EditText - Mohon untuk mengisi nomor'

2023-01-25 16:55:32 - [MESSAGE][PASSED] - Text 'B 1223 YTH' has been set to element 'Object Repository/DRT Payment/android.widget.EditText - Mohon untuk mengisi nomor'

2023-01-25 16:55:32 - [TEST_STEP][PASSED] - delay(5, STOP_ON_FAILURE): Delayed 5 second(s)

2023-01-25 16:55:37 - [MESSAGE][PASSED] - Delayed 5 second(s)

2023-01-25 16:55:37 - [TEST_STEP][PASSED] - waitForElementPresent(findTestObject("Order Dine In/Order/android.widget.Button - Pilih Sekarang"), 10): Element 'Object Repository/Order Dine In/Order/android.widget.Button - Pilih Sekarang' is present

2023-01-25 16:55:38 - [MESSAGE][PASSED] - Element 'Object Repository/Order Dine In/Order/android.widget.Button - Pilih Sekarang' is present

2023-01-25 16:55:38 - [TEST_STEP][PASSED] - tap(findTestObject("Order Dine In/Order/android.widget.Button - Pilih Sekarang"), 10): Tapped on element 'Object Repository/Order Dine In/Order/android.widget.Button - Pilih Sekarang'

2023-01-25 16:55:39 - [MESSAGE][PASSED] - Tapped on element 'Object Repository/Order Dine In/Order/android.widget.Button - Pilih Sekarang'

2023-01-25 16:55:39 - [TEST_STEP][PASSED] - delay(5, STOP_ON_FAILURE): Delayed 5 second(s)

2023-01-25 16:55:44 - [MESSAGE][PASSED] - Delayed 5 second(s)

2023-01-25 16:55:44 - [TEST_STEP][PASSED] - waitForElementPresent(findTestObject("Order Dine In/Order/android.widget.Button - TAMBAHKAN"), 10): Element 'Object Repository/Order Dine In/Order/android.widget.Button - TAMBAHKAN' is present

2023-01-25 16:55:45 - [MESSAGE][PASSED] - Element 'Object Repository/Order Dine In/Order/android.widget.Button - TAMBAHKAN' is present

2023-01-25 16:55:45 - [TEST_STEP][PASSED] - tap(findTestObject("Order Dine In/Order/android.widget.Button - TAMBAHKAN"), 5): Tapped on element 'Object Repository/Order Dine In/Order/android.widget.Button - TAMBAHKAN'

2023-01-25 16:55:45 - [MESSAGE][PASSED] - Tapped on element 'Object Repository/Order Dine In/Order/android.widget.Button - TAMBAHKAN'

2023-01-25 16:55:45 - [TEST_STEP][PASSED] - delay(5, STOP_ON_FAILURE): Delayed 5 second(s)

2023-01-25 16:55:50 - [MESSAGE][PASSED] - Delayed 5 second(s)

2023-01-25 16:55:50 - [TEST_STEP][PASSED] - tap(findTestObject("Order Dine In/Order/android.widget.Button - Lanjutkan"), 5): Tapped on element 'Object Repository/Order Dine In/Order/android.widget.Button - Lanjutkan'

2023-01-25 16:55:51 - [MESSAGE][PASSED] - Tapped on element 'Object Repository/Order Dine In/Order/android.widget.Button - Lanjutkan'

2023-01-25 16:55:51 - [TEST_STEP][PASSED] - delay(5, STOP_ON_FAILURE): Delayed 5 second(s)

2023-01-25 16:55:56 - [MESSAGE][PASSED] - Delayed 5 second(s)

2023-01-25 16:55:56 - [TEST_STEP][PASSED] - scrollToText("TOTAL", STOP_ON_FAILURE): Scrolling to text 'TOTAL' successfully

2023-01-25 16:56:01 - [MESSAGE][PASSED] - Scrolling to text 'TOTAL' successfully

2023-01-25 16:56:01 - [TEST_STEP][PASSED] - tap(findTestObject("Order Dine In/Payment/android.widget.TextView - Lihat Semua"), 5): Tapped on element 'Object Repository/Order Dine In/Payment/android.widget.TextView - Lihat Semua'

2023-01-25 16:56:02 - [MESSAGE][PASSED] - Tapped on element 'Object Repository/Order Dine In/Payment/android.widget.TextView - Lihat Semua'

2023-01-25 16:56:02 - [TEST_STEP][PASSED] - delay(5, STOP_ON_FAILURE): Delayed 5 second(s)

2023-01-25 16:56:07 - [MESSAGE][PASSED] - Delayed 5 second(s)

2023-01-25 16:56:07 - [TEST_STEP][PASSED] - swipe(281, 500, 434, 161): Swiped from 281,500 to 434,161

2023-01-25 16:56:08 - [MESSAGE][PASSED] - Swiped from 281,500 to 434,161

2023-01-25 16:56:08 - [TEST_STEP][PASSED] - testObjectOne = new com.kms.katalon.core.testobject.TestObject(): null

2023-01-25 16:56:08 - [TEST_STEP][ERROR] - testObjectOne.addProperty("xpath", EQUALS, "//hierarchy/android.widget.FrameLayout[1]/android.widget.LinearLayout[1]/android.widget.FrameLayout[1]/android.widget.FrameLayout[1]/android.widget.FrameLayout[1]/android.widget.FrameLayout[1]/android.view.ViewGroup[1]/android.widget.FrameLayout[1]/android.widget.ScrollView[1]/android.view.ViewGroup[1]/android.view.ViewGroup[1]/androidx.recyclerview.widget.RecyclerView[1]/android.view.ViewGroup[3]/android.widget.ImageView[1]"): Test Cases/Create Order/Drive Thru/Drive Thru - Dana FAILED.
Reason:
groovy.lang.MissingPropertyException: No such property: ConditionType for class: Script1674630252472
	at Drive Thru - Dana.run(Drive Thru - Dana:132)
	at com.kms.katalon.core.main.ScriptEngine.run(ScriptEngine.java:194)
	at com.kms.katalon.core.main.ScriptEngine.runScriptAsRawText(ScriptEngine.java:119)
	at com.kms.katalon.core.main.TestCaseExecutor.runScript(TestCaseExecutor.java:448)
	at com.kms.katalon.core.main.TestCaseExecutor.doExecute(TestCaseExecutor.java:439)
	at com.kms.katalon.core.main.TestCaseExecutor.processExecutionPhase(TestCaseExecutor.java:418)
	at com.kms.katalon.core.main.TestCaseExecutor.accessMainPhase(TestCaseExecutor.java:410)
	at com.kms.katalon.core.main.TestCaseExecutor.execute(TestCaseExecutor.java:285)
	at com.kms.katalon.core.common.CommonExecutor.accessTestCaseMainPhase(CommonExecutor.java:65)
	at com.kms.katalon.core.main.TestSuiteExecutor.accessTestSuiteMainPhase(TestSuiteExecutor.java:151)
	at com.kms.katalon.core.main.TestSuiteExecutor.execute(TestSuiteExecutor.java:106)
	at com.kms.katalon.core.main.TestCaseMain.startTestSuite(TestCaseMain.java:185)
	at com.kms.katalon.core.main.TestCaseMain$startTestSuite$0.call(Unknown Source)
	at TempTestSuite1674640125329.run(TempTestSuite1674640125329.groovy:36)


2023-01-25 16:56:08 - [MESSAGE][ERROR] - Test Cases/Create Order/Drive Thru/Drive Thru - Dana FAILED.
Reason:
groovy.lang.MissingPropertyException: No such property: ConditionType for class: Script1674630252472
	at Drive Thru - Dana.run(Drive Thru - Dana:132)
	at com.kms.katalon.core.main.ScriptEngine.run(ScriptEngine.java:194)
	at com.kms.katalon.core.main.ScriptEngine.runScriptAsRawText(ScriptEngine.java:119)
	at com.kms.katalon.core.main.TestCaseExecutor.runScript(TestCaseExecutor.java:448)
	at com.kms.katalon.core.main.TestCaseExecutor.doExecute(TestCaseExecutor.java:439)
	at com.kms.katalon.core.main.TestCaseExecutor.processExecutionPhase(TestCaseExecutor.java:418)
	at com.kms.katalon.core.main.TestCaseExecutor.accessMainPhase(TestCaseExecutor.java:410)
	at com.kms.katalon.core.main.TestCaseExecutor.execute(TestCaseExecutor.java:285)
	at com.kms.katalon.core.common.CommonExecutor.accessTestCaseMainPhase(CommonExecutor.java:65)
	at com.kms.katalon.core.main.TestSuiteExecutor.accessTestSuiteMainPhase(TestSuiteExecutor.java:151)
	at com.kms.katalon.core.main.TestSuiteExecutor.execute(TestSuiteExecutor.java:106)
	at com.kms.katalon.core.main.TestCaseMain.startTestSuite(TestCaseMain.java:185)
	at com.kms.katalon.core.main.TestCaseMain$startTestSuite$0.call(Unknown Source)
	at TempTestSuite1674640125329.run(TempTestSuite1674640125329.groovy:36)]]></system-out>
         <system-err><![CDATA[2023-01-25 16:54:14 - [TEST_CASE][ERROR] - Test Cases/Create Order/Drive Thru/Drive Thru - Dana: Test Cases/Create Order/Drive Thru/Drive Thru - Dana FAILED.
Reason:
groovy.lang.MissingPropertyException: No such property: ConditionType for class: Script1674630252472
	at Drive Thru - Dana.run(Drive Thru - Dana:132)
	at com.kms.katalon.core.main.ScriptEngine.run(ScriptEngine.java:194)
	at com.kms.katalon.core.main.ScriptEngine.runScriptAsRawText(ScriptEngine.java:119)
	at com.kms.katalon.core.main.TestCaseExecutor.runScript(TestCaseExecutor.java:448)
	at com.kms.katalon.core.main.TestCaseExecutor.doExecute(TestCaseExecutor.java:439)
	at com.kms.katalon.core.main.TestCaseExecutor.processExecutionPhase(TestCaseExecutor.java:418)
	at com.kms.katalon.core.main.TestCaseExecutor.accessMainPhase(TestCaseExecutor.java:410)
	at com.kms.katalon.core.main.TestCaseExecutor.execute(TestCaseExecutor.java:285)
	at com.kms.katalon.core.common.CommonExecutor.accessTestCaseMainPhase(CommonExecutor.java:65)
	at com.kms.katalon.core.main.TestSuiteExecutor.accessTestSuiteMainPhase(TestSuiteExecutor.java:151)
	at com.kms.katalon.core.main.TestSuiteExecutor.execute(TestSuiteExecutor.java:106)
	at com.kms.katalon.core.main.TestCaseMain.startTestSuite(TestCaseMain.java:185)
	at com.kms.katalon.core.main.TestCaseMain$startTestSuite$0.call(Unknown Source)
	at TempTestSuite1674640125329.run(TempTestSuite1674640125329.groovy:36)]]></system-err>
      </testcase>
      <testcase name="Test Cases/Create Order/Drive Thru/Drive Thru - Gopay" time="69.156" classname="Test Cases/Create Order/Drive Thru/Drive Thru - Gopay" status="FAILED">
         <failure type="FAILED" message="Test Cases/Create Order/Drive Thru/Drive Thru - Gopay FAILED.
Reason:
com.kms.katalon.core.exception.StepFailedException: Object Object Repository/Order Dine In/android.widget.TextView - MT HARYONO JAKARTA not found
	at com.kms.katalon.core.keyword.internal.KeywordMain.stepFailed(KeywordMain.groovy:50)
	at com.kms.katalon.core.mobile.keyword.internal.MobileKeywordMain.stepFailed(MobileKeywordMain.groovy:40)
	at com.kms.katalon.core.mobile.keyword.builtin.TapKeyword$_tap_closure1.doCall(TapKeyword.groovy:79)
	at com.kms.katalon.core.mobile.keyword.builtin.TapKeyword$_tap_closure1.call(TapKeyword.groovy)
	at com.kms.katalon.core.mobile.keyword.internal.MobileKeywordMain.runKeyword(MobileKeywordMain.groovy:21)
	at com.kms.katalon.core.mobile.keyword.builtin.TapKeyword.tap(TapKeyword.groovy:84)
	at com.kms.katalon.core.mobile.keyword.builtin.TapKeyword.execute(TapKeyword.groovy:68)
	at com.kms.katalon.core.keyword.internal.KeywordExecutor.executeKeywordForPlatform(KeywordExecutor.groovy:74)
	at com.kms.katalon.core.mobile.keyword.MobileBuiltInKeywords.tap(MobileBuiltInKeywords.groovy:1490)
	at com.kms.katalon.core.mobile.keyword.MobileBuiltInKeywords$tap$1.call(Unknown Source)
	at Drive Thru - Gopay.run(Drive Thru - Gopay:68)
	at com.kms.katalon.core.main.ScriptEngine.run(ScriptEngine.java:194)
	at com.kms.katalon.core.main.ScriptEngine.runScriptAsRawText(ScriptEngine.java:119)
	at com.kms.katalon.core.main.TestCaseExecutor.runScript(TestCaseExecutor.java:448)
	at com.kms.katalon.core.main.TestCaseExecutor.doExecute(TestCaseExecutor.java:439)
	at com.kms.katalon.core.main.TestCaseExecutor.processExecutionPhase(TestCaseExecutor.java:418)
	at com.kms.katalon.core.main.TestCaseExecutor.accessMainPhase(TestCaseExecutor.java:410)
	at com.kms.katalon.core.main.TestCaseExecutor.execute(TestCaseExecutor.java:285)
	at com.kms.katalon.core.common.CommonExecutor.accessTestCaseMainPhase(CommonExecutor.java:65)
	at com.kms.katalon.core.main.TestSuiteExecutor.accessTestSuiteMainPhase(TestSuiteExecutor.java:151)
	at com.kms.katalon.core.main.TestSuiteExecutor.execute(TestSuiteExecutor.java:106)
	at com.kms.katalon.core.main.TestCaseMain.startTestSuite(TestCaseMain.java:185)
	at com.kms.katalon.core.main.TestCaseMain$startTestSuite$0.call(Unknown Source)
	at TempTestSuite1674640125329.run(TempTestSuite1674640125329.groovy:36)
"/>
         <system-out><![CDATA[2023-01-25 16:56:08 - [TEST_CASE][FAILED] - Test Cases/Create Order/Drive Thru/Drive Thru - Gopay: Test Cases/Create Order/Drive Thru/Drive Thru - Gopay FAILED.
Reason:
com.kms.katalon.core.exception.StepFailedException: Object Object Repository/Order Dine In/android.widget.TextView - MT HARYONO JAKARTA not found
	at com.kms.katalon.core.keyword.internal.KeywordMain.stepFailed(KeywordMain.groovy:50)
	at com.kms.katalon.core.mobile.keyword.internal.MobileKeywordMain.stepFailed(MobileKeywordMain.groovy:40)
	at com.kms.katalon.core.mobile.keyword.builtin.TapKeyword$_tap_closure1.doCall(TapKeyword.groovy:79)
	at com.kms.katalon.core.mobile.keyword.builtin.TapKeyword$_tap_closure1.call(TapKeyword.groovy)
	at com.kms.katalon.core.mobile.keyword.internal.MobileKeywordMain.runKeyword(MobileKeywordMain.groovy:21)
	at com.kms.katalon.core.mobile.keyword.builtin.TapKeyword.tap(TapKeyword.groovy:84)
	at com.kms.katalon.core.mobile.keyword.builtin.TapKeyword.execute(TapKeyword.groovy:68)
	at com.kms.katalon.core.keyword.internal.KeywordExecutor.executeKeywordForPlatform(KeywordExecutor.groovy:74)
	at com.kms.katalon.core.mobile.keyword.MobileBuiltInKeywords.tap(MobileBuiltInKeywords.groovy:1490)
	at com.kms.katalon.core.mobile.keyword.MobileBuiltInKeywords$tap$1.call(Unknown Source)
	at Drive Thru - Gopay.run(Drive Thru - Gopay:68)
	at com.kms.katalon.core.main.ScriptEngine.run(ScriptEngine.java:194)
	at com.kms.katalon.core.main.ScriptEngine.runScriptAsRawText(ScriptEngine.java:119)
	at com.kms.katalon.core.main.TestCaseExecutor.runScript(TestCaseExecutor.java:448)
	at com.kms.katalon.core.main.TestCaseExecutor.doExecute(TestCaseExecutor.java:439)
	at com.kms.katalon.core.main.TestCaseExecutor.processExecutionPhase(TestCaseExecutor.java:418)
	at com.kms.katalon.core.main.TestCaseExecutor.accessMainPhase(TestCaseExecutor.java:410)
	at com.kms.katalon.core.main.TestCaseExecutor.execute(TestCaseExecutor.java:285)
	at com.kms.katalon.core.common.CommonExecutor.accessTestCaseMainPhase(CommonExecutor.java:65)
	at com.kms.katalon.core.main.TestSuiteExecutor.accessTestSuiteMainPhase(TestSuiteExecutor.java:151)
	at com.kms.katalon.core.main.TestSuiteExecutor.execute(TestSuiteExecutor.java:106)
	at com.kms.katalon.core.main.TestCaseMain.startTestSuite(TestCaseMain.java:185)
	at com.kms.katalon.core.main.TestCaseMain$startTestSuite$0.call(Unknown Source)
	at TempTestSuite1674640125329.run(TempTestSuite1674640125329.groovy:36)


2023-01-25 16:56:08 - [TEST_STEP][PASSED] - startExistingApplication("com.kfc.mobile.hkStaging", STOP_ON_FAILURE): Starting app with application ID: 'com.kfc.mobile.hkStaging'

2023-01-25 16:56:08 - [MESSAGE][INFO] - User set preference: ['appPackage', 'com.kfc.mobile.hkStaging']

2023-01-25 16:56:08 - [MESSAGE][INFO] - User set preference: ['appActivity', 'com.kfc.mobile.presentation.home.HomeActivity']

2023-01-25 16:56:08 - [MESSAGE][INFO] - User set preference: ['noReset', 'true']

2023-01-25 16:56:08 - [MESSAGE][INFO] - User set preference: ['deviceId', '']

2023-01-25 16:56:21 - [MESSAGE][INFO] - Failed to get OS statusbar's information using default method.

2023-01-25 16:56:22 - [MESSAGE][PASSED] - Starting app with application ID: 'com.kfc.mobile.hkStaging'

2023-01-25 16:56:22 - [TEST_STEP][PASSED] - waitForElementPresent(findTestObject("Order Dine In/android.widget.TextView - Beranda"), 5): Element 'Object Repository/Order Dine In/android.widget.TextView - Beranda' is present

2023-01-25 16:56:24 - [MESSAGE][PASSED] - Element 'Object Repository/Order Dine In/android.widget.TextView - Beranda' is present

2023-01-25 16:56:24 - [TEST_STEP][PASSED] - tap(findTestObject("Object Repository/Order Dine In/android.widget.TextView - Beranda"), 5): Tapped on element 'Object Repository/Order Dine In/android.widget.TextView - Beranda'

2023-01-25 16:56:25 - [MESSAGE][PASSED] - Tapped on element 'Object Repository/Order Dine In/android.widget.TextView - Beranda'

2023-01-25 16:56:25 - [TEST_STEP][PASSED] - swipe(281, 600, 434, 90): Swiped from 281,600 to 434,90

2023-01-25 16:56:26 - [MESSAGE][PASSED] - Swiped from 281,600 to 434,90

2023-01-25 16:56:26 - [TEST_STEP][PASSED] - device_Height = getDeviceHeight(): Current device physical height is 1280

2023-01-25 16:56:26 - [MESSAGE][PASSED] - Current device physical height is 1280

2023-01-25 16:56:26 - [TEST_STEP][PASSED] - device_Width = getDeviceWidth(): Current device physical width is 720

2023-01-25 16:56:26 - [MESSAGE][PASSED] - Current device physical width is 720

2023-01-25 16:56:26 - [TEST_STEP][PASSED] - startY = device_Height / 2: null

2023-01-25 16:56:26 - [TEST_STEP][PASSED] - endY = startY: null

2023-01-25 16:56:26 - [TEST_STEP][PASSED] - startX = device_Width * 0.30: null

2023-01-25 16:56:26 - [TEST_STEP][PASSED] - endX = device_Width * 0.70: null

2023-01-25 16:56:26 - [TEST_STEP][PASSED] - swipe(endX, startY, startX, endY): Swiped from 504,640 to 216,640

2023-01-25 16:56:27 - [MESSAGE][PASSED] - Swiped from 504,640 to 216,640

2023-01-25 16:56:27 - [TEST_STEP][PASSED] - waitForElementPresent(findTestObject("Order Type/android.widget.TextView - DRIVE-THRU"), 10): Element 'Object Repository/Order Type/android.widget.TextView - DRIVE-THRU' is present

2023-01-25 16:56:28 - [MESSAGE][PASSED] - Element 'Object Repository/Order Type/android.widget.TextView - DRIVE-THRU' is present

2023-01-25 16:56:28 - [TEST_STEP][PASSED] - tap(findTestObject("Order Type/android.widget.TextView - DRIVE-THRU"), 5): Tapped on element 'Object Repository/Order Type/android.widget.TextView - DRIVE-THRU'

2023-01-25 16:56:28 - [MESSAGE][PASSED] - Tapped on element 'Object Repository/Order Type/android.widget.TextView - DRIVE-THRU'

2023-01-25 16:56:28 - [TEST_STEP][PASSED] - waitForElementPresent(findTestObject("Order Dine In/android.widget.EditText - Cari Gerai KFC"), 5): Object Object Repository/Order Dine In/android.widget.EditText - Cari Gerai KFC not found

2023-01-25 16:56:34 - [MESSAGE][WARNING] - Object Object Repository/Order Dine In/android.widget.EditText - Cari Gerai KFC not found

2023-01-25 16:56:34 - [TEST_STEP][PASSED] - tap(findTestObject("Object Repository/Order Dine In/android.widget.TextView - Cari Gerai KFC"), 5): Tapped on element 'Object Repository/Order Dine In/android.widget.TextView - Cari Gerai KFC'

2023-01-25 16:56:34 - [MESSAGE][PASSED] - Tapped on element 'Object Repository/Order Dine In/android.widget.TextView - Cari Gerai KFC'

2023-01-25 16:56:34 - [TEST_STEP][PASSED] - setText(findTestObject("Object Repository/Order Dine In/android.widget.EditText - Cari Gerai KFC"), "MT Haryono", 5): Text 'MT Haryono' has been set to element 'Object Repository/Order Dine In/android.widget.EditText - Cari Gerai KFC'

2023-01-25 16:56:38 - [MESSAGE][PASSED] - Text 'MT Haryono' has been set to element 'Object Repository/Order Dine In/android.widget.EditText - Cari Gerai KFC'

2023-01-25 16:56:38 - [TEST_STEP][PASSED] - hideKeyboard(): Keyboard is hidden

2023-01-25 16:56:41 - [MESSAGE][PASSED] - Keyboard is hidden

2023-01-25 16:56:41 - [TEST_STEP][PASSED] - waitForElementPresent(findTestObject("Object Repository/Order Dine In/android.widget.TextView - MT HARYONO JAKARTA"), 5): Object Object Repository/Order Dine In/android.widget.TextView - MT HARYONO JAKARTA not found

2023-01-25 16:56:46 - [MESSAGE][WARNING] - Object Object Repository/Order Dine In/android.widget.TextView - MT HARYONO JAKARTA not found

2023-01-25 16:56:46 - [TEST_STEP][FAILED] - tap(findTestObject("Object Repository/Order Dine In/android.widget.TextView - MT HARYONO JAKARTA"), 0): Failed to tap on element 'Object Repository/Order Dine In/android.widget.TextView - MT HARYONO JAKARTA' (Root cause: com.kms.katalon.core.exception.StepFailedException: Object Object Repository/Order Dine In/android.widget.TextView - MT HARYONO JAKARTA not found
	at com.kms.katalon.core.keyword.internal.KeywordMain.stepFailed(KeywordMain.groovy:50)
	at com.kms.katalon.core.mobile.keyword.internal.MobileKeywordMain.stepFailed(MobileKeywordMain.groovy:40)
	at com.kms.katalon.core.mobile.keyword.builtin.TapKeyword$_tap_closure1.doCall(TapKeyword.groovy:79)
	at com.kms.katalon.core.mobile.keyword.builtin.TapKeyword$_tap_closure1.call(TapKeyword.groovy)
	at com.kms.katalon.core.mobile.keyword.internal.MobileKeywordMain.runKeyword(MobileKeywordMain.groovy:21)
	at com.kms.katalon.core.mobile.keyword.builtin.TapKeyword.tap(TapKeyword.groovy:84)
	at com.kms.katalon.core.mobile.keyword.builtin.TapKeyword.execute(TapKeyword.groovy:68)
	at com.kms.katalon.core.keyword.internal.KeywordExecutor.executeKeywordForPlatform(KeywordExecutor.groovy:74)
	at com.kms.katalon.core.mobile.keyword.MobileBuiltInKeywords.tap(MobileBuiltInKeywords.groovy:1490)
	at com.kms.katalon.core.mobile.keyword.MobileBuiltInKeywords$tap$1.call(Unknown Source)
	at Drive Thru - Gopay.run(Drive Thru - Gopay:68)
	at com.kms.katalon.core.main.ScriptEngine.run(ScriptEngine.java:194)
	at com.kms.katalon.core.main.ScriptEngine.runScriptAsRawText(ScriptEngine.java:119)
	at com.kms.katalon.core.main.TestCaseExecutor.runScript(TestCaseExecutor.java:448)
	at com.kms.katalon.core.main.TestCaseExecutor.doExecute(TestCaseExecutor.java:439)
	at com.kms.katalon.core.main.TestCaseExecutor.processExecutionPhase(TestCaseExecutor.java:418)
	at com.kms.katalon.core.main.TestCaseExecutor.accessMainPhase(TestCaseExecutor.java:410)
	at com.kms.katalon.core.main.TestCaseExecutor.execute(TestCaseExecutor.java:285)
	at com.kms.katalon.core.common.CommonExecutor.accessTestCaseMainPhase(CommonExecutor.java:65)
	at com.kms.katalon.core.main.TestSuiteExecutor.accessTestSuiteMainPhase(TestSuiteExecutor.java:151)
	at com.kms.katalon.core.main.TestSuiteExecutor.execute(TestSuiteExecutor.java:106)
	at com.kms.katalon.core.main.TestCaseMain.startTestSuite(TestCaseMain.java:185)
	at com.kms.katalon.core.main.TestCaseMain$startTestSuite$0.call(Unknown Source)
	at TempTestSuite1674640125329.run(TempTestSuite1674640125329.groovy:36)
)

2023-01-25 16:56:46 - [MESSAGE][WARNING] - Timeout '0' is invalid. Using default page load timeout: '30'

2023-01-25 16:57:17 - [MESSAGE][FAILED] - Object Object Repository/Order Dine In/android.widget.TextView - MT HARYONO JAKARTA not found

2023-01-25 16:57:17 - [MESSAGE][FAILED] - Failed to tap on element 'Object Repository/Order Dine In/android.widget.TextView - MT HARYONO JAKARTA' (Root cause: com.kms.katalon.core.exception.StepFailedException: Object Object Repository/Order Dine In/android.widget.TextView - MT HARYONO JAKARTA not found
	at com.kms.katalon.core.keyword.internal.KeywordMain.stepFailed(KeywordMain.groovy:50)
	at com.kms.katalon.core.mobile.keyword.internal.MobileKeywordMain.stepFailed(MobileKeywordMain.groovy:40)
	at com.kms.katalon.core.mobile.keyword.builtin.TapKeyword$_tap_closure1.doCall(TapKeyword.groovy:79)
	at com.kms.katalon.core.mobile.keyword.builtin.TapKeyword$_tap_closure1.call(TapKeyword.groovy)
	at com.kms.katalon.core.mobile.keyword.internal.MobileKeywordMain.runKeyword(MobileKeywordMain.groovy:21)
	at com.kms.katalon.core.mobile.keyword.builtin.TapKeyword.tap(TapKeyword.groovy:84)
	at com.kms.katalon.core.mobile.keyword.builtin.TapKeyword.execute(TapKeyword.groovy:68)
	at com.kms.katalon.core.keyword.internal.KeywordExecutor.executeKeywordForPlatform(KeywordExecutor.groovy:74)
	at com.kms.katalon.core.mobile.keyword.MobileBuiltInKeywords.tap(MobileBuiltInKeywords.groovy:1490)
	at com.kms.katalon.core.mobile.keyword.MobileBuiltInKeywords$tap$1.call(Unknown Source)
	at Drive Thru - Gopay.run(Drive Thru - Gopay:68)
	at com.kms.katalon.core.main.ScriptEngine.run(ScriptEngine.java:194)
	at com.kms.katalon.core.main.ScriptEngine.runScriptAsRawText(ScriptEngine.java:119)
	at com.kms.katalon.core.main.TestCaseExecutor.runScript(TestCaseExecutor.java:448)
	at com.kms.katalon.core.main.TestCaseExecutor.doExecute(TestCaseExecutor.java:439)
	at com.kms.katalon.core.main.TestCaseExecutor.processExecutionPhase(TestCaseExecutor.java:418)
	at com.kms.katalon.core.main.TestCaseExecutor.accessMainPhase(TestCaseExecutor.java:410)
	at com.kms.katalon.core.main.TestCaseExecutor.execute(TestCaseExecutor.java:285)
	at com.kms.katalon.core.common.CommonExecutor.accessTestCaseMainPhase(CommonExecutor.java:65)
	at com.kms.katalon.core.main.TestSuiteExecutor.accessTestSuiteMainPhase(TestSuiteExecutor.java:151)
	at com.kms.katalon.core.main.TestSuiteExecutor.execute(TestSuiteExecutor.java:106)
	at com.kms.katalon.core.main.TestCaseMain.startTestSuite(TestCaseMain.java:185)
	at com.kms.katalon.core.main.TestCaseMain$startTestSuite$0.call(Unknown Source)
	at TempTestSuite1674640125329.run(TempTestSuite1674640125329.groovy:36)
)
[[ATTACHMENT|C:\\Users\\Ahadian Rifky\\Downloads\\Katalon_Studio_Windows_64-8.5.5\\Katalon_Studio_Windows_64-8.5.5\\git.github.com\\maycheljecsan\\kfckuapps_katalon.git\\kfcku_android\\Reports\\20230125_164845\\Create Order\\Create Order\\20230125_164845\\1674640637050.png]]]]></system-out>
         <system-err><![CDATA[2023-01-25 16:56:08 - [TEST_CASE][FAILED] - Test Cases/Create Order/Drive Thru/Drive Thru - Gopay: Test Cases/Create Order/Drive Thru/Drive Thru - Gopay FAILED.
Reason:
com.kms.katalon.core.exception.StepFailedException: Object Object Repository/Order Dine In/android.widget.TextView - MT HARYONO JAKARTA not found
	at com.kms.katalon.core.keyword.internal.KeywordMain.stepFailed(KeywordMain.groovy:50)
	at com.kms.katalon.core.mobile.keyword.internal.MobileKeywordMain.stepFailed(MobileKeywordMain.groovy:40)
	at com.kms.katalon.core.mobile.keyword.builtin.TapKeyword$_tap_closure1.doCall(TapKeyword.groovy:79)
	at com.kms.katalon.core.mobile.keyword.builtin.TapKeyword$_tap_closure1.call(TapKeyword.groovy)
	at com.kms.katalon.core.mobile.keyword.internal.MobileKeywordMain.runKeyword(MobileKeywordMain.groovy:21)
	at com.kms.katalon.core.mobile.keyword.builtin.TapKeyword.tap(TapKeyword.groovy:84)
	at com.kms.katalon.core.mobile.keyword.builtin.TapKeyword.execute(TapKeyword.groovy:68)
	at com.kms.katalon.core.keyword.internal.KeywordExecutor.executeKeywordForPlatform(KeywordExecutor.groovy:74)
	at com.kms.katalon.core.mobile.keyword.MobileBuiltInKeywords.tap(MobileBuiltInKeywords.groovy:1490)
	at com.kms.katalon.core.mobile.keyword.MobileBuiltInKeywords$tap$1.call(Unknown Source)
	at Drive Thru - Gopay.run(Drive Thru - Gopay:68)
	at com.kms.katalon.core.main.ScriptEngine.run(ScriptEngine.java:194)
	at com.kms.katalon.core.main.ScriptEngine.runScriptAsRawText(ScriptEngine.java:119)
	at com.kms.katalon.core.main.TestCaseExecutor.runScript(TestCaseExecutor.java:448)
	at com.kms.katalon.core.main.TestCaseExecutor.doExecute(TestCaseExecutor.java:439)
	at com.kms.katalon.core.main.TestCaseExecutor.processExecutionPhase(TestCaseExecutor.java:418)
	at com.kms.katalon.core.main.TestCaseExecutor.accessMainPhase(TestCaseExecutor.java:410)
	at com.kms.katalon.core.main.TestCaseExecutor.execute(TestCaseExecutor.java:285)
	at com.kms.katalon.core.common.CommonExecutor.accessTestCaseMainPhase(CommonExecutor.java:65)
	at com.kms.katalon.core.main.TestSuiteExecutor.accessTestSuiteMainPhase(TestSuiteExecutor.java:151)
	at com.kms.katalon.core.main.TestSuiteExecutor.execute(TestSuiteExecutor.java:106)
	at com.kms.katalon.core.main.TestCaseMain.startTestSuite(TestCaseMain.java:185)
	at com.kms.katalon.core.main.TestCaseMain$startTestSuite$0.call(Unknown Source)
	at TempTestSuite1674640125329.run(TempTestSuite1674640125329.groovy:36)]]></system-err>
      </testcase>
      <testcase name="Test Cases/Create Order/Take Away/Take Away - Dana" time="161.352" classname="Test Cases/Create Order/Take Away/Take Away - Dana" status="PASSED">
         <system-out><![CDATA[2023-01-25 16:57:17 - [TEST_CASE][PASSED] - Test Cases/Create Order/Take Away/Take Away - Dana: Test Cases/Create Order/Take Away/Take Away - Dana

2023-01-25 16:57:17 - [TEST_STEP][PASSED] - startExistingApplication("com.kfc.mobile.hkStaging", STOP_ON_FAILURE): Starting app with application ID: 'com.kfc.mobile.hkStaging'

2023-01-25 16:57:17 - [MESSAGE][INFO] - User set preference: ['appPackage', 'com.kfc.mobile.hkStaging']

2023-01-25 16:57:17 - [MESSAGE][INFO] - User set preference: ['appActivity', 'com.kfc.mobile.presentation.home.HomeActivity']

2023-01-25 16:57:17 - [MESSAGE][INFO] - User set preference: ['noReset', 'true']

2023-01-25 16:57:17 - [MESSAGE][INFO] - User set preference: ['deviceId', '']

2023-01-25 16:57:31 - [MESSAGE][INFO] - Failed to get OS statusbar's information using default method.

2023-01-25 16:57:32 - [MESSAGE][PASSED] - Starting app with application ID: 'com.kfc.mobile.hkStaging'

2023-01-25 16:57:32 - [TEST_STEP][PASSED] - waitForElementPresent(findTestObject("Order Dine In/android.widget.TextView - Beranda"), 5): Element 'Object Repository/Order Dine In/android.widget.TextView - Beranda' is present

2023-01-25 16:57:33 - [MESSAGE][PASSED] - Element 'Object Repository/Order Dine In/android.widget.TextView - Beranda' is present

2023-01-25 16:57:33 - [TEST_STEP][PASSED] - tap(findTestObject("Object Repository/Order Dine In/android.widget.TextView - Beranda"), 5): Tapped on element 'Object Repository/Order Dine In/android.widget.TextView - Beranda'

2023-01-25 16:57:33 - [MESSAGE][PASSED] - Tapped on element 'Object Repository/Order Dine In/android.widget.TextView - Beranda'

2023-01-25 16:57:33 - [TEST_STEP][PASSED] - swipe(281, 500, 434, 161): Swiped from 281,500 to 434,161

2023-01-25 16:57:34 - [MESSAGE][PASSED] - Swiped from 281,500 to 434,161

2023-01-25 16:57:34 - [TEST_STEP][PASSED] - tap(findTestObject("Order Type/android.widget.TextView - TAKE AWAY"), 5): Tapped on element 'Object Repository/Order Type/android.widget.TextView - TAKE AWAY'

2023-01-25 16:57:35 - [MESSAGE][PASSED] - Tapped on element 'Object Repository/Order Type/android.widget.TextView - TAKE AWAY'

2023-01-25 16:57:35 - [TEST_STEP][PASSED] - tap(findTestObject("Object Repository/Order Dine In/android.widget.TextView - Cari Gerai KFC"), 5): Tapped on element 'Object Repository/Order Dine In/android.widget.TextView - Cari Gerai KFC'

2023-01-25 16:57:38 - [MESSAGE][PASSED] - Tapped on element 'Object Repository/Order Dine In/android.widget.TextView - Cari Gerai KFC'

2023-01-25 16:57:38 - [TEST_STEP][PASSED] - setText(findTestObject("Object Repository/Order Dine In/android.widget.EditText - Cari Gerai KFC"), "MT Haryono", 5): Text 'MT Haryono' has been set to element 'Object Repository/Order Dine In/android.widget.EditText - Cari Gerai KFC'

2023-01-25 16:57:42 - [MESSAGE][PASSED] - Text 'MT Haryono' has been set to element 'Object Repository/Order Dine In/android.widget.EditText - Cari Gerai KFC'

2023-01-25 16:57:42 - [TEST_STEP][PASSED] - hideKeyboard(): Keyboard is hidden

2023-01-25 16:57:45 - [MESSAGE][PASSED] - Keyboard is hidden

2023-01-25 16:57:45 - [TEST_STEP][PASSED] - waitForElementPresent(findTestObject("Object Repository/Order Dine In/android.widget.TextView - MT HARYONO JAKARTA"), 5): Object Object Repository/Order Dine In/android.widget.TextView - MT HARYONO JAKARTA not found

2023-01-25 16:57:50 - [MESSAGE][WARNING] - Object Object Repository/Order Dine In/android.widget.TextView - MT HARYONO JAKARTA not found

2023-01-25 16:57:50 - [TEST_STEP][PASSED] - tap(findTestObject("Order Dine In/Order/android.widget.Button - Pilih Gerai"), 0): Tapped on element 'Object Repository/Order Dine In/Order/android.widget.Button - Pilih Gerai'

2023-01-25 16:57:50 - [MESSAGE][WARNING] - Timeout '0' is invalid. Using default page load timeout: '30'

2023-01-25 16:57:51 - [MESSAGE][PASSED] - Tapped on element 'Object Repository/Order Dine In/Order/android.widget.Button - Pilih Gerai'

2023-01-25 16:57:51 - [TEST_STEP][PASSED] - delay(5, STOP_ON_FAILURE): Delayed 5 second(s)

2023-01-25 16:57:56 - [MESSAGE][PASSED] - Delayed 5 second(s)

2023-01-25 16:57:56 - [TEST_STEP][PASSED] - tap(findTestObject("Order Dine In/android.widget.FrameLayout"), 5): Tapped on element 'Object Repository/Order Dine In/android.widget.FrameLayout'

2023-01-25 16:57:57 - [MESSAGE][PASSED] - Tapped on element 'Object Repository/Order Dine In/android.widget.FrameLayout'

2023-01-25 16:57:57 - [TEST_STEP][PASSED] - delay(5, STOP_ON_FAILURE): Delayed 5 second(s)

2023-01-25 16:58:02 - [MESSAGE][PASSED] - Delayed 5 second(s)

2023-01-25 16:58:02 - [TEST_STEP][PASSED] - pressBack(): Press back button successfully

2023-01-25 16:58:02 - [MESSAGE][PASSED] - Press back button successfully

2023-01-25 16:58:02 - [TEST_STEP][PASSED] - waitForElementPresent(findTestObject("Order Dine In/android.widget.Button - Add"), 5): Element 'Object Repository/Order Dine In/android.widget.Button - Add' is present

2023-01-25 16:58:03 - [MESSAGE][PASSED] - Element 'Object Repository/Order Dine In/android.widget.Button - Add' is present

2023-01-25 16:58:03 - [TEST_STEP][PASSED] - tap(findTestObject("Order Dine In/android.widget.Button - Add"), 5): Tapped on element 'Object Repository/Order Dine In/android.widget.Button - Add'

2023-01-25 16:58:03 - [MESSAGE][PASSED] - Tapped on element 'Object Repository/Order Dine In/android.widget.Button - Add'

2023-01-25 16:58:03 - [TEST_STEP][PASSED] - delay(5, STOP_ON_FAILURE): Delayed 5 second(s)

2023-01-25 16:58:08 - [MESSAGE][PASSED] - Delayed 5 second(s)

2023-01-25 16:58:08 - [TEST_STEP][PASSED] - waitForElementPresent(findTestObject("Order Dine In/Order/android.widget.Button - Lanjut"), 5): Element 'Object Repository/Order Dine In/Order/android.widget.Button - Lanjut' is present

2023-01-25 16:58:09 - [MESSAGE][PASSED] - Element 'Object Repository/Order Dine In/Order/android.widget.Button - Lanjut' is present

2023-01-25 16:58:09 - [TEST_STEP][PASSED] - tap(findTestObject("Order Dine In/Order/android.widget.Button - Lanjut"), 5): Tapped on element 'Object Repository/Order Dine In/Order/android.widget.Button - Lanjut'

2023-01-25 16:58:09 - [MESSAGE][PASSED] - Tapped on element 'Object Repository/Order Dine In/Order/android.widget.Button - Lanjut'

2023-01-25 16:58:09 - [TEST_STEP][PASSED] - delay(5, STOP_ON_FAILURE): Delayed 5 second(s)

2023-01-25 16:58:14 - [MESSAGE][PASSED] - Delayed 5 second(s)

2023-01-25 16:58:14 - [TEST_STEP][PASSED] - waitForElementPresent(findTestObject("Order Dine In/Order/android.widget.LinearLayout"), 5): Element 'Object Repository/Order Dine In/Order/android.widget.LinearLayout' is present

2023-01-25 16:58:15 - [MESSAGE][PASSED] - Element 'Object Repository/Order Dine In/Order/android.widget.LinearLayout' is present

2023-01-25 16:58:15 - [TEST_STEP][PASSED] - tap(findTestObject("Order Dine In/Order/android.widget.LinearLayout"), 5): Tapped on element 'Object Repository/Order Dine In/Order/android.widget.LinearLayout'

2023-01-25 16:58:15 - [MESSAGE][PASSED] - Tapped on element 'Object Repository/Order Dine In/Order/android.widget.LinearLayout'

2023-01-25 16:58:15 - [TEST_STEP][PASSED] - waitForElementPresent(findTestObject("Order Dine In/Order/android.widget.TextView - Pilih Menu Gratis"), 5): Element 'Object Repository/Order Dine In/Order/android.widget.TextView - Pilih Menu Gratis' is present

2023-01-25 16:58:17 - [MESSAGE][PASSED] - Element 'Object Repository/Order Dine In/Order/android.widget.TextView - Pilih Menu Gratis' is present

2023-01-25 16:58:17 - [TEST_STEP][PASSED] - tap(findTestObject("Order Dine In/Order/android.widget.TextView - Pilih Menu Gratis"), 5): Tapped on element 'Object Repository/Order Dine In/Order/android.widget.TextView - Pilih Menu Gratis'

2023-01-25 16:58:17 - [MESSAGE][PASSED] - Tapped on element 'Object Repository/Order Dine In/Order/android.widget.TextView - Pilih Menu Gratis'

2023-01-25 16:58:17 - [TEST_STEP][PASSED] - delay(5, STOP_ON_FAILURE): Delayed 5 second(s)

2023-01-25 16:58:22 - [MESSAGE][PASSED] - Delayed 5 second(s)

2023-01-25 16:58:22 - [TEST_STEP][PASSED] - waitForElementPresent(findTestObject("Order Dine In/Order/android.widget.Button - Pilih Sekarang"), 10): Element 'Object Repository/Order Dine In/Order/android.widget.Button - Pilih Sekarang' is present

2023-01-25 16:58:24 - [MESSAGE][PASSED] - Element 'Object Repository/Order Dine In/Order/android.widget.Button - Pilih Sekarang' is present

2023-01-25 16:58:24 - [TEST_STEP][PASSED] - tap(findTestObject("Order Dine In/Order/android.widget.Button - Pilih Sekarang"), 10): Tapped on element 'Object Repository/Order Dine In/Order/android.widget.Button - Pilih Sekarang'

2023-01-25 16:58:24 - [MESSAGE][PASSED] - Tapped on element 'Object Repository/Order Dine In/Order/android.widget.Button - Pilih Sekarang'

2023-01-25 16:58:24 - [TEST_STEP][PASSED] - delay(5, STOP_ON_FAILURE): Delayed 5 second(s)

2023-01-25 16:58:29 - [MESSAGE][PASSED] - Delayed 5 second(s)

2023-01-25 16:58:29 - [TEST_STEP][PASSED] - waitForElementPresent(findTestObject("Order Dine In/Order/android.widget.Button - TAMBAHKAN"), 10): Element 'Object Repository/Order Dine In/Order/android.widget.Button - TAMBAHKAN' is present

2023-01-25 16:58:29 - [MESSAGE][PASSED] - Element 'Object Repository/Order Dine In/Order/android.widget.Button - TAMBAHKAN' is present

2023-01-25 16:58:29 - [TEST_STEP][PASSED] - tap(findTestObject("Order Dine In/Order/android.widget.Button - TAMBAHKAN"), 5): Tapped on element 'Object Repository/Order Dine In/Order/android.widget.Button - TAMBAHKAN'

2023-01-25 16:58:30 - [MESSAGE][PASSED] - Tapped on element 'Object Repository/Order Dine In/Order/android.widget.Button - TAMBAHKAN'

2023-01-25 16:58:30 - [TEST_STEP][PASSED] - delay(5, STOP_ON_FAILURE): Delayed 5 second(s)

2023-01-25 16:58:35 - [MESSAGE][PASSED] - Delayed 5 second(s)

2023-01-25 16:58:35 - [TEST_STEP][PASSED] - tap(findTestObject("Order Dine In/Order/android.widget.Button - Lanjutkan"), 5): Tapped on element 'Object Repository/Order Dine In/Order/android.widget.Button - Lanjutkan'

2023-01-25 16:58:36 - [MESSAGE][PASSED] - Tapped on element 'Object Repository/Order Dine In/Order/android.widget.Button - Lanjutkan'

2023-01-25 16:58:36 - [TEST_STEP][PASSED] - delay(5, STOP_ON_FAILURE): Delayed 5 second(s)

2023-01-25 16:58:41 - [MESSAGE][PASSED] - Delayed 5 second(s)

2023-01-25 16:58:41 - [TEST_STEP][PASSED] - scrollToText("TOTAL", STOP_ON_FAILURE): Scrolling to text 'TOTAL' successfully

2023-01-25 16:58:46 - [MESSAGE][PASSED] - Scrolling to text 'TOTAL' successfully

2023-01-25 16:58:46 - [TEST_STEP][PASSED] - tap(findTestObject("Order Dine In/Payment/android.widget.TextView - Lihat Semua"), 5): Tapped on element 'Object Repository/Order Dine In/Payment/android.widget.TextView - Lihat Semua'

2023-01-25 16:58:46 - [MESSAGE][PASSED] - Tapped on element 'Object Repository/Order Dine In/Payment/android.widget.TextView - Lihat Semua'

2023-01-25 16:58:46 - [TEST_STEP][PASSED] - delay(5, STOP_ON_FAILURE): Delayed 5 second(s)

2023-01-25 16:58:51 - [MESSAGE][PASSED] - Delayed 5 second(s)

2023-01-25 16:58:51 - [TEST_STEP][PASSED] - swipe(281, 500, 434, 161): Swiped from 281,500 to 434,161

2023-01-25 16:58:52 - [MESSAGE][PASSED] - Swiped from 281,500 to 434,161

2023-01-25 16:58:52 - [TEST_STEP][PASSED] - testObjectOne = new com.kms.katalon.core.testobject.TestObject(): null

2023-01-25 16:58:52 - [TEST_STEP][PASSED] - testObjectOne.addProperty("xpath", EQUALS, "//hierarchy/android.widget.FrameLayout[1]/android.widget.LinearLayout[1]/android.widget.FrameLayout[1]/android.widget.FrameLayout[1]/android.widget.FrameLayout[1]/android.widget.FrameLayout[1]/android.view.ViewGroup[1]/android.widget.FrameLayout[1]/android.widget.ScrollView[1]/android.view.ViewGroup[1]/android.view.ViewGroup[1]/androidx.recyclerview.widget.RecyclerView[1]/android.view.ViewGroup[3]/android.widget.ImageView[1]"): null

2023-01-25 16:58:52 - [TEST_STEP][PASSED] - tap(testObjectOne, 5): Tapped on element ''

2023-01-25 16:58:53 - [MESSAGE][PASSED] - Tapped on element ''

2023-01-25 16:58:53 - [TEST_STEP][PASSED] - delay(5, STOP_ON_FAILURE): Delayed 5 second(s)

2023-01-25 16:58:58 - [MESSAGE][PASSED] - Delayed 5 second(s)

2023-01-25 16:58:58 - [TEST_STEP][PASSED] - swipe(281, 500, 434, 161): Swiped from 281,500 to 434,161

2023-01-25 16:58:59 - [MESSAGE][PASSED] - Swiped from 281,500 to 434,161

2023-01-25 16:58:59 - [TEST_STEP][PASSED] - delay(5, STOP_ON_FAILURE): Delayed 5 second(s)

2023-01-25 16:59:04 - [MESSAGE][PASSED] - Delayed 5 second(s)

2023-01-25 16:59:04 - [TEST_STEP][PASSED] - testObjectTwo = new com.kms.katalon.core.testobject.TestObject(): null

2023-01-25 16:59:04 - [TEST_STEP][PASSED] - testObjectTwo.addProperty("xpath", EQUALS, "//hierarchy/android.widget.FrameLayout[1]/android.widget.LinearLayout[1]/android.widget.FrameLayout[1]/android.widget.FrameLayout[1]/android.widget.FrameLayout[1]/android.widget.FrameLayout[1]/android.view.ViewGroup[1]/android.widget.FrameLayout[1]/android.widget.ScrollView[1]/android.view.ViewGroup[1]/android.view.ViewGroup[1]/androidx.recyclerview.widget.RecyclerView[1]/android.view.ViewGroup[4]"): null

2023-01-25 16:59:04 - [TEST_STEP][PASSED] - delay(5, STOP_ON_FAILURE): Delayed 5 second(s)

2023-01-25 16:59:09 - [MESSAGE][PASSED] - Delayed 5 second(s)

2023-01-25 16:59:09 - [TEST_STEP][PASSED] - tap(testObjectTwo, 5): Tapped on element ''

2023-01-25 16:59:09 - [MESSAGE][PASSED] - Tapped on element ''

2023-01-25 16:59:09 - [TEST_STEP][PASSED] - delay(10, STOP_ON_FAILURE): Delayed 10 second(s)

2023-01-25 16:59:19 - [MESSAGE][PASSED] - Delayed 10 second(s)

2023-01-25 16:59:19 - [TEST_STEP][PASSED] - tap(findTestObject("Order Dine In/Payment/android.widget.Button - Simpan"), 5): Tapped on element 'Object Repository/Order Dine In/Payment/android.widget.Button - Simpan'

2023-01-25 16:59:19 - [MESSAGE][PASSED] - Tapped on element 'Object Repository/Order Dine In/Payment/android.widget.Button - Simpan'

2023-01-25 16:59:19 - [TEST_STEP][PASSED] - delay(10, STOP_ON_FAILURE): Delayed 10 second(s)

2023-01-25 16:59:29 - [MESSAGE][PASSED] - Delayed 10 second(s)

2023-01-25 16:59:29 - [TEST_STEP][PASSED] - swipe(281, 500, 434, 161): Swiped from 281,500 to 434,161

2023-01-25 16:59:31 - [MESSAGE][PASSED] - Swiped from 281,500 to 434,161

2023-01-25 16:59:31 - [TEST_STEP][PASSED] - tap(findTestObject("Order Dine In/Payment/android.widget.Button - Pesan Sekarang"), 10): Tapped on element 'Object Repository/Order Dine In/Payment/android.widget.Button - Pesan Sekarang'

2023-01-25 16:59:31 - [MESSAGE][PASSED] - Tapped on element 'Object Repository/Order Dine In/Payment/android.widget.Button - Pesan Sekarang'

2023-01-25 16:59:31 - [TEST_STEP][PASSED] - delay(10, STOP_ON_FAILURE): Delayed 10 second(s)

2023-01-25 16:59:41 - [MESSAGE][PASSED] - Delayed 10 second(s)

2023-01-25 16:59:41 - [TEST_STEP][PASSED] - waitForElementPresent(findTestObject("Order Dine In/Payment/imgPayment/android.view.View"), 5): Element 'Object Repository/Order Dine In/Payment/imgPayment/android.view.View' is present

2023-01-25 16:59:41 - [MESSAGE][PASSED] - Element 'Object Repository/Order Dine In/Payment/imgPayment/android.view.View' is present

2023-01-25 16:59:41 - [TEST_STEP][PASSED] - tap(findTestObject("Order Dine In/Payment/android.view.View"), 10): Tapped on element 'Object Repository/Order Dine In/Payment/android.view.View'

2023-01-25 16:59:42 - [MESSAGE][PASSED] - Tapped on element 'Object Repository/Order Dine In/Payment/android.view.View'

2023-01-25 16:59:42 - [TEST_STEP][PASSED] - waitForElementPresent(findTestObject("Order Dine In/Payment/android.widget.TextView - Konfirmasi pembayaran Anda"), 10): Element 'Object Repository/Order Dine In/Payment/android.widget.TextView - Konfirmasi pembayaran Anda' is present

2023-01-25 16:59:43 - [MESSAGE][PASSED] - Element 'Object Repository/Order Dine In/Payment/android.widget.TextView - Konfirmasi pembayaran Anda' is present

2023-01-25 16:59:43 - [TEST_STEP][PASSED] - tap(findTestObject("Order Dine In/Payment/android.widget.ImageButton"), 10): Tapped on element 'Object Repository/Order Dine In/Payment/android.widget.ImageButton'

2023-01-25 16:59:47 - [MESSAGE][PASSED] - Tapped on element 'Object Repository/Order Dine In/Payment/android.widget.ImageButton'

2023-01-25 16:59:47 - [TEST_STEP][PASSED] - delay(10, STOP_ON_FAILURE): Delayed 10 second(s)

2023-01-25 16:59:57 - [MESSAGE][PASSED] - Delayed 10 second(s)

2023-01-25 16:59:57 - [TEST_STEP][PASSED] - closeApplication(): Close app successfully

2023-01-25 16:59:58 - [MESSAGE][PASSED] - Close app successfully]]></system-out>
         <system-err><![CDATA[]]></system-err>
      </testcase>
      <testcase name="Test Cases/Create Order/Take Away/Take Away - Gopay" time="170.873" classname="Test Cases/Create Order/Take Away/Take Away - Gopay" status="FAILED">
         <failure type="FAILED" message="Test Cases/Create Order/Take Away/Take Away - Gopay FAILED.
Reason:
com.kms.katalon.core.exception.StepFailedException: Object Object Repository/Order Dine In/Gopay/android.widget.EditText not found
	at com.kms.katalon.core.keyword.internal.KeywordMain.stepFailed(KeywordMain.groovy:50)
	at com.kms.katalon.core.mobile.keyword.internal.MobileKeywordMain.stepFailed(MobileKeywordMain.groovy:40)
	at com.kms.katalon.core.mobile.keyword.builtin.TapKeyword$_tap_closure1.doCall(TapKeyword.groovy:79)
	at com.kms.katalon.core.mobile.keyword.builtin.TapKeyword$_tap_closure1.call(TapKeyword.groovy)
	at com.kms.katalon.core.mobile.keyword.internal.MobileKeywordMain.runKeyword(MobileKeywordMain.groovy:21)
	at com.kms.katalon.core.mobile.keyword.builtin.TapKeyword.tap(TapKeyword.groovy:84)
	at com.kms.katalon.core.mobile.keyword.builtin.TapKeyword.execute(TapKeyword.groovy:68)
	at com.kms.katalon.core.keyword.internal.KeywordExecutor.executeKeywordForPlatform(KeywordExecutor.groovy:74)
	at com.kms.katalon.core.mobile.keyword.MobileBuiltInKeywords.tap(MobileBuiltInKeywords.groovy:1490)
	at com.kms.katalon.core.mobile.keyword.MobileBuiltInKeywords$tap$1.call(Unknown Source)
	at Take Away - Gopay.run(Take Away - Gopay:136)
	at com.kms.katalon.core.main.ScriptEngine.run(ScriptEngine.java:194)
	at com.kms.katalon.core.main.ScriptEngine.runScriptAsRawText(ScriptEngine.java:119)
	at com.kms.katalon.core.main.TestCaseExecutor.runScript(TestCaseExecutor.java:448)
	at com.kms.katalon.core.main.TestCaseExecutor.doExecute(TestCaseExecutor.java:439)
	at com.kms.katalon.core.main.TestCaseExecutor.processExecutionPhase(TestCaseExecutor.java:418)
	at com.kms.katalon.core.main.TestCaseExecutor.accessMainPhase(TestCaseExecutor.java:410)
	at com.kms.katalon.core.main.TestCaseExecutor.execute(TestCaseExecutor.java:285)
	at com.kms.katalon.core.common.CommonExecutor.accessTestCaseMainPhase(CommonExecutor.java:65)
	at com.kms.katalon.core.main.TestSuiteExecutor.accessTestSuiteMainPhase(TestSuiteExecutor.java:151)
	at com.kms.katalon.core.main.TestSuiteExecutor.execute(TestSuiteExecutor.java:106)
	at com.kms.katalon.core.main.TestCaseMain.startTestSuite(TestCaseMain.java:185)
	at com.kms.katalon.core.main.TestCaseMain$startTestSuite$0.call(Unknown Source)
	at TempTestSuite1674640125329.run(TempTestSuite1674640125329.groovy:36)
"/>
         <system-out><![CDATA[2023-01-25 16:59:58 - [TEST_CASE][FAILED] - Test Cases/Create Order/Take Away/Take Away - Gopay: Test Cases/Create Order/Take Away/Take Away - Gopay FAILED.
Reason:
com.kms.katalon.core.exception.StepFailedException: Object Object Repository/Order Dine In/Gopay/android.widget.EditText not found
	at com.kms.katalon.core.keyword.internal.KeywordMain.stepFailed(KeywordMain.groovy:50)
	at com.kms.katalon.core.mobile.keyword.internal.MobileKeywordMain.stepFailed(MobileKeywordMain.groovy:40)
	at com.kms.katalon.core.mobile.keyword.builtin.TapKeyword$_tap_closure1.doCall(TapKeyword.groovy:79)
	at com.kms.katalon.core.mobile.keyword.builtin.TapKeyword$_tap_closure1.call(TapKeyword.groovy)
	at com.kms.katalon.core.mobile.keyword.internal.MobileKeywordMain.runKeyword(MobileKeywordMain.groovy:21)
	at com.kms.katalon.core.mobile.keyword.builtin.TapKeyword.tap(TapKeyword.groovy:84)
	at com.kms.katalon.core.mobile.keyword.builtin.TapKeyword.execute(TapKeyword.groovy:68)
	at com.kms.katalon.core.keyword.internal.KeywordExecutor.executeKeywordForPlatform(KeywordExecutor.groovy:74)
	at com.kms.katalon.core.mobile.keyword.MobileBuiltInKeywords.tap(MobileBuiltInKeywords.groovy:1490)
	at com.kms.katalon.core.mobile.keyword.MobileBuiltInKeywords$tap$1.call(Unknown Source)
	at Take Away - Gopay.run(Take Away - Gopay:136)
	at com.kms.katalon.core.main.ScriptEngine.run(ScriptEngine.java:194)
	at com.kms.katalon.core.main.ScriptEngine.runScriptAsRawText(ScriptEngine.java:119)
	at com.kms.katalon.core.main.TestCaseExecutor.runScript(TestCaseExecutor.java:448)
	at com.kms.katalon.core.main.TestCaseExecutor.doExecute(TestCaseExecutor.java:439)
	at com.kms.katalon.core.main.TestCaseExecutor.processExecutionPhase(TestCaseExecutor.java:418)
	at com.kms.katalon.core.main.TestCaseExecutor.accessMainPhase(TestCaseExecutor.java:410)
	at com.kms.katalon.core.main.TestCaseExecutor.execute(TestCaseExecutor.java:285)
	at com.kms.katalon.core.common.CommonExecutor.accessTestCaseMainPhase(CommonExecutor.java:65)
	at com.kms.katalon.core.main.TestSuiteExecutor.accessTestSuiteMainPhase(TestSuiteExecutor.java:151)
	at com.kms.katalon.core.main.TestSuiteExecutor.execute(TestSuiteExecutor.java:106)
	at com.kms.katalon.core.main.TestCaseMain.startTestSuite(TestCaseMain.java:185)
	at com.kms.katalon.core.main.TestCaseMain$startTestSuite$0.call(Unknown Source)
	at TempTestSuite1674640125329.run(TempTestSuite1674640125329.groovy:36)


2023-01-25 16:59:59 - [TEST_STEP][PASSED] - startExistingApplication("com.kfc.mobile.hkStaging", STOP_ON_FAILURE): Starting app with application ID: 'com.kfc.mobile.hkStaging'

2023-01-25 16:59:59 - [MESSAGE][INFO] - User set preference: ['appPackage', 'com.kfc.mobile.hkStaging']

2023-01-25 16:59:59 - [MESSAGE][INFO] - User set preference: ['appActivity', 'com.kfc.mobile.presentation.home.HomeActivity']

2023-01-25 16:59:59 - [MESSAGE][INFO] - User set preference: ['noReset', 'true']

2023-01-25 16:59:59 - [MESSAGE][INFO] - User set preference: ['deviceId', '']

2023-01-25 16:59:59 - [MESSAGE][INFO] - Detected NodeJS location: "C:\Program Files\nodejs\node.exe"

2023-01-25 17:00:01 - [MESSAGE][INFO] - Appium server started on port 55,782

2023-01-25 17:00:15 - [MESSAGE][INFO] - Failed to get OS statusbar's information using default method.

2023-01-25 17:00:16 - [MESSAGE][PASSED] - Starting app with application ID: 'com.kfc.mobile.hkStaging'

2023-01-25 17:00:16 - [TEST_STEP][PASSED] - waitForElementPresent(findTestObject("Order Dine In/android.widget.TextView - Beranda"), 5): Element 'Object Repository/Order Dine In/android.widget.TextView - Beranda' is present

2023-01-25 17:00:18 - [MESSAGE][PASSED] - Element 'Object Repository/Order Dine In/android.widget.TextView - Beranda' is present

2023-01-25 17:00:18 - [TEST_STEP][PASSED] - tap(findTestObject("Object Repository/Order Dine In/android.widget.TextView - Beranda"), 5): Tapped on element 'Object Repository/Order Dine In/android.widget.TextView - Beranda'

2023-01-25 17:00:19 - [MESSAGE][PASSED] - Tapped on element 'Object Repository/Order Dine In/android.widget.TextView - Beranda'

2023-01-25 17:00:19 - [TEST_STEP][PASSED] - swipe(281, 500, 434, 161): Swiped from 281,500 to 434,161

2023-01-25 17:00:20 - [MESSAGE][PASSED] - Swiped from 281,500 to 434,161

2023-01-25 17:00:20 - [TEST_STEP][PASSED] - tap(findTestObject("Order Type/android.widget.TextView - TAKE AWAY"), 5): Tapped on element 'Object Repository/Order Type/android.widget.TextView - TAKE AWAY'

2023-01-25 17:00:21 - [MESSAGE][PASSED] - Tapped on element 'Object Repository/Order Type/android.widget.TextView - TAKE AWAY'

2023-01-25 17:00:21 - [TEST_STEP][PASSED] - tap(findTestObject("Object Repository/Order Dine In/android.widget.TextView - Cari Gerai KFC"), 5): Tapped on element 'Object Repository/Order Dine In/android.widget.TextView - Cari Gerai KFC'

2023-01-25 17:00:23 - [MESSAGE][PASSED] - Tapped on element 'Object Repository/Order Dine In/android.widget.TextView - Cari Gerai KFC'

2023-01-25 17:00:23 - [TEST_STEP][PASSED] - setText(findTestObject("Object Repository/Order Dine In/android.widget.EditText - Cari Gerai KFC"), "MT Haryono", 5): Text 'MT Haryono' has been set to element 'Object Repository/Order Dine In/android.widget.EditText - Cari Gerai KFC'

2023-01-25 17:00:27 - [MESSAGE][PASSED] - Text 'MT Haryono' has been set to element 'Object Repository/Order Dine In/android.widget.EditText - Cari Gerai KFC'

2023-01-25 17:00:27 - [TEST_STEP][PASSED] - hideKeyboard(): Keyboard is hidden

2023-01-25 17:00:30 - [MESSAGE][PASSED] - Keyboard is hidden

2023-01-25 17:00:30 - [TEST_STEP][PASSED] - waitForElementPresent(findTestObject("Object Repository/Order Dine In/android.widget.TextView - MT HARYONO JAKARTA"), 5): Object Object Repository/Order Dine In/android.widget.TextView - MT HARYONO JAKARTA not found

2023-01-25 17:00:35 - [MESSAGE][WARNING] - Object Object Repository/Order Dine In/android.widget.TextView - MT HARYONO JAKARTA not found

2023-01-25 17:00:35 - [TEST_STEP][PASSED] - tap(findTestObject("Order Dine In/Order/android.widget.Button - Pilih Gerai"), 5): Tapped on element 'Object Repository/Order Dine In/Order/android.widget.Button - Pilih Gerai'

2023-01-25 17:00:35 - [MESSAGE][PASSED] - Tapped on element 'Object Repository/Order Dine In/Order/android.widget.Button - Pilih Gerai'

2023-01-25 17:00:35 - [TEST_STEP][PASSED] - delay(5, STOP_ON_FAILURE): Delayed 5 second(s)

2023-01-25 17:00:40 - [MESSAGE][PASSED] - Delayed 5 second(s)

2023-01-25 17:00:40 - [TEST_STEP][PASSED] - tap(findTestObject("Order Dine In/android.widget.FrameLayout"), 5): Tapped on element 'Object Repository/Order Dine In/android.widget.FrameLayout'

2023-01-25 17:00:41 - [MESSAGE][PASSED] - Tapped on element 'Object Repository/Order Dine In/android.widget.FrameLayout'

2023-01-25 17:00:41 - [TEST_STEP][PASSED] - delay(5, STOP_ON_FAILURE): Delayed 5 second(s)

2023-01-25 17:00:46 - [MESSAGE][PASSED] - Delayed 5 second(s)

2023-01-25 17:00:46 - [TEST_STEP][PASSED] - pressBack(): Press back button successfully

2023-01-25 17:00:47 - [MESSAGE][PASSED] - Press back button successfully

2023-01-25 17:00:47 - [TEST_STEP][PASSED] - waitForElementPresent(findTestObject("Order Dine In/android.widget.Button - Add"), 5): Element 'Object Repository/Order Dine In/android.widget.Button - Add' is present

2023-01-25 17:00:48 - [MESSAGE][PASSED] - Element 'Object Repository/Order Dine In/android.widget.Button - Add' is present

2023-01-25 17:00:48 - [TEST_STEP][PASSED] - tap(findTestObject("Order Dine In/android.widget.Button - Add"), 5): Tapped on element 'Object Repository/Order Dine In/android.widget.Button - Add'

2023-01-25 17:00:48 - [MESSAGE][PASSED] - Tapped on element 'Object Repository/Order Dine In/android.widget.Button - Add'

2023-01-25 17:00:48 - [TEST_STEP][PASSED] - delay(5, STOP_ON_FAILURE): Delayed 5 second(s)

2023-01-25 17:00:53 - [MESSAGE][PASSED] - Delayed 5 second(s)

2023-01-25 17:00:53 - [TEST_STEP][PASSED] - waitForElementPresent(findTestObject("Order Dine In/Order/android.widget.Button - Lanjut"), 5): Element 'Object Repository/Order Dine In/Order/android.widget.Button - Lanjut' is present

2023-01-25 17:00:54 - [MESSAGE][PASSED] - Element 'Object Repository/Order Dine In/Order/android.widget.Button - Lanjut' is present

2023-01-25 17:00:54 - [TEST_STEP][PASSED] - tap(findTestObject("Order Dine In/Order/android.widget.Button - Lanjut"), 5): Tapped on element 'Object Repository/Order Dine In/Order/android.widget.Button - Lanjut'

2023-01-25 17:00:54 - [MESSAGE][PASSED] - Tapped on element 'Object Repository/Order Dine In/Order/android.widget.Button - Lanjut'

2023-01-25 17:00:54 - [TEST_STEP][PASSED] - delay(5, STOP_ON_FAILURE): Delayed 5 second(s)

2023-01-25 17:00:59 - [MESSAGE][PASSED] - Delayed 5 second(s)

2023-01-25 17:00:59 - [TEST_STEP][PASSED] - waitForElementPresent(findTestObject("Order Dine In/Order/android.widget.LinearLayout"), 5): Element 'Object Repository/Order Dine In/Order/android.widget.LinearLayout' is present

2023-01-25 17:00:59 - [MESSAGE][PASSED] - Element 'Object Repository/Order Dine In/Order/android.widget.LinearLayout' is present

2023-01-25 17:00:59 - [TEST_STEP][PASSED] - tap(findTestObject("Order Dine In/Order/android.widget.LinearLayout"), 5): Tapped on element 'Object Repository/Order Dine In/Order/android.widget.LinearLayout'

2023-01-25 17:00:59 - [MESSAGE][PASSED] - Tapped on element 'Object Repository/Order Dine In/Order/android.widget.LinearLayout'

2023-01-25 17:00:59 - [TEST_STEP][PASSED] - delay(5, STOP_ON_FAILURE): Delayed 5 second(s)

2023-01-25 17:01:04 - [MESSAGE][PASSED] - Delayed 5 second(s)

2023-01-25 17:01:04 - [TEST_STEP][PASSED] - waitForElementPresent(findTestObject("Order Dine In/Order/android.widget.TextView - Pilih Menu Gratis"), 5): Element 'Object Repository/Order Dine In/Order/android.widget.TextView - Pilih Menu Gratis' is present

2023-01-25 17:01:05 - [MESSAGE][PASSED] - Element 'Object Repository/Order Dine In/Order/android.widget.TextView - Pilih Menu Gratis' is present

2023-01-25 17:01:05 - [TEST_STEP][PASSED] - tap(findTestObject("Order Dine In/Order/android.widget.TextView - Pilih Menu Gratis"), 5): Tapped on element 'Object Repository/Order Dine In/Order/android.widget.TextView - Pilih Menu Gratis'

2023-01-25 17:01:05 - [MESSAGE][PASSED] - Tapped on element 'Object Repository/Order Dine In/Order/android.widget.TextView - Pilih Menu Gratis'

2023-01-25 17:01:05 - [TEST_STEP][PASSED] - delay(5, STOP_ON_FAILURE): Delayed 5 second(s)

2023-01-25 17:01:10 - [MESSAGE][PASSED] - Delayed 5 second(s)

2023-01-25 17:01:10 - [TEST_STEP][PASSED] - waitForElementPresent(findTestObject("Order Dine In/Order/android.widget.Button - Pilih Sekarang"), 10): Element 'Object Repository/Order Dine In/Order/android.widget.Button - Pilih Sekarang' is present

2023-01-25 17:01:11 - [MESSAGE][PASSED] - Element 'Object Repository/Order Dine In/Order/android.widget.Button - Pilih Sekarang' is present

2023-01-25 17:01:11 - [TEST_STEP][PASSED] - tap(findTestObject("Order Dine In/Order/android.widget.Button - Pilih Sekarang"), 10): Tapped on element 'Object Repository/Order Dine In/Order/android.widget.Button - Pilih Sekarang'

2023-01-25 17:01:11 - [MESSAGE][PASSED] - Tapped on element 'Object Repository/Order Dine In/Order/android.widget.Button - Pilih Sekarang'

2023-01-25 17:01:11 - [TEST_STEP][PASSED] - delay(5, STOP_ON_FAILURE): Delayed 5 second(s)

2023-01-25 17:01:16 - [MESSAGE][PASSED] - Delayed 5 second(s)

2023-01-25 17:01:16 - [TEST_STEP][PASSED] - waitForElementPresent(findTestObject("Order Dine In/Order/android.widget.Button - TAMBAHKAN"), 10): Element 'Object Repository/Order Dine In/Order/android.widget.Button - TAMBAHKAN' is present

2023-01-25 17:01:17 - [MESSAGE][PASSED] - Element 'Object Repository/Order Dine In/Order/android.widget.Button - TAMBAHKAN' is present

2023-01-25 17:01:17 - [TEST_STEP][PASSED] - tap(findTestObject("Order Dine In/Order/android.widget.Button - TAMBAHKAN"), 5): Tapped on element 'Object Repository/Order Dine In/Order/android.widget.Button - TAMBAHKAN'

2023-01-25 17:01:18 - [MESSAGE][PASSED] - Tapped on element 'Object Repository/Order Dine In/Order/android.widget.Button - TAMBAHKAN'

2023-01-25 17:01:18 - [TEST_STEP][PASSED] - delay(5, STOP_ON_FAILURE): Delayed 5 second(s)

2023-01-25 17:01:23 - [MESSAGE][PASSED] - Delayed 5 second(s)

2023-01-25 17:01:23 - [TEST_STEP][PASSED] - tap(findTestObject("Order Dine In/Order/android.widget.Button - Lanjutkan"), 5): Tapped on element 'Object Repository/Order Dine In/Order/android.widget.Button - Lanjutkan'

2023-01-25 17:01:23 - [MESSAGE][PASSED] - Tapped on element 'Object Repository/Order Dine In/Order/android.widget.Button - Lanjutkan'

2023-01-25 17:01:23 - [TEST_STEP][PASSED] - delay(5, STOP_ON_FAILURE): Delayed 5 second(s)

2023-01-25 17:01:28 - [MESSAGE][PASSED] - Delayed 5 second(s)

2023-01-25 17:01:28 - [TEST_STEP][PASSED] - scrollToText("TOTAL", STOP_ON_FAILURE): Scrolling to text 'TOTAL' successfully

2023-01-25 17:01:34 - [MESSAGE][PASSED] - Scrolling to text 'TOTAL' successfully

2023-01-25 17:01:34 - [TEST_STEP][PASSED] - tap(findTestObject("Order Dine In/Payment/android.widget.TextView - Lihat Semua"), 5): Tapped on element 'Object Repository/Order Dine In/Payment/android.widget.TextView - Lihat Semua'

2023-01-25 17:01:34 - [MESSAGE][PASSED] - Tapped on element 'Object Repository/Order Dine In/Payment/android.widget.TextView - Lihat Semua'

2023-01-25 17:01:34 - [TEST_STEP][PASSED] - delay(5, STOP_ON_FAILURE): Delayed 5 second(s)

2023-01-25 17:01:39 - [MESSAGE][PASSED] - Delayed 5 second(s)

2023-01-25 17:01:39 - [TEST_STEP][PASSED] - swipe(281, 500, 434, 161): Swiped from 281,500 to 434,161

2023-01-25 17:01:40 - [MESSAGE][PASSED] - Swiped from 281,500 to 434,161

2023-01-25 17:01:40 - [TEST_STEP][PASSED] - testObjectOne = new com.kms.katalon.core.testobject.TestObject(): null

2023-01-25 17:01:40 - [TEST_STEP][PASSED] - testObjectOne.addProperty("xpath", EQUALS, "//hierarchy/android.widget.FrameLayout[1]/android.widget.LinearLayout[1]/android.widget.FrameLayout[1]/android.widget.FrameLayout[1]/android.widget.FrameLayout[1]/android.widget.FrameLayout[1]/android.view.ViewGroup[1]/android.widget.FrameLayout[1]/android.widget.ScrollView[1]/android.view.ViewGroup[1]/android.view.ViewGroup[1]/androidx.recyclerview.widget.RecyclerView[1]/android.view.ViewGroup[3]/android.widget.ImageView[1]"): null

2023-01-25 17:01:40 - [TEST_STEP][PASSED] - tap(testObjectOne, 5): Tapped on element ''

2023-01-25 17:01:40 - [MESSAGE][PASSED] - Tapped on element ''

2023-01-25 17:01:40 - [TEST_STEP][PASSED] - delay(5, STOP_ON_FAILURE): Delayed 5 second(s)

2023-01-25 17:01:45 - [MESSAGE][PASSED] - Delayed 5 second(s)

2023-01-25 17:01:45 - [TEST_STEP][PASSED] - swipe(281, 500, 434, 161): Swiped from 281,500 to 434,161

2023-01-25 17:01:46 - [MESSAGE][PASSED] - Swiped from 281,500 to 434,161

2023-01-25 17:01:47 - [TEST_STEP][PASSED] - delay(5, STOP_ON_FAILURE): Delayed 5 second(s)

2023-01-25 17:01:52 - [MESSAGE][PASSED] - Delayed 5 second(s)

2023-01-25 17:01:52 - [TEST_STEP][PASSED] - testObjectTwo = new com.kms.katalon.core.testobject.TestObject(): null

2023-01-25 17:01:52 - [TEST_STEP][PASSED] - testObjectTwo.addProperty("xpath", EQUALS, "//hierarchy/android.widget.FrameLayout[1]/android.widget.LinearLayout[1]/android.widget.FrameLayout[1]/android.widget.FrameLayout[1]/android.widget.FrameLayout[1]/android.widget.FrameLayout[1]/android.view.ViewGroup[1]/android.widget.FrameLayout[1]/android.widget.ScrollView[1]/android.view.ViewGroup[1]/android.view.ViewGroup[1]/androidx.recyclerview.widget.RecyclerView[1]/android.view.ViewGroup[3]"): null

2023-01-25 17:01:52 - [TEST_STEP][PASSED] - delay(5, STOP_ON_FAILURE): Delayed 5 second(s)

2023-01-25 17:01:57 - [MESSAGE][PASSED] - Delayed 5 second(s)

2023-01-25 17:01:57 - [TEST_STEP][PASSED] - tap(testObjectTwo, 5): Tapped on element ''

2023-01-25 17:01:57 - [MESSAGE][PASSED] - Tapped on element ''

2023-01-25 17:01:57 - [TEST_STEP][PASSED] - delay(10, STOP_ON_FAILURE): Delayed 10 second(s)

2023-01-25 17:02:07 - [MESSAGE][PASSED] - Delayed 10 second(s)

2023-01-25 17:02:07 - [TEST_STEP][PASSED] - tap(findTestObject("Order Dine In/Payment/android.widget.Button - Simpan"), 5): Tapped on element 'Object Repository/Order Dine In/Payment/android.widget.Button - Simpan'

2023-01-25 17:02:07 - [MESSAGE][PASSED] - Tapped on element 'Object Repository/Order Dine In/Payment/android.widget.Button - Simpan'

2023-01-25 17:02:07 - [TEST_STEP][PASSED] - delay(10, STOP_ON_FAILURE): Delayed 10 second(s)

2023-01-25 17:02:17 - [MESSAGE][PASSED] - Delayed 10 second(s)

2023-01-25 17:02:17 - [TEST_STEP][PASSED] - tap(findTestObject("Order Dine In/Payment/android.widget.Button - Pesan Sekarang"), 10): Tapped on element 'Object Repository/Order Dine In/Payment/android.widget.Button - Pesan Sekarang'

2023-01-25 17:02:18 - [MESSAGE][PASSED] - Tapped on element 'Object Repository/Order Dine In/Payment/android.widget.Button - Pesan Sekarang'

2023-01-25 17:02:18 - [TEST_STEP][PASSED] - delay(10, STOP_ON_FAILURE): Delayed 10 second(s)

2023-01-25 17:02:28 - [MESSAGE][PASSED] - Delayed 10 second(s)

2023-01-25 17:02:28 - [TEST_STEP][PASSED] - waitForElementPresent(findTestObject("Order Dine In/Gopay/android.widget.TextView - GoPay - Web"), 10): Object Object Repository/Order Dine In/Gopay/android.widget.TextView - GoPay - Web not found

2023-01-25 17:02:39 - [MESSAGE][WARNING] - Object Object Repository/Order Dine In/Gopay/android.widget.TextView - GoPay - Web not found

2023-01-25 17:02:39 - [TEST_STEP][FAILED] - tap(findTestObject("Order Dine In/Gopay/android.widget.EditText"), 10): Failed to tap on element 'Object Repository/Order Dine In/Gopay/android.widget.EditText' (Root cause: com.kms.katalon.core.exception.StepFailedException: Object Object Repository/Order Dine In/Gopay/android.widget.EditText not found
	at com.kms.katalon.core.keyword.internal.KeywordMain.stepFailed(KeywordMain.groovy:50)
	at com.kms.katalon.core.mobile.keyword.internal.MobileKeywordMain.stepFailed(MobileKeywordMain.groovy:40)
	at com.kms.katalon.core.mobile.keyword.builtin.TapKeyword$_tap_closure1.doCall(TapKeyword.groovy:79)
	at com.kms.katalon.core.mobile.keyword.builtin.TapKeyword$_tap_closure1.call(TapKeyword.groovy)
	at com.kms.katalon.core.mobile.keyword.internal.MobileKeywordMain.runKeyword(MobileKeywordMain.groovy:21)
	at com.kms.katalon.core.mobile.keyword.builtin.TapKeyword.tap(TapKeyword.groovy:84)
	at com.kms.katalon.core.mobile.keyword.builtin.TapKeyword.execute(TapKeyword.groovy:68)
	at com.kms.katalon.core.keyword.internal.KeywordExecutor.executeKeywordForPlatform(KeywordExecutor.groovy:74)
	at com.kms.katalon.core.mobile.keyword.MobileBuiltInKeywords.tap(MobileBuiltInKeywords.groovy:1490)
	at com.kms.katalon.core.mobile.keyword.MobileBuiltInKeywords$tap$1.call(Unknown Source)
	at Take Away - Gopay.run(Take Away - Gopay:136)
	at com.kms.katalon.core.main.ScriptEngine.run(ScriptEngine.java:194)
	at com.kms.katalon.core.main.ScriptEngine.runScriptAsRawText(ScriptEngine.java:119)
	at com.kms.katalon.core.main.TestCaseExecutor.runScript(TestCaseExecutor.java:448)
	at com.kms.katalon.core.main.TestCaseExecutor.doExecute(TestCaseExecutor.java:439)
	at com.kms.katalon.core.main.TestCaseExecutor.processExecutionPhase(TestCaseExecutor.java:418)
	at com.kms.katalon.core.main.TestCaseExecutor.accessMainPhase(TestCaseExecutor.java:410)
	at com.kms.katalon.core.main.TestCaseExecutor.execute(TestCaseExecutor.java:285)
	at com.kms.katalon.core.common.CommonExecutor.accessTestCaseMainPhase(CommonExecutor.java:65)
	at com.kms.katalon.core.main.TestSuiteExecutor.accessTestSuiteMainPhase(TestSuiteExecutor.java:151)
	at com.kms.katalon.core.main.TestSuiteExecutor.execute(TestSuiteExecutor.java:106)
	at com.kms.katalon.core.main.TestCaseMain.startTestSuite(TestCaseMain.java:185)
	at com.kms.katalon.core.main.TestCaseMain$startTestSuite$0.call(Unknown Source)
	at TempTestSuite1674640125329.run(TempTestSuite1674640125329.groovy:36)
)

2023-01-25 17:02:49 - [MESSAGE][FAILED] - Object Object Repository/Order Dine In/Gopay/android.widget.EditText not found

2023-01-25 17:02:49 - [MESSAGE][FAILED] - Failed to tap on element 'Object Repository/Order Dine In/Gopay/android.widget.EditText' (Root cause: com.kms.katalon.core.exception.StepFailedException: Object Object Repository/Order Dine In/Gopay/android.widget.EditText not found
	at com.kms.katalon.core.keyword.internal.KeywordMain.stepFailed(KeywordMain.groovy:50)
	at com.kms.katalon.core.mobile.keyword.internal.MobileKeywordMain.stepFailed(MobileKeywordMain.groovy:40)
	at com.kms.katalon.core.mobile.keyword.builtin.TapKeyword$_tap_closure1.doCall(TapKeyword.groovy:79)
	at com.kms.katalon.core.mobile.keyword.builtin.TapKeyword$_tap_closure1.call(TapKeyword.groovy)
	at com.kms.katalon.core.mobile.keyword.internal.MobileKeywordMain.runKeyword(MobileKeywordMain.groovy:21)
	at com.kms.katalon.core.mobile.keyword.builtin.TapKeyword.tap(TapKeyword.groovy:84)
	at com.kms.katalon.core.mobile.keyword.builtin.TapKeyword.execute(TapKeyword.groovy:68)
	at com.kms.katalon.core.keyword.internal.KeywordExecutor.executeKeywordForPlatform(KeywordExecutor.groovy:74)
	at com.kms.katalon.core.mobile.keyword.MobileBuiltInKeywords.tap(MobileBuiltInKeywords.groovy:1490)
	at com.kms.katalon.core.mobile.keyword.MobileBuiltInKeywords$tap$1.call(Unknown Source)
	at Take Away - Gopay.run(Take Away - Gopay:136)
	at com.kms.katalon.core.main.ScriptEngine.run(ScriptEngine.java:194)
	at com.kms.katalon.core.main.ScriptEngine.runScriptAsRawText(ScriptEngine.java:119)
	at com.kms.katalon.core.main.TestCaseExecutor.runScript(TestCaseExecutor.java:448)
	at com.kms.katalon.core.main.TestCaseExecutor.doExecute(TestCaseExecutor.java:439)
	at com.kms.katalon.core.main.TestCaseExecutor.processExecutionPhase(TestCaseExecutor.java:418)
	at com.kms.katalon.core.main.TestCaseExecutor.accessMainPhase(TestCaseExecutor.java:410)
	at com.kms.katalon.core.main.TestCaseExecutor.execute(TestCaseExecutor.java:285)
	at com.kms.katalon.core.common.CommonExecutor.accessTestCaseMainPhase(CommonExecutor.java:65)
	at com.kms.katalon.core.main.TestSuiteExecutor.accessTestSuiteMainPhase(TestSuiteExecutor.java:151)
	at com.kms.katalon.core.main.TestSuiteExecutor.execute(TestSuiteExecutor.java:106)
	at com.kms.katalon.core.main.TestCaseMain.startTestSuite(TestCaseMain.java:185)
	at com.kms.katalon.core.main.TestCaseMain$startTestSuite$0.call(Unknown Source)
	at TempTestSuite1674640125329.run(TempTestSuite1674640125329.groovy:36)
)
[[ATTACHMENT|C:\\Users\\Ahadian Rifky\\Downloads\\Katalon_Studio_Windows_64-8.5.5\\Katalon_Studio_Windows_64-8.5.5\\git.github.com\\maycheljecsan\\kfckuapps_katalon.git\\kfcku_android\\Reports\\20230125_164845\\Create Order\\Create Order\\20230125_164845\\1674640969262.png]]]]></system-out>
         <system-err><![CDATA[2023-01-25 16:59:58 - [TEST_CASE][FAILED] - Test Cases/Create Order/Take Away/Take Away - Gopay: Test Cases/Create Order/Take Away/Take Away - Gopay FAILED.
Reason:
com.kms.katalon.core.exception.StepFailedException: Object Object Repository/Order Dine In/Gopay/android.widget.EditText not found
	at com.kms.katalon.core.keyword.internal.KeywordMain.stepFailed(KeywordMain.groovy:50)
	at com.kms.katalon.core.mobile.keyword.internal.MobileKeywordMain.stepFailed(MobileKeywordMain.groovy:40)
	at com.kms.katalon.core.mobile.keyword.builtin.TapKeyword$_tap_closure1.doCall(TapKeyword.groovy:79)
	at com.kms.katalon.core.mobile.keyword.builtin.TapKeyword$_tap_closure1.call(TapKeyword.groovy)
	at com.kms.katalon.core.mobile.keyword.internal.MobileKeywordMain.runKeyword(MobileKeywordMain.groovy:21)
	at com.kms.katalon.core.mobile.keyword.builtin.TapKeyword.tap(TapKeyword.groovy:84)
	at com.kms.katalon.core.mobile.keyword.builtin.TapKeyword.execute(TapKeyword.groovy:68)
	at com.kms.katalon.core.keyword.internal.KeywordExecutor.executeKeywordForPlatform(KeywordExecutor.groovy:74)
	at com.kms.katalon.core.mobile.keyword.MobileBuiltInKeywords.tap(MobileBuiltInKeywords.groovy:1490)
	at com.kms.katalon.core.mobile.keyword.MobileBuiltInKeywords$tap$1.call(Unknown Source)
	at Take Away - Gopay.run(Take Away - Gopay:136)
	at com.kms.katalon.core.main.ScriptEngine.run(ScriptEngine.java:194)
	at com.kms.katalon.core.main.ScriptEngine.runScriptAsRawText(ScriptEngine.java:119)
	at com.kms.katalon.core.main.TestCaseExecutor.runScript(TestCaseExecutor.java:448)
	at com.kms.katalon.core.main.TestCaseExecutor.doExecute(TestCaseExecutor.java:439)
	at com.kms.katalon.core.main.TestCaseExecutor.processExecutionPhase(TestCaseExecutor.java:418)
	at com.kms.katalon.core.main.TestCaseExecutor.accessMainPhase(TestCaseExecutor.java:410)
	at com.kms.katalon.core.main.TestCaseExecutor.execute(TestCaseExecutor.java:285)
	at com.kms.katalon.core.common.CommonExecutor.accessTestCaseMainPhase(CommonExecutor.java:65)
	at com.kms.katalon.core.main.TestSuiteExecutor.accessTestSuiteMainPhase(TestSuiteExecutor.java:151)
	at com.kms.katalon.core.main.TestSuiteExecutor.execute(TestSuiteExecutor.java:106)
	at com.kms.katalon.core.main.TestCaseMain.startTestSuite(TestCaseMain.java:185)
	at com.kms.katalon.core.main.TestCaseMain$startTestSuite$0.call(Unknown Source)
	at TempTestSuite1674640125329.run(TempTestSuite1674640125329.groovy:36)]]></system-err>
      </testcase>
      <system-out><![CDATA[2023-01-25 16:48:48 - [TEST_SUITE][ERROR] - Create Order: Test Cases/Create Order/Drive Thru/Drive Thru - Dana FAILED.
Reason:
groovy.lang.MissingPropertyException: No such property: ConditionType for class: Script1674630252472
	at Drive Thru - Dana.run(Drive Thru - Dana:132)
	at com.kms.katalon.core.main.ScriptEngine.run(ScriptEngine.java:194)
	at com.kms.katalon.core.main.ScriptEngine.runScriptAsRawText(ScriptEngine.java:119)
	at com.kms.katalon.core.main.TestCaseExecutor.runScript(TestCaseExecutor.java:448)
	at com.kms.katalon.core.main.TestCaseExecutor.doExecute(TestCaseExecutor.java:439)
	at com.kms.katalon.core.main.TestCaseExecutor.processExecutionPhase(TestCaseExecutor.java:418)
	at com.kms.katalon.core.main.TestCaseExecutor.accessMainPhase(TestCaseExecutor.java:410)
	at com.kms.katalon.core.main.TestCaseExecutor.execute(TestCaseExecutor.java:285)
	at com.kms.katalon.core.common.CommonExecutor.accessTestCaseMainPhase(CommonExecutor.java:65)
	at com.kms.katalon.core.main.TestSuiteExecutor.accessTestSuiteMainPhase(TestSuiteExecutor.java:151)
	at com.kms.katalon.core.main.TestSuiteExecutor.execute(TestSuiteExecutor.java:106)
	at com.kms.katalon.core.main.TestCaseMain.startTestSuite(TestCaseMain.java:185)
	at com.kms.katalon.core.main.TestCaseMain$startTestSuite$0.call(Unknown Source)
	at TempTestSuite1674640125329.run(TempTestSuite1674640125329.groovy:36)]]></system-out>
      <system-err><![CDATA[2023-01-25 16:48:48 - [TEST_SUITE][ERROR] - Create Order: Test Cases/Create Order/Drive Thru/Drive Thru - Dana FAILED.
Reason:
groovy.lang.MissingPropertyException: No such property: ConditionType for class: Script1674630252472
	at Drive Thru - Dana.run(Drive Thru - Dana:132)
	at com.kms.katalon.core.main.ScriptEngine.run(ScriptEngine.java:194)
	at com.kms.katalon.core.main.ScriptEngine.runScriptAsRawText(ScriptEngine.java:119)
	at com.kms.katalon.core.main.TestCaseExecutor.runScript(TestCaseExecutor.java:448)
	at com.kms.katalon.core.main.TestCaseExecutor.doExecute(TestCaseExecutor.java:439)
	at com.kms.katalon.core.main.TestCaseExecutor.processExecutionPhase(TestCaseExecutor.java:418)
	at com.kms.katalon.core.main.TestCaseExecutor.accessMainPhase(TestCaseExecutor.java:410)
	at com.kms.katalon.core.main.TestCaseExecutor.execute(TestCaseExecutor.java:285)
	at com.kms.katalon.core.common.CommonExecutor.accessTestCaseMainPhase(CommonExecutor.java:65)
	at com.kms.katalon.core.main.TestSuiteExecutor.accessTestSuiteMainPhase(TestSuiteExecutor.java:151)
	at com.kms.katalon.core.main.TestSuiteExecutor.execute(TestSuiteExecutor.java:106)
	at com.kms.katalon.core.main.TestCaseMain.startTestSuite(TestCaseMain.java:185)
	at com.kms.katalon.core.main.TestCaseMain$startTestSuite$0.call(Unknown Source)
	at TempTestSuite1674640125329.run(TempTestSuite1674640125329.groovy:36)]]></system-err>
   </testsuite>
</testsuites>
