<?xml version="1.0" encoding="UTF-8"?>
<testsuites name="Login" time="224.869" tests="5" failures="4" errors="0">
   <testsuite name="Login" tests="5" failures="4" errors="0" time="224.869" skipped="0" timestamp="2023-02-17 13:45:38" hostname="Ahadian Rifky - NKC-23" id="Test Suites/Auth/Login">
      <properties>
         <property name="deviceName" value="emulator-5554 (sdk_gphone64_x86_64 - Android 12)"/>
         <property name="devicePlatform" value=""/>
         <property name="logFolder" value="C:\\Users\\Ahadian Rifky\\Downloads\\Katalon_Studio_Windows_64-8.5.5\\Katalon_Studio_Windows_64-8.5.5\\git.github.com\\maycheljecsan\\kfckuapps_katalon.git\\kfcku_android\\Reports\\20230217_134523\\Auth\\Login\\20230217_134523"/>
         <property name="logFiles" value="C:\\Users\\Ahadian Rifky\\Downloads\\Katalon_Studio_Windows_64-8.5.5\\Katalon_Studio_Windows_64-8.5.5\\git.github.com\\maycheljecsan\\kfckuapps_katalon.git\\kfcku_android\\Reports\\20230217_134523\\Auth\\Login\\20230217_134523\\appium.log, C:\\Users\\Ahadian Rifky\\Downloads\\Katalon_Studio_Windows_64-8.5.5\\Katalon_Studio_Windows_64-8.5.5\\git.github.com\\maycheljecsan\\kfckuapps_katalon.git\\kfcku_android\\Reports\\20230217_134523\\Auth\\Login\\20230217_134523\\execution0.log"/>
         <property name="attachments" value="C:\\Users\\Ahadian Rifky\\Downloads\\Katalon_Studio_Windows_64-8.5.5\\Katalon_Studio_Windows_64-8.5.5\\git.github.com\\maycheljecsan\\kfckuapps_katalon.git\\kfcku_android\\Reports\\20230217_134523\\Auth\\Login\\20230217_134523\\1676616450244.png, C:\\Users\\Ahadian Rifky\\Downloads\\Katalon_Studio_Windows_64-8.5.5\\Katalon_Studio_Windows_64-8.5.5\\git.github.com\\maycheljecsan\\kfckuapps_katalon.git\\kfcku_android\\Reports\\20230217_134523\\Auth\\Login\\20230217_134523\\1676616490477.png, C:\\Users\\Ahadian Rifky\\Downloads\\Katalon_Studio_Windows_64-8.5.5\\Katalon_Studio_Windows_64-8.5.5\\git.github.com\\maycheljecsan\\kfckuapps_katalon.git\\kfcku_android\\Reports\\20230217_134523\\Auth\\Login\\20230217_134523\\1676616561950.png"/>
         <property name="hostName" value="Ahadian Rifky - NKC-23"/>
         <property name="os" value="Windows 10 64bit"/>
         <property name="appiumServerStatus" value="{&quot;value&quot;:{&quot;build&quot;:{&quot;version&quot;:&quot;1.22.3&quot;}},&quot;sessionId&quot;:null,&quot;status&quot;:0}"/>
         <property name="katalonVersion" value="8.5.5.208"/>
         <property name="deviceOS" value="Android"/>
         <property name="appiumVersion" value="1.22.3"/>
         <property name="deviceModel" value="sdk_gphone64_x86_64"/>
         <property name="hostAddress" value="172.10.9.156"/>
         <property name="deviceManufacturer" value="Google"/>
         <property name="deviceId" value="emulator-5554"/>
         <property name="deviceName" value="emulator-5554 (sdk_gphone64_x86_64 - Android 12)"/>
         <property name="deviceOSVersion" value="12"/>
      </properties>
      <testcase name="Test Cases/Login KFCKU Apps/Login Failed - Empty Phone Number and Password" time="71.661" classname="Test Cases/Login KFCKU Apps/Login Failed - Empty Phone Number and Password" status="PASSED">
         <system-out><![CDATA[2023-02-17 13:45:38 - [TEST_CASE][PASSED] - Test Cases/Login KFCKU Apps/Login Failed - Empty Phone Number and Password: Test Cases/Login KFCKU Apps/Login Failed - Empty Phone Number and Password

2023-02-17 13:45:39 - [TEST_STEP][PASSED] - startExistingApplication("com.kfc.mobile.hkStaging", STOP_ON_FAILURE): Starting app with application ID: 'com.kfc.mobile.hkStaging'

2023-02-17 13:45:39 - [MESSAGE][INFO] - User set preference: ['appPackage', 'com.kfc.mobile.hkStaging']

2023-02-17 13:45:39 - [MESSAGE][INFO] - User set preference: ['appActivity', 'com.kfc.mobile.presentation.splash.SplashActivity']

2023-02-17 13:45:39 - [MESSAGE][INFO] - User set preference: ['noReset', 'true']

2023-02-17 13:45:39 - [MESSAGE][INFO] - User set preference: ['deviceId', '']

2023-02-17 13:45:40 - [MESSAGE][INFO] - Detected NodeJS location: "C:\Program Files\nodejs\node.exe"

2023-02-17 13:45:43 - [MESSAGE][INFO] - Appium server started on port 49,468

2023-02-17 13:46:22 - [MESSAGE][PASSED] - Starting app with application ID: 'com.kfc.mobile.hkStaging'

2023-02-17 13:46:22 - [TEST_STEP][PASSED] - delay(5, STOP_ON_FAILURE): Delayed 5 second(s)

2023-02-17 13:46:27 - [MESSAGE][PASSED] - Delayed 5 second(s)

2023-02-17 13:46:27 - [TEST_STEP][PASSED] - tap(findTestObject("Profile/android.widget.TextView - Profil"), 5): Tapped on element 'Object Repository/Profile/android.widget.TextView - Profil'

2023-02-17 13:46:30 - [MESSAGE][PASSED] - Tapped on element 'Object Repository/Profile/android.widget.TextView - Profil'

2023-02-17 13:46:30 - [TEST_STEP][PASSED] - setText(findTestObject("Login/android.widget.EditText - Masukkan nomor handphone Anda"), "", 0): Text '' has been set to element 'Object Repository/Login/android.widget.EditText - Masukkan nomor handphone Anda'

2023-02-17 13:46:31 - [MESSAGE][WARNING] - Timeout '0' is invalid. Using default page load timeout: '30'

2023-02-17 13:46:34 - [MESSAGE][PASSED] - Text '' has been set to element 'Object Repository/Login/android.widget.EditText - Masukkan nomor handphone Anda'

2023-02-17 13:46:34 - [TEST_STEP][PASSED] - hideKeyboard(): Keyboard is hidden

2023-02-17 13:46:36 - [MESSAGE][PASSED] - Keyboard is hidden

2023-02-17 13:46:36 - [TEST_STEP][PASSED] - setText(findTestObject("Login/android.widget.EditText - Ketik kata sandi Anda"), "", 0): Text '' has been set to element 'Object Repository/Login/android.widget.EditText - Ketik kata sandi Anda'

2023-02-17 13:46:36 - [MESSAGE][WARNING] - Timeout '0' is invalid. Using default page load timeout: '30'

2023-02-17 13:46:37 - [MESSAGE][PASSED] - Text '' has been set to element 'Object Repository/Login/android.widget.EditText - Ketik kata sandi Anda'

2023-02-17 13:46:37 - [TEST_STEP][PASSED] - hideKeyboard(): Keyboard is hidden

2023-02-17 13:46:38 - [MESSAGE][PASSED] - Keyboard is hidden

2023-02-17 13:46:38 - [TEST_STEP][PASSED] - tap(findTestObject("Login/android.widget.Button - Masuk"), 0): Tapped on element 'Object Repository/Login/android.widget.Button - Masuk'

2023-02-17 13:46:38 - [MESSAGE][WARNING] - Timeout '0' is invalid. Using default page load timeout: '30'

2023-02-17 13:46:39 - [MESSAGE][PASSED] - Tapped on element 'Object Repository/Login/android.widget.Button - Masuk'

2023-02-17 13:46:39 - [TEST_STEP][PASSED] - delay(5, STOP_ON_FAILURE): Delayed 5 second(s)

2023-02-17 13:46:44 - [MESSAGE][PASSED] - Delayed 5 second(s)

2023-02-17 13:46:44 - [TEST_STEP][PASSED] - verifyElementVisible(findTestObject("Login/Login Failed/android.widget.TextView - nullPhone"), 3): Element 'Object Repository/Login/Login Failed/android.widget.TextView - nullPhone' is visible

2023-02-17 13:46:44 - [MESSAGE][PASSED] - Element 'Object Repository/Login/Login Failed/android.widget.TextView - nullPhone' is visible

2023-02-17 13:46:44 - [TEST_STEP][PASSED] - verifyElementText(findTestObject("Login/Login Failed/android.widget.TextView - nullPhone"), "Mohon masukkan nomor handphone Anda"): Actual text and expected text of test object 'Object Repository/Login/Login Failed/android.widget.TextView - nullPhone' are matched.

2023-02-17 13:46:45 - [MESSAGE][PASSED] - Actual text and expected text of test object 'Object Repository/Login/Login Failed/android.widget.TextView - nullPhone' are matched.

2023-02-17 13:46:45 - [TEST_STEP][PASSED] - verifyElementVisible(findTestObject("Login/Login Failed/android.widget.TextView - nullPass"), 3): Element 'Object Repository/Login/Login Failed/android.widget.TextView - nullPass' is visible

2023-02-17 13:46:45 - [MESSAGE][PASSED] - Element 'Object Repository/Login/Login Failed/android.widget.TextView - nullPass' is visible

2023-02-17 13:46:45 - [TEST_STEP][PASSED] - verifyElementText(findTestObject("Login/Login Failed/android.widget.TextView - nullPass"), "Masukkan kata sandi Anda yang benar"): Actual text and expected text of test object 'Object Repository/Login/Login Failed/android.widget.TextView - nullPass' are matched.

2023-02-17 13:46:46 - [MESSAGE][PASSED] - Actual text and expected text of test object 'Object Repository/Login/Login Failed/android.widget.TextView - nullPass' are matched.

2023-02-17 13:46:46 - [TEST_STEP][PASSED] - delay(3, STOP_ON_FAILURE): Delayed 3 second(s)

2023-02-17 13:46:49 - [MESSAGE][PASSED] - Delayed 3 second(s)

2023-02-17 13:46:49 - [TEST_STEP][PASSED] - closeApplication(): Close app successfully

2023-02-17 13:46:50 - [MESSAGE][PASSED] - Close app successfully

2023-02-17 13:46:50 - [TEST_STEP][PASSED] - Start listener action : sampleAfterTestCase: null

2023-02-17 13:46:50 - [TEST_STEP][PASSED] - println(testCaseContext.getTestCaseId()): null

2023-02-17 13:46:50 - [TEST_STEP][PASSED] - println(testCaseContext.getTestCaseStatus()): null]]></system-out>
         <system-err><![CDATA[]]></system-err>
      </testcase>
      <testcase name="Test Cases/Login KFCKU Apps/Login Failed - Wrong Password" time="40.972" classname="Test Cases/Login KFCKU Apps/Login Failed - Wrong Password" status="FAILED">
         <failure type="FAILED" message="Test Cases/Login KFCKU Apps/Login Failed - Wrong Password FAILED.
Reason:
com.kms.katalon.core.exception.StepFailedException: Element 'Object Repository/Login/android.widget.TextView - Kata sandi yang Anda masukkan salah' not found
	at com.kms.katalon.core.keyword.internal.KeywordMain.stepFailed(KeywordMain.groovy:50)
	at com.kms.katalon.core.mobile.keyword.internal.MobileKeywordMain.stepFailed(MobileKeywordMain.groovy:40)
	at com.kms.katalon.core.mobile.keyword.builtin.VerifyElementVisibleKeyword$_verifyElementVisible_closure1.doCall(VerifyElementVisibleKeyword.groovy:82)
	at com.kms.katalon.core.mobile.keyword.builtin.VerifyElementVisibleKeyword$_verifyElementVisible_closure1.call(VerifyElementVisibleKeyword.groovy)
	at com.kms.katalon.core.mobile.keyword.internal.MobileKeywordMain.runKeyword(MobileKeywordMain.groovy:21)
	at com.kms.katalon.core.mobile.keyword.builtin.VerifyElementVisibleKeyword.verifyElementVisible(VerifyElementVisibleKeyword.groovy:85)
	at com.kms.katalon.core.mobile.keyword.builtin.VerifyElementVisibleKeyword.execute(VerifyElementVisibleKeyword.groovy:64)
	at com.kms.katalon.core.keyword.internal.KeywordExecutor.executeKeywordForPlatform(KeywordExecutor.groovy:74)
	at com.kms.katalon.core.mobile.keyword.MobileBuiltInKeywords.verifyElementVisible(MobileBuiltInKeywords.groovy:2031)
	at com.kms.katalon.core.mobile.keyword.MobileBuiltInKeywords$verifyElementVisible$3.call(Unknown Source)
	at Login Failed - Wrong Password.run(Login Failed - Wrong Password:43)
	at com.kms.katalon.core.main.ScriptEngine.run(ScriptEngine.java:194)
	at com.kms.katalon.core.main.ScriptEngine.runScriptAsRawText(ScriptEngine.java:119)
	at com.kms.katalon.core.main.TestCaseExecutor.runScript(TestCaseExecutor.java:448)
	at com.kms.katalon.core.main.TestCaseExecutor.doExecute(TestCaseExecutor.java:439)
	at com.kms.katalon.core.main.TestCaseExecutor.processExecutionPhase(TestCaseExecutor.java:418)
	at com.kms.katalon.core.main.TestCaseExecutor.accessMainPhase(TestCaseExecutor.java:410)
	at com.kms.katalon.core.main.TestCaseExecutor.execute(TestCaseExecutor.java:285)
	at com.kms.katalon.core.common.CommonExecutor.accessTestCaseMainPhase(CommonExecutor.java:65)
	at com.kms.katalon.core.main.TestSuiteExecutor.accessTestSuiteMainPhase(TestSuiteExecutor.java:151)
	at com.kms.katalon.core.main.TestSuiteExecutor.execute(TestSuiteExecutor.java:106)
	at com.kms.katalon.core.main.TestCaseMain.startTestSuite(TestCaseMain.java:185)
	at com.kms.katalon.core.main.TestCaseMain$startTestSuite$0.call(Unknown Source)
	at TempTestSuite1676616323940.run(TempTestSuite1676616323940.groovy:36)
"/>
         <system-out><![CDATA[2023-02-17 13:46:50 - [TEST_CASE][FAILED] - Test Cases/Login KFCKU Apps/Login Failed - Wrong Password: Test Cases/Login KFCKU Apps/Login Failed - Wrong Password FAILED.
Reason:
com.kms.katalon.core.exception.StepFailedException: Element 'Object Repository/Login/android.widget.TextView - Kata sandi yang Anda masukkan salah' not found
	at com.kms.katalon.core.keyword.internal.KeywordMain.stepFailed(KeywordMain.groovy:50)
	at com.kms.katalon.core.mobile.keyword.internal.MobileKeywordMain.stepFailed(MobileKeywordMain.groovy:40)
	at com.kms.katalon.core.mobile.keyword.builtin.VerifyElementVisibleKeyword$_verifyElementVisible_closure1.doCall(VerifyElementVisibleKeyword.groovy:82)
	at com.kms.katalon.core.mobile.keyword.builtin.VerifyElementVisibleKeyword$_verifyElementVisible_closure1.call(VerifyElementVisibleKeyword.groovy)
	at com.kms.katalon.core.mobile.keyword.internal.MobileKeywordMain.runKeyword(MobileKeywordMain.groovy:21)
	at com.kms.katalon.core.mobile.keyword.builtin.VerifyElementVisibleKeyword.verifyElementVisible(VerifyElementVisibleKeyword.groovy:85)
	at com.kms.katalon.core.mobile.keyword.builtin.VerifyElementVisibleKeyword.execute(VerifyElementVisibleKeyword.groovy:64)
	at com.kms.katalon.core.keyword.internal.KeywordExecutor.executeKeywordForPlatform(KeywordExecutor.groovy:74)
	at com.kms.katalon.core.mobile.keyword.MobileBuiltInKeywords.verifyElementVisible(MobileBuiltInKeywords.groovy:2031)
	at com.kms.katalon.core.mobile.keyword.MobileBuiltInKeywords$verifyElementVisible$3.call(Unknown Source)
	at Login Failed - Wrong Password.run(Login Failed - Wrong Password:43)
	at com.kms.katalon.core.main.ScriptEngine.run(ScriptEngine.java:194)
	at com.kms.katalon.core.main.ScriptEngine.runScriptAsRawText(ScriptEngine.java:119)
	at com.kms.katalon.core.main.TestCaseExecutor.runScript(TestCaseExecutor.java:448)
	at com.kms.katalon.core.main.TestCaseExecutor.doExecute(TestCaseExecutor.java:439)
	at com.kms.katalon.core.main.TestCaseExecutor.processExecutionPhase(TestCaseExecutor.java:418)
	at com.kms.katalon.core.main.TestCaseExecutor.accessMainPhase(TestCaseExecutor.java:410)
	at com.kms.katalon.core.main.TestCaseExecutor.execute(TestCaseExecutor.java:285)
	at com.kms.katalon.core.common.CommonExecutor.accessTestCaseMainPhase(CommonExecutor.java:65)
	at com.kms.katalon.core.main.TestSuiteExecutor.accessTestSuiteMainPhase(TestSuiteExecutor.java:151)
	at com.kms.katalon.core.main.TestSuiteExecutor.execute(TestSuiteExecutor.java:106)
	at com.kms.katalon.core.main.TestCaseMain.startTestSuite(TestCaseMain.java:185)
	at com.kms.katalon.core.main.TestCaseMain$startTestSuite$0.call(Unknown Source)
	at TempTestSuite1676616323940.run(TempTestSuite1676616323940.groovy:36)


2023-02-17 13:46:50 - [TEST_STEP][PASSED] - startExistingApplication("com.kfc.mobile.hkStaging", STOP_ON_FAILURE): Starting app with application ID: 'com.kfc.mobile.hkStaging'

2023-02-17 13:46:50 - [MESSAGE][INFO] - User set preference: ['appPackage', 'com.kfc.mobile.hkStaging']

2023-02-17 13:46:50 - [MESSAGE][INFO] - User set preference: ['appActivity', 'com.kfc.mobile.presentation.splash.SplashActivity']

2023-02-17 13:46:50 - [MESSAGE][INFO] - User set preference: ['noReset', 'true']

2023-02-17 13:46:50 - [MESSAGE][INFO] - User set preference: ['deviceId', '']

2023-02-17 13:46:51 - [MESSAGE][INFO] - Detected NodeJS location: "C:\Program Files\nodejs\node.exe"

2023-02-17 13:46:53 - [MESSAGE][INFO] - Appium server started on port 49,902

2023-02-17 13:47:10 - [MESSAGE][PASSED] - Starting app with application ID: 'com.kfc.mobile.hkStaging'

2023-02-17 13:47:10 - [TEST_STEP][PASSED] - delay(5, STOP_ON_FAILURE): Delayed 5 second(s)

2023-02-17 13:47:15 - [MESSAGE][PASSED] - Delayed 5 second(s)

2023-02-17 13:47:15 - [TEST_STEP][PASSED] - tap(findTestObject("Profile/android.widget.TextView - Profil"), 5): Tapped on element 'Object Repository/Profile/android.widget.TextView - Profil'

2023-02-17 13:47:18 - [MESSAGE][PASSED] - Tapped on element 'Object Repository/Profile/android.widget.TextView - Profil'

2023-02-17 13:47:18 - [TEST_STEP][PASSED] - setText(findTestObject("Login/android.widget.EditText - Masukkan nomor handphone Anda"), "081211287377", 0): Text '081211287377' has been set to element 'Object Repository/Login/android.widget.EditText - Masukkan nomor handphone Anda'

2023-02-17 13:47:18 - [MESSAGE][WARNING] - Timeout '0' is invalid. Using default page load timeout: '30'

2023-02-17 13:47:21 - [MESSAGE][PASSED] - Text '081211287377' has been set to element 'Object Repository/Login/android.widget.EditText - Masukkan nomor handphone Anda'

2023-02-17 13:47:21 - [TEST_STEP][PASSED] - hideKeyboard(): Keyboard is hidden

2023-02-17 13:47:22 - [MESSAGE][PASSED] - Keyboard is hidden

2023-02-17 13:47:22 - [TEST_STEP][PASSED] - setText(findTestObject("Login/android.widget.EditText - Ketik kata sandi Anda"), "qwerty123", 0): Text 'qwerty123' has been set to element 'Object Repository/Login/android.widget.EditText - Ketik kata sandi Anda'

2023-02-17 13:47:22 - [MESSAGE][WARNING] - Timeout '0' is invalid. Using default page load timeout: '30'

2023-02-17 13:47:22 - [MESSAGE][PASSED] - Text 'qwerty123' has been set to element 'Object Repository/Login/android.widget.EditText - Ketik kata sandi Anda'

2023-02-17 13:47:22 - [TEST_STEP][PASSED] - hideKeyboard(): Keyboard is hidden

2023-02-17 13:47:23 - [MESSAGE][PASSED] - Keyboard is hidden

2023-02-17 13:47:23 - [TEST_STEP][PASSED] - tap(findTestObject("Login/android.widget.Button - Masuk"), 0): Tapped on element 'Object Repository/Login/android.widget.Button - Masuk'

2023-02-17 13:47:23 - [MESSAGE][WARNING] - Timeout '0' is invalid. Using default page load timeout: '30'

2023-02-17 13:47:24 - [MESSAGE][PASSED] - Tapped on element 'Object Repository/Login/android.widget.Button - Masuk'

2023-02-17 13:47:24 - [TEST_STEP][PASSED] - delay(3, STOP_ON_FAILURE): Delayed 3 second(s)

2023-02-17 13:47:27 - [MESSAGE][PASSED] - Delayed 3 second(s)

2023-02-17 13:47:27 - [TEST_STEP][FAILED] - verifyElementVisible(findTestObject("Login/android.widget.TextView - Kata sandi yang Anda masukkan salah"), 3): Failed to check for element 'Object Repository/Login/android.widget.TextView - Kata sandi yang Anda masukkan salah' visible (Root cause: com.kms.katalon.core.exception.StepFailedException: Element 'Object Repository/Login/android.widget.TextView - Kata sandi yang Anda masukkan salah' not found
	at com.kms.katalon.core.keyword.internal.KeywordMain.stepFailed(KeywordMain.groovy:50)
	at com.kms.katalon.core.mobile.keyword.internal.MobileKeywordMain.stepFailed(MobileKeywordMain.groovy:40)
	at com.kms.katalon.core.mobile.keyword.builtin.VerifyElementVisibleKeyword$_verifyElementVisible_closure1.doCall(VerifyElementVisibleKeyword.groovy:82)
	at com.kms.katalon.core.mobile.keyword.builtin.VerifyElementVisibleKeyword$_verifyElementVisible_closure1.call(VerifyElementVisibleKeyword.groovy)
	at com.kms.katalon.core.mobile.keyword.internal.MobileKeywordMain.runKeyword(MobileKeywordMain.groovy:21)
	at com.kms.katalon.core.mobile.keyword.builtin.VerifyElementVisibleKeyword.verifyElementVisible(VerifyElementVisibleKeyword.groovy:85)
	at com.kms.katalon.core.mobile.keyword.builtin.VerifyElementVisibleKeyword.execute(VerifyElementVisibleKeyword.groovy:64)
	at com.kms.katalon.core.keyword.internal.KeywordExecutor.executeKeywordForPlatform(KeywordExecutor.groovy:74)
	at com.kms.katalon.core.mobile.keyword.MobileBuiltInKeywords.verifyElementVisible(MobileBuiltInKeywords.groovy:2031)
	at com.kms.katalon.core.mobile.keyword.MobileBuiltInKeywords$verifyElementVisible$3.call(Unknown Source)
	at Login Failed - Wrong Password.run(Login Failed - Wrong Password:43)
	at com.kms.katalon.core.main.ScriptEngine.run(ScriptEngine.java:194)
	at com.kms.katalon.core.main.ScriptEngine.runScriptAsRawText(ScriptEngine.java:119)
	at com.kms.katalon.core.main.TestCaseExecutor.runScript(TestCaseExecutor.java:448)
	at com.kms.katalon.core.main.TestCaseExecutor.doExecute(TestCaseExecutor.java:439)
	at com.kms.katalon.core.main.TestCaseExecutor.processExecutionPhase(TestCaseExecutor.java:418)
	at com.kms.katalon.core.main.TestCaseExecutor.accessMainPhase(TestCaseExecutor.java:410)
	at com.kms.katalon.core.main.TestCaseExecutor.execute(TestCaseExecutor.java:285)
	at com.kms.katalon.core.common.CommonExecutor.accessTestCaseMainPhase(CommonExecutor.java:65)
	at com.kms.katalon.core.main.TestSuiteExecutor.accessTestSuiteMainPhase(TestSuiteExecutor.java:151)
	at com.kms.katalon.core.main.TestSuiteExecutor.execute(TestSuiteExecutor.java:106)
	at com.kms.katalon.core.main.TestCaseMain.startTestSuite(TestCaseMain.java:185)
	at com.kms.katalon.core.main.TestCaseMain$startTestSuite$0.call(Unknown Source)
	at TempTestSuite1676616323940.run(TempTestSuite1676616323940.groovy:36)
)

2023-02-17 13:47:30 - [MESSAGE][FAILED] - Element 'Object Repository/Login/android.widget.TextView - Kata sandi yang Anda masukkan salah' not found

2023-02-17 13:47:31 - [MESSAGE][FAILED] - Failed to check for element 'Object Repository/Login/android.widget.TextView - Kata sandi yang Anda masukkan salah' visible (Root cause: com.kms.katalon.core.exception.StepFailedException: Element 'Object Repository/Login/android.widget.TextView - Kata sandi yang Anda masukkan salah' not found
	at com.kms.katalon.core.keyword.internal.KeywordMain.stepFailed(KeywordMain.groovy:50)
	at com.kms.katalon.core.mobile.keyword.internal.MobileKeywordMain.stepFailed(MobileKeywordMain.groovy:40)
	at com.kms.katalon.core.mobile.keyword.builtin.VerifyElementVisibleKeyword$_verifyElementVisible_closure1.doCall(VerifyElementVisibleKeyword.groovy:82)
	at com.kms.katalon.core.mobile.keyword.builtin.VerifyElementVisibleKeyword$_verifyElementVisible_closure1.call(VerifyElementVisibleKeyword.groovy)
	at com.kms.katalon.core.mobile.keyword.internal.MobileKeywordMain.runKeyword(MobileKeywordMain.groovy:21)
	at com.kms.katalon.core.mobile.keyword.builtin.VerifyElementVisibleKeyword.verifyElementVisible(VerifyElementVisibleKeyword.groovy:85)
	at com.kms.katalon.core.mobile.keyword.builtin.VerifyElementVisibleKeyword.execute(VerifyElementVisibleKeyword.groovy:64)
	at com.kms.katalon.core.keyword.internal.KeywordExecutor.executeKeywordForPlatform(KeywordExecutor.groovy:74)
	at com.kms.katalon.core.mobile.keyword.MobileBuiltInKeywords.verifyElementVisible(MobileBuiltInKeywords.groovy:2031)
	at com.kms.katalon.core.mobile.keyword.MobileBuiltInKeywords$verifyElementVisible$3.call(Unknown Source)
	at Login Failed - Wrong Password.run(Login Failed - Wrong Password:43)
	at com.kms.katalon.core.main.ScriptEngine.run(ScriptEngine.java:194)
	at com.kms.katalon.core.main.ScriptEngine.runScriptAsRawText(ScriptEngine.java:119)
	at com.kms.katalon.core.main.TestCaseExecutor.runScript(TestCaseExecutor.java:448)
	at com.kms.katalon.core.main.TestCaseExecutor.doExecute(TestCaseExecutor.java:439)
	at com.kms.katalon.core.main.TestCaseExecutor.processExecutionPhase(TestCaseExecutor.java:418)
	at com.kms.katalon.core.main.TestCaseExecutor.accessMainPhase(TestCaseExecutor.java:410)
	at com.kms.katalon.core.main.TestCaseExecutor.execute(TestCaseExecutor.java:285)
	at com.kms.katalon.core.common.CommonExecutor.accessTestCaseMainPhase(CommonExecutor.java:65)
	at com.kms.katalon.core.main.TestSuiteExecutor.accessTestSuiteMainPhase(TestSuiteExecutor.java:151)
	at com.kms.katalon.core.main.TestSuiteExecutor.execute(TestSuiteExecutor.java:106)
	at com.kms.katalon.core.main.TestCaseMain.startTestSuite(TestCaseMain.java:185)
	at com.kms.katalon.core.main.TestCaseMain$startTestSuite$0.call(Unknown Source)
	at TempTestSuite1676616323940.run(TempTestSuite1676616323940.groovy:36)
)
[[ATTACHMENT|C:\\Users\\Ahadian Rifky\\Downloads\\Katalon_Studio_Windows_64-8.5.5\\Katalon_Studio_Windows_64-8.5.5\\git.github.com\\maycheljecsan\\kfckuapps_katalon.git\\kfcku_android\\Reports\\20230217_134523\\Auth\\Login\\20230217_134523\\1676616450244.png]]

2023-02-17 13:47:31 - [TEST_STEP][PASSED] - Start listener action : sampleAfterTestCase: null

2023-02-17 13:47:31 - [TEST_STEP][PASSED] - println(testCaseContext.getTestCaseId()): null

2023-02-17 13:47:31 - [TEST_STEP][PASSED] - println(testCaseContext.getTestCaseStatus()): null]]></system-out>
         <system-err><![CDATA[2023-02-17 13:46:50 - [TEST_CASE][FAILED] - Test Cases/Login KFCKU Apps/Login Failed - Wrong Password: Test Cases/Login KFCKU Apps/Login Failed - Wrong Password FAILED.
Reason:
com.kms.katalon.core.exception.StepFailedException: Element 'Object Repository/Login/android.widget.TextView - Kata sandi yang Anda masukkan salah' not found
	at com.kms.katalon.core.keyword.internal.KeywordMain.stepFailed(KeywordMain.groovy:50)
	at com.kms.katalon.core.mobile.keyword.internal.MobileKeywordMain.stepFailed(MobileKeywordMain.groovy:40)
	at com.kms.katalon.core.mobile.keyword.builtin.VerifyElementVisibleKeyword$_verifyElementVisible_closure1.doCall(VerifyElementVisibleKeyword.groovy:82)
	at com.kms.katalon.core.mobile.keyword.builtin.VerifyElementVisibleKeyword$_verifyElementVisible_closure1.call(VerifyElementVisibleKeyword.groovy)
	at com.kms.katalon.core.mobile.keyword.internal.MobileKeywordMain.runKeyword(MobileKeywordMain.groovy:21)
	at com.kms.katalon.core.mobile.keyword.builtin.VerifyElementVisibleKeyword.verifyElementVisible(VerifyElementVisibleKeyword.groovy:85)
	at com.kms.katalon.core.mobile.keyword.builtin.VerifyElementVisibleKeyword.execute(VerifyElementVisibleKeyword.groovy:64)
	at com.kms.katalon.core.keyword.internal.KeywordExecutor.executeKeywordForPlatform(KeywordExecutor.groovy:74)
	at com.kms.katalon.core.mobile.keyword.MobileBuiltInKeywords.verifyElementVisible(MobileBuiltInKeywords.groovy:2031)
	at com.kms.katalon.core.mobile.keyword.MobileBuiltInKeywords$verifyElementVisible$3.call(Unknown Source)
	at Login Failed - Wrong Password.run(Login Failed - Wrong Password:43)
	at com.kms.katalon.core.main.ScriptEngine.run(ScriptEngine.java:194)
	at com.kms.katalon.core.main.ScriptEngine.runScriptAsRawText(ScriptEngine.java:119)
	at com.kms.katalon.core.main.TestCaseExecutor.runScript(TestCaseExecutor.java:448)
	at com.kms.katalon.core.main.TestCaseExecutor.doExecute(TestCaseExecutor.java:439)
	at com.kms.katalon.core.main.TestCaseExecutor.processExecutionPhase(TestCaseExecutor.java:418)
	at com.kms.katalon.core.main.TestCaseExecutor.accessMainPhase(TestCaseExecutor.java:410)
	at com.kms.katalon.core.main.TestCaseExecutor.execute(TestCaseExecutor.java:285)
	at com.kms.katalon.core.common.CommonExecutor.accessTestCaseMainPhase(CommonExecutor.java:65)
	at com.kms.katalon.core.main.TestSuiteExecutor.accessTestSuiteMainPhase(TestSuiteExecutor.java:151)
	at com.kms.katalon.core.main.TestSuiteExecutor.execute(TestSuiteExecutor.java:106)
	at com.kms.katalon.core.main.TestCaseMain.startTestSuite(TestCaseMain.java:185)
	at com.kms.katalon.core.main.TestCaseMain$startTestSuite$0.call(Unknown Source)
	at TempTestSuite1676616323940.run(TempTestSuite1676616323940.groovy:36)]]></system-err>
      </testcase>
      <testcase name="Test Cases/Login KFCKU Apps/Login Failed - Phone Number Not Registered" time="40.074" classname="Test Cases/Login KFCKU Apps/Login Failed - Phone Number Not Registered" status="FAILED">
         <failure type="FAILED" message="Test Cases/Login KFCKU Apps/Login Failed - Phone Number Not Registered FAILED.
Reason:
com.kms.katalon.core.exception.StepFailedException: Element 'Object Repository/Login/android.widget.TextView - Nomor handphone Anda belum terdaftar' not found
	at com.kms.katalon.core.keyword.internal.KeywordMain.stepFailed(KeywordMain.groovy:50)
	at com.kms.katalon.core.mobile.keyword.internal.MobileKeywordMain.stepFailed(MobileKeywordMain.groovy:40)
	at com.kms.katalon.core.mobile.keyword.builtin.VerifyElementVisibleKeyword$_verifyElementVisible_closure1.doCall(VerifyElementVisibleKeyword.groovy:82)
	at com.kms.katalon.core.mobile.keyword.builtin.VerifyElementVisibleKeyword$_verifyElementVisible_closure1.call(VerifyElementVisibleKeyword.groovy)
	at com.kms.katalon.core.mobile.keyword.internal.MobileKeywordMain.runKeyword(MobileKeywordMain.groovy:21)
	at com.kms.katalon.core.mobile.keyword.builtin.VerifyElementVisibleKeyword.verifyElementVisible(VerifyElementVisibleKeyword.groovy:85)
	at com.kms.katalon.core.mobile.keyword.builtin.VerifyElementVisibleKeyword.execute(VerifyElementVisibleKeyword.groovy:64)
	at com.kms.katalon.core.keyword.internal.KeywordExecutor.executeKeywordForPlatform(KeywordExecutor.groovy:74)
	at com.kms.katalon.core.mobile.keyword.MobileBuiltInKeywords.verifyElementVisible(MobileBuiltInKeywords.groovy:2031)
	at com.kms.katalon.core.mobile.keyword.MobileBuiltInKeywords$verifyElementVisible$3.call(Unknown Source)
	at Login Failed - Phone Number Not Registered.run(Login Failed - Phone Number Not Registered:43)
	at com.kms.katalon.core.main.ScriptEngine.run(ScriptEngine.java:194)
	at com.kms.katalon.core.main.ScriptEngine.runScriptAsRawText(ScriptEngine.java:119)
	at com.kms.katalon.core.main.TestCaseExecutor.runScript(TestCaseExecutor.java:448)
	at com.kms.katalon.core.main.TestCaseExecutor.doExecute(TestCaseExecutor.java:439)
	at com.kms.katalon.core.main.TestCaseExecutor.processExecutionPhase(TestCaseExecutor.java:418)
	at com.kms.katalon.core.main.TestCaseExecutor.accessMainPhase(TestCaseExecutor.java:410)
	at com.kms.katalon.core.main.TestCaseExecutor.execute(TestCaseExecutor.java:285)
	at com.kms.katalon.core.common.CommonExecutor.accessTestCaseMainPhase(CommonExecutor.java:65)
	at com.kms.katalon.core.main.TestSuiteExecutor.accessTestSuiteMainPhase(TestSuiteExecutor.java:151)
	at com.kms.katalon.core.main.TestSuiteExecutor.execute(TestSuiteExecutor.java:106)
	at com.kms.katalon.core.main.TestCaseMain.startTestSuite(TestCaseMain.java:185)
	at com.kms.katalon.core.main.TestCaseMain$startTestSuite$0.call(Unknown Source)
	at TempTestSuite1676616323940.run(TempTestSuite1676616323940.groovy:36)
"/>
         <system-out><![CDATA[2023-02-17 13:47:31 - [TEST_CASE][FAILED] - Test Cases/Login KFCKU Apps/Login Failed - Phone Number Not Registered: Test Cases/Login KFCKU Apps/Login Failed - Phone Number Not Registered FAILED.
Reason:
com.kms.katalon.core.exception.StepFailedException: Element 'Object Repository/Login/android.widget.TextView - Nomor handphone Anda belum terdaftar' not found
	at com.kms.katalon.core.keyword.internal.KeywordMain.stepFailed(KeywordMain.groovy:50)
	at com.kms.katalon.core.mobile.keyword.internal.MobileKeywordMain.stepFailed(MobileKeywordMain.groovy:40)
	at com.kms.katalon.core.mobile.keyword.builtin.VerifyElementVisibleKeyword$_verifyElementVisible_closure1.doCall(VerifyElementVisibleKeyword.groovy:82)
	at com.kms.katalon.core.mobile.keyword.builtin.VerifyElementVisibleKeyword$_verifyElementVisible_closure1.call(VerifyElementVisibleKeyword.groovy)
	at com.kms.katalon.core.mobile.keyword.internal.MobileKeywordMain.runKeyword(MobileKeywordMain.groovy:21)
	at com.kms.katalon.core.mobile.keyword.builtin.VerifyElementVisibleKeyword.verifyElementVisible(VerifyElementVisibleKeyword.groovy:85)
	at com.kms.katalon.core.mobile.keyword.builtin.VerifyElementVisibleKeyword.execute(VerifyElementVisibleKeyword.groovy:64)
	at com.kms.katalon.core.keyword.internal.KeywordExecutor.executeKeywordForPlatform(KeywordExecutor.groovy:74)
	at com.kms.katalon.core.mobile.keyword.MobileBuiltInKeywords.verifyElementVisible(MobileBuiltInKeywords.groovy:2031)
	at com.kms.katalon.core.mobile.keyword.MobileBuiltInKeywords$verifyElementVisible$3.call(Unknown Source)
	at Login Failed - Phone Number Not Registered.run(Login Failed - Phone Number Not Registered:43)
	at com.kms.katalon.core.main.ScriptEngine.run(ScriptEngine.java:194)
	at com.kms.katalon.core.main.ScriptEngine.runScriptAsRawText(ScriptEngine.java:119)
	at com.kms.katalon.core.main.TestCaseExecutor.runScript(TestCaseExecutor.java:448)
	at com.kms.katalon.core.main.TestCaseExecutor.doExecute(TestCaseExecutor.java:439)
	at com.kms.katalon.core.main.TestCaseExecutor.processExecutionPhase(TestCaseExecutor.java:418)
	at com.kms.katalon.core.main.TestCaseExecutor.accessMainPhase(TestCaseExecutor.java:410)
	at com.kms.katalon.core.main.TestCaseExecutor.execute(TestCaseExecutor.java:285)
	at com.kms.katalon.core.common.CommonExecutor.accessTestCaseMainPhase(CommonExecutor.java:65)
	at com.kms.katalon.core.main.TestSuiteExecutor.accessTestSuiteMainPhase(TestSuiteExecutor.java:151)
	at com.kms.katalon.core.main.TestSuiteExecutor.execute(TestSuiteExecutor.java:106)
	at com.kms.katalon.core.main.TestCaseMain.startTestSuite(TestCaseMain.java:185)
	at com.kms.katalon.core.main.TestCaseMain$startTestSuite$0.call(Unknown Source)
	at TempTestSuite1676616323940.run(TempTestSuite1676616323940.groovy:36)


2023-02-17 13:47:32 - [TEST_STEP][PASSED] - startExistingApplication("com.kfc.mobile.hkStaging", STOP_ON_FAILURE): Starting app with application ID: 'com.kfc.mobile.hkStaging'

2023-02-17 13:47:32 - [MESSAGE][INFO] - User set preference: ['appPackage', 'com.kfc.mobile.hkStaging']

2023-02-17 13:47:32 - [MESSAGE][INFO] - User set preference: ['appActivity', 'com.kfc.mobile.presentation.splash.SplashActivity']

2023-02-17 13:47:32 - [MESSAGE][INFO] - User set preference: ['noReset', 'true']

2023-02-17 13:47:32 - [MESSAGE][INFO] - User set preference: ['deviceId', '']

2023-02-17 13:47:48 - [MESSAGE][PASSED] - Starting app with application ID: 'com.kfc.mobile.hkStaging'

2023-02-17 13:47:48 - [TEST_STEP][PASSED] - delay(5, STOP_ON_FAILURE): Delayed 5 second(s)

2023-02-17 13:47:53 - [MESSAGE][PASSED] - Delayed 5 second(s)

2023-02-17 13:47:53 - [TEST_STEP][PASSED] - tap(findTestObject("Profile/android.widget.TextView - Profil"), 5): Tapped on element 'Object Repository/Profile/android.widget.TextView - Profil'

2023-02-17 13:47:56 - [MESSAGE][PASSED] - Tapped on element 'Object Repository/Profile/android.widget.TextView - Profil'

2023-02-17 13:47:56 - [TEST_STEP][PASSED] - setText(findTestObject("Login/android.widget.EditText - Masukkan nomor handphone Anda"), "081211287388", 0): Text '081211287388' has been set to element 'Object Repository/Login/android.widget.EditText - Masukkan nomor handphone Anda'

2023-02-17 13:47:56 - [MESSAGE][WARNING] - Timeout '0' is invalid. Using default page load timeout: '30'

2023-02-17 13:47:59 - [MESSAGE][PASSED] - Text '081211287388' has been set to element 'Object Repository/Login/android.widget.EditText - Masukkan nomor handphone Anda'

2023-02-17 13:47:59 - [TEST_STEP][PASSED] - hideKeyboard(): Keyboard is hidden

2023-02-17 13:47:59 - [MESSAGE][PASSED] - Keyboard is hidden

2023-02-17 13:47:59 - [TEST_STEP][PASSED] - setText(findTestObject("Login/android.widget.EditText - Ketik kata sandi Anda"), "pass123", 0): Text 'pass123' has been set to element 'Object Repository/Login/android.widget.EditText - Ketik kata sandi Anda'

2023-02-17 13:47:59 - [MESSAGE][WARNING] - Timeout '0' is invalid. Using default page load timeout: '30'

2023-02-17 13:48:01 - [MESSAGE][PASSED] - Text 'pass123' has been set to element 'Object Repository/Login/android.widget.EditText - Ketik kata sandi Anda'

2023-02-17 13:48:01 - [TEST_STEP][PASSED] - hideKeyboard(): Keyboard is hidden

2023-02-17 13:48:01 - [MESSAGE][PASSED] - Keyboard is hidden

2023-02-17 13:48:01 - [TEST_STEP][PASSED] - tap(findTestObject("Login/android.widget.Button - Masuk"), 0): Tapped on element 'Object Repository/Login/android.widget.Button - Masuk'

2023-02-17 13:48:01 - [MESSAGE][WARNING] - Timeout '0' is invalid. Using default page load timeout: '30'

2023-02-17 13:48:02 - [MESSAGE][PASSED] - Tapped on element 'Object Repository/Login/android.widget.Button - Masuk'

2023-02-17 13:48:02 - [TEST_STEP][PASSED] - delay(5, STOP_ON_FAILURE): Delayed 5 second(s)

2023-02-17 13:48:07 - [MESSAGE][PASSED] - Delayed 5 second(s)

2023-02-17 13:48:07 - [TEST_STEP][FAILED] - verifyElementVisible(findTestObject("Login/android.widget.TextView - Nomor handphone Anda belum terdaftar"), 3): Failed to check for element 'Object Repository/Login/android.widget.TextView - Nomor handphone Anda belum terdaftar' visible (Root cause: com.kms.katalon.core.exception.StepFailedException: Element 'Object Repository/Login/android.widget.TextView - Nomor handphone Anda belum terdaftar' not found
	at com.kms.katalon.core.keyword.internal.KeywordMain.stepFailed(KeywordMain.groovy:50)
	at com.kms.katalon.core.mobile.keyword.internal.MobileKeywordMain.stepFailed(MobileKeywordMain.groovy:40)
	at com.kms.katalon.core.mobile.keyword.builtin.VerifyElementVisibleKeyword$_verifyElementVisible_closure1.doCall(VerifyElementVisibleKeyword.groovy:82)
	at com.kms.katalon.core.mobile.keyword.builtin.VerifyElementVisibleKeyword$_verifyElementVisible_closure1.call(VerifyElementVisibleKeyword.groovy)
	at com.kms.katalon.core.mobile.keyword.internal.MobileKeywordMain.runKeyword(MobileKeywordMain.groovy:21)
	at com.kms.katalon.core.mobile.keyword.builtin.VerifyElementVisibleKeyword.verifyElementVisible(VerifyElementVisibleKeyword.groovy:85)
	at com.kms.katalon.core.mobile.keyword.builtin.VerifyElementVisibleKeyword.execute(VerifyElementVisibleKeyword.groovy:64)
	at com.kms.katalon.core.keyword.internal.KeywordExecutor.executeKeywordForPlatform(KeywordExecutor.groovy:74)
	at com.kms.katalon.core.mobile.keyword.MobileBuiltInKeywords.verifyElementVisible(MobileBuiltInKeywords.groovy:2031)
	at com.kms.katalon.core.mobile.keyword.MobileBuiltInKeywords$verifyElementVisible$3.call(Unknown Source)
	at Login Failed - Phone Number Not Registered.run(Login Failed - Phone Number Not Registered:43)
	at com.kms.katalon.core.main.ScriptEngine.run(ScriptEngine.java:194)
	at com.kms.katalon.core.main.ScriptEngine.runScriptAsRawText(ScriptEngine.java:119)
	at com.kms.katalon.core.main.TestCaseExecutor.runScript(TestCaseExecutor.java:448)
	at com.kms.katalon.core.main.TestCaseExecutor.doExecute(TestCaseExecutor.java:439)
	at com.kms.katalon.core.main.TestCaseExecutor.processExecutionPhase(TestCaseExecutor.java:418)
	at com.kms.katalon.core.main.TestCaseExecutor.accessMainPhase(TestCaseExecutor.java:410)
	at com.kms.katalon.core.main.TestCaseExecutor.execute(TestCaseExecutor.java:285)
	at com.kms.katalon.core.common.CommonExecutor.accessTestCaseMainPhase(CommonExecutor.java:65)
	at com.kms.katalon.core.main.TestSuiteExecutor.accessTestSuiteMainPhase(TestSuiteExecutor.java:151)
	at com.kms.katalon.core.main.TestSuiteExecutor.execute(TestSuiteExecutor.java:106)
	at com.kms.katalon.core.main.TestCaseMain.startTestSuite(TestCaseMain.java:185)
	at com.kms.katalon.core.main.TestCaseMain$startTestSuite$0.call(Unknown Source)
	at TempTestSuite1676616323940.run(TempTestSuite1676616323940.groovy:36)
)

2023-02-17 13:48:10 - [MESSAGE][FAILED] - Element 'Object Repository/Login/android.widget.TextView - Nomor handphone Anda belum terdaftar' not found

2023-02-17 13:48:11 - [MESSAGE][FAILED] - Failed to check for element 'Object Repository/Login/android.widget.TextView - Nomor handphone Anda belum terdaftar' visible (Root cause: com.kms.katalon.core.exception.StepFailedException: Element 'Object Repository/Login/android.widget.TextView - Nomor handphone Anda belum terdaftar' not found
	at com.kms.katalon.core.keyword.internal.KeywordMain.stepFailed(KeywordMain.groovy:50)
	at com.kms.katalon.core.mobile.keyword.internal.MobileKeywordMain.stepFailed(MobileKeywordMain.groovy:40)
	at com.kms.katalon.core.mobile.keyword.builtin.VerifyElementVisibleKeyword$_verifyElementVisible_closure1.doCall(VerifyElementVisibleKeyword.groovy:82)
	at com.kms.katalon.core.mobile.keyword.builtin.VerifyElementVisibleKeyword$_verifyElementVisible_closure1.call(VerifyElementVisibleKeyword.groovy)
	at com.kms.katalon.core.mobile.keyword.internal.MobileKeywordMain.runKeyword(MobileKeywordMain.groovy:21)
	at com.kms.katalon.core.mobile.keyword.builtin.VerifyElementVisibleKeyword.verifyElementVisible(VerifyElementVisibleKeyword.groovy:85)
	at com.kms.katalon.core.mobile.keyword.builtin.VerifyElementVisibleKeyword.execute(VerifyElementVisibleKeyword.groovy:64)
	at com.kms.katalon.core.keyword.internal.KeywordExecutor.executeKeywordForPlatform(KeywordExecutor.groovy:74)
	at com.kms.katalon.core.mobile.keyword.MobileBuiltInKeywords.verifyElementVisible(MobileBuiltInKeywords.groovy:2031)
	at com.kms.katalon.core.mobile.keyword.MobileBuiltInKeywords$verifyElementVisible$3.call(Unknown Source)
	at Login Failed - Phone Number Not Registered.run(Login Failed - Phone Number Not Registered:43)
	at com.kms.katalon.core.main.ScriptEngine.run(ScriptEngine.java:194)
	at com.kms.katalon.core.main.ScriptEngine.runScriptAsRawText(ScriptEngine.java:119)
	at com.kms.katalon.core.main.TestCaseExecutor.runScript(TestCaseExecutor.java:448)
	at com.kms.katalon.core.main.TestCaseExecutor.doExecute(TestCaseExecutor.java:439)
	at com.kms.katalon.core.main.TestCaseExecutor.processExecutionPhase(TestCaseExecutor.java:418)
	at com.kms.katalon.core.main.TestCaseExecutor.accessMainPhase(TestCaseExecutor.java:410)
	at com.kms.katalon.core.main.TestCaseExecutor.execute(TestCaseExecutor.java:285)
	at com.kms.katalon.core.common.CommonExecutor.accessTestCaseMainPhase(CommonExecutor.java:65)
	at com.kms.katalon.core.main.TestSuiteExecutor.accessTestSuiteMainPhase(TestSuiteExecutor.java:151)
	at com.kms.katalon.core.main.TestSuiteExecutor.execute(TestSuiteExecutor.java:106)
	at com.kms.katalon.core.main.TestCaseMain.startTestSuite(TestCaseMain.java:185)
	at com.kms.katalon.core.main.TestCaseMain$startTestSuite$0.call(Unknown Source)
	at TempTestSuite1676616323940.run(TempTestSuite1676616323940.groovy:36)
)
[[ATTACHMENT|C:\\Users\\Ahadian Rifky\\Downloads\\Katalon_Studio_Windows_64-8.5.5\\Katalon_Studio_Windows_64-8.5.5\\git.github.com\\maycheljecsan\\kfckuapps_katalon.git\\kfcku_android\\Reports\\20230217_134523\\Auth\\Login\\20230217_134523\\1676616490477.png]]

2023-02-17 13:48:11 - [TEST_STEP][PASSED] - Start listener action : sampleAfterTestCase: null

2023-02-17 13:48:11 - [TEST_STEP][PASSED] - println(testCaseContext.getTestCaseId()): null

2023-02-17 13:48:11 - [TEST_STEP][PASSED] - println(testCaseContext.getTestCaseStatus()): null]]></system-out>
         <system-err><![CDATA[2023-02-17 13:47:31 - [TEST_CASE][FAILED] - Test Cases/Login KFCKU Apps/Login Failed - Phone Number Not Registered: Test Cases/Login KFCKU Apps/Login Failed - Phone Number Not Registered FAILED.
Reason:
com.kms.katalon.core.exception.StepFailedException: Element 'Object Repository/Login/android.widget.TextView - Nomor handphone Anda belum terdaftar' not found
	at com.kms.katalon.core.keyword.internal.KeywordMain.stepFailed(KeywordMain.groovy:50)
	at com.kms.katalon.core.mobile.keyword.internal.MobileKeywordMain.stepFailed(MobileKeywordMain.groovy:40)
	at com.kms.katalon.core.mobile.keyword.builtin.VerifyElementVisibleKeyword$_verifyElementVisible_closure1.doCall(VerifyElementVisibleKeyword.groovy:82)
	at com.kms.katalon.core.mobile.keyword.builtin.VerifyElementVisibleKeyword$_verifyElementVisible_closure1.call(VerifyElementVisibleKeyword.groovy)
	at com.kms.katalon.core.mobile.keyword.internal.MobileKeywordMain.runKeyword(MobileKeywordMain.groovy:21)
	at com.kms.katalon.core.mobile.keyword.builtin.VerifyElementVisibleKeyword.verifyElementVisible(VerifyElementVisibleKeyword.groovy:85)
	at com.kms.katalon.core.mobile.keyword.builtin.VerifyElementVisibleKeyword.execute(VerifyElementVisibleKeyword.groovy:64)
	at com.kms.katalon.core.keyword.internal.KeywordExecutor.executeKeywordForPlatform(KeywordExecutor.groovy:74)
	at com.kms.katalon.core.mobile.keyword.MobileBuiltInKeywords.verifyElementVisible(MobileBuiltInKeywords.groovy:2031)
	at com.kms.katalon.core.mobile.keyword.MobileBuiltInKeywords$verifyElementVisible$3.call(Unknown Source)
	at Login Failed - Phone Number Not Registered.run(Login Failed - Phone Number Not Registered:43)
	at com.kms.katalon.core.main.ScriptEngine.run(ScriptEngine.java:194)
	at com.kms.katalon.core.main.ScriptEngine.runScriptAsRawText(ScriptEngine.java:119)
	at com.kms.katalon.core.main.TestCaseExecutor.runScript(TestCaseExecutor.java:448)
	at com.kms.katalon.core.main.TestCaseExecutor.doExecute(TestCaseExecutor.java:439)
	at com.kms.katalon.core.main.TestCaseExecutor.processExecutionPhase(TestCaseExecutor.java:418)
	at com.kms.katalon.core.main.TestCaseExecutor.accessMainPhase(TestCaseExecutor.java:410)
	at com.kms.katalon.core.main.TestCaseExecutor.execute(TestCaseExecutor.java:285)
	at com.kms.katalon.core.common.CommonExecutor.accessTestCaseMainPhase(CommonExecutor.java:65)
	at com.kms.katalon.core.main.TestSuiteExecutor.accessTestSuiteMainPhase(TestSuiteExecutor.java:151)
	at com.kms.katalon.core.main.TestSuiteExecutor.execute(TestSuiteExecutor.java:106)
	at com.kms.katalon.core.main.TestCaseMain.startTestSuite(TestCaseMain.java:185)
	at com.kms.katalon.core.main.TestCaseMain$startTestSuite$0.call(Unknown Source)
	at TempTestSuite1676616323940.run(TempTestSuite1676616323940.groovy:36)]]></system-err>
      </testcase>
      <testcase name="Test Cases/Login KFCKU Apps/Login Social Media" time="19.661" classname="Test Cases/Login KFCKU Apps/Login Social Media" status="FAILED">
         <failure type="FAILED" message="Test Cases/Login KFCKU Apps/Login Social Media FAILED.
Reason:
com.kms.katalon.core.exception.StepFailedException: Unable to start app with application ID: '{0}' (Root cause: org.openqa.selenium.InvalidArgumentException: Parameters were incorrect. We wanted {&quot;required&quot;:[[&quot;appId&quot;],[&quot;bundleId&quot;]],&quot;optional&quot;:[&quot;options&quot;,&quot;sessionId&quot;,&quot;id&quot;]} and you sent []
Build info: version: '3.141.59', revision: 'e82be7d358', time: '2018-11-14T08:25:53'
System info: host: 'NKC-23', ip: '172.10.9.156', os.name: 'Windows 10', os.arch: 'amd64', os.version: '10.0', java.version: '1.8.0_282'
Driver info: com.kms.katalon.core.appium.driver.SwipeableAndroidDriver
Capabilities {appActivity: com.kfc.mobile.presentation..., appPackage: com.kfc.mobile.hkStaging, autoGrantPermissions: true, automationName: uiautomator2, chromedriverPort: 49903, databaseEnabled: false, desired: {appActivity: com.kfc.mobile.presentation..., appPackage: com.kfc.mobile.hkStaging, autoGrantPermissions: true, automationName: uiautomator2, chromedriverPort: 49903, deviceId: , deviceName: emulator-5554 (sdk_gphone64..., newCommandTimeout: 1800, noReset: true, platform: ANDROID, platformName: android, platformVersion: 12, systemPort: 8254, udid: emulator-5554}, deviceApiLevel: 31, deviceId: , deviceManufacturer: Google, deviceModel: sdk_gphone64_x86_64, deviceName: emulator-5554, deviceScreenDensity: 440, deviceScreenSize: 1080x2160, deviceUDID: emulator-5554, javascriptEnabled: true, locationContextEnabled: false, networkConnectionEnabled: true, newCommandTimeout: 1800, noReset: true, pixelRatio: 2.75, platform: ANDROID, platformName: Android, platformVersion: 12, statBarHeight: 66, systemPort: 8254, takesScreenshot: true, udid: emulator-5554, viewportRect: {height: 1962, left: 0, top: 66, width: 1080}, warnings: {}, webStorageEnabled: false}
Session ID: c8e4c3ec-6aae-42ed-82d6-073b9a3236ef
	at org.openqa.selenium.remote.http.W3CHttpResponseCodec.createException(W3CHttpResponseCodec.java:187)
	at org.openqa.selenium.remote.http.W3CHttpResponseCodec.decode(W3CHttpResponseCodec.java:122)
	at org.openqa.selenium.remote.http.W3CHttpResponseCodec.decode(W3CHttpResponseCodec.java:49)
	at org.openqa.selenium.remote.HttpCommandExecutor.execute(HttpCommandExecutor.java:158)
	at io.appium.java_client.remote.AppiumCommandExecutor.execute(AppiumCommandExecutor.java:239)
	at org.openqa.selenium.remote.RemoteWebDriver.execute(RemoteWebDriver.java:552)
	at io.appium.java_client.DefaultGenericMobileDriver.execute(DefaultGenericMobileDriver.java:42)
	at io.appium.java_client.AppiumDriver.execute(AppiumDriver.java:1)
	at io.appium.java_client.android.AndroidDriver.execute(AndroidDriver.java:1)
	at com.kms.katalon.core.appium.driver.SwipeableAndroidDriver.execute(SwipeableAndroidDriver.java:1)
	at io.appium.java_client.CommandExecutionHelper.execute(CommandExecutionHelper.java:27)
	at io.appium.java_client.InteractsWithApps.activateApp(InteractsWithApps.java:165)
	at io.appium.java_client.InteractsWithApps.activateApp(InteractsWithApps.java:149)
	at io.appium.java_client.InteractsWithApps$activateApp.call(Unknown Source)
	at io.appium.java_client.InteractsWithApps$activateApp.call(Unknown Source)
	at com.kms.katalon.core.mobile.keyword.builtin.StartExistingApplicationKeyword$_startApplication_closure1.doCall(StartExistingApplicationKeyword.groovy:41)
	at com.kms.katalon.core.mobile.keyword.builtin.StartExistingApplicationKeyword$_startApplication_closure1.doCall(StartExistingApplicationKeyword.groovy)
	at com.kms.katalon.core.mobile.keyword.internal.MobileKeywordMain.runKeyword(MobileKeywordMain.groovy:21)
	at com.kms.katalon.core.mobile.keyword.internal.MobileKeywordMain$runKeyword.call(Unknown Source)
	at com.kms.katalon.core.mobile.keyword.builtin.StartExistingApplicationKeyword.startApplication(StartExistingApplicationKeyword.groovy:43)
	at com.kms.katalon.core.mobile.keyword.builtin.StartExistingApplicationKeyword.execute(StartExistingApplicationKeyword.groovy:34)
	at com.kms.katalon.core.keyword.internal.KeywordExecutor.executeKeywordForPlatform(KeywordExecutor.groovy:74)
	at com.kms.katalon.core.mobile.keyword.MobileBuiltInKeywords.startExistingApplication(MobileBuiltInKeywords.groovy:113)
	at com.kms.katalon.core.mobile.keyword.MobileBuiltInKeywords$startExistingApplication.call(Unknown Source)
	at Login Social Media.run(Login Social Media:25)
	at com.kms.katalon.core.main.ScriptEngine.run(ScriptEngine.java:194)
	at com.kms.katalon.core.main.ScriptEngine.runScriptAsRawText(ScriptEngine.java:119)
	at com.kms.katalon.core.main.TestCaseExecutor.runScript(TestCaseExecutor.java:448)
	at com.kms.katalon.core.main.TestCaseExecutor.doExecute(TestCaseExecutor.java:439)
	at com.kms.katalon.core.main.TestCaseExecutor.processExecutionPhase(TestCaseExecutor.java:418)
	at com.kms.katalon.core.main.TestCaseExecutor.accessMainPhase(TestCaseExecutor.java:410)
	at com.kms.katalon.core.main.TestCaseExecutor.execute(TestCaseExecutor.java:285)
	at com.kms.katalon.core.common.CommonExecutor.accessTestCaseMainPhase(CommonExecutor.java:65)
	at com.kms.katalon.core.main.TestSuiteExecutor.accessTestSuiteMainPhase(TestSuiteExecutor.java:151)
	at com.kms.katalon.core.main.TestSuiteExecutor.execute(TestSuiteExecutor.java:106)
	at com.kms.katalon.core.main.TestCaseMain.startTestSuite(TestCaseMain.java:185)
	at com.kms.katalon.core.main.TestCaseMain$startTestSuite$0.call(Unknown Source)
	at TempTestSuite1676616323940.run(TempTestSuite1676616323940.groovy:36)
)
	at com.kms.katalon.core.keyword.internal.KeywordMain.stepFailed(KeywordMain.groovy:50)
	at com.kms.katalon.core.mobile.keyword.internal.MobileKeywordMain.stepFailed(MobileKeywordMain.groovy:40)
	at com.kms.katalon.core.mobile.keyword.internal.MobileKeywordMain.runKeyword(MobileKeywordMain.groovy:23)
	at com.kms.katalon.core.mobile.keyword.internal.MobileKeywordMain$runKeyword.call(Unknown Source)
	at com.kms.katalon.core.mobile.keyword.builtin.StartExistingApplicationKeyword.startApplication(StartExistingApplicationKeyword.groovy:43)
	at com.kms.katalon.core.mobile.keyword.builtin.StartExistingApplicationKeyword.execute(StartExistingApplicationKeyword.groovy:34)
	at com.kms.katalon.core.keyword.internal.KeywordExecutor.executeKeywordForPlatform(KeywordExecutor.groovy:74)
	at com.kms.katalon.core.mobile.keyword.MobileBuiltInKeywords.startExistingApplication(MobileBuiltInKeywords.groovy:113)
	at com.kms.katalon.core.mobile.keyword.MobileBuiltInKeywords$startExistingApplication.call(Unknown Source)
	at Login Social Media.run(Login Social Media:25)
	at com.kms.katalon.core.main.ScriptEngine.run(ScriptEngine.java:194)
	at com.kms.katalon.core.main.ScriptEngine.runScriptAsRawText(ScriptEngine.java:119)
	at com.kms.katalon.core.main.TestCaseExecutor.runScript(TestCaseExecutor.java:448)
	at com.kms.katalon.core.main.TestCaseExecutor.doExecute(TestCaseExecutor.java:439)
	at com.kms.katalon.core.main.TestCaseExecutor.processExecutionPhase(TestCaseExecutor.java:418)
	at com.kms.katalon.core.main.TestCaseExecutor.accessMainPhase(TestCaseExecutor.java:410)
	at com.kms.katalon.core.main.TestCaseExecutor.execute(TestCaseExecutor.java:285)
	at com.kms.katalon.core.common.CommonExecutor.accessTestCaseMainPhase(CommonExecutor.java:65)
	at com.kms.katalon.core.main.TestSuiteExecutor.accessTestSuiteMainPhase(TestSuiteExecutor.java:151)
	at com.kms.katalon.core.main.TestSuiteExecutor.execute(TestSuiteExecutor.java:106)
	at com.kms.katalon.core.main.TestCaseMain.startTestSuite(TestCaseMain.java:185)
	at com.kms.katalon.core.main.TestCaseMain$startTestSuite$0.call(Unknown Source)
	at TempTestSuite1676616323940.run(TempTestSuite1676616323940.groovy:36)
Caused by: org.openqa.selenium.InvalidArgumentException: Parameters were incorrect. We wanted {&quot;required&quot;:[[&quot;appId&quot;],[&quot;bundleId&quot;]],&quot;optional&quot;:[&quot;options&quot;,&quot;sessionId&quot;,&quot;id&quot;]} and you sent []
Build info: version: '3.141.59', revision: 'e82be7d358', time: '2018-11-14T08:25:53'
System info: host: 'NKC-23', ip: '172.10.9.156', os.name: 'Windows 10', os.arch: 'amd64', os.version: '10.0', java.version: '1.8.0_282'
Driver info: com.kms.katalon.core.appium.driver.SwipeableAndroidDriver
Capabilities {appActivity: com.kfc.mobile.presentation..., appPackage: com.kfc.mobile.hkStaging, autoGrantPermissions: true, automationName: uiautomator2, chromedriverPort: 49903, databaseEnabled: false, desired: {appActivity: com.kfc.mobile.presentation..., appPackage: com.kfc.mobile.hkStaging, autoGrantPermissions: true, automationName: uiautomator2, chromedriverPort: 49903, deviceId: , deviceName: emulator-5554 (sdk_gphone64..., newCommandTimeout: 1800, noReset: true, platform: ANDROID, platformName: android, platformVersion: 12, systemPort: 8254, udid: emulator-5554}, deviceApiLevel: 31, deviceId: , deviceManufacturer: Google, deviceModel: sdk_gphone64_x86_64, deviceName: emulator-5554, deviceScreenDensity: 440, deviceScreenSize: 1080x2160, deviceUDID: emulator-5554, javascriptEnabled: true, locationContextEnabled: false, networkConnectionEnabled: true, newCommandTimeout: 1800, noReset: true, pixelRatio: 2.75, platform: ANDROID, platformName: Android, platformVersion: 12, statBarHeight: 66, systemPort: 8254, takesScreenshot: true, udid: emulator-5554, viewportRect: {height: 1962, left: 0, top: 66, width: 1080}, warnings: {}, webStorageEnabled: false}
Session ID: c8e4c3ec-6aae-42ed-82d6-073b9a3236ef
	at org.openqa.selenium.remote.http.W3CHttpResponseCodec.createException(W3CHttpResponseCodec.java:187)
	at org.openqa.selenium.remote.http.W3CHttpResponseCodec.decode(W3CHttpResponseCodec.java:122)
	at org.openqa.selenium.remote.http.W3CHttpResponseCodec.decode(W3CHttpResponseCodec.java:49)
	at org.openqa.selenium.remote.HttpCommandExecutor.execute(HttpCommandExecutor.java:158)
	at io.appium.java_client.remote.AppiumCommandExecutor.execute(AppiumCommandExecutor.java:239)
	at org.openqa.selenium.remote.RemoteWebDriver.execute(RemoteWebDriver.java:552)
	at io.appium.java_client.DefaultGenericMobileDriver.execute(DefaultGenericMobileDriver.java:42)
	at io.appium.java_client.AppiumDriver.execute(AppiumDriver.java:1)
	at io.appium.java_client.android.AndroidDriver.execute(AndroidDriver.java:1)
	at com.kms.katalon.core.appium.driver.SwipeableAndroidDriver.execute(SwipeableAndroidDriver.java:1)
	at io.appium.java_client.CommandExecutionHelper.execute(CommandExecutionHelper.java:27)
	at io.appium.java_client.InteractsWithApps.activateApp(InteractsWithApps.java:165)
	at io.appium.java_client.InteractsWithApps.activateApp(InteractsWithApps.java:149)
	at io.appium.java_client.InteractsWithApps$activateApp.call(Unknown Source)
	at io.appium.java_client.InteractsWithApps$activateApp.call(Unknown Source)
	at com.kms.katalon.core.mobile.keyword.builtin.StartExistingApplicationKeyword$_startApplication_closure1.doCall(StartExistingApplicationKeyword.groovy:41)
	at com.kms.katalon.core.mobile.keyword.builtin.StartExistingApplicationKeyword$_startApplication_closure1.doCall(StartExistingApplicationKeyword.groovy)
	at com.kms.katalon.core.mobile.keyword.internal.MobileKeywordMain.runKeyword(MobileKeywordMain.groovy:21)
	... 20 more
"/>
         <system-out><![CDATA[2023-02-17 13:48:11 - [TEST_CASE][FAILED] - Test Cases/Login KFCKU Apps/Login Social Media: Test Cases/Login KFCKU Apps/Login Social Media FAILED.
Reason:
com.kms.katalon.core.exception.StepFailedException: Unable to start app with application ID: '{0}' (Root cause: org.openqa.selenium.InvalidArgumentException: Parameters were incorrect. We wanted {"required":[["appId"],["bundleId"]],"optional":["options","sessionId","id"]} and you sent []
Build info: version: '3.141.59', revision: 'e82be7d358', time: '2018-11-14T08:25:53'
System info: host: 'NKC-23', ip: '172.10.9.156', os.name: 'Windows 10', os.arch: 'amd64', os.version: '10.0', java.version: '1.8.0_282'
Driver info: com.kms.katalon.core.appium.driver.SwipeableAndroidDriver
Capabilities {appActivity: com.kfc.mobile.presentation..., appPackage: com.kfc.mobile.hkStaging, autoGrantPermissions: true, automationName: uiautomator2, chromedriverPort: 49903, databaseEnabled: false, desired: {appActivity: com.kfc.mobile.presentation..., appPackage: com.kfc.mobile.hkStaging, autoGrantPermissions: true, automationName: uiautomator2, chromedriverPort: 49903, deviceId: , deviceName: emulator-5554 (sdk_gphone64..., newCommandTimeout: 1800, noReset: true, platform: ANDROID, platformName: android, platformVersion: 12, systemPort: 8254, udid: emulator-5554}, deviceApiLevel: 31, deviceId: , deviceManufacturer: Google, deviceModel: sdk_gphone64_x86_64, deviceName: emulator-5554, deviceScreenDensity: 440, deviceScreenSize: 1080x2160, deviceUDID: emulator-5554, javascriptEnabled: true, locationContextEnabled: false, networkConnectionEnabled: true, newCommandTimeout: 1800, noReset: true, pixelRatio: 2.75, platform: ANDROID, platformName: Android, platformVersion: 12, statBarHeight: 66, systemPort: 8254, takesScreenshot: true, udid: emulator-5554, viewportRect: {height: 1962, left: 0, top: 66, width: 1080}, warnings: {}, webStorageEnabled: false}
Session ID: c8e4c3ec-6aae-42ed-82d6-073b9a3236ef
	at org.openqa.selenium.remote.http.W3CHttpResponseCodec.createException(W3CHttpResponseCodec.java:187)
	at org.openqa.selenium.remote.http.W3CHttpResponseCodec.decode(W3CHttpResponseCodec.java:122)
	at org.openqa.selenium.remote.http.W3CHttpResponseCodec.decode(W3CHttpResponseCodec.java:49)
	at org.openqa.selenium.remote.HttpCommandExecutor.execute(HttpCommandExecutor.java:158)
	at io.appium.java_client.remote.AppiumCommandExecutor.execute(AppiumCommandExecutor.java:239)
	at org.openqa.selenium.remote.RemoteWebDriver.execute(RemoteWebDriver.java:552)
	at io.appium.java_client.DefaultGenericMobileDriver.execute(DefaultGenericMobileDriver.java:42)
	at io.appium.java_client.AppiumDriver.execute(AppiumDriver.java:1)
	at io.appium.java_client.android.AndroidDriver.execute(AndroidDriver.java:1)
	at com.kms.katalon.core.appium.driver.SwipeableAndroidDriver.execute(SwipeableAndroidDriver.java:1)
	at io.appium.java_client.CommandExecutionHelper.execute(CommandExecutionHelper.java:27)
	at io.appium.java_client.InteractsWithApps.activateApp(InteractsWithApps.java:165)
	at io.appium.java_client.InteractsWithApps.activateApp(InteractsWithApps.java:149)
	at io.appium.java_client.InteractsWithApps$activateApp.call(Unknown Source)
	at io.appium.java_client.InteractsWithApps$activateApp.call(Unknown Source)
	at com.kms.katalon.core.mobile.keyword.builtin.StartExistingApplicationKeyword$_startApplication_closure1.doCall(StartExistingApplicationKeyword.groovy:41)
	at com.kms.katalon.core.mobile.keyword.builtin.StartExistingApplicationKeyword$_startApplication_closure1.doCall(StartExistingApplicationKeyword.groovy)
	at com.kms.katalon.core.mobile.keyword.internal.MobileKeywordMain.runKeyword(MobileKeywordMain.groovy:21)
	at com.kms.katalon.core.mobile.keyword.internal.MobileKeywordMain$runKeyword.call(Unknown Source)
	at com.kms.katalon.core.mobile.keyword.builtin.StartExistingApplicationKeyword.startApplication(StartExistingApplicationKeyword.groovy:43)
	at com.kms.katalon.core.mobile.keyword.builtin.StartExistingApplicationKeyword.execute(StartExistingApplicationKeyword.groovy:34)
	at com.kms.katalon.core.keyword.internal.KeywordExecutor.executeKeywordForPlatform(KeywordExecutor.groovy:74)
	at com.kms.katalon.core.mobile.keyword.MobileBuiltInKeywords.startExistingApplication(MobileBuiltInKeywords.groovy:113)
	at com.kms.katalon.core.mobile.keyword.MobileBuiltInKeywords$startExistingApplication.call(Unknown Source)
	at Login Social Media.run(Login Social Media:25)
	at com.kms.katalon.core.main.ScriptEngine.run(ScriptEngine.java:194)
	at com.kms.katalon.core.main.ScriptEngine.runScriptAsRawText(ScriptEngine.java:119)
	at com.kms.katalon.core.main.TestCaseExecutor.runScript(TestCaseExecutor.java:448)
	at com.kms.katalon.core.main.TestCaseExecutor.doExecute(TestCaseExecutor.java:439)
	at com.kms.katalon.core.main.TestCaseExecutor.processExecutionPhase(TestCaseExecutor.java:418)
	at com.kms.katalon.core.main.TestCaseExecutor.accessMainPhase(TestCaseExecutor.java:410)
	at com.kms.katalon.core.main.TestCaseExecutor.execute(TestCaseExecutor.java:285)
	at com.kms.katalon.core.common.CommonExecutor.accessTestCaseMainPhase(CommonExecutor.java:65)
	at com.kms.katalon.core.main.TestSuiteExecutor.accessTestSuiteMainPhase(TestSuiteExecutor.java:151)
	at com.kms.katalon.core.main.TestSuiteExecutor.execute(TestSuiteExecutor.java:106)
	at com.kms.katalon.core.main.TestCaseMain.startTestSuite(TestCaseMain.java:185)
	at com.kms.katalon.core.main.TestCaseMain$startTestSuite$0.call(Unknown Source)
	at TempTestSuite1676616323940.run(TempTestSuite1676616323940.groovy:36)
)
	at com.kms.katalon.core.keyword.internal.KeywordMain.stepFailed(KeywordMain.groovy:50)
	at com.kms.katalon.core.mobile.keyword.internal.MobileKeywordMain.stepFailed(MobileKeywordMain.groovy:40)
	at com.kms.katalon.core.mobile.keyword.internal.MobileKeywordMain.runKeyword(MobileKeywordMain.groovy:23)
	at com.kms.katalon.core.mobile.keyword.internal.MobileKeywordMain$runKeyword.call(Unknown Source)
	at com.kms.katalon.core.mobile.keyword.builtin.StartExistingApplicationKeyword.startApplication(StartExistingApplicationKeyword.groovy:43)
	at com.kms.katalon.core.mobile.keyword.builtin.StartExistingApplicationKeyword.execute(StartExistingApplicationKeyword.groovy:34)
	at com.kms.katalon.core.keyword.internal.KeywordExecutor.executeKeywordForPlatform(KeywordExecutor.groovy:74)
	at com.kms.katalon.core.mobile.keyword.MobileBuiltInKeywords.startExistingApplication(MobileBuiltInKeywords.groovy:113)
	at com.kms.katalon.core.mobile.keyword.MobileBuiltInKeywords$startExistingApplication.call(Unknown Source)
	at Login Social Media.run(Login Social Media:25)
	at com.kms.katalon.core.main.ScriptEngine.run(ScriptEngine.java:194)
	at com.kms.katalon.core.main.ScriptEngine.runScriptAsRawText(ScriptEngine.java:119)
	at com.kms.katalon.core.main.TestCaseExecutor.runScript(TestCaseExecutor.java:448)
	at com.kms.katalon.core.main.TestCaseExecutor.doExecute(TestCaseExecutor.java:439)
	at com.kms.katalon.core.main.TestCaseExecutor.processExecutionPhase(TestCaseExecutor.java:418)
	at com.kms.katalon.core.main.TestCaseExecutor.accessMainPhase(TestCaseExecutor.java:410)
	at com.kms.katalon.core.main.TestCaseExecutor.execute(TestCaseExecutor.java:285)
	at com.kms.katalon.core.common.CommonExecutor.accessTestCaseMainPhase(CommonExecutor.java:65)
	at com.kms.katalon.core.main.TestSuiteExecutor.accessTestSuiteMainPhase(TestSuiteExecutor.java:151)
	at com.kms.katalon.core.main.TestSuiteExecutor.execute(TestSuiteExecutor.java:106)
	at com.kms.katalon.core.main.TestCaseMain.startTestSuite(TestCaseMain.java:185)
	at com.kms.katalon.core.main.TestCaseMain$startTestSuite$0.call(Unknown Source)
	at TempTestSuite1676616323940.run(TempTestSuite1676616323940.groovy:36)
Caused by: org.openqa.selenium.InvalidArgumentException: Parameters were incorrect. We wanted {"required":[["appId"],["bundleId"]],"optional":["options","sessionId","id"]} and you sent []
Build info: version: '3.141.59', revision: 'e82be7d358', time: '2018-11-14T08:25:53'
System info: host: 'NKC-23', ip: '172.10.9.156', os.name: 'Windows 10', os.arch: 'amd64', os.version: '10.0', java.version: '1.8.0_282'
Driver info: com.kms.katalon.core.appium.driver.SwipeableAndroidDriver
Capabilities {appActivity: com.kfc.mobile.presentation..., appPackage: com.kfc.mobile.hkStaging, autoGrantPermissions: true, automationName: uiautomator2, chromedriverPort: 49903, databaseEnabled: false, desired: {appActivity: com.kfc.mobile.presentation..., appPackage: com.kfc.mobile.hkStaging, autoGrantPermissions: true, automationName: uiautomator2, chromedriverPort: 49903, deviceId: , deviceName: emulator-5554 (sdk_gphone64..., newCommandTimeout: 1800, noReset: true, platform: ANDROID, platformName: android, platformVersion: 12, systemPort: 8254, udid: emulator-5554}, deviceApiLevel: 31, deviceId: , deviceManufacturer: Google, deviceModel: sdk_gphone64_x86_64, deviceName: emulator-5554, deviceScreenDensity: 440, deviceScreenSize: 1080x2160, deviceUDID: emulator-5554, javascriptEnabled: true, locationContextEnabled: false, networkConnectionEnabled: true, newCommandTimeout: 1800, noReset: true, pixelRatio: 2.75, platform: ANDROID, platformName: Android, platformVersion: 12, statBarHeight: 66, systemPort: 8254, takesScreenshot: true, udid: emulator-5554, viewportRect: {height: 1962, left: 0, top: 66, width: 1080}, warnings: {}, webStorageEnabled: false}
Session ID: c8e4c3ec-6aae-42ed-82d6-073b9a3236ef
	at org.openqa.selenium.remote.http.W3CHttpResponseCodec.createException(W3CHttpResponseCodec.java:187)
	at org.openqa.selenium.remote.http.W3CHttpResponseCodec.decode(W3CHttpResponseCodec.java:122)
	at org.openqa.selenium.remote.http.W3CHttpResponseCodec.decode(W3CHttpResponseCodec.java:49)
	at org.openqa.selenium.remote.HttpCommandExecutor.execute(HttpCommandExecutor.java:158)
	at io.appium.java_client.remote.AppiumCommandExecutor.execute(AppiumCommandExecutor.java:239)
	at org.openqa.selenium.remote.RemoteWebDriver.execute(RemoteWebDriver.java:552)
	at io.appium.java_client.DefaultGenericMobileDriver.execute(DefaultGenericMobileDriver.java:42)
	at io.appium.java_client.AppiumDriver.execute(AppiumDriver.java:1)
	at io.appium.java_client.android.AndroidDriver.execute(AndroidDriver.java:1)
	at com.kms.katalon.core.appium.driver.SwipeableAndroidDriver.execute(SwipeableAndroidDriver.java:1)
	at io.appium.java_client.CommandExecutionHelper.execute(CommandExecutionHelper.java:27)
	at io.appium.java_client.InteractsWithApps.activateApp(InteractsWithApps.java:165)
	at io.appium.java_client.InteractsWithApps.activateApp(InteractsWithApps.java:149)
	at io.appium.java_client.InteractsWithApps$activateApp.call(Unknown Source)
	at io.appium.java_client.InteractsWithApps$activateApp.call(Unknown Source)
	at com.kms.katalon.core.mobile.keyword.builtin.StartExistingApplicationKeyword$_startApplication_closure1.doCall(StartExistingApplicationKeyword.groovy:41)
	at com.kms.katalon.core.mobile.keyword.builtin.StartExistingApplicationKeyword$_startApplication_closure1.doCall(StartExistingApplicationKeyword.groovy)
	at com.kms.katalon.core.mobile.keyword.internal.MobileKeywordMain.runKeyword(MobileKeywordMain.groovy:21)
	... 20 more


2023-02-17 13:48:12 - [TEST_STEP][FAILED] - startExistingApplication(appPackage, STOP_ON_FAILURE): Unable to start app with application ID: '{0}' (Root cause: org.openqa.selenium.InvalidArgumentException: Parameters were incorrect. We wanted {"required":[["appId"],["bundleId"]],"optional":["options","sessionId","id"]} and you sent []
Build info: version: '3.141.59', revision: 'e82be7d358', time: '2018-11-14T08:25:53'
System info: host: 'NKC-23', ip: '172.10.9.156', os.name: 'Windows 10', os.arch: 'amd64', os.version: '10.0', java.version: '1.8.0_282'
Driver info: com.kms.katalon.core.appium.driver.SwipeableAndroidDriver
Capabilities {appActivity: com.kfc.mobile.presentation..., appPackage: com.kfc.mobile.hkStaging, autoGrantPermissions: true, automationName: uiautomator2, chromedriverPort: 49903, databaseEnabled: false, desired: {appActivity: com.kfc.mobile.presentation..., appPackage: com.kfc.mobile.hkStaging, autoGrantPermissions: true, automationName: uiautomator2, chromedriverPort: 49903, deviceId: , deviceName: emulator-5554 (sdk_gphone64..., newCommandTimeout: 1800, noReset: true, platform: ANDROID, platformName: android, platformVersion: 12, systemPort: 8254, udid: emulator-5554}, deviceApiLevel: 31, deviceId: , deviceManufacturer: Google, deviceModel: sdk_gphone64_x86_64, deviceName: emulator-5554, deviceScreenDensity: 440, deviceScreenSize: 1080x2160, deviceUDID: emulator-5554, javascriptEnabled: true, locationContextEnabled: false, networkConnectionEnabled: true, newCommandTimeout: 1800, noReset: true, pixelRatio: 2.75, platform: ANDROID, platformName: Android, platformVersion: 12, statBarHeight: 66, systemPort: 8254, takesScreenshot: true, udid: emulator-5554, viewportRect: {height: 1962, left: 0, top: 66, width: 1080}, warnings: {}, webStorageEnabled: false}
Session ID: c8e4c3ec-6aae-42ed-82d6-073b9a3236ef
	at org.openqa.selenium.remote.http.W3CHttpResponseCodec.createException(W3CHttpResponseCodec.java:187)
	at org.openqa.selenium.remote.http.W3CHttpResponseCodec.decode(W3CHttpResponseCodec.java:122)
	at org.openqa.selenium.remote.http.W3CHttpResponseCodec.decode(W3CHttpResponseCodec.java:49)
	at org.openqa.selenium.remote.HttpCommandExecutor.execute(HttpCommandExecutor.java:158)
	at io.appium.java_client.remote.AppiumCommandExecutor.execute(AppiumCommandExecutor.java:239)
	at org.openqa.selenium.remote.RemoteWebDriver.execute(RemoteWebDriver.java:552)
	at io.appium.java_client.DefaultGenericMobileDriver.execute(DefaultGenericMobileDriver.java:42)
	at io.appium.java_client.AppiumDriver.execute(AppiumDriver.java:1)
	at io.appium.java_client.android.AndroidDriver.execute(AndroidDriver.java:1)
	at com.kms.katalon.core.appium.driver.SwipeableAndroidDriver.execute(SwipeableAndroidDriver.java:1)
	at io.appium.java_client.CommandExecutionHelper.execute(CommandExecutionHelper.java:27)
	at io.appium.java_client.InteractsWithApps.activateApp(InteractsWithApps.java:165)
	at io.appium.java_client.InteractsWithApps.activateApp(InteractsWithApps.java:149)
	at io.appium.java_client.InteractsWithApps$activateApp.call(Unknown Source)
	at io.appium.java_client.InteractsWithApps$activateApp.call(Unknown Source)
	at com.kms.katalon.core.mobile.keyword.builtin.StartExistingApplicationKeyword$_startApplication_closure1.doCall(StartExistingApplicationKeyword.groovy:41)
	at com.kms.katalon.core.mobile.keyword.builtin.StartExistingApplicationKeyword$_startApplication_closure1.doCall(StartExistingApplicationKeyword.groovy)
	at com.kms.katalon.core.mobile.keyword.internal.MobileKeywordMain.runKeyword(MobileKeywordMain.groovy:21)
	at com.kms.katalon.core.mobile.keyword.internal.MobileKeywordMain$runKeyword.call(Unknown Source)
	at com.kms.katalon.core.mobile.keyword.builtin.StartExistingApplicationKeyword.startApplication(StartExistingApplicationKeyword.groovy:43)
	at com.kms.katalon.core.mobile.keyword.builtin.StartExistingApplicationKeyword.execute(StartExistingApplicationKeyword.groovy:34)
	at com.kms.katalon.core.keyword.internal.KeywordExecutor.executeKeywordForPlatform(KeywordExecutor.groovy:74)
	at com.kms.katalon.core.mobile.keyword.MobileBuiltInKeywords.startExistingApplication(MobileBuiltInKeywords.groovy:113)
	at com.kms.katalon.core.mobile.keyword.MobileBuiltInKeywords$startExistingApplication.call(Unknown Source)
	at Login Social Media.run(Login Social Media:25)
	at com.kms.katalon.core.main.ScriptEngine.run(ScriptEngine.java:194)
	at com.kms.katalon.core.main.ScriptEngine.runScriptAsRawText(ScriptEngine.java:119)
	at com.kms.katalon.core.main.TestCaseExecutor.runScript(TestCaseExecutor.java:448)
	at com.kms.katalon.core.main.TestCaseExecutor.doExecute(TestCaseExecutor.java:439)
	at com.kms.katalon.core.main.TestCaseExecutor.processExecutionPhase(TestCaseExecutor.java:418)
	at com.kms.katalon.core.main.TestCaseExecutor.accessMainPhase(TestCaseExecutor.java:410)
	at com.kms.katalon.core.main.TestCaseExecutor.execute(TestCaseExecutor.java:285)
	at com.kms.katalon.core.common.CommonExecutor.accessTestCaseMainPhase(CommonExecutor.java:65)
	at com.kms.katalon.core.main.TestSuiteExecutor.accessTestSuiteMainPhase(TestSuiteExecutor.java:151)
	at com.kms.katalon.core.main.TestSuiteExecutor.execute(TestSuiteExecutor.java:106)
	at com.kms.katalon.core.main.TestCaseMain.startTestSuite(TestCaseMain.java:185)
	at com.kms.katalon.core.main.TestCaseMain$startTestSuite$0.call(Unknown Source)
	at TempTestSuite1676616323940.run(TempTestSuite1676616323940.groovy:36)
)

2023-02-17 13:48:12 - [MESSAGE][INFO] - User set preference: ['appPackage', 'com.kfc.mobile.hkStaging']

2023-02-17 13:48:12 - [MESSAGE][INFO] - User set preference: ['appActivity', 'com.kfc.mobile.presentation.splash.SplashActivity']

2023-02-17 13:48:12 - [MESSAGE][INFO] - User set preference: ['noReset', 'true']

2023-02-17 13:48:12 - [MESSAGE][INFO] - User set preference: ['deviceId', '']

2023-02-17 13:48:30 - [MESSAGE][FAILED] - Unable to start app with application ID: '{0}' (Root cause: org.openqa.selenium.InvalidArgumentException: Parameters were incorrect. We wanted {"required":[["appId"],["bundleId"]],"optional":["options","sessionId","id"]} and you sent []
Build info: version: '3.141.59', revision: 'e82be7d358', time: '2018-11-14T08:25:53'
System info: host: 'NKC-23', ip: '172.10.9.156', os.name: 'Windows 10', os.arch: 'amd64', os.version: '10.0', java.version: '1.8.0_282'
Driver info: com.kms.katalon.core.appium.driver.SwipeableAndroidDriver
Capabilities {appActivity: com.kfc.mobile.presentation..., appPackage: com.kfc.mobile.hkStaging, autoGrantPermissions: true, automationName: uiautomator2, chromedriverPort: 49903, databaseEnabled: false, desired: {appActivity: com.kfc.mobile.presentation..., appPackage: com.kfc.mobile.hkStaging, autoGrantPermissions: true, automationName: uiautomator2, chromedriverPort: 49903, deviceId: , deviceName: emulator-5554 (sdk_gphone64..., newCommandTimeout: 1800, noReset: true, platform: ANDROID, platformName: android, platformVersion: 12, systemPort: 8254, udid: emulator-5554}, deviceApiLevel: 31, deviceId: , deviceManufacturer: Google, deviceModel: sdk_gphone64_x86_64, deviceName: emulator-5554, deviceScreenDensity: 440, deviceScreenSize: 1080x2160, deviceUDID: emulator-5554, javascriptEnabled: true, locationContextEnabled: false, networkConnectionEnabled: true, newCommandTimeout: 1800, noReset: true, pixelRatio: 2.75, platform: ANDROID, platformName: Android, platformVersion: 12, statBarHeight: 66, systemPort: 8254, takesScreenshot: true, udid: emulator-5554, viewportRect: {height: 1962, left: 0, top: 66, width: 1080}, warnings: {}, webStorageEnabled: false}
Session ID: c8e4c3ec-6aae-42ed-82d6-073b9a3236ef
	at org.openqa.selenium.remote.http.W3CHttpResponseCodec.createException(W3CHttpResponseCodec.java:187)
	at org.openqa.selenium.remote.http.W3CHttpResponseCodec.decode(W3CHttpResponseCodec.java:122)
	at org.openqa.selenium.remote.http.W3CHttpResponseCodec.decode(W3CHttpResponseCodec.java:49)
	at org.openqa.selenium.remote.HttpCommandExecutor.execute(HttpCommandExecutor.java:158)
	at io.appium.java_client.remote.AppiumCommandExecutor.execute(AppiumCommandExecutor.java:239)
	at org.openqa.selenium.remote.RemoteWebDriver.execute(RemoteWebDriver.java:552)
	at io.appium.java_client.DefaultGenericMobileDriver.execute(DefaultGenericMobileDriver.java:42)
	at io.appium.java_client.AppiumDriver.execute(AppiumDriver.java:1)
	at io.appium.java_client.android.AndroidDriver.execute(AndroidDriver.java:1)
	at com.kms.katalon.core.appium.driver.SwipeableAndroidDriver.execute(SwipeableAndroidDriver.java:1)
	at io.appium.java_client.CommandExecutionHelper.execute(CommandExecutionHelper.java:27)
	at io.appium.java_client.InteractsWithApps.activateApp(InteractsWithApps.java:165)
	at io.appium.java_client.InteractsWithApps.activateApp(InteractsWithApps.java:149)
	at io.appium.java_client.InteractsWithApps$activateApp.call(Unknown Source)
	at io.appium.java_client.InteractsWithApps$activateApp.call(Unknown Source)
	at com.kms.katalon.core.mobile.keyword.builtin.StartExistingApplicationKeyword$_startApplication_closure1.doCall(StartExistingApplicationKeyword.groovy:41)
	at com.kms.katalon.core.mobile.keyword.builtin.StartExistingApplicationKeyword$_startApplication_closure1.doCall(StartExistingApplicationKeyword.groovy)
	at com.kms.katalon.core.mobile.keyword.internal.MobileKeywordMain.runKeyword(MobileKeywordMain.groovy:21)
	at com.kms.katalon.core.mobile.keyword.internal.MobileKeywordMain$runKeyword.call(Unknown Source)
	at com.kms.katalon.core.mobile.keyword.builtin.StartExistingApplicationKeyword.startApplication(StartExistingApplicationKeyword.groovy:43)
	at com.kms.katalon.core.mobile.keyword.builtin.StartExistingApplicationKeyword.execute(StartExistingApplicationKeyword.groovy:34)
	at com.kms.katalon.core.keyword.internal.KeywordExecutor.executeKeywordForPlatform(KeywordExecutor.groovy:74)
	at com.kms.katalon.core.mobile.keyword.MobileBuiltInKeywords.startExistingApplication(MobileBuiltInKeywords.groovy:113)
	at com.kms.katalon.core.mobile.keyword.MobileBuiltInKeywords$startExistingApplication.call(Unknown Source)
	at Login Social Media.run(Login Social Media:25)
	at com.kms.katalon.core.main.ScriptEngine.run(ScriptEngine.java:194)
	at com.kms.katalon.core.main.ScriptEngine.runScriptAsRawText(ScriptEngine.java:119)
	at com.kms.katalon.core.main.TestCaseExecutor.runScript(TestCaseExecutor.java:448)
	at com.kms.katalon.core.main.TestCaseExecutor.doExecute(TestCaseExecutor.java:439)
	at com.kms.katalon.core.main.TestCaseExecutor.processExecutionPhase(TestCaseExecutor.java:418)
	at com.kms.katalon.core.main.TestCaseExecutor.accessMainPhase(TestCaseExecutor.java:410)
	at com.kms.katalon.core.main.TestCaseExecutor.execute(TestCaseExecutor.java:285)
	at com.kms.katalon.core.common.CommonExecutor.accessTestCaseMainPhase(CommonExecutor.java:65)
	at com.kms.katalon.core.main.TestSuiteExecutor.accessTestSuiteMainPhase(TestSuiteExecutor.java:151)
	at com.kms.katalon.core.main.TestSuiteExecutor.execute(TestSuiteExecutor.java:106)
	at com.kms.katalon.core.main.TestCaseMain.startTestSuite(TestCaseMain.java:185)
	at com.kms.katalon.core.main.TestCaseMain$startTestSuite$0.call(Unknown Source)
	at TempTestSuite1676616323940.run(TempTestSuite1676616323940.groovy:36)
)

2023-02-17 13:48:30 - [TEST_STEP][PASSED] - Start listener action : sampleAfterTestCase: null

2023-02-17 13:48:30 - [TEST_STEP][PASSED] - println(testCaseContext.getTestCaseId()): null

2023-02-17 13:48:30 - [TEST_STEP][PASSED] - println(testCaseContext.getTestCaseStatus()): null]]></system-out>
         <system-err><![CDATA[2023-02-17 13:48:11 - [TEST_CASE][FAILED] - Test Cases/Login KFCKU Apps/Login Social Media: Test Cases/Login KFCKU Apps/Login Social Media FAILED.
Reason:
com.kms.katalon.core.exception.StepFailedException: Unable to start app with application ID: '{0}' (Root cause: org.openqa.selenium.InvalidArgumentException: Parameters were incorrect. We wanted {"required":[["appId"],["bundleId"]],"optional":["options","sessionId","id"]} and you sent []
Build info: version: '3.141.59', revision: 'e82be7d358', time: '2018-11-14T08:25:53'
System info: host: 'NKC-23', ip: '172.10.9.156', os.name: 'Windows 10', os.arch: 'amd64', os.version: '10.0', java.version: '1.8.0_282'
Driver info: com.kms.katalon.core.appium.driver.SwipeableAndroidDriver
Capabilities {appActivity: com.kfc.mobile.presentation..., appPackage: com.kfc.mobile.hkStaging, autoGrantPermissions: true, automationName: uiautomator2, chromedriverPort: 49903, databaseEnabled: false, desired: {appActivity: com.kfc.mobile.presentation..., appPackage: com.kfc.mobile.hkStaging, autoGrantPermissions: true, automationName: uiautomator2, chromedriverPort: 49903, deviceId: , deviceName: emulator-5554 (sdk_gphone64..., newCommandTimeout: 1800, noReset: true, platform: ANDROID, platformName: android, platformVersion: 12, systemPort: 8254, udid: emulator-5554}, deviceApiLevel: 31, deviceId: , deviceManufacturer: Google, deviceModel: sdk_gphone64_x86_64, deviceName: emulator-5554, deviceScreenDensity: 440, deviceScreenSize: 1080x2160, deviceUDID: emulator-5554, javascriptEnabled: true, locationContextEnabled: false, networkConnectionEnabled: true, newCommandTimeout: 1800, noReset: true, pixelRatio: 2.75, platform: ANDROID, platformName: Android, platformVersion: 12, statBarHeight: 66, systemPort: 8254, takesScreenshot: true, udid: emulator-5554, viewportRect: {height: 1962, left: 0, top: 66, width: 1080}, warnings: {}, webStorageEnabled: false}
Session ID: c8e4c3ec-6aae-42ed-82d6-073b9a3236ef
	at org.openqa.selenium.remote.http.W3CHttpResponseCodec.createException(W3CHttpResponseCodec.java:187)
	at org.openqa.selenium.remote.http.W3CHttpResponseCodec.decode(W3CHttpResponseCodec.java:122)
	at org.openqa.selenium.remote.http.W3CHttpResponseCodec.decode(W3CHttpResponseCodec.java:49)
	at org.openqa.selenium.remote.HttpCommandExecutor.execute(HttpCommandExecutor.java:158)
	at io.appium.java_client.remote.AppiumCommandExecutor.execute(AppiumCommandExecutor.java:239)
	at org.openqa.selenium.remote.RemoteWebDriver.execute(RemoteWebDriver.java:552)
	at io.appium.java_client.DefaultGenericMobileDriver.execute(DefaultGenericMobileDriver.java:42)
	at io.appium.java_client.AppiumDriver.execute(AppiumDriver.java:1)
	at io.appium.java_client.android.AndroidDriver.execute(AndroidDriver.java:1)
	at com.kms.katalon.core.appium.driver.SwipeableAndroidDriver.execute(SwipeableAndroidDriver.java:1)
	at io.appium.java_client.CommandExecutionHelper.execute(CommandExecutionHelper.java:27)
	at io.appium.java_client.InteractsWithApps.activateApp(InteractsWithApps.java:165)
	at io.appium.java_client.InteractsWithApps.activateApp(InteractsWithApps.java:149)
	at io.appium.java_client.InteractsWithApps$activateApp.call(Unknown Source)
	at io.appium.java_client.InteractsWithApps$activateApp.call(Unknown Source)
	at com.kms.katalon.core.mobile.keyword.builtin.StartExistingApplicationKeyword$_startApplication_closure1.doCall(StartExistingApplicationKeyword.groovy:41)
	at com.kms.katalon.core.mobile.keyword.builtin.StartExistingApplicationKeyword$_startApplication_closure1.doCall(StartExistingApplicationKeyword.groovy)
	at com.kms.katalon.core.mobile.keyword.internal.MobileKeywordMain.runKeyword(MobileKeywordMain.groovy:21)
	at com.kms.katalon.core.mobile.keyword.internal.MobileKeywordMain$runKeyword.call(Unknown Source)
	at com.kms.katalon.core.mobile.keyword.builtin.StartExistingApplicationKeyword.startApplication(StartExistingApplicationKeyword.groovy:43)
	at com.kms.katalon.core.mobile.keyword.builtin.StartExistingApplicationKeyword.execute(StartExistingApplicationKeyword.groovy:34)
	at com.kms.katalon.core.keyword.internal.KeywordExecutor.executeKeywordForPlatform(KeywordExecutor.groovy:74)
	at com.kms.katalon.core.mobile.keyword.MobileBuiltInKeywords.startExistingApplication(MobileBuiltInKeywords.groovy:113)
	at com.kms.katalon.core.mobile.keyword.MobileBuiltInKeywords$startExistingApplication.call(Unknown Source)
	at Login Social Media.run(Login Social Media:25)
	at com.kms.katalon.core.main.ScriptEngine.run(ScriptEngine.java:194)
	at com.kms.katalon.core.main.ScriptEngine.runScriptAsRawText(ScriptEngine.java:119)
	at com.kms.katalon.core.main.TestCaseExecutor.runScript(TestCaseExecutor.java:448)
	at com.kms.katalon.core.main.TestCaseExecutor.doExecute(TestCaseExecutor.java:439)
	at com.kms.katalon.core.main.TestCaseExecutor.processExecutionPhase(TestCaseExecutor.java:418)
	at com.kms.katalon.core.main.TestCaseExecutor.accessMainPhase(TestCaseExecutor.java:410)
	at com.kms.katalon.core.main.TestCaseExecutor.execute(TestCaseExecutor.java:285)
	at com.kms.katalon.core.common.CommonExecutor.accessTestCaseMainPhase(CommonExecutor.java:65)
	at com.kms.katalon.core.main.TestSuiteExecutor.accessTestSuiteMainPhase(TestSuiteExecutor.java:151)
	at com.kms.katalon.core.main.TestSuiteExecutor.execute(TestSuiteExecutor.java:106)
	at com.kms.katalon.core.main.TestCaseMain.startTestSuite(TestCaseMain.java:185)
	at com.kms.katalon.core.main.TestCaseMain$startTestSuite$0.call(Unknown Source)
	at TempTestSuite1676616323940.run(TempTestSuite1676616323940.groovy:36)
)
	at com.kms.katalon.core.keyword.internal.KeywordMain.stepFailed(KeywordMain.groovy:50)
	at com.kms.katalon.core.mobile.keyword.internal.MobileKeywordMain.stepFailed(MobileKeywordMain.groovy:40)
	at com.kms.katalon.core.mobile.keyword.internal.MobileKeywordMain.runKeyword(MobileKeywordMain.groovy:23)
	at com.kms.katalon.core.mobile.keyword.internal.MobileKeywordMain$runKeyword.call(Unknown Source)
	at com.kms.katalon.core.mobile.keyword.builtin.StartExistingApplicationKeyword.startApplication(StartExistingApplicationKeyword.groovy:43)
	at com.kms.katalon.core.mobile.keyword.builtin.StartExistingApplicationKeyword.execute(StartExistingApplicationKeyword.groovy:34)
	at com.kms.katalon.core.keyword.internal.KeywordExecutor.executeKeywordForPlatform(KeywordExecutor.groovy:74)
	at com.kms.katalon.core.mobile.keyword.MobileBuiltInKeywords.startExistingApplication(MobileBuiltInKeywords.groovy:113)
	at com.kms.katalon.core.mobile.keyword.MobileBuiltInKeywords$startExistingApplication.call(Unknown Source)
	at Login Social Media.run(Login Social Media:25)
	at com.kms.katalon.core.main.ScriptEngine.run(ScriptEngine.java:194)
	at com.kms.katalon.core.main.ScriptEngine.runScriptAsRawText(ScriptEngine.java:119)
	at com.kms.katalon.core.main.TestCaseExecutor.runScript(TestCaseExecutor.java:448)
	at com.kms.katalon.core.main.TestCaseExecutor.doExecute(TestCaseExecutor.java:439)
	at com.kms.katalon.core.main.TestCaseExecutor.processExecutionPhase(TestCaseExecutor.java:418)
	at com.kms.katalon.core.main.TestCaseExecutor.accessMainPhase(TestCaseExecutor.java:410)
	at com.kms.katalon.core.main.TestCaseExecutor.execute(TestCaseExecutor.java:285)
	at com.kms.katalon.core.common.CommonExecutor.accessTestCaseMainPhase(CommonExecutor.java:65)
	at com.kms.katalon.core.main.TestSuiteExecutor.accessTestSuiteMainPhase(TestSuiteExecutor.java:151)
	at com.kms.katalon.core.main.TestSuiteExecutor.execute(TestSuiteExecutor.java:106)
	at com.kms.katalon.core.main.TestCaseMain.startTestSuite(TestCaseMain.java:185)
	at com.kms.katalon.core.main.TestCaseMain$startTestSuite$0.call(Unknown Source)
	at TempTestSuite1676616323940.run(TempTestSuite1676616323940.groovy:36)
Caused by: org.openqa.selenium.InvalidArgumentException: Parameters were incorrect. We wanted {"required":[["appId"],["bundleId"]],"optional":["options","sessionId","id"]} and you sent []
Build info: version: '3.141.59', revision: 'e82be7d358', time: '2018-11-14T08:25:53'
System info: host: 'NKC-23', ip: '172.10.9.156', os.name: 'Windows 10', os.arch: 'amd64', os.version: '10.0', java.version: '1.8.0_282'
Driver info: com.kms.katalon.core.appium.driver.SwipeableAndroidDriver
Capabilities {appActivity: com.kfc.mobile.presentation..., appPackage: com.kfc.mobile.hkStaging, autoGrantPermissions: true, automationName: uiautomator2, chromedriverPort: 49903, databaseEnabled: false, desired: {appActivity: com.kfc.mobile.presentation..., appPackage: com.kfc.mobile.hkStaging, autoGrantPermissions: true, automationName: uiautomator2, chromedriverPort: 49903, deviceId: , deviceName: emulator-5554 (sdk_gphone64..., newCommandTimeout: 1800, noReset: true, platform: ANDROID, platformName: android, platformVersion: 12, systemPort: 8254, udid: emulator-5554}, deviceApiLevel: 31, deviceId: , deviceManufacturer: Google, deviceModel: sdk_gphone64_x86_64, deviceName: emulator-5554, deviceScreenDensity: 440, deviceScreenSize: 1080x2160, deviceUDID: emulator-5554, javascriptEnabled: true, locationContextEnabled: false, networkConnectionEnabled: true, newCommandTimeout: 1800, noReset: true, pixelRatio: 2.75, platform: ANDROID, platformName: Android, platformVersion: 12, statBarHeight: 66, systemPort: 8254, takesScreenshot: true, udid: emulator-5554, viewportRect: {height: 1962, left: 0, top: 66, width: 1080}, warnings: {}, webStorageEnabled: false}
Session ID: c8e4c3ec-6aae-42ed-82d6-073b9a3236ef
	at org.openqa.selenium.remote.http.W3CHttpResponseCodec.createException(W3CHttpResponseCodec.java:187)
	at org.openqa.selenium.remote.http.W3CHttpResponseCodec.decode(W3CHttpResponseCodec.java:122)
	at org.openqa.selenium.remote.http.W3CHttpResponseCodec.decode(W3CHttpResponseCodec.java:49)
	at org.openqa.selenium.remote.HttpCommandExecutor.execute(HttpCommandExecutor.java:158)
	at io.appium.java_client.remote.AppiumCommandExecutor.execute(AppiumCommandExecutor.java:239)
	at org.openqa.selenium.remote.RemoteWebDriver.execute(RemoteWebDriver.java:552)
	at io.appium.java_client.DefaultGenericMobileDriver.execute(DefaultGenericMobileDriver.java:42)
	at io.appium.java_client.AppiumDriver.execute(AppiumDriver.java:1)
	at io.appium.java_client.android.AndroidDriver.execute(AndroidDriver.java:1)
	at com.kms.katalon.core.appium.driver.SwipeableAndroidDriver.execute(SwipeableAndroidDriver.java:1)
	at io.appium.java_client.CommandExecutionHelper.execute(CommandExecutionHelper.java:27)
	at io.appium.java_client.InteractsWithApps.activateApp(InteractsWithApps.java:165)
	at io.appium.java_client.InteractsWithApps.activateApp(InteractsWithApps.java:149)
	at io.appium.java_client.InteractsWithApps$activateApp.call(Unknown Source)
	at io.appium.java_client.InteractsWithApps$activateApp.call(Unknown Source)
	at com.kms.katalon.core.mobile.keyword.builtin.StartExistingApplicationKeyword$_startApplication_closure1.doCall(StartExistingApplicationKeyword.groovy:41)
	at com.kms.katalon.core.mobile.keyword.builtin.StartExistingApplicationKeyword$_startApplication_closure1.doCall(StartExistingApplicationKeyword.groovy)
	at com.kms.katalon.core.mobile.keyword.internal.MobileKeywordMain.runKeyword(MobileKeywordMain.groovy:21)
	... 20 more]]></system-err>
      </testcase>
      <testcase name="Test Cases/Login KFCKU Apps/Login Phone Number" time="51.958" classname="Test Cases/Login KFCKU Apps/Login Phone Number" status="FAILED">
         <failure type="FAILED" message="Test Cases/Login KFCKU Apps/Login Phone Number FAILED.
Reason:
com.kms.katalon.core.exception.StepFailedException: Object Object Repository/Profile/android.widget.TextView - Profil not found
	at com.kms.katalon.core.keyword.internal.KeywordMain.stepFailed(KeywordMain.groovy:50)
	at com.kms.katalon.core.mobile.keyword.internal.MobileKeywordMain.stepFailed(MobileKeywordMain.groovy:40)
	at com.kms.katalon.core.mobile.keyword.builtin.TapKeyword$_tap_closure1.doCall(TapKeyword.groovy:79)
	at com.kms.katalon.core.mobile.keyword.builtin.TapKeyword$_tap_closure1.call(TapKeyword.groovy)
	at com.kms.katalon.core.mobile.keyword.internal.MobileKeywordMain.runKeyword(MobileKeywordMain.groovy:21)
	at com.kms.katalon.core.mobile.keyword.builtin.TapKeyword.tap(TapKeyword.groovy:84)
	at com.kms.katalon.core.mobile.keyword.builtin.TapKeyword.execute(TapKeyword.groovy:68)
	at com.kms.katalon.core.keyword.internal.KeywordExecutor.executeKeywordForPlatform(KeywordExecutor.groovy:74)
	at com.kms.katalon.core.mobile.keyword.MobileBuiltInKeywords.tap(MobileBuiltInKeywords.groovy:1490)
	at com.kms.katalon.core.mobile.keyword.MobileBuiltInKeywords$tap$0.call(Unknown Source)
	at Login Phone Number.run(Login Phone Number:44)
	at com.kms.katalon.core.main.ScriptEngine.run(ScriptEngine.java:194)
	at com.kms.katalon.core.main.ScriptEngine.runScriptAsRawText(ScriptEngine.java:119)
	at com.kms.katalon.core.main.TestCaseExecutor.runScript(TestCaseExecutor.java:448)
	at com.kms.katalon.core.main.TestCaseExecutor.doExecute(TestCaseExecutor.java:439)
	at com.kms.katalon.core.main.TestCaseExecutor.processExecutionPhase(TestCaseExecutor.java:418)
	at com.kms.katalon.core.main.TestCaseExecutor.accessMainPhase(TestCaseExecutor.java:410)
	at com.kms.katalon.core.main.TestCaseExecutor.execute(TestCaseExecutor.java:285)
	at com.kms.katalon.core.common.CommonExecutor.accessTestCaseMainPhase(CommonExecutor.java:65)
	at com.kms.katalon.core.main.TestSuiteExecutor.accessTestSuiteMainPhase(TestSuiteExecutor.java:151)
	at com.kms.katalon.core.main.TestSuiteExecutor.execute(TestSuiteExecutor.java:106)
	at com.kms.katalon.core.main.TestCaseMain.startTestSuite(TestCaseMain.java:185)
	at com.kms.katalon.core.main.TestCaseMain$startTestSuite$0.call(Unknown Source)
	at TempTestSuite1676616323940.run(TempTestSuite1676616323940.groovy:36)
"/>
         <system-out><![CDATA[2023-02-17 13:48:30 - [TEST_CASE][FAILED] - Test Cases/Login KFCKU Apps/Login Phone Number: Test Cases/Login KFCKU Apps/Login Phone Number FAILED.
Reason:
com.kms.katalon.core.exception.StepFailedException: Object Object Repository/Profile/android.widget.TextView - Profil not found
	at com.kms.katalon.core.keyword.internal.KeywordMain.stepFailed(KeywordMain.groovy:50)
	at com.kms.katalon.core.mobile.keyword.internal.MobileKeywordMain.stepFailed(MobileKeywordMain.groovy:40)
	at com.kms.katalon.core.mobile.keyword.builtin.TapKeyword$_tap_closure1.doCall(TapKeyword.groovy:79)
	at com.kms.katalon.core.mobile.keyword.builtin.TapKeyword$_tap_closure1.call(TapKeyword.groovy)
	at com.kms.katalon.core.mobile.keyword.internal.MobileKeywordMain.runKeyword(MobileKeywordMain.groovy:21)
	at com.kms.katalon.core.mobile.keyword.builtin.TapKeyword.tap(TapKeyword.groovy:84)
	at com.kms.katalon.core.mobile.keyword.builtin.TapKeyword.execute(TapKeyword.groovy:68)
	at com.kms.katalon.core.keyword.internal.KeywordExecutor.executeKeywordForPlatform(KeywordExecutor.groovy:74)
	at com.kms.katalon.core.mobile.keyword.MobileBuiltInKeywords.tap(MobileBuiltInKeywords.groovy:1490)
	at com.kms.katalon.core.mobile.keyword.MobileBuiltInKeywords$tap$0.call(Unknown Source)
	at Login Phone Number.run(Login Phone Number:44)
	at com.kms.katalon.core.main.ScriptEngine.run(ScriptEngine.java:194)
	at com.kms.katalon.core.main.ScriptEngine.runScriptAsRawText(ScriptEngine.java:119)
	at com.kms.katalon.core.main.TestCaseExecutor.runScript(TestCaseExecutor.java:448)
	at com.kms.katalon.core.main.TestCaseExecutor.doExecute(TestCaseExecutor.java:439)
	at com.kms.katalon.core.main.TestCaseExecutor.processExecutionPhase(TestCaseExecutor.java:418)
	at com.kms.katalon.core.main.TestCaseExecutor.accessMainPhase(TestCaseExecutor.java:410)
	at com.kms.katalon.core.main.TestCaseExecutor.execute(TestCaseExecutor.java:285)
	at com.kms.katalon.core.common.CommonExecutor.accessTestCaseMainPhase(CommonExecutor.java:65)
	at com.kms.katalon.core.main.TestSuiteExecutor.accessTestSuiteMainPhase(TestSuiteExecutor.java:151)
	at com.kms.katalon.core.main.TestSuiteExecutor.execute(TestSuiteExecutor.java:106)
	at com.kms.katalon.core.main.TestCaseMain.startTestSuite(TestCaseMain.java:185)
	at com.kms.katalon.core.main.TestCaseMain$startTestSuite$0.call(Unknown Source)
	at TempTestSuite1676616323940.run(TempTestSuite1676616323940.groovy:36)


2023-02-17 13:48:32 - [TEST_STEP][PASSED] - startExistingApplication("com.kfc.mobile.hkStaging", STOP_ON_FAILURE): Starting app with application ID: 'com.kfc.mobile.hkStaging'

2023-02-17 13:48:32 - [MESSAGE][INFO] - User set preference: ['appPackage', 'com.kfc.mobile.hkStaging']

2023-02-17 13:48:32 - [MESSAGE][INFO] - User set preference: ['appActivity', 'com.kfc.mobile.presentation.splash.SplashActivity']

2023-02-17 13:48:32 - [MESSAGE][INFO] - User set preference: ['noReset', 'true']

2023-02-17 13:48:32 - [MESSAGE][INFO] - User set preference: ['deviceId', '']

2023-02-17 13:48:52 - [MESSAGE][PASSED] - Starting app with application ID: 'com.kfc.mobile.hkStaging'

2023-02-17 13:48:52 - [TEST_STEP][PASSED] - delay(5, STOP_ON_FAILURE): Delayed 5 second(s)

2023-02-17 13:48:57 - [MESSAGE][PASSED] - Delayed 5 second(s)

2023-02-17 13:48:57 - [TEST_STEP][PASSED] - tap(findTestObject("Profile/android.widget.TextView - Profil"), 5): Tapped on element 'Object Repository/Profile/android.widget.TextView - Profil'

2023-02-17 13:49:02 - [MESSAGE][PASSED] - Tapped on element 'Object Repository/Profile/android.widget.TextView - Profil'

2023-02-17 13:49:02 - [TEST_STEP][PASSED] - setText(findTestObject("Login/android.widget.EditText - Masukkan nomor handphone Anda"), "081211287377", 0): Text '081211287377' has been set to element 'Object Repository/Login/android.widget.EditText - Masukkan nomor handphone Anda'

2023-02-17 13:49:02 - [MESSAGE][WARNING] - Timeout '0' is invalid. Using default page load timeout: '30'

2023-02-17 13:49:06 - [MESSAGE][PASSED] - Text '081211287377' has been set to element 'Object Repository/Login/android.widget.EditText - Masukkan nomor handphone Anda'

2023-02-17 13:49:06 - [TEST_STEP][PASSED] - hideKeyboard(): Keyboard is hidden

2023-02-17 13:49:07 - [MESSAGE][PASSED] - Keyboard is hidden

2023-02-17 13:49:07 - [TEST_STEP][PASSED] - setText(findTestObject("Login/android.widget.EditText - Ketik kata sandi Anda"), "pass111", 0): Text 'pass111' has been set to element 'Object Repository/Login/android.widget.EditText - Ketik kata sandi Anda'

2023-02-17 13:49:07 - [MESSAGE][WARNING] - Timeout '0' is invalid. Using default page load timeout: '30'

2023-02-17 13:49:09 - [MESSAGE][PASSED] - Text 'pass111' has been set to element 'Object Repository/Login/android.widget.EditText - Ketik kata sandi Anda'

2023-02-17 13:49:09 - [TEST_STEP][PASSED] - hideKeyboard(): Keyboard is hidden

2023-02-17 13:49:10 - [MESSAGE][PASSED] - Keyboard is hidden

2023-02-17 13:49:10 - [TEST_STEP][PASSED] - tap(findTestObject("Login/android.widget.Button - Masuk"), 0): Tapped on element 'Object Repository/Login/android.widget.Button - Masuk'

2023-02-17 13:49:10 - [MESSAGE][WARNING] - Timeout '0' is invalid. Using default page load timeout: '30'

2023-02-17 13:49:11 - [MESSAGE][PASSED] - Tapped on element 'Object Repository/Login/android.widget.Button - Masuk'

2023-02-17 13:49:11 - [TEST_STEP][PASSED] - delay(5, STOP_ON_FAILURE): Delayed 5 second(s)

2023-02-17 13:49:16 - [MESSAGE][PASSED] - Delayed 5 second(s)

2023-02-17 13:49:16 - [TEST_STEP][FAILED] - tap(findTestObject("Profile/android.widget.TextView - Profil"), 5): Failed to tap on element 'Object Repository/Profile/android.widget.TextView - Profil' (Root cause: com.kms.katalon.core.exception.StepFailedException: Object Object Repository/Profile/android.widget.TextView - Profil not found
	at com.kms.katalon.core.keyword.internal.KeywordMain.stepFailed(KeywordMain.groovy:50)
	at com.kms.katalon.core.mobile.keyword.internal.MobileKeywordMain.stepFailed(MobileKeywordMain.groovy:40)
	at com.kms.katalon.core.mobile.keyword.builtin.TapKeyword$_tap_closure1.doCall(TapKeyword.groovy:79)
	at com.kms.katalon.core.mobile.keyword.builtin.TapKeyword$_tap_closure1.call(TapKeyword.groovy)
	at com.kms.katalon.core.mobile.keyword.internal.MobileKeywordMain.runKeyword(MobileKeywordMain.groovy:21)
	at com.kms.katalon.core.mobile.keyword.builtin.TapKeyword.tap(TapKeyword.groovy:84)
	at com.kms.katalon.core.mobile.keyword.builtin.TapKeyword.execute(TapKeyword.groovy:68)
	at com.kms.katalon.core.keyword.internal.KeywordExecutor.executeKeywordForPlatform(KeywordExecutor.groovy:74)
	at com.kms.katalon.core.mobile.keyword.MobileBuiltInKeywords.tap(MobileBuiltInKeywords.groovy:1490)
	at com.kms.katalon.core.mobile.keyword.MobileBuiltInKeywords$tap$0.call(Unknown Source)
	at Login Phone Number.run(Login Phone Number:44)
	at com.kms.katalon.core.main.ScriptEngine.run(ScriptEngine.java:194)
	at com.kms.katalon.core.main.ScriptEngine.runScriptAsRawText(ScriptEngine.java:119)
	at com.kms.katalon.core.main.TestCaseExecutor.runScript(TestCaseExecutor.java:448)
	at com.kms.katalon.core.main.TestCaseExecutor.doExecute(TestCaseExecutor.java:439)
	at com.kms.katalon.core.main.TestCaseExecutor.processExecutionPhase(TestCaseExecutor.java:418)
	at com.kms.katalon.core.main.TestCaseExecutor.accessMainPhase(TestCaseExecutor.java:410)
	at com.kms.katalon.core.main.TestCaseExecutor.execute(TestCaseExecutor.java:285)
	at com.kms.katalon.core.common.CommonExecutor.accessTestCaseMainPhase(CommonExecutor.java:65)
	at com.kms.katalon.core.main.TestSuiteExecutor.accessTestSuiteMainPhase(TestSuiteExecutor.java:151)
	at com.kms.katalon.core.main.TestSuiteExecutor.execute(TestSuiteExecutor.java:106)
	at com.kms.katalon.core.main.TestCaseMain.startTestSuite(TestCaseMain.java:185)
	at com.kms.katalon.core.main.TestCaseMain$startTestSuite$0.call(Unknown Source)
	at TempTestSuite1676616323940.run(TempTestSuite1676616323940.groovy:36)
)

2023-02-17 13:49:21 - [MESSAGE][FAILED] - Object Object Repository/Profile/android.widget.TextView - Profil not found

2023-02-17 13:49:22 - [MESSAGE][FAILED] - Failed to tap on element 'Object Repository/Profile/android.widget.TextView - Profil' (Root cause: com.kms.katalon.core.exception.StepFailedException: Object Object Repository/Profile/android.widget.TextView - Profil not found
	at com.kms.katalon.core.keyword.internal.KeywordMain.stepFailed(KeywordMain.groovy:50)
	at com.kms.katalon.core.mobile.keyword.internal.MobileKeywordMain.stepFailed(MobileKeywordMain.groovy:40)
	at com.kms.katalon.core.mobile.keyword.builtin.TapKeyword$_tap_closure1.doCall(TapKeyword.groovy:79)
	at com.kms.katalon.core.mobile.keyword.builtin.TapKeyword$_tap_closure1.call(TapKeyword.groovy)
	at com.kms.katalon.core.mobile.keyword.internal.MobileKeywordMain.runKeyword(MobileKeywordMain.groovy:21)
	at com.kms.katalon.core.mobile.keyword.builtin.TapKeyword.tap(TapKeyword.groovy:84)
	at com.kms.katalon.core.mobile.keyword.builtin.TapKeyword.execute(TapKeyword.groovy:68)
	at com.kms.katalon.core.keyword.internal.KeywordExecutor.executeKeywordForPlatform(KeywordExecutor.groovy:74)
	at com.kms.katalon.core.mobile.keyword.MobileBuiltInKeywords.tap(MobileBuiltInKeywords.groovy:1490)
	at com.kms.katalon.core.mobile.keyword.MobileBuiltInKeywords$tap$0.call(Unknown Source)
	at Login Phone Number.run(Login Phone Number:44)
	at com.kms.katalon.core.main.ScriptEngine.run(ScriptEngine.java:194)
	at com.kms.katalon.core.main.ScriptEngine.runScriptAsRawText(ScriptEngine.java:119)
	at com.kms.katalon.core.main.TestCaseExecutor.runScript(TestCaseExecutor.java:448)
	at com.kms.katalon.core.main.TestCaseExecutor.doExecute(TestCaseExecutor.java:439)
	at com.kms.katalon.core.main.TestCaseExecutor.processExecutionPhase(TestCaseExecutor.java:418)
	at com.kms.katalon.core.main.TestCaseExecutor.accessMainPhase(TestCaseExecutor.java:410)
	at com.kms.katalon.core.main.TestCaseExecutor.execute(TestCaseExecutor.java:285)
	at com.kms.katalon.core.common.CommonExecutor.accessTestCaseMainPhase(CommonExecutor.java:65)
	at com.kms.katalon.core.main.TestSuiteExecutor.accessTestSuiteMainPhase(TestSuiteExecutor.java:151)
	at com.kms.katalon.core.main.TestSuiteExecutor.execute(TestSuiteExecutor.java:106)
	at com.kms.katalon.core.main.TestCaseMain.startTestSuite(TestCaseMain.java:185)
	at com.kms.katalon.core.main.TestCaseMain$startTestSuite$0.call(Unknown Source)
	at TempTestSuite1676616323940.run(TempTestSuite1676616323940.groovy:36)
)
[[ATTACHMENT|C:\\Users\\Ahadian Rifky\\Downloads\\Katalon_Studio_Windows_64-8.5.5\\Katalon_Studio_Windows_64-8.5.5\\git.github.com\\maycheljecsan\\kfckuapps_katalon.git\\kfcku_android\\Reports\\20230217_134523\\Auth\\Login\\20230217_134523\\1676616561950.png]]

2023-02-17 13:49:22 - [TEST_STEP][PASSED] - Start listener action : sampleAfterTestCase: null

2023-02-17 13:49:22 - [TEST_STEP][PASSED] - println(testCaseContext.getTestCaseId()): null

2023-02-17 13:49:22 - [TEST_STEP][PASSED] - println(testCaseContext.getTestCaseStatus()): null]]></system-out>
         <system-err><![CDATA[2023-02-17 13:48:30 - [TEST_CASE][FAILED] - Test Cases/Login KFCKU Apps/Login Phone Number: Test Cases/Login KFCKU Apps/Login Phone Number FAILED.
Reason:
com.kms.katalon.core.exception.StepFailedException: Object Object Repository/Profile/android.widget.TextView - Profil not found
	at com.kms.katalon.core.keyword.internal.KeywordMain.stepFailed(KeywordMain.groovy:50)
	at com.kms.katalon.core.mobile.keyword.internal.MobileKeywordMain.stepFailed(MobileKeywordMain.groovy:40)
	at com.kms.katalon.core.mobile.keyword.builtin.TapKeyword$_tap_closure1.doCall(TapKeyword.groovy:79)
	at com.kms.katalon.core.mobile.keyword.builtin.TapKeyword$_tap_closure1.call(TapKeyword.groovy)
	at com.kms.katalon.core.mobile.keyword.internal.MobileKeywordMain.runKeyword(MobileKeywordMain.groovy:21)
	at com.kms.katalon.core.mobile.keyword.builtin.TapKeyword.tap(TapKeyword.groovy:84)
	at com.kms.katalon.core.mobile.keyword.builtin.TapKeyword.execute(TapKeyword.groovy:68)
	at com.kms.katalon.core.keyword.internal.KeywordExecutor.executeKeywordForPlatform(KeywordExecutor.groovy:74)
	at com.kms.katalon.core.mobile.keyword.MobileBuiltInKeywords.tap(MobileBuiltInKeywords.groovy:1490)
	at com.kms.katalon.core.mobile.keyword.MobileBuiltInKeywords$tap$0.call(Unknown Source)
	at Login Phone Number.run(Login Phone Number:44)
	at com.kms.katalon.core.main.ScriptEngine.run(ScriptEngine.java:194)
	at com.kms.katalon.core.main.ScriptEngine.runScriptAsRawText(ScriptEngine.java:119)
	at com.kms.katalon.core.main.TestCaseExecutor.runScript(TestCaseExecutor.java:448)
	at com.kms.katalon.core.main.TestCaseExecutor.doExecute(TestCaseExecutor.java:439)
	at com.kms.katalon.core.main.TestCaseExecutor.processExecutionPhase(TestCaseExecutor.java:418)
	at com.kms.katalon.core.main.TestCaseExecutor.accessMainPhase(TestCaseExecutor.java:410)
	at com.kms.katalon.core.main.TestCaseExecutor.execute(TestCaseExecutor.java:285)
	at com.kms.katalon.core.common.CommonExecutor.accessTestCaseMainPhase(CommonExecutor.java:65)
	at com.kms.katalon.core.main.TestSuiteExecutor.accessTestSuiteMainPhase(TestSuiteExecutor.java:151)
	at com.kms.katalon.core.main.TestSuiteExecutor.execute(TestSuiteExecutor.java:106)
	at com.kms.katalon.core.main.TestCaseMain.startTestSuite(TestCaseMain.java:185)
	at com.kms.katalon.core.main.TestCaseMain$startTestSuite$0.call(Unknown Source)
	at TempTestSuite1676616323940.run(TempTestSuite1676616323940.groovy:36)]]></system-err>
      </testcase>
      <system-out><![CDATA[2023-02-17 13:45:38 - [TEST_SUITE][FAILED] - Login: Test Cases/Login KFCKU Apps/Login Failed - Wrong Password FAILED.
Reason:
com.kms.katalon.core.exception.StepFailedException: Element 'Object Repository/Login/android.widget.TextView - Kata sandi yang Anda masukkan salah' not found
	at com.kms.katalon.core.keyword.internal.KeywordMain.stepFailed(KeywordMain.groovy:50)
	at com.kms.katalon.core.mobile.keyword.internal.MobileKeywordMain.stepFailed(MobileKeywordMain.groovy:40)
	at com.kms.katalon.core.mobile.keyword.builtin.VerifyElementVisibleKeyword$_verifyElementVisible_closure1.doCall(VerifyElementVisibleKeyword.groovy:82)
	at com.kms.katalon.core.mobile.keyword.builtin.VerifyElementVisibleKeyword$_verifyElementVisible_closure1.call(VerifyElementVisibleKeyword.groovy)
	at com.kms.katalon.core.mobile.keyword.internal.MobileKeywordMain.runKeyword(MobileKeywordMain.groovy:21)
	at com.kms.katalon.core.mobile.keyword.builtin.VerifyElementVisibleKeyword.verifyElementVisible(VerifyElementVisibleKeyword.groovy:85)
	at com.kms.katalon.core.mobile.keyword.builtin.VerifyElementVisibleKeyword.execute(VerifyElementVisibleKeyword.groovy:64)
	at com.kms.katalon.core.keyword.internal.KeywordExecutor.executeKeywordForPlatform(KeywordExecutor.groovy:74)
	at com.kms.katalon.core.mobile.keyword.MobileBuiltInKeywords.verifyElementVisible(MobileBuiltInKeywords.groovy:2031)
	at com.kms.katalon.core.mobile.keyword.MobileBuiltInKeywords$verifyElementVisible$3.call(Unknown Source)
	at Login Failed - Wrong Password.run(Login Failed - Wrong Password:43)
	at com.kms.katalon.core.main.ScriptEngine.run(ScriptEngine.java:194)
	at com.kms.katalon.core.main.ScriptEngine.runScriptAsRawText(ScriptEngine.java:119)
	at com.kms.katalon.core.main.TestCaseExecutor.runScript(TestCaseExecutor.java:448)
	at com.kms.katalon.core.main.TestCaseExecutor.doExecute(TestCaseExecutor.java:439)
	at com.kms.katalon.core.main.TestCaseExecutor.processExecutionPhase(TestCaseExecutor.java:418)
	at com.kms.katalon.core.main.TestCaseExecutor.accessMainPhase(TestCaseExecutor.java:410)
	at com.kms.katalon.core.main.TestCaseExecutor.execute(TestCaseExecutor.java:285)
	at com.kms.katalon.core.common.CommonExecutor.accessTestCaseMainPhase(CommonExecutor.java:65)
	at com.kms.katalon.core.main.TestSuiteExecutor.accessTestSuiteMainPhase(TestSuiteExecutor.java:151)
	at com.kms.katalon.core.main.TestSuiteExecutor.execute(TestSuiteExecutor.java:106)
	at com.kms.katalon.core.main.TestCaseMain.startTestSuite(TestCaseMain.java:185)
	at com.kms.katalon.core.main.TestCaseMain$startTestSuite$0.call(Unknown Source)
	at TempTestSuite1676616323940.run(TempTestSuite1676616323940.groovy:36)]]></system-out>
      <system-err><![CDATA[2023-02-17 13:45:38 - [TEST_SUITE][FAILED] - Login: Test Cases/Login KFCKU Apps/Login Failed - Wrong Password FAILED.
Reason:
com.kms.katalon.core.exception.StepFailedException: Element 'Object Repository/Login/android.widget.TextView - Kata sandi yang Anda masukkan salah' not found
	at com.kms.katalon.core.keyword.internal.KeywordMain.stepFailed(KeywordMain.groovy:50)
	at com.kms.katalon.core.mobile.keyword.internal.MobileKeywordMain.stepFailed(MobileKeywordMain.groovy:40)
	at com.kms.katalon.core.mobile.keyword.builtin.VerifyElementVisibleKeyword$_verifyElementVisible_closure1.doCall(VerifyElementVisibleKeyword.groovy:82)
	at com.kms.katalon.core.mobile.keyword.builtin.VerifyElementVisibleKeyword$_verifyElementVisible_closure1.call(VerifyElementVisibleKeyword.groovy)
	at com.kms.katalon.core.mobile.keyword.internal.MobileKeywordMain.runKeyword(MobileKeywordMain.groovy:21)
	at com.kms.katalon.core.mobile.keyword.builtin.VerifyElementVisibleKeyword.verifyElementVisible(VerifyElementVisibleKeyword.groovy:85)
	at com.kms.katalon.core.mobile.keyword.builtin.VerifyElementVisibleKeyword.execute(VerifyElementVisibleKeyword.groovy:64)
	at com.kms.katalon.core.keyword.internal.KeywordExecutor.executeKeywordForPlatform(KeywordExecutor.groovy:74)
	at com.kms.katalon.core.mobile.keyword.MobileBuiltInKeywords.verifyElementVisible(MobileBuiltInKeywords.groovy:2031)
	at com.kms.katalon.core.mobile.keyword.MobileBuiltInKeywords$verifyElementVisible$3.call(Unknown Source)
	at Login Failed - Wrong Password.run(Login Failed - Wrong Password:43)
	at com.kms.katalon.core.main.ScriptEngine.run(ScriptEngine.java:194)
	at com.kms.katalon.core.main.ScriptEngine.runScriptAsRawText(ScriptEngine.java:119)
	at com.kms.katalon.core.main.TestCaseExecutor.runScript(TestCaseExecutor.java:448)
	at com.kms.katalon.core.main.TestCaseExecutor.doExecute(TestCaseExecutor.java:439)
	at com.kms.katalon.core.main.TestCaseExecutor.processExecutionPhase(TestCaseExecutor.java:418)
	at com.kms.katalon.core.main.TestCaseExecutor.accessMainPhase(TestCaseExecutor.java:410)
	at com.kms.katalon.core.main.TestCaseExecutor.execute(TestCaseExecutor.java:285)
	at com.kms.katalon.core.common.CommonExecutor.accessTestCaseMainPhase(CommonExecutor.java:65)
	at com.kms.katalon.core.main.TestSuiteExecutor.accessTestSuiteMainPhase(TestSuiteExecutor.java:151)
	at com.kms.katalon.core.main.TestSuiteExecutor.execute(TestSuiteExecutor.java:106)
	at com.kms.katalon.core.main.TestCaseMain.startTestSuite(TestCaseMain.java:185)
	at com.kms.katalon.core.main.TestCaseMain$startTestSuite$0.call(Unknown Source)
	at TempTestSuite1676616323940.run(TempTestSuite1676616323940.groovy:36)]]></system-err>
   </testsuite>
</testsuites>
