<?xml version="1.0" encoding="UTF-8"?>
<testsuites name="Order PNP" time="209.598" tests="2" failures="2" errors="0">
   <testsuite name="Order PNP" tests="2" failures="2" errors="0" time="209.598" skipped="0" timestamp="2023-02-08 13:44:39" hostname="Ahadian Rifky - NKC-23" id="Test Suites/Create Order/Order PNP">
      <properties>
         <property name="deviceName" value="OPPO CPH1801 (Android 7.1.1)"/>
         <property name="devicePlatform" value=""/>
         <property name="logFolder" value="C:\\Users\\Ahadian Rifky\\Downloads\\Katalon_Studio_Windows_64-8.5.5\\Katalon_Studio_Windows_64-8.5.5\\git.github.com\\maycheljecsan\\kfckuapps_katalon.git\\kfcku_android\\Reports\\20230208_134428\\Create Order\\Order PNP\\20230208_134428"/>
         <property name="logFiles" value="C:\\Users\\Ahadian Rifky\\Downloads\\Katalon_Studio_Windows_64-8.5.5\\Katalon_Studio_Windows_64-8.5.5\\git.github.com\\maycheljecsan\\kfckuapps_katalon.git\\kfcku_android\\Reports\\20230208_134428\\Create Order\\Order PNP\\20230208_134428\\appium.log, C:\\Users\\Ahadian Rifky\\Downloads\\Katalon_Studio_Windows_64-8.5.5\\Katalon_Studio_Windows_64-8.5.5\\git.github.com\\maycheljecsan\\kfckuapps_katalon.git\\kfcku_android\\Reports\\20230208_134428\\Create Order\\Order PNP\\20230208_134428\\execution0.log"/>
         <property name="attachments" value="C:\\Users\\Ahadian Rifky\\Downloads\\Katalon_Studio_Windows_64-8.5.5\\Katalon_Studio_Windows_64-8.5.5\\git.github.com\\maycheljecsan\\kfckuapps_katalon.git\\kfcku_android\\Reports\\20230208_134428\\Create Order\\Order PNP\\20230208_134428\\1675838783804.png, C:\\Users\\Ahadian Rifky\\Downloads\\Katalon_Studio_Windows_64-8.5.5\\Katalon_Studio_Windows_64-8.5.5\\git.github.com\\maycheljecsan\\kfckuapps_katalon.git\\kfcku_android\\Reports\\20230208_134428\\Create Order\\Order PNP\\20230208_134428\\1675838887343.png"/>
         <property name="hostName" value="Ahadian Rifky - NKC-23"/>
         <property name="os" value="Windows 10 64bit"/>
         <property name="appiumServerStatus" value="{&quot;value&quot;:{&quot;build&quot;:{&quot;version&quot;:&quot;1.22.3&quot;}},&quot;sessionId&quot;:null,&quot;status&quot;:0}"/>
         <property name="katalonVersion" value="8.5.5.208"/>
         <property name="deviceOS" value="Android"/>
         <property name="appiumVersion" value="1.22.3"/>
         <property name="deviceModel" value="CPH1801"/>
         <property name="hostAddress" value="172.10.9.156"/>
         <property name="deviceManufacturer" value="OPPO"/>
         <property name="deviceId" value="aa14e06a"/>
         <property name="deviceName" value="OPPO CPH1801 (Android 7.1.1)"/>
         <property name="deviceOSVersion" value="7.1.1"/>
      </properties>
      <testcase name="Test Cases/Create Order/Dine In/Dine In - Dana" time="104.582" classname="Test Cases/Create Order/Dine In/Dine In - Dana" status="FAILED">
         <failure type="FAILED" message="Test Cases/Create Order/Dine In/Dine In - Dana FAILED.
Reason:
com.kms.katalon.core.exception.StepFailedException: Object Object Repository/Order Dine In/Order/android.widget.Button - Pilih Sekarang not found
	at com.kms.katalon.core.keyword.internal.KeywordMain.stepFailed(KeywordMain.groovy:50)
	at com.kms.katalon.core.mobile.keyword.internal.MobileKeywordMain.stepFailed(MobileKeywordMain.groovy:40)
	at com.kms.katalon.core.mobile.keyword.builtin.TapKeyword$_tap_closure1.doCall(TapKeyword.groovy:79)
	at com.kms.katalon.core.mobile.keyword.builtin.TapKeyword$_tap_closure1.call(TapKeyword.groovy)
	at com.kms.katalon.core.mobile.keyword.internal.MobileKeywordMain.runKeyword(MobileKeywordMain.groovy:21)
	at com.kms.katalon.core.mobile.keyword.builtin.TapKeyword.tap(TapKeyword.groovy:84)
	at com.kms.katalon.core.mobile.keyword.builtin.TapKeyword.execute(TapKeyword.groovy:68)
	at com.kms.katalon.core.keyword.internal.KeywordExecutor.executeKeywordForPlatform(KeywordExecutor.groovy:74)
	at com.kms.katalon.core.mobile.keyword.MobileBuiltInKeywords.tap(MobileBuiltInKeywords.groovy:1490)
	at com.kms.katalon.core.mobile.keyword.MobileBuiltInKeywords$tap$1.call(Unknown Source)
	at Dine In - Dana.run(Dine In - Dana:81)
	at com.kms.katalon.core.main.ScriptEngine.run(ScriptEngine.java:194)
	at com.kms.katalon.core.main.ScriptEngine.runScriptAsRawText(ScriptEngine.java:119)
	at com.kms.katalon.core.main.TestCaseExecutor.runScript(TestCaseExecutor.java:448)
	at com.kms.katalon.core.main.TestCaseExecutor.doExecute(TestCaseExecutor.java:439)
	at com.kms.katalon.core.main.TestCaseExecutor.processExecutionPhase(TestCaseExecutor.java:418)
	at com.kms.katalon.core.main.TestCaseExecutor.accessMainPhase(TestCaseExecutor.java:410)
	at com.kms.katalon.core.main.TestCaseExecutor.execute(TestCaseExecutor.java:285)
	at com.kms.katalon.core.common.CommonExecutor.accessTestCaseMainPhase(CommonExecutor.java:65)
	at com.kms.katalon.core.main.TestSuiteExecutor.accessTestSuiteMainPhase(TestSuiteExecutor.java:151)
	at com.kms.katalon.core.main.TestSuiteExecutor.execute(TestSuiteExecutor.java:106)
	at com.kms.katalon.core.main.TestCaseMain.startTestSuite(TestCaseMain.java:185)
	at com.kms.katalon.core.main.TestCaseMain$startTestSuite$0.call(Unknown Source)
	at TempTestSuite1675838668726.run(TempTestSuite1675838668726.groovy:36)
"/>
         <system-out><![CDATA[2023-02-08 13:44:39 - [TEST_CASE][FAILED] - Test Cases/Create Order/Dine In/Dine In - Dana: Test Cases/Create Order/Dine In/Dine In - Dana FAILED.
Reason:
com.kms.katalon.core.exception.StepFailedException: Object Object Repository/Order Dine In/Order/android.widget.Button - Pilih Sekarang not found
	at com.kms.katalon.core.keyword.internal.KeywordMain.stepFailed(KeywordMain.groovy:50)
	at com.kms.katalon.core.mobile.keyword.internal.MobileKeywordMain.stepFailed(MobileKeywordMain.groovy:40)
	at com.kms.katalon.core.mobile.keyword.builtin.TapKeyword$_tap_closure1.doCall(TapKeyword.groovy:79)
	at com.kms.katalon.core.mobile.keyword.builtin.TapKeyword$_tap_closure1.call(TapKeyword.groovy)
	at com.kms.katalon.core.mobile.keyword.internal.MobileKeywordMain.runKeyword(MobileKeywordMain.groovy:21)
	at com.kms.katalon.core.mobile.keyword.builtin.TapKeyword.tap(TapKeyword.groovy:84)
	at com.kms.katalon.core.mobile.keyword.builtin.TapKeyword.execute(TapKeyword.groovy:68)
	at com.kms.katalon.core.keyword.internal.KeywordExecutor.executeKeywordForPlatform(KeywordExecutor.groovy:74)
	at com.kms.katalon.core.mobile.keyword.MobileBuiltInKeywords.tap(MobileBuiltInKeywords.groovy:1490)
	at com.kms.katalon.core.mobile.keyword.MobileBuiltInKeywords$tap$1.call(Unknown Source)
	at Dine In - Dana.run(Dine In - Dana:81)
	at com.kms.katalon.core.main.ScriptEngine.run(ScriptEngine.java:194)
	at com.kms.katalon.core.main.ScriptEngine.runScriptAsRawText(ScriptEngine.java:119)
	at com.kms.katalon.core.main.TestCaseExecutor.runScript(TestCaseExecutor.java:448)
	at com.kms.katalon.core.main.TestCaseExecutor.doExecute(TestCaseExecutor.java:439)
	at com.kms.katalon.core.main.TestCaseExecutor.processExecutionPhase(TestCaseExecutor.java:418)
	at com.kms.katalon.core.main.TestCaseExecutor.accessMainPhase(TestCaseExecutor.java:410)
	at com.kms.katalon.core.main.TestCaseExecutor.execute(TestCaseExecutor.java:285)
	at com.kms.katalon.core.common.CommonExecutor.accessTestCaseMainPhase(CommonExecutor.java:65)
	at com.kms.katalon.core.main.TestSuiteExecutor.accessTestSuiteMainPhase(TestSuiteExecutor.java:151)
	at com.kms.katalon.core.main.TestSuiteExecutor.execute(TestSuiteExecutor.java:106)
	at com.kms.katalon.core.main.TestCaseMain.startTestSuite(TestCaseMain.java:185)
	at com.kms.katalon.core.main.TestCaseMain$startTestSuite$0.call(Unknown Source)
	at TempTestSuite1675838668726.run(TempTestSuite1675838668726.groovy:36)


2023-02-08 13:44:40 - [TEST_STEP][PASSED] - startExistingApplication("com.kfc.mobile.hkStaging", STOP_ON_FAILURE): Starting app with application ID: 'com.kfc.mobile.hkStaging'

2023-02-08 13:44:40 - [MESSAGE][INFO] - User set preference: ['appPackage', 'com.kfc.mobile.hkStaging']

2023-02-08 13:44:40 - [MESSAGE][INFO] - User set preference: ['appActivity', 'com.kfc.mobile.presentation.home.HomeActivity']

2023-02-08 13:44:40 - [MESSAGE][INFO] - User set preference: ['noReset', 'true']

2023-02-08 13:44:40 - [MESSAGE][INFO] - User set preference: ['deviceId', '']

2023-02-08 13:44:40 - [MESSAGE][INFO] - Detected NodeJS location: "C:\Program Files\nodejs\node.exe"

2023-02-08 13:44:42 - [MESSAGE][INFO] - Appium server started on port 57,897

2023-02-08 13:45:02 - [MESSAGE][INFO] - Failed to get OS statusbar's information using default method.

2023-02-08 13:45:03 - [MESSAGE][PASSED] - Starting app with application ID: 'com.kfc.mobile.hkStaging'

2023-02-08 13:45:03 - [TEST_STEP][PASSED] - waitForElementPresent(findTestObject("Order Dine In/android.widget.TextView - Beranda"), 5): Element 'Object Repository/Order Dine In/android.widget.TextView - Beranda' is present

2023-02-08 13:45:04 - [MESSAGE][PASSED] - Element 'Object Repository/Order Dine In/android.widget.TextView - Beranda' is present

2023-02-08 13:45:04 - [TEST_STEP][PASSED] - tap(findTestObject("Object Repository/Order Dine In/android.widget.TextView - Beranda"), 5): Tapped on element 'Object Repository/Order Dine In/android.widget.TextView - Beranda'

2023-02-08 13:45:06 - [MESSAGE][PASSED] - Tapped on element 'Object Repository/Order Dine In/android.widget.TextView - Beranda'

2023-02-08 13:45:06 - [TEST_STEP][PASSED] - swipe(281, 500, 434, 161): Swiped from 281,500 to 434,161

2023-02-08 13:45:07 - [MESSAGE][PASSED] - Swiped from 281,500 to 434,161

2023-02-08 13:45:07 - [TEST_STEP][PASSED] - tap(findTestObject("Object Repository/Order Dine In/android.widget.TextView - DINE-IN"), 5): Tapped on element 'Object Repository/Order Dine In/android.widget.TextView - DINE-IN'

2023-02-08 13:45:09 - [MESSAGE][PASSED] - Tapped on element 'Object Repository/Order Dine In/android.widget.TextView - DINE-IN'

2023-02-08 13:45:09 - [TEST_STEP][PASSED] - tap(findTestObject("Object Repository/Order Dine In/android.widget.TextView - Cari Gerai KFC"), 5): Tapped on element 'Object Repository/Order Dine In/android.widget.TextView - Cari Gerai KFC'

2023-02-08 13:45:12 - [MESSAGE][PASSED] - Tapped on element 'Object Repository/Order Dine In/android.widget.TextView - Cari Gerai KFC'

2023-02-08 13:45:12 - [TEST_STEP][PASSED] - setText(findTestObject("Object Repository/Order Dine In/android.widget.EditText - Cari Gerai KFC"), "MT Haryono", 5): Text 'MT Haryono' has been set to element 'Object Repository/Order Dine In/android.widget.EditText - Cari Gerai KFC'

2023-02-08 13:45:18 - [MESSAGE][PASSED] - Text 'MT Haryono' has been set to element 'Object Repository/Order Dine In/android.widget.EditText - Cari Gerai KFC'

2023-02-08 13:45:18 - [TEST_STEP][PASSED] - hideKeyboard(): Keyboard is hidden

2023-02-08 13:45:21 - [MESSAGE][PASSED] - Keyboard is hidden

2023-02-08 13:45:21 - [TEST_STEP][PASSED] - waitForElementPresent(findTestObject("Object Repository/Order Dine In/android.widget.TextView - MT HARYONO JAKARTA"), 5): Object Object Repository/Order Dine In/android.widget.TextView - MT HARYONO JAKARTA not found

2023-02-08 13:45:27 - [MESSAGE][WARNING] - Object Object Repository/Order Dine In/android.widget.TextView - MT HARYONO JAKARTA not found

2023-02-08 13:45:27 - [TEST_STEP][PASSED] - tap(findTestObject("Order Dine In/Order/android.widget.Button - Pilih Gerai"), 0): Tapped on element 'Object Repository/Order Dine In/Order/android.widget.Button - Pilih Gerai'

2023-02-08 13:45:27 - [MESSAGE][WARNING] - Timeout '0' is invalid. Using default page load timeout: '30'

2023-02-08 13:45:28 - [MESSAGE][PASSED] - Tapped on element 'Object Repository/Order Dine In/Order/android.widget.Button - Pilih Gerai'

2023-02-08 13:45:28 - [TEST_STEP][PASSED] - delay(5, STOP_ON_FAILURE): Delayed 5 second(s)

2023-02-08 13:45:33 - [MESSAGE][PASSED] - Delayed 5 second(s)

2023-02-08 13:45:33 - [TEST_STEP][PASSED] - tap(findTestObject("Order Dine In/android.widget.FrameLayout"), 5): Tapped on element 'Object Repository/Order Dine In/android.widget.FrameLayout'

2023-02-08 13:45:33 - [MESSAGE][PASSED] - Tapped on element 'Object Repository/Order Dine In/android.widget.FrameLayout'

2023-02-08 13:45:33 - [TEST_STEP][PASSED] - delay(5, STOP_ON_FAILURE): Delayed 5 second(s)

2023-02-08 13:45:38 - [MESSAGE][PASSED] - Delayed 5 second(s)

2023-02-08 13:45:38 - [TEST_STEP][PASSED] - pressBack(): Press back button successfully

2023-02-08 13:45:39 - [MESSAGE][PASSED] - Press back button successfully

2023-02-08 13:45:39 - [TEST_STEP][PASSED] - waitForElementPresent(findTestObject("Order Dine In/android.widget.Button - Add"), 5): Element 'Object Repository/Order Dine In/android.widget.Button - Add' is present

2023-02-08 13:45:39 - [MESSAGE][PASSED] - Element 'Object Repository/Order Dine In/android.widget.Button - Add' is present

2023-02-08 13:45:39 - [TEST_STEP][PASSED] - tap(findTestObject("Order Dine In/android.widget.Button - Add"), 5): Tapped on element 'Object Repository/Order Dine In/android.widget.Button - Add'

2023-02-08 13:45:40 - [MESSAGE][PASSED] - Tapped on element 'Object Repository/Order Dine In/android.widget.Button - Add'

2023-02-08 13:45:40 - [TEST_STEP][PASSED] - delay(5, STOP_ON_FAILURE): Delayed 5 second(s)

2023-02-08 13:45:45 - [MESSAGE][PASSED] - Delayed 5 second(s)

2023-02-08 13:45:45 - [TEST_STEP][PASSED] - waitForElementPresent(findTestObject("Order Dine In/Order/android.widget.Button - Lanjut"), 5): Element 'Object Repository/Order Dine In/Order/android.widget.Button - Lanjut' is present

2023-02-08 13:45:45 - [MESSAGE][PASSED] - Element 'Object Repository/Order Dine In/Order/android.widget.Button - Lanjut' is present

2023-02-08 13:45:45 - [TEST_STEP][PASSED] - tap(findTestObject("Order Dine In/Order/android.widget.Button - Lanjut"), 5): Tapped on element 'Object Repository/Order Dine In/Order/android.widget.Button - Lanjut'

2023-02-08 13:45:46 - [MESSAGE][PASSED] - Tapped on element 'Object Repository/Order Dine In/Order/android.widget.Button - Lanjut'

2023-02-08 13:45:46 - [TEST_STEP][PASSED] - delay(5, STOP_ON_FAILURE): Delayed 5 second(s)

2023-02-08 13:45:51 - [MESSAGE][PASSED] - Delayed 5 second(s)

2023-02-08 13:45:51 - [TEST_STEP][PASSED] - waitForElementPresent(findTestObject("Order Dine In/Order/android.widget.LinearLayout"), 5): Element 'Object Repository/Order Dine In/Order/android.widget.LinearLayout' is present

2023-02-08 13:45:52 - [MESSAGE][PASSED] - Element 'Object Repository/Order Dine In/Order/android.widget.LinearLayout' is present

2023-02-08 13:45:52 - [TEST_STEP][PASSED] - tap(findTestObject("Order Dine In/Order/android.widget.LinearLayout"), 5): Tapped on element 'Object Repository/Order Dine In/Order/android.widget.LinearLayout'

2023-02-08 13:45:52 - [MESSAGE][PASSED] - Tapped on element 'Object Repository/Order Dine In/Order/android.widget.LinearLayout'

2023-02-08 13:45:52 - [TEST_STEP][PASSED] - delay(5, STOP_ON_FAILURE): Delayed 5 second(s)

2023-02-08 13:45:57 - [MESSAGE][PASSED] - Delayed 5 second(s)

2023-02-08 13:45:57 - [TEST_STEP][PASSED] - waitForElementPresent(findTestObject("Order Dine In/Order/android.widget.TextView - Pilih Menu Gratis"), 5): Element 'Object Repository/Order Dine In/Order/android.widget.TextView - Pilih Menu Gratis' is present

2023-02-08 13:45:58 - [MESSAGE][PASSED] - Element 'Object Repository/Order Dine In/Order/android.widget.TextView - Pilih Menu Gratis' is present

2023-02-08 13:45:58 - [TEST_STEP][PASSED] - tap(findTestObject("Order Dine In/Order/android.widget.TextView - Pilih Menu Gratis"), 5): Tapped on element 'Object Repository/Order Dine In/Order/android.widget.TextView - Pilih Menu Gratis'

2023-02-08 13:45:58 - [MESSAGE][PASSED] - Tapped on element 'Object Repository/Order Dine In/Order/android.widget.TextView - Pilih Menu Gratis'

2023-02-08 13:45:58 - [TEST_STEP][PASSED] - delay(5, STOP_ON_FAILURE): Delayed 5 second(s)

2023-02-08 13:46:03 - [MESSAGE][PASSED] - Delayed 5 second(s)

2023-02-08 13:46:03 - [TEST_STEP][PASSED] - waitForElementPresent(findTestObject("Order Dine In/Order/android.widget.Button - Pilih Sekarang"), 10): Object Object Repository/Order Dine In/Order/android.widget.Button - Pilih Sekarang not found

2023-02-08 13:46:13 - [MESSAGE][WARNING] - Object Object Repository/Order Dine In/Order/android.widget.Button - Pilih Sekarang not found

2023-02-08 13:46:13 - [TEST_STEP][FAILED] - tap(findTestObject("Order Dine In/Order/android.widget.Button - Pilih Sekarang"), 10): Failed to tap on element 'Object Repository/Order Dine In/Order/android.widget.Button - Pilih Sekarang' (Root cause: com.kms.katalon.core.exception.StepFailedException: Object Object Repository/Order Dine In/Order/android.widget.Button - Pilih Sekarang not found
	at com.kms.katalon.core.keyword.internal.KeywordMain.stepFailed(KeywordMain.groovy:50)
	at com.kms.katalon.core.mobile.keyword.internal.MobileKeywordMain.stepFailed(MobileKeywordMain.groovy:40)
	at com.kms.katalon.core.mobile.keyword.builtin.TapKeyword$_tap_closure1.doCall(TapKeyword.groovy:79)
	at com.kms.katalon.core.mobile.keyword.builtin.TapKeyword$_tap_closure1.call(TapKeyword.groovy)
	at com.kms.katalon.core.mobile.keyword.internal.MobileKeywordMain.runKeyword(MobileKeywordMain.groovy:21)
	at com.kms.katalon.core.mobile.keyword.builtin.TapKeyword.tap(TapKeyword.groovy:84)
	at com.kms.katalon.core.mobile.keyword.builtin.TapKeyword.execute(TapKeyword.groovy:68)
	at com.kms.katalon.core.keyword.internal.KeywordExecutor.executeKeywordForPlatform(KeywordExecutor.groovy:74)
	at com.kms.katalon.core.mobile.keyword.MobileBuiltInKeywords.tap(MobileBuiltInKeywords.groovy:1490)
	at com.kms.katalon.core.mobile.keyword.MobileBuiltInKeywords$tap$1.call(Unknown Source)
	at Dine In - Dana.run(Dine In - Dana:81)
	at com.kms.katalon.core.main.ScriptEngine.run(ScriptEngine.java:194)
	at com.kms.katalon.core.main.ScriptEngine.runScriptAsRawText(ScriptEngine.java:119)
	at com.kms.katalon.core.main.TestCaseExecutor.runScript(TestCaseExecutor.java:448)
	at com.kms.katalon.core.main.TestCaseExecutor.doExecute(TestCaseExecutor.java:439)
	at com.kms.katalon.core.main.TestCaseExecutor.processExecutionPhase(TestCaseExecutor.java:418)
	at com.kms.katalon.core.main.TestCaseExecutor.accessMainPhase(TestCaseExecutor.java:410)
	at com.kms.katalon.core.main.TestCaseExecutor.execute(TestCaseExecutor.java:285)
	at com.kms.katalon.core.common.CommonExecutor.accessTestCaseMainPhase(CommonExecutor.java:65)
	at com.kms.katalon.core.main.TestSuiteExecutor.accessTestSuiteMainPhase(TestSuiteExecutor.java:151)
	at com.kms.katalon.core.main.TestSuiteExecutor.execute(TestSuiteExecutor.java:106)
	at com.kms.katalon.core.main.TestCaseMain.startTestSuite(TestCaseMain.java:185)
	at com.kms.katalon.core.main.TestCaseMain$startTestSuite$0.call(Unknown Source)
	at TempTestSuite1675838668726.run(TempTestSuite1675838668726.groovy:36)
)

2023-02-08 13:46:23 - [MESSAGE][FAILED] - Object Object Repository/Order Dine In/Order/android.widget.Button - Pilih Sekarang not found

2023-02-08 13:46:24 - [MESSAGE][FAILED] - Failed to tap on element 'Object Repository/Order Dine In/Order/android.widget.Button - Pilih Sekarang' (Root cause: com.kms.katalon.core.exception.StepFailedException: Object Object Repository/Order Dine In/Order/android.widget.Button - Pilih Sekarang not found
	at com.kms.katalon.core.keyword.internal.KeywordMain.stepFailed(KeywordMain.groovy:50)
	at com.kms.katalon.core.mobile.keyword.internal.MobileKeywordMain.stepFailed(MobileKeywordMain.groovy:40)
	at com.kms.katalon.core.mobile.keyword.builtin.TapKeyword$_tap_closure1.doCall(TapKeyword.groovy:79)
	at com.kms.katalon.core.mobile.keyword.builtin.TapKeyword$_tap_closure1.call(TapKeyword.groovy)
	at com.kms.katalon.core.mobile.keyword.internal.MobileKeywordMain.runKeyword(MobileKeywordMain.groovy:21)
	at com.kms.katalon.core.mobile.keyword.builtin.TapKeyword.tap(TapKeyword.groovy:84)
	at com.kms.katalon.core.mobile.keyword.builtin.TapKeyword.execute(TapKeyword.groovy:68)
	at com.kms.katalon.core.keyword.internal.KeywordExecutor.executeKeywordForPlatform(KeywordExecutor.groovy:74)
	at com.kms.katalon.core.mobile.keyword.MobileBuiltInKeywords.tap(MobileBuiltInKeywords.groovy:1490)
	at com.kms.katalon.core.mobile.keyword.MobileBuiltInKeywords$tap$1.call(Unknown Source)
	at Dine In - Dana.run(Dine In - Dana:81)
	at com.kms.katalon.core.main.ScriptEngine.run(ScriptEngine.java:194)
	at com.kms.katalon.core.main.ScriptEngine.runScriptAsRawText(ScriptEngine.java:119)
	at com.kms.katalon.core.main.TestCaseExecutor.runScript(TestCaseExecutor.java:448)
	at com.kms.katalon.core.main.TestCaseExecutor.doExecute(TestCaseExecutor.java:439)
	at com.kms.katalon.core.main.TestCaseExecutor.processExecutionPhase(TestCaseExecutor.java:418)
	at com.kms.katalon.core.main.TestCaseExecutor.accessMainPhase(TestCaseExecutor.java:410)
	at com.kms.katalon.core.main.TestCaseExecutor.execute(TestCaseExecutor.java:285)
	at com.kms.katalon.core.common.CommonExecutor.accessTestCaseMainPhase(CommonExecutor.java:65)
	at com.kms.katalon.core.main.TestSuiteExecutor.accessTestSuiteMainPhase(TestSuiteExecutor.java:151)
	at com.kms.katalon.core.main.TestSuiteExecutor.execute(TestSuiteExecutor.java:106)
	at com.kms.katalon.core.main.TestCaseMain.startTestSuite(TestCaseMain.java:185)
	at com.kms.katalon.core.main.TestCaseMain$startTestSuite$0.call(Unknown Source)
	at TempTestSuite1675838668726.run(TempTestSuite1675838668726.groovy:36)
)
[[ATTACHMENT|C:\\Users\\Ahadian Rifky\\Downloads\\Katalon_Studio_Windows_64-8.5.5\\Katalon_Studio_Windows_64-8.5.5\\git.github.com\\maycheljecsan\\kfckuapps_katalon.git\\kfcku_android\\Reports\\20230208_134428\\Create Order\\Order PNP\\20230208_134428\\1675838783804.png]]]]></system-out>
         <system-err><![CDATA[2023-02-08 13:44:39 - [TEST_CASE][FAILED] - Test Cases/Create Order/Dine In/Dine In - Dana: Test Cases/Create Order/Dine In/Dine In - Dana FAILED.
Reason:
com.kms.katalon.core.exception.StepFailedException: Object Object Repository/Order Dine In/Order/android.widget.Button - Pilih Sekarang not found
	at com.kms.katalon.core.keyword.internal.KeywordMain.stepFailed(KeywordMain.groovy:50)
	at com.kms.katalon.core.mobile.keyword.internal.MobileKeywordMain.stepFailed(MobileKeywordMain.groovy:40)
	at com.kms.katalon.core.mobile.keyword.builtin.TapKeyword$_tap_closure1.doCall(TapKeyword.groovy:79)
	at com.kms.katalon.core.mobile.keyword.builtin.TapKeyword$_tap_closure1.call(TapKeyword.groovy)
	at com.kms.katalon.core.mobile.keyword.internal.MobileKeywordMain.runKeyword(MobileKeywordMain.groovy:21)
	at com.kms.katalon.core.mobile.keyword.builtin.TapKeyword.tap(TapKeyword.groovy:84)
	at com.kms.katalon.core.mobile.keyword.builtin.TapKeyword.execute(TapKeyword.groovy:68)
	at com.kms.katalon.core.keyword.internal.KeywordExecutor.executeKeywordForPlatform(KeywordExecutor.groovy:74)
	at com.kms.katalon.core.mobile.keyword.MobileBuiltInKeywords.tap(MobileBuiltInKeywords.groovy:1490)
	at com.kms.katalon.core.mobile.keyword.MobileBuiltInKeywords$tap$1.call(Unknown Source)
	at Dine In - Dana.run(Dine In - Dana:81)
	at com.kms.katalon.core.main.ScriptEngine.run(ScriptEngine.java:194)
	at com.kms.katalon.core.main.ScriptEngine.runScriptAsRawText(ScriptEngine.java:119)
	at com.kms.katalon.core.main.TestCaseExecutor.runScript(TestCaseExecutor.java:448)
	at com.kms.katalon.core.main.TestCaseExecutor.doExecute(TestCaseExecutor.java:439)
	at com.kms.katalon.core.main.TestCaseExecutor.processExecutionPhase(TestCaseExecutor.java:418)
	at com.kms.katalon.core.main.TestCaseExecutor.accessMainPhase(TestCaseExecutor.java:410)
	at com.kms.katalon.core.main.TestCaseExecutor.execute(TestCaseExecutor.java:285)
	at com.kms.katalon.core.common.CommonExecutor.accessTestCaseMainPhase(CommonExecutor.java:65)
	at com.kms.katalon.core.main.TestSuiteExecutor.accessTestSuiteMainPhase(TestSuiteExecutor.java:151)
	at com.kms.katalon.core.main.TestSuiteExecutor.execute(TestSuiteExecutor.java:106)
	at com.kms.katalon.core.main.TestCaseMain.startTestSuite(TestCaseMain.java:185)
	at com.kms.katalon.core.main.TestCaseMain$startTestSuite$0.call(Unknown Source)
	at TempTestSuite1675838668726.run(TempTestSuite1675838668726.groovy:36)]]></system-err>
      </testcase>
      <testcase name="Test Cases/Create Order/Dine In/Dine In - Gopay" time="104.735" classname="Test Cases/Create Order/Dine In/Dine In - Gopay" status="FAILED">
         <failure type="FAILED" message="Test Cases/Create Order/Dine In/Dine In - Gopay FAILED.
Reason:
com.kms.katalon.core.exception.StepFailedException: Object Object Repository/Order Dine In/Order/android.widget.Button - Pilih Sekarang not found
	at com.kms.katalon.core.keyword.internal.KeywordMain.stepFailed(KeywordMain.groovy:50)
	at com.kms.katalon.core.mobile.keyword.internal.MobileKeywordMain.stepFailed(MobileKeywordMain.groovy:40)
	at com.kms.katalon.core.mobile.keyword.builtin.TapKeyword$_tap_closure1.doCall(TapKeyword.groovy:79)
	at com.kms.katalon.core.mobile.keyword.builtin.TapKeyword$_tap_closure1.call(TapKeyword.groovy)
	at com.kms.katalon.core.mobile.keyword.internal.MobileKeywordMain.runKeyword(MobileKeywordMain.groovy:21)
	at com.kms.katalon.core.mobile.keyword.builtin.TapKeyword.tap(TapKeyword.groovy:84)
	at com.kms.katalon.core.mobile.keyword.builtin.TapKeyword.execute(TapKeyword.groovy:68)
	at com.kms.katalon.core.keyword.internal.KeywordExecutor.executeKeywordForPlatform(KeywordExecutor.groovy:74)
	at com.kms.katalon.core.mobile.keyword.MobileBuiltInKeywords.tap(MobileBuiltInKeywords.groovy:1490)
	at com.kms.katalon.core.mobile.keyword.MobileBuiltInKeywords$tap$1.call(Unknown Source)
	at Dine In - Gopay.run(Dine In - Gopay:84)
	at com.kms.katalon.core.main.ScriptEngine.run(ScriptEngine.java:194)
	at com.kms.katalon.core.main.ScriptEngine.runScriptAsRawText(ScriptEngine.java:119)
	at com.kms.katalon.core.main.TestCaseExecutor.runScript(TestCaseExecutor.java:448)
	at com.kms.katalon.core.main.TestCaseExecutor.doExecute(TestCaseExecutor.java:439)
	at com.kms.katalon.core.main.TestCaseExecutor.processExecutionPhase(TestCaseExecutor.java:418)
	at com.kms.katalon.core.main.TestCaseExecutor.accessMainPhase(TestCaseExecutor.java:410)
	at com.kms.katalon.core.main.TestCaseExecutor.execute(TestCaseExecutor.java:285)
	at com.kms.katalon.core.common.CommonExecutor.accessTestCaseMainPhase(CommonExecutor.java:65)
	at com.kms.katalon.core.main.TestSuiteExecutor.accessTestSuiteMainPhase(TestSuiteExecutor.java:151)
	at com.kms.katalon.core.main.TestSuiteExecutor.execute(TestSuiteExecutor.java:106)
	at com.kms.katalon.core.main.TestCaseMain.startTestSuite(TestCaseMain.java:185)
	at com.kms.katalon.core.main.TestCaseMain$startTestSuite$0.call(Unknown Source)
	at TempTestSuite1675838668726.run(TempTestSuite1675838668726.groovy:36)
"/>
         <system-out><![CDATA[2023-02-08 13:46:24 - [TEST_CASE][FAILED] - Test Cases/Create Order/Dine In/Dine In - Gopay: Test Cases/Create Order/Dine In/Dine In - Gopay FAILED.
Reason:
com.kms.katalon.core.exception.StepFailedException: Object Object Repository/Order Dine In/Order/android.widget.Button - Pilih Sekarang not found
	at com.kms.katalon.core.keyword.internal.KeywordMain.stepFailed(KeywordMain.groovy:50)
	at com.kms.katalon.core.mobile.keyword.internal.MobileKeywordMain.stepFailed(MobileKeywordMain.groovy:40)
	at com.kms.katalon.core.mobile.keyword.builtin.TapKeyword$_tap_closure1.doCall(TapKeyword.groovy:79)
	at com.kms.katalon.core.mobile.keyword.builtin.TapKeyword$_tap_closure1.call(TapKeyword.groovy)
	at com.kms.katalon.core.mobile.keyword.internal.MobileKeywordMain.runKeyword(MobileKeywordMain.groovy:21)
	at com.kms.katalon.core.mobile.keyword.builtin.TapKeyword.tap(TapKeyword.groovy:84)
	at com.kms.katalon.core.mobile.keyword.builtin.TapKeyword.execute(TapKeyword.groovy:68)
	at com.kms.katalon.core.keyword.internal.KeywordExecutor.executeKeywordForPlatform(KeywordExecutor.groovy:74)
	at com.kms.katalon.core.mobile.keyword.MobileBuiltInKeywords.tap(MobileBuiltInKeywords.groovy:1490)
	at com.kms.katalon.core.mobile.keyword.MobileBuiltInKeywords$tap$1.call(Unknown Source)
	at Dine In - Gopay.run(Dine In - Gopay:84)
	at com.kms.katalon.core.main.ScriptEngine.run(ScriptEngine.java:194)
	at com.kms.katalon.core.main.ScriptEngine.runScriptAsRawText(ScriptEngine.java:119)
	at com.kms.katalon.core.main.TestCaseExecutor.runScript(TestCaseExecutor.java:448)
	at com.kms.katalon.core.main.TestCaseExecutor.doExecute(TestCaseExecutor.java:439)
	at com.kms.katalon.core.main.TestCaseExecutor.processExecutionPhase(TestCaseExecutor.java:418)
	at com.kms.katalon.core.main.TestCaseExecutor.accessMainPhase(TestCaseExecutor.java:410)
	at com.kms.katalon.core.main.TestCaseExecutor.execute(TestCaseExecutor.java:285)
	at com.kms.katalon.core.common.CommonExecutor.accessTestCaseMainPhase(CommonExecutor.java:65)
	at com.kms.katalon.core.main.TestSuiteExecutor.accessTestSuiteMainPhase(TestSuiteExecutor.java:151)
	at com.kms.katalon.core.main.TestSuiteExecutor.execute(TestSuiteExecutor.java:106)
	at com.kms.katalon.core.main.TestCaseMain.startTestSuite(TestCaseMain.java:185)
	at com.kms.katalon.core.main.TestCaseMain$startTestSuite$0.call(Unknown Source)
	at TempTestSuite1675838668726.run(TempTestSuite1675838668726.groovy:36)


2023-02-08 13:46:24 - [TEST_STEP][PASSED] - startExistingApplication("com.kfc.mobile.hkStaging", STOP_ON_FAILURE): Starting app with application ID: 'com.kfc.mobile.hkStaging'

2023-02-08 13:46:24 - [MESSAGE][INFO] - User set preference: ['appPackage', 'com.kfc.mobile.hkStaging']

2023-02-08 13:46:24 - [MESSAGE][INFO] - User set preference: ['appActivity', 'com.kfc.mobile.presentation.home.HomeActivity']

2023-02-08 13:46:24 - [MESSAGE][INFO] - User set preference: ['noReset', 'true']

2023-02-08 13:46:24 - [MESSAGE][INFO] - User set preference: ['deviceId', '']

2023-02-08 13:46:37 - [MESSAGE][INFO] - Failed to get OS statusbar's information using default method.

2023-02-08 13:46:38 - [MESSAGE][PASSED] - Starting app with application ID: 'com.kfc.mobile.hkStaging'

2023-02-08 13:46:38 - [TEST_STEP][PASSED] - waitForElementPresent(findTestObject("Order Dine In/android.widget.TextView - Beranda"), 5): Element 'Object Repository/Order Dine In/android.widget.TextView - Beranda' is present

2023-02-08 13:46:40 - [MESSAGE][PASSED] - Element 'Object Repository/Order Dine In/android.widget.TextView - Beranda' is present

2023-02-08 13:46:40 - [TEST_STEP][PASSED] - tap(findTestObject("Object Repository/Order Dine In/android.widget.TextView - Beranda"), 5): Tapped on element 'Object Repository/Order Dine In/android.widget.TextView - Beranda'

2023-02-08 13:46:41 - [MESSAGE][PASSED] - Tapped on element 'Object Repository/Order Dine In/android.widget.TextView - Beranda'

2023-02-08 13:46:41 - [TEST_STEP][PASSED] - swipe(281, 500, 434, 161): Swiped from 281,500 to 434,161

2023-02-08 13:46:42 - [MESSAGE][PASSED] - Swiped from 281,500 to 434,161

2023-02-08 13:46:42 - [TEST_STEP][PASSED] - tap(findTestObject("Object Repository/Order Dine In/android.widget.TextView - DINE-IN"), 5): Tapped on element 'Object Repository/Order Dine In/android.widget.TextView - DINE-IN'

2023-02-08 13:46:43 - [MESSAGE][PASSED] - Tapped on element 'Object Repository/Order Dine In/android.widget.TextView - DINE-IN'

2023-02-08 13:46:43 - [TEST_STEP][PASSED] - tap(findTestObject("Object Repository/Order Dine In/android.widget.TextView - Cari Gerai KFC"), 5): Tapped on element 'Object Repository/Order Dine In/android.widget.TextView - Cari Gerai KFC'

2023-02-08 13:46:47 - [MESSAGE][PASSED] - Tapped on element 'Object Repository/Order Dine In/android.widget.TextView - Cari Gerai KFC'

2023-02-08 13:46:47 - [TEST_STEP][PASSED] - setText(findTestObject("Object Repository/Order Dine In/android.widget.EditText - Cari Gerai KFC"), "MT Haryono", 5): Text 'MT Haryono' has been set to element 'Object Repository/Order Dine In/android.widget.EditText - Cari Gerai KFC'

2023-02-08 13:46:52 - [MESSAGE][PASSED] - Text 'MT Haryono' has been set to element 'Object Repository/Order Dine In/android.widget.EditText - Cari Gerai KFC'

2023-02-08 13:46:52 - [TEST_STEP][PASSED] - hideKeyboard(): Keyboard is hidden

2023-02-08 13:46:55 - [MESSAGE][PASSED] - Keyboard is hidden

2023-02-08 13:46:55 - [TEST_STEP][PASSED] - waitForElementPresent(findTestObject("Object Repository/Order Dine In/android.widget.TextView - MT HARYONO JAKARTA"), 5): Object Object Repository/Order Dine In/android.widget.TextView - MT HARYONO JAKARTA not found

2023-02-08 13:47:00 - [MESSAGE][WARNING] - Object Object Repository/Order Dine In/android.widget.TextView - MT HARYONO JAKARTA not found

2023-02-08 13:47:00 - [TEST_STEP][PASSED] - tap(findTestObject("Order Dine In/Order/android.widget.Button - Pilih Gerai"), 5): Tapped on element 'Object Repository/Order Dine In/Order/android.widget.Button - Pilih Gerai'

2023-02-08 13:47:02 - [MESSAGE][PASSED] - Tapped on element 'Object Repository/Order Dine In/Order/android.widget.Button - Pilih Gerai'

2023-02-08 13:47:02 - [TEST_STEP][PASSED] - delay(5, STOP_ON_FAILURE): Delayed 5 second(s)

2023-02-08 13:47:07 - [MESSAGE][PASSED] - Delayed 5 second(s)

2023-02-08 13:47:07 - [TEST_STEP][PASSED] - tap(findTestObject("Order Dine In/android.widget.FrameLayout"), 5): Tapped on element 'Object Repository/Order Dine In/android.widget.FrameLayout'

2023-02-08 13:47:08 - [MESSAGE][PASSED] - Tapped on element 'Object Repository/Order Dine In/android.widget.FrameLayout'

2023-02-08 13:47:08 - [TEST_STEP][PASSED] - delay(5, STOP_ON_FAILURE): Delayed 5 second(s)

2023-02-08 13:47:13 - [MESSAGE][PASSED] - Delayed 5 second(s)

2023-02-08 13:47:13 - [TEST_STEP][PASSED] - pressBack(): Press back button successfully

2023-02-08 13:47:14 - [MESSAGE][PASSED] - Press back button successfully

2023-02-08 13:47:14 - [TEST_STEP][PASSED] - waitForElementPresent(findTestObject("Order Dine In/android.widget.Button - Add"), 5): Element 'Object Repository/Order Dine In/android.widget.Button - Add' is present

2023-02-08 13:47:14 - [MESSAGE][PASSED] - Element 'Object Repository/Order Dine In/android.widget.Button - Add' is present

2023-02-08 13:47:14 - [TEST_STEP][PASSED] - tap(findTestObject("Order Dine In/android.widget.Button - Add"), 5): Tapped on element 'Object Repository/Order Dine In/android.widget.Button - Add'

2023-02-08 13:47:15 - [MESSAGE][PASSED] - Tapped on element 'Object Repository/Order Dine In/android.widget.Button - Add'

2023-02-08 13:47:15 - [TEST_STEP][PASSED] - delay(5, STOP_ON_FAILURE): Delayed 5 second(s)

2023-02-08 13:47:20 - [MESSAGE][PASSED] - Delayed 5 second(s)

2023-02-08 13:47:20 - [TEST_STEP][PASSED] - waitForElementPresent(findTestObject("Order Dine In/Order/android.widget.Button - Lanjut"), 5): Element 'Object Repository/Order Dine In/Order/android.widget.Button - Lanjut' is present

2023-02-08 13:47:20 - [MESSAGE][PASSED] - Element 'Object Repository/Order Dine In/Order/android.widget.Button - Lanjut' is present

2023-02-08 13:47:20 - [TEST_STEP][PASSED] - tap(findTestObject("Order Dine In/Order/android.widget.Button - Lanjut"), 5): Tapped on element 'Object Repository/Order Dine In/Order/android.widget.Button - Lanjut'

2023-02-08 13:47:21 - [MESSAGE][PASSED] - Tapped on element 'Object Repository/Order Dine In/Order/android.widget.Button - Lanjut'

2023-02-08 13:47:21 - [TEST_STEP][PASSED] - delay(5, STOP_ON_FAILURE): Delayed 5 second(s)

2023-02-08 13:47:26 - [MESSAGE][PASSED] - Delayed 5 second(s)

2023-02-08 13:47:26 - [TEST_STEP][PASSED] - waitForElementPresent(findTestObject("Order Dine In/Order/android.widget.LinearLayout"), 5): Element 'Object Repository/Order Dine In/Order/android.widget.LinearLayout' is present

2023-02-08 13:47:26 - [MESSAGE][PASSED] - Element 'Object Repository/Order Dine In/Order/android.widget.LinearLayout' is present

2023-02-08 13:47:26 - [TEST_STEP][PASSED] - tap(findTestObject("Order Dine In/Order/android.widget.LinearLayout"), 5): Tapped on element 'Object Repository/Order Dine In/Order/android.widget.LinearLayout'

2023-02-08 13:47:26 - [MESSAGE][PASSED] - Tapped on element 'Object Repository/Order Dine In/Order/android.widget.LinearLayout'

2023-02-08 13:47:26 - [TEST_STEP][PASSED] - delay(5, STOP_ON_FAILURE): Delayed 5 second(s)

2023-02-08 13:47:31 - [MESSAGE][PASSED] - Delayed 5 second(s)

2023-02-08 13:47:31 - [TEST_STEP][PASSED] - waitForElementPresent(findTestObject("Order Dine In/Order/android.widget.TextView - Pilih Menu Gratis"), 5): Element 'Object Repository/Order Dine In/Order/android.widget.TextView - Pilih Menu Gratis' is present

2023-02-08 13:47:32 - [MESSAGE][PASSED] - Element 'Object Repository/Order Dine In/Order/android.widget.TextView - Pilih Menu Gratis' is present

2023-02-08 13:47:32 - [TEST_STEP][PASSED] - tap(findTestObject("Order Dine In/Order/android.widget.TextView - Pilih Menu Gratis"), 5): Tapped on element 'Object Repository/Order Dine In/Order/android.widget.TextView - Pilih Menu Gratis'

2023-02-08 13:47:33 - [MESSAGE][PASSED] - Tapped on element 'Object Repository/Order Dine In/Order/android.widget.TextView - Pilih Menu Gratis'

2023-02-08 13:47:33 - [TEST_STEP][PASSED] - delay(5, STOP_ON_FAILURE): Delayed 5 second(s)

2023-02-08 13:47:38 - [MESSAGE][PASSED] - Delayed 5 second(s)

2023-02-08 13:47:38 - [TEST_STEP][PASSED] - swipe(281, 500, 434, 161): Swiped from 281,500 to 434,161

2023-02-08 13:47:39 - [MESSAGE][PASSED] - Swiped from 281,500 to 434,161

2023-02-08 13:47:39 - [TEST_STEP][PASSED] - delay(5, STOP_ON_FAILURE): Delayed 5 second(s)

2023-02-08 13:47:44 - [MESSAGE][PASSED] - Delayed 5 second(s)

2023-02-08 13:47:44 - [TEST_STEP][PASSED] - waitForElementPresent(findTestObject("Order Dine In/Order/android.widget.Button - Pilih Sekarang"), 10): Object Object Repository/Order Dine In/Order/android.widget.Button - Pilih Sekarang not found

2023-02-08 13:47:54 - [MESSAGE][WARNING] - Object Object Repository/Order Dine In/Order/android.widget.Button - Pilih Sekarang not found

2023-02-08 13:47:54 - [TEST_STEP][FAILED] - tap(findTestObject("Order Dine In/Order/android.widget.Button - Pilih Sekarang"), 10): Failed to tap on element 'Object Repository/Order Dine In/Order/android.widget.Button - Pilih Sekarang' (Root cause: com.kms.katalon.core.exception.StepFailedException: Object Object Repository/Order Dine In/Order/android.widget.Button - Pilih Sekarang not found
	at com.kms.katalon.core.keyword.internal.KeywordMain.stepFailed(KeywordMain.groovy:50)
	at com.kms.katalon.core.mobile.keyword.internal.MobileKeywordMain.stepFailed(MobileKeywordMain.groovy:40)
	at com.kms.katalon.core.mobile.keyword.builtin.TapKeyword$_tap_closure1.doCall(TapKeyword.groovy:79)
	at com.kms.katalon.core.mobile.keyword.builtin.TapKeyword$_tap_closure1.call(TapKeyword.groovy)
	at com.kms.katalon.core.mobile.keyword.internal.MobileKeywordMain.runKeyword(MobileKeywordMain.groovy:21)
	at com.kms.katalon.core.mobile.keyword.builtin.TapKeyword.tap(TapKeyword.groovy:84)
	at com.kms.katalon.core.mobile.keyword.builtin.TapKeyword.execute(TapKeyword.groovy:68)
	at com.kms.katalon.core.keyword.internal.KeywordExecutor.executeKeywordForPlatform(KeywordExecutor.groovy:74)
	at com.kms.katalon.core.mobile.keyword.MobileBuiltInKeywords.tap(MobileBuiltInKeywords.groovy:1490)
	at com.kms.katalon.core.mobile.keyword.MobileBuiltInKeywords$tap$1.call(Unknown Source)
	at Dine In - Gopay.run(Dine In - Gopay:84)
	at com.kms.katalon.core.main.ScriptEngine.run(ScriptEngine.java:194)
	at com.kms.katalon.core.main.ScriptEngine.runScriptAsRawText(ScriptEngine.java:119)
	at com.kms.katalon.core.main.TestCaseExecutor.runScript(TestCaseExecutor.java:448)
	at com.kms.katalon.core.main.TestCaseExecutor.doExecute(TestCaseExecutor.java:439)
	at com.kms.katalon.core.main.TestCaseExecutor.processExecutionPhase(TestCaseExecutor.java:418)
	at com.kms.katalon.core.main.TestCaseExecutor.accessMainPhase(TestCaseExecutor.java:410)
	at com.kms.katalon.core.main.TestCaseExecutor.execute(TestCaseExecutor.java:285)
	at com.kms.katalon.core.common.CommonExecutor.accessTestCaseMainPhase(CommonExecutor.java:65)
	at com.kms.katalon.core.main.TestSuiteExecutor.accessTestSuiteMainPhase(TestSuiteExecutor.java:151)
	at com.kms.katalon.core.main.TestSuiteExecutor.execute(TestSuiteExecutor.java:106)
	at com.kms.katalon.core.main.TestCaseMain.startTestSuite(TestCaseMain.java:185)
	at com.kms.katalon.core.main.TestCaseMain$startTestSuite$0.call(Unknown Source)
	at TempTestSuite1675838668726.run(TempTestSuite1675838668726.groovy:36)
)

2023-02-08 13:48:07 - [MESSAGE][FAILED] - Object Object Repository/Order Dine In/Order/android.widget.Button - Pilih Sekarang not found

2023-02-08 13:48:09 - [MESSAGE][FAILED] - Failed to tap on element 'Object Repository/Order Dine In/Order/android.widget.Button - Pilih Sekarang' (Root cause: com.kms.katalon.core.exception.StepFailedException: Object Object Repository/Order Dine In/Order/android.widget.Button - Pilih Sekarang not found
	at com.kms.katalon.core.keyword.internal.KeywordMain.stepFailed(KeywordMain.groovy:50)
	at com.kms.katalon.core.mobile.keyword.internal.MobileKeywordMain.stepFailed(MobileKeywordMain.groovy:40)
	at com.kms.katalon.core.mobile.keyword.builtin.TapKeyword$_tap_closure1.doCall(TapKeyword.groovy:79)
	at com.kms.katalon.core.mobile.keyword.builtin.TapKeyword$_tap_closure1.call(TapKeyword.groovy)
	at com.kms.katalon.core.mobile.keyword.internal.MobileKeywordMain.runKeyword(MobileKeywordMain.groovy:21)
	at com.kms.katalon.core.mobile.keyword.builtin.TapKeyword.tap(TapKeyword.groovy:84)
	at com.kms.katalon.core.mobile.keyword.builtin.TapKeyword.execute(TapKeyword.groovy:68)
	at com.kms.katalon.core.keyword.internal.KeywordExecutor.executeKeywordForPlatform(KeywordExecutor.groovy:74)
	at com.kms.katalon.core.mobile.keyword.MobileBuiltInKeywords.tap(MobileBuiltInKeywords.groovy:1490)
	at com.kms.katalon.core.mobile.keyword.MobileBuiltInKeywords$tap$1.call(Unknown Source)
	at Dine In - Gopay.run(Dine In - Gopay:84)
	at com.kms.katalon.core.main.ScriptEngine.run(ScriptEngine.java:194)
	at com.kms.katalon.core.main.ScriptEngine.runScriptAsRawText(ScriptEngine.java:119)
	at com.kms.katalon.core.main.TestCaseExecutor.runScript(TestCaseExecutor.java:448)
	at com.kms.katalon.core.main.TestCaseExecutor.doExecute(TestCaseExecutor.java:439)
	at com.kms.katalon.core.main.TestCaseExecutor.processExecutionPhase(TestCaseExecutor.java:418)
	at com.kms.katalon.core.main.TestCaseExecutor.accessMainPhase(TestCaseExecutor.java:410)
	at com.kms.katalon.core.main.TestCaseExecutor.execute(TestCaseExecutor.java:285)
	at com.kms.katalon.core.common.CommonExecutor.accessTestCaseMainPhase(CommonExecutor.java:65)
	at com.kms.katalon.core.main.TestSuiteExecutor.accessTestSuiteMainPhase(TestSuiteExecutor.java:151)
	at com.kms.katalon.core.main.TestSuiteExecutor.execute(TestSuiteExecutor.java:106)
	at com.kms.katalon.core.main.TestCaseMain.startTestSuite(TestCaseMain.java:185)
	at com.kms.katalon.core.main.TestCaseMain$startTestSuite$0.call(Unknown Source)
	at TempTestSuite1675838668726.run(TempTestSuite1675838668726.groovy:36)
)
[[ATTACHMENT|C:\\Users\\Ahadian Rifky\\Downloads\\Katalon_Studio_Windows_64-8.5.5\\Katalon_Studio_Windows_64-8.5.5\\git.github.com\\maycheljecsan\\kfckuapps_katalon.git\\kfcku_android\\Reports\\20230208_134428\\Create Order\\Order PNP\\20230208_134428\\1675838887343.png]]]]></system-out>
         <system-err><![CDATA[2023-02-08 13:46:24 - [TEST_CASE][FAILED] - Test Cases/Create Order/Dine In/Dine In - Gopay: Test Cases/Create Order/Dine In/Dine In - Gopay FAILED.
Reason:
com.kms.katalon.core.exception.StepFailedException: Object Object Repository/Order Dine In/Order/android.widget.Button - Pilih Sekarang not found
	at com.kms.katalon.core.keyword.internal.KeywordMain.stepFailed(KeywordMain.groovy:50)
	at com.kms.katalon.core.mobile.keyword.internal.MobileKeywordMain.stepFailed(MobileKeywordMain.groovy:40)
	at com.kms.katalon.core.mobile.keyword.builtin.TapKeyword$_tap_closure1.doCall(TapKeyword.groovy:79)
	at com.kms.katalon.core.mobile.keyword.builtin.TapKeyword$_tap_closure1.call(TapKeyword.groovy)
	at com.kms.katalon.core.mobile.keyword.internal.MobileKeywordMain.runKeyword(MobileKeywordMain.groovy:21)
	at com.kms.katalon.core.mobile.keyword.builtin.TapKeyword.tap(TapKeyword.groovy:84)
	at com.kms.katalon.core.mobile.keyword.builtin.TapKeyword.execute(TapKeyword.groovy:68)
	at com.kms.katalon.core.keyword.internal.KeywordExecutor.executeKeywordForPlatform(KeywordExecutor.groovy:74)
	at com.kms.katalon.core.mobile.keyword.MobileBuiltInKeywords.tap(MobileBuiltInKeywords.groovy:1490)
	at com.kms.katalon.core.mobile.keyword.MobileBuiltInKeywords$tap$1.call(Unknown Source)
	at Dine In - Gopay.run(Dine In - Gopay:84)
	at com.kms.katalon.core.main.ScriptEngine.run(ScriptEngine.java:194)
	at com.kms.katalon.core.main.ScriptEngine.runScriptAsRawText(ScriptEngine.java:119)
	at com.kms.katalon.core.main.TestCaseExecutor.runScript(TestCaseExecutor.java:448)
	at com.kms.katalon.core.main.TestCaseExecutor.doExecute(TestCaseExecutor.java:439)
	at com.kms.katalon.core.main.TestCaseExecutor.processExecutionPhase(TestCaseExecutor.java:418)
	at com.kms.katalon.core.main.TestCaseExecutor.accessMainPhase(TestCaseExecutor.java:410)
	at com.kms.katalon.core.main.TestCaseExecutor.execute(TestCaseExecutor.java:285)
	at com.kms.katalon.core.common.CommonExecutor.accessTestCaseMainPhase(CommonExecutor.java:65)
	at com.kms.katalon.core.main.TestSuiteExecutor.accessTestSuiteMainPhase(TestSuiteExecutor.java:151)
	at com.kms.katalon.core.main.TestSuiteExecutor.execute(TestSuiteExecutor.java:106)
	at com.kms.katalon.core.main.TestCaseMain.startTestSuite(TestCaseMain.java:185)
	at com.kms.katalon.core.main.TestCaseMain$startTestSuite$0.call(Unknown Source)
	at TempTestSuite1675838668726.run(TempTestSuite1675838668726.groovy:36)]]></system-err>
      </testcase>
      <system-out><![CDATA[2023-02-08 13:44:39 - [TEST_SUITE][FAILED] - Order PNP: Test Cases/Create Order/Dine In/Dine In - Dana FAILED.
Reason:
com.kms.katalon.core.exception.StepFailedException: Object Object Repository/Order Dine In/Order/android.widget.Button - Pilih Sekarang not found
	at com.kms.katalon.core.keyword.internal.KeywordMain.stepFailed(KeywordMain.groovy:50)
	at com.kms.katalon.core.mobile.keyword.internal.MobileKeywordMain.stepFailed(MobileKeywordMain.groovy:40)
	at com.kms.katalon.core.mobile.keyword.builtin.TapKeyword$_tap_closure1.doCall(TapKeyword.groovy:79)
	at com.kms.katalon.core.mobile.keyword.builtin.TapKeyword$_tap_closure1.call(TapKeyword.groovy)
	at com.kms.katalon.core.mobile.keyword.internal.MobileKeywordMain.runKeyword(MobileKeywordMain.groovy:21)
	at com.kms.katalon.core.mobile.keyword.builtin.TapKeyword.tap(TapKeyword.groovy:84)
	at com.kms.katalon.core.mobile.keyword.builtin.TapKeyword.execute(TapKeyword.groovy:68)
	at com.kms.katalon.core.keyword.internal.KeywordExecutor.executeKeywordForPlatform(KeywordExecutor.groovy:74)
	at com.kms.katalon.core.mobile.keyword.MobileBuiltInKeywords.tap(MobileBuiltInKeywords.groovy:1490)
	at com.kms.katalon.core.mobile.keyword.MobileBuiltInKeywords$tap$1.call(Unknown Source)
	at Dine In - Dana.run(Dine In - Dana:81)
	at com.kms.katalon.core.main.ScriptEngine.run(ScriptEngine.java:194)
	at com.kms.katalon.core.main.ScriptEngine.runScriptAsRawText(ScriptEngine.java:119)
	at com.kms.katalon.core.main.TestCaseExecutor.runScript(TestCaseExecutor.java:448)
	at com.kms.katalon.core.main.TestCaseExecutor.doExecute(TestCaseExecutor.java:439)
	at com.kms.katalon.core.main.TestCaseExecutor.processExecutionPhase(TestCaseExecutor.java:418)
	at com.kms.katalon.core.main.TestCaseExecutor.accessMainPhase(TestCaseExecutor.java:410)
	at com.kms.katalon.core.main.TestCaseExecutor.execute(TestCaseExecutor.java:285)
	at com.kms.katalon.core.common.CommonExecutor.accessTestCaseMainPhase(CommonExecutor.java:65)
	at com.kms.katalon.core.main.TestSuiteExecutor.accessTestSuiteMainPhase(TestSuiteExecutor.java:151)
	at com.kms.katalon.core.main.TestSuiteExecutor.execute(TestSuiteExecutor.java:106)
	at com.kms.katalon.core.main.TestCaseMain.startTestSuite(TestCaseMain.java:185)
	at com.kms.katalon.core.main.TestCaseMain$startTestSuite$0.call(Unknown Source)
	at TempTestSuite1675838668726.run(TempTestSuite1675838668726.groovy:36)]]></system-out>
      <system-err><![CDATA[2023-02-08 13:44:39 - [TEST_SUITE][FAILED] - Order PNP: Test Cases/Create Order/Dine In/Dine In - Dana FAILED.
Reason:
com.kms.katalon.core.exception.StepFailedException: Object Object Repository/Order Dine In/Order/android.widget.Button - Pilih Sekarang not found
	at com.kms.katalon.core.keyword.internal.KeywordMain.stepFailed(KeywordMain.groovy:50)
	at com.kms.katalon.core.mobile.keyword.internal.MobileKeywordMain.stepFailed(MobileKeywordMain.groovy:40)
	at com.kms.katalon.core.mobile.keyword.builtin.TapKeyword$_tap_closure1.doCall(TapKeyword.groovy:79)
	at com.kms.katalon.core.mobile.keyword.builtin.TapKeyword$_tap_closure1.call(TapKeyword.groovy)
	at com.kms.katalon.core.mobile.keyword.internal.MobileKeywordMain.runKeyword(MobileKeywordMain.groovy:21)
	at com.kms.katalon.core.mobile.keyword.builtin.TapKeyword.tap(TapKeyword.groovy:84)
	at com.kms.katalon.core.mobile.keyword.builtin.TapKeyword.execute(TapKeyword.groovy:68)
	at com.kms.katalon.core.keyword.internal.KeywordExecutor.executeKeywordForPlatform(KeywordExecutor.groovy:74)
	at com.kms.katalon.core.mobile.keyword.MobileBuiltInKeywords.tap(MobileBuiltInKeywords.groovy:1490)
	at com.kms.katalon.core.mobile.keyword.MobileBuiltInKeywords$tap$1.call(Unknown Source)
	at Dine In - Dana.run(Dine In - Dana:81)
	at com.kms.katalon.core.main.ScriptEngine.run(ScriptEngine.java:194)
	at com.kms.katalon.core.main.ScriptEngine.runScriptAsRawText(ScriptEngine.java:119)
	at com.kms.katalon.core.main.TestCaseExecutor.runScript(TestCaseExecutor.java:448)
	at com.kms.katalon.core.main.TestCaseExecutor.doExecute(TestCaseExecutor.java:439)
	at com.kms.katalon.core.main.TestCaseExecutor.processExecutionPhase(TestCaseExecutor.java:418)
	at com.kms.katalon.core.main.TestCaseExecutor.accessMainPhase(TestCaseExecutor.java:410)
	at com.kms.katalon.core.main.TestCaseExecutor.execute(TestCaseExecutor.java:285)
	at com.kms.katalon.core.common.CommonExecutor.accessTestCaseMainPhase(CommonExecutor.java:65)
	at com.kms.katalon.core.main.TestSuiteExecutor.accessTestSuiteMainPhase(TestSuiteExecutor.java:151)
	at com.kms.katalon.core.main.TestSuiteExecutor.execute(TestSuiteExecutor.java:106)
	at com.kms.katalon.core.main.TestCaseMain.startTestSuite(TestCaseMain.java:185)
	at com.kms.katalon.core.main.TestCaseMain$startTestSuite$0.call(Unknown Source)
	at TempTestSuite1675838668726.run(TempTestSuite1675838668726.groovy:36)]]></system-err>
   </testsuite>
</testsuites>
