<?xml version="1.0" encoding="UTF-8"?>
<testsuites name="Login Production" time="98.131" tests="2" failures="0" errors="1">
   <testsuite name="Login Production" tests="2" failures="0" errors="1" time="98.131" skipped="0" timestamp="2023-03-13 15:25:23" hostname="Ahadian Rifky - NKC-23" id="Test Suites/Production/Login Production">
      <properties>
         <property name="deviceName" value="OPPO CPH1801 (Android 7.1.1)"/>
         <property name="devicePlatform" value=""/>
         <property name="logFolder" value="C:\\Users\\Ahadian Rifky\\Downloads\\Katalon_Studio_Windows_64-8.5.5\\Katalon_Studio_Windows_64-8.5.5\\git.github.com\\maycheljecsan\\kfckuapps_katalon.git\\kfcku_android\\Reports\\20230313_152512\\Production\\Login Production\\20230313_152512"/>
         <property name="logFiles" value="C:\\Users\\Ahadian Rifky\\Downloads\\Katalon_Studio_Windows_64-8.5.5\\Katalon_Studio_Windows_64-8.5.5\\git.github.com\\maycheljecsan\\kfckuapps_katalon.git\\kfcku_android\\Reports\\20230313_152512\\Production\\Login Production\\20230313_152512\\appium.log, C:\\Users\\Ahadian Rifky\\Downloads\\Katalon_Studio_Windows_64-8.5.5\\Katalon_Studio_Windows_64-8.5.5\\git.github.com\\maycheljecsan\\kfckuapps_katalon.git\\kfcku_android\\Reports\\20230313_152512\\Production\\Login Production\\20230313_152512\\execution0.log"/>
         <property name="attachments" value=""/>
         <property name="hostName" value="Ahadian Rifky - NKC-23"/>
         <property name="os" value="Windows 10 64bit"/>
         <property name="appiumServerStatus" value="{&quot;value&quot;:{&quot;build&quot;:{&quot;version&quot;:&quot;1.22.3&quot;}},&quot;sessionId&quot;:null,&quot;status&quot;:0}"/>
         <property name="katalonVersion" value="8.5.5.208"/>
         <property name="deviceOS" value="Android"/>
         <property name="appiumVersion" value="1.22.3"/>
         <property name="deviceModel" value="CPH1801"/>
         <property name="hostAddress" value="172.10.13.174"/>
         <property name="deviceManufacturer" value="OPPO"/>
         <property name="deviceId" value="aa14e06a"/>
         <property name="deviceName" value="OPPO CPH1801 (Android 7.1.1)"/>
         <property name="deviceOSVersion" value="7.1.1"/>
      </properties>
      <testcase name="Test Cases/Production/Login KFCKU Apps/Login Failed - Empty Phone Number and Password" time="52.178" classname="Test Cases/Production/Login KFCKU Apps/Login Failed - Empty Phone Number and Password" status="ERROR">
         <error type="ERROR" message="Test Cases/Production/Login KFCKU Apps/Login Failed - Empty Phone Number and Password FAILED.
Reason:
groovy.lang.MissingMethodException: No signature of method: static com.kms.katalon.core.mobile.keyword.MobileBuiltInKeywords.closeApplication() is applicable for argument types: (java.lang.String, com.kms.katalon.core.model.FailureHandling) values: [com.kfc.mobile, STOP_ON_FAILURE]
Possible solutions: closeApplication(), closeApplication(com.kms.katalon.core.model.FailureHandling)
	at Login Failed - Empty Phone Number and Password.run(Login Failed - Empty Phone Number and Password:46)
	at com.kms.katalon.core.main.ScriptEngine.run(ScriptEngine.java:194)
	at com.kms.katalon.core.main.ScriptEngine.runScriptAsRawText(ScriptEngine.java:119)
	at com.kms.katalon.core.main.TestCaseExecutor.runScript(TestCaseExecutor.java:448)
	at com.kms.katalon.core.main.TestCaseExecutor.doExecute(TestCaseExecutor.java:439)
	at com.kms.katalon.core.main.TestCaseExecutor.processExecutionPhase(TestCaseExecutor.java:418)
	at com.kms.katalon.core.main.TestCaseExecutor.accessMainPhase(TestCaseExecutor.java:410)
	at com.kms.katalon.core.main.TestCaseExecutor.execute(TestCaseExecutor.java:285)
	at com.kms.katalon.core.common.CommonExecutor.accessTestCaseMainPhase(CommonExecutor.java:65)
	at com.kms.katalon.core.main.TestSuiteExecutor.accessTestSuiteMainPhase(TestSuiteExecutor.java:151)
	at com.kms.katalon.core.main.TestSuiteExecutor.execute(TestSuiteExecutor.java:106)
	at com.kms.katalon.core.main.TestCaseMain.startTestSuite(TestCaseMain.java:185)
	at com.kms.katalon.core.main.TestCaseMain$startTestSuite$0.call(Unknown Source)
	at TempTestSuite1678695912498.run(TempTestSuite1678695912498.groovy:36)
"/>
         <system-out><![CDATA[2023-03-13 15:25:23 - [TEST_CASE][ERROR] - Test Cases/Production/Login KFCKU Apps/Login Failed - Empty Phone Number and Password: Test Cases/Production/Login KFCKU Apps/Login Failed - Empty Phone Number and Password FAILED.
Reason:
groovy.lang.MissingMethodException: No signature of method: static com.kms.katalon.core.mobile.keyword.MobileBuiltInKeywords.closeApplication() is applicable for argument types: (java.lang.String, com.kms.katalon.core.model.FailureHandling) values: [com.kfc.mobile, STOP_ON_FAILURE]
Possible solutions: closeApplication(), closeApplication(com.kms.katalon.core.model.FailureHandling)
	at Login Failed - Empty Phone Number and Password.run(Login Failed - Empty Phone Number and Password:46)
	at com.kms.katalon.core.main.ScriptEngine.run(ScriptEngine.java:194)
	at com.kms.katalon.core.main.ScriptEngine.runScriptAsRawText(ScriptEngine.java:119)
	at com.kms.katalon.core.main.TestCaseExecutor.runScript(TestCaseExecutor.java:448)
	at com.kms.katalon.core.main.TestCaseExecutor.doExecute(TestCaseExecutor.java:439)
	at com.kms.katalon.core.main.TestCaseExecutor.processExecutionPhase(TestCaseExecutor.java:418)
	at com.kms.katalon.core.main.TestCaseExecutor.accessMainPhase(TestCaseExecutor.java:410)
	at com.kms.katalon.core.main.TestCaseExecutor.execute(TestCaseExecutor.java:285)
	at com.kms.katalon.core.common.CommonExecutor.accessTestCaseMainPhase(CommonExecutor.java:65)
	at com.kms.katalon.core.main.TestSuiteExecutor.accessTestSuiteMainPhase(TestSuiteExecutor.java:151)
	at com.kms.katalon.core.main.TestSuiteExecutor.execute(TestSuiteExecutor.java:106)
	at com.kms.katalon.core.main.TestCaseMain.startTestSuite(TestCaseMain.java:185)
	at com.kms.katalon.core.main.TestCaseMain$startTestSuite$0.call(Unknown Source)
	at TempTestSuite1678695912498.run(TempTestSuite1678695912498.groovy:36)


2023-03-13 15:25:24 - [TEST_STEP][PASSED] - startExistingApplication("com.kfc.mobile", STOP_ON_FAILURE): Starting app with application ID: 'com.kfc.mobile'

2023-03-13 15:25:24 - [MESSAGE][INFO] - User set preference: ['appPackage', 'com.kfc.mobile.hkStaging']

2023-03-13 15:25:24 - [MESSAGE][INFO] - User set preference: ['appActivity', 'com.kfc.mobile.presentation.splash.SplashActivity']

2023-03-13 15:25:24 - [MESSAGE][INFO] - User set preference: ['noReset', 'true']

2023-03-13 15:25:24 - [MESSAGE][INFO] - User set preference: ['deviceId', '']

2023-03-13 15:25:24 - [MESSAGE][INFO] - Detected NodeJS location: "C:\Program Files\nodejs\node.exe"

2023-03-13 15:25:26 - [MESSAGE][INFO] - Appium server started on port 49,739

2023-03-13 15:25:46 - [MESSAGE][INFO] - Failed to get OS statusbar's information using default method.

2023-03-13 15:25:48 - [MESSAGE][PASSED] - Starting app with application ID: 'com.kfc.mobile'

2023-03-13 15:25:48 - [TEST_STEP][PASSED] - delay(5, STOP_ON_FAILURE): Delayed 5 second(s)

2023-03-13 15:25:53 - [MESSAGE][PASSED] - Delayed 5 second(s)

2023-03-13 15:25:53 - [TEST_STEP][PASSED] - pressBack(): Press back button successfully

2023-03-13 15:25:54 - [MESSAGE][PASSED] - Press back button successfully

2023-03-13 15:25:54 - [TEST_STEP][PASSED] - tap(findTestObject("Production/Home - Login/Profil"), 5): Tapped on element 'Object Repository/Production/Home - Login/Profil'

2023-03-13 15:25:57 - [MESSAGE][PASSED] - Tapped on element 'Object Repository/Production/Home - Login/Profil'

2023-03-13 15:25:57 - [TEST_STEP][PASSED] - setText(findTestObject("Production/Home - Login/Masukkan nomor handphone Anda"), "", 0): Text '' has been set to element 'Object Repository/Production/Home - Login/Masukkan nomor handphone Anda'

2023-03-13 15:25:57 - [MESSAGE][WARNING] - Timeout '0' is invalid. Using default page load timeout: '30'

2023-03-13 15:26:01 - [MESSAGE][PASSED] - Text '' has been set to element 'Object Repository/Production/Home - Login/Masukkan nomor handphone Anda'

2023-03-13 15:26:01 - [TEST_STEP][PASSED] - hideKeyboard(): Keyboard is hidden

2023-03-13 15:26:02 - [MESSAGE][PASSED] - Keyboard is hidden

2023-03-13 15:26:02 - [TEST_STEP][PASSED] - setText(findTestObject("Production/Home - Login/Ketik kata sandi Anda"), "", 0): Text '' has been set to element 'Object Repository/Production/Home - Login/Ketik kata sandi Anda'

2023-03-13 15:26:02 - [MESSAGE][WARNING] - Timeout '0' is invalid. Using default page load timeout: '30'

2023-03-13 15:26:04 - [MESSAGE][PASSED] - Text '' has been set to element 'Object Repository/Production/Home - Login/Ketik kata sandi Anda'

2023-03-13 15:26:04 - [TEST_STEP][PASSED] - hideKeyboard(): Keyboard is hidden

2023-03-13 15:26:05 - [MESSAGE][PASSED] - Keyboard is hidden

2023-03-13 15:26:05 - [TEST_STEP][PASSED] - tap(findTestObject("Production/Home - Login/Button - Masuk"), 0): Tapped on element 'Object Repository/Production/Home - Login/Button - Masuk'

2023-03-13 15:26:05 - [MESSAGE][WARNING] - Timeout '0' is invalid. Using default page load timeout: '30'

2023-03-13 15:26:06 - [MESSAGE][PASSED] - Tapped on element 'Object Repository/Production/Home - Login/Button - Masuk'

2023-03-13 15:26:06 - [TEST_STEP][PASSED] - delay(5, STOP_ON_FAILURE): Delayed 5 second(s)

2023-03-13 15:26:11 - [MESSAGE][PASSED] - Delayed 5 second(s)

2023-03-13 15:26:11 - [TEST_STEP][PASSED] - waitForElementPresent(findTestObject("Production/Home - Login/Mohon masukkan nomor handphone Anda"), 0, STOP_ON_FAILURE): Element 'Object Repository/Production/Home - Login/Mohon masukkan nomor handphone Anda' is present

2023-03-13 15:26:11 - [MESSAGE][WARNING] - Timeout '0' is invalid. Using default page load timeout: '30'

2023-03-13 15:26:12 - [MESSAGE][PASSED] - Element 'Object Repository/Production/Home - Login/Mohon masukkan nomor handphone Anda' is present

2023-03-13 15:26:12 - [TEST_STEP][PASSED] - waitForElementPresent(findTestObject("Production/Home - Login/Masukkan kata sandi Anda yang benar"), 0): Element 'Object Repository/Production/Home - Login/Masukkan kata sandi Anda yang benar' is present

2023-03-13 15:26:12 - [MESSAGE][WARNING] - Timeout '0' is invalid. Using default page load timeout: '30'

2023-03-13 15:26:12 - [MESSAGE][PASSED] - Element 'Object Repository/Production/Home - Login/Masukkan kata sandi Anda yang benar' is present

2023-03-13 15:26:12 - [TEST_STEP][PASSED] - delay(3, STOP_ON_FAILURE): Delayed 3 second(s)

2023-03-13 15:26:15 - [MESSAGE][PASSED] - Delayed 3 second(s)

2023-03-13 15:26:15 - [TEST_STEP][ERROR] - closeApplication("com.kfc.mobile", STOP_ON_FAILURE): Test Cases/Production/Login KFCKU Apps/Login Failed - Empty Phone Number and Password FAILED.
Reason:
groovy.lang.MissingMethodException: No signature of method: static com.kms.katalon.core.mobile.keyword.MobileBuiltInKeywords.closeApplication() is applicable for argument types: (java.lang.String, com.kms.katalon.core.model.FailureHandling) values: [com.kfc.mobile, STOP_ON_FAILURE]
Possible solutions: closeApplication(), closeApplication(com.kms.katalon.core.model.FailureHandling)
	at Login Failed - Empty Phone Number and Password.run(Login Failed - Empty Phone Number and Password:46)
	at com.kms.katalon.core.main.ScriptEngine.run(ScriptEngine.java:194)
	at com.kms.katalon.core.main.ScriptEngine.runScriptAsRawText(ScriptEngine.java:119)
	at com.kms.katalon.core.main.TestCaseExecutor.runScript(TestCaseExecutor.java:448)
	at com.kms.katalon.core.main.TestCaseExecutor.doExecute(TestCaseExecutor.java:439)
	at com.kms.katalon.core.main.TestCaseExecutor.processExecutionPhase(TestCaseExecutor.java:418)
	at com.kms.katalon.core.main.TestCaseExecutor.accessMainPhase(TestCaseExecutor.java:410)
	at com.kms.katalon.core.main.TestCaseExecutor.execute(TestCaseExecutor.java:285)
	at com.kms.katalon.core.common.CommonExecutor.accessTestCaseMainPhase(CommonExecutor.java:65)
	at com.kms.katalon.core.main.TestSuiteExecutor.accessTestSuiteMainPhase(TestSuiteExecutor.java:151)
	at com.kms.katalon.core.main.TestSuiteExecutor.execute(TestSuiteExecutor.java:106)
	at com.kms.katalon.core.main.TestCaseMain.startTestSuite(TestCaseMain.java:185)
	at com.kms.katalon.core.main.TestCaseMain$startTestSuite$0.call(Unknown Source)
	at TempTestSuite1678695912498.run(TempTestSuite1678695912498.groovy:36)


2023-03-13 15:26:15 - [MESSAGE][ERROR] - Test Cases/Production/Login KFCKU Apps/Login Failed - Empty Phone Number and Password FAILED.
Reason:
groovy.lang.MissingMethodException: No signature of method: static com.kms.katalon.core.mobile.keyword.MobileBuiltInKeywords.closeApplication() is applicable for argument types: (java.lang.String, com.kms.katalon.core.model.FailureHandling) values: [com.kfc.mobile, STOP_ON_FAILURE]
Possible solutions: closeApplication(), closeApplication(com.kms.katalon.core.model.FailureHandling)
	at Login Failed - Empty Phone Number and Password.run(Login Failed - Empty Phone Number and Password:46)
	at com.kms.katalon.core.main.ScriptEngine.run(ScriptEngine.java:194)
	at com.kms.katalon.core.main.ScriptEngine.runScriptAsRawText(ScriptEngine.java:119)
	at com.kms.katalon.core.main.TestCaseExecutor.runScript(TestCaseExecutor.java:448)
	at com.kms.katalon.core.main.TestCaseExecutor.doExecute(TestCaseExecutor.java:439)
	at com.kms.katalon.core.main.TestCaseExecutor.processExecutionPhase(TestCaseExecutor.java:418)
	at com.kms.katalon.core.main.TestCaseExecutor.accessMainPhase(TestCaseExecutor.java:410)
	at com.kms.katalon.core.main.TestCaseExecutor.execute(TestCaseExecutor.java:285)
	at com.kms.katalon.core.common.CommonExecutor.accessTestCaseMainPhase(CommonExecutor.java:65)
	at com.kms.katalon.core.main.TestSuiteExecutor.accessTestSuiteMainPhase(TestSuiteExecutor.java:151)
	at com.kms.katalon.core.main.TestSuiteExecutor.execute(TestSuiteExecutor.java:106)
	at com.kms.katalon.core.main.TestCaseMain.startTestSuite(TestCaseMain.java:185)
	at com.kms.katalon.core.main.TestCaseMain$startTestSuite$0.call(Unknown Source)
	at TempTestSuite1678695912498.run(TempTestSuite1678695912498.groovy:36)


2023-03-13 15:26:15 - [TEST_STEP][PASSED] - Start listener action : sampleAfterTestCase: null

2023-03-13 15:26:15 - [TEST_STEP][PASSED] - println(testCaseContext.getTestCaseId()): null

2023-03-13 15:26:15 - [TEST_STEP][PASSED] - println(testCaseContext.getTestCaseStatus()): null]]></system-out>
         <system-err><![CDATA[2023-03-13 15:25:23 - [TEST_CASE][ERROR] - Test Cases/Production/Login KFCKU Apps/Login Failed - Empty Phone Number and Password: Test Cases/Production/Login KFCKU Apps/Login Failed - Empty Phone Number and Password FAILED.
Reason:
groovy.lang.MissingMethodException: No signature of method: static com.kms.katalon.core.mobile.keyword.MobileBuiltInKeywords.closeApplication() is applicable for argument types: (java.lang.String, com.kms.katalon.core.model.FailureHandling) values: [com.kfc.mobile, STOP_ON_FAILURE]
Possible solutions: closeApplication(), closeApplication(com.kms.katalon.core.model.FailureHandling)
	at Login Failed - Empty Phone Number and Password.run(Login Failed - Empty Phone Number and Password:46)
	at com.kms.katalon.core.main.ScriptEngine.run(ScriptEngine.java:194)
	at com.kms.katalon.core.main.ScriptEngine.runScriptAsRawText(ScriptEngine.java:119)
	at com.kms.katalon.core.main.TestCaseExecutor.runScript(TestCaseExecutor.java:448)
	at com.kms.katalon.core.main.TestCaseExecutor.doExecute(TestCaseExecutor.java:439)
	at com.kms.katalon.core.main.TestCaseExecutor.processExecutionPhase(TestCaseExecutor.java:418)
	at com.kms.katalon.core.main.TestCaseExecutor.accessMainPhase(TestCaseExecutor.java:410)
	at com.kms.katalon.core.main.TestCaseExecutor.execute(TestCaseExecutor.java:285)
	at com.kms.katalon.core.common.CommonExecutor.accessTestCaseMainPhase(CommonExecutor.java:65)
	at com.kms.katalon.core.main.TestSuiteExecutor.accessTestSuiteMainPhase(TestSuiteExecutor.java:151)
	at com.kms.katalon.core.main.TestSuiteExecutor.execute(TestSuiteExecutor.java:106)
	at com.kms.katalon.core.main.TestCaseMain.startTestSuite(TestCaseMain.java:185)
	at com.kms.katalon.core.main.TestCaseMain$startTestSuite$0.call(Unknown Source)
	at TempTestSuite1678695912498.run(TempTestSuite1678695912498.groovy:36)]]></system-err>
      </testcase>
      <testcase name="Test Cases/Production/Login KFCKU Apps/Login Failed - Phone Number Not Registered" time="45.688" classname="Test Cases/Production/Login KFCKU Apps/Login Failed - Phone Number Not Registered" status="PASSED">
         <system-out><![CDATA[2023-03-13 15:26:15 - [TEST_CASE][PASSED] - Test Cases/Production/Login KFCKU Apps/Login Failed - Phone Number Not Registered: Test Cases/Production/Login KFCKU Apps/Login Failed - Phone Number Not Registered

2023-03-13 15:26:16 - [TEST_STEP][PASSED] - startExistingApplication("com.kfc.mobile", STOP_ON_FAILURE): Starting app with application ID: 'com.kfc.mobile'

2023-03-13 15:26:16 - [MESSAGE][INFO] - User set preference: ['appPackage', 'com.kfc.mobile.hkStaging']

2023-03-13 15:26:16 - [MESSAGE][INFO] - User set preference: ['appActivity', 'com.kfc.mobile.presentation.splash.SplashActivity']

2023-03-13 15:26:16 - [MESSAGE][INFO] - User set preference: ['noReset', 'true']

2023-03-13 15:26:16 - [MESSAGE][INFO] - User set preference: ['deviceId', '']

2023-03-13 15:26:30 - [MESSAGE][INFO] - Failed to get OS statusbar's information using default method.

2023-03-13 15:26:32 - [MESSAGE][PASSED] - Starting app with application ID: 'com.kfc.mobile'

2023-03-13 15:26:32 - [TEST_STEP][PASSED] - delay(5, STOP_ON_FAILURE): Delayed 5 second(s)

2023-03-13 15:26:37 - [MESSAGE][PASSED] - Delayed 5 second(s)

2023-03-13 15:26:37 - [TEST_STEP][PASSED] - pressBack(): Press back button successfully

2023-03-13 15:26:37 - [MESSAGE][PASSED] - Press back button successfully

2023-03-13 15:26:37 - [TEST_STEP][PASSED] - tap(findTestObject("Production/Home - Login/Profil"), 5): Tapped on element 'Object Repository/Production/Home - Login/Profil'

2023-03-13 15:26:39 - [MESSAGE][PASSED] - Tapped on element 'Object Repository/Production/Home - Login/Profil'

2023-03-13 15:26:39 - [TEST_STEP][PASSED] - setText(findTestObject("Production/Home - Login/Masukkan nomor handphone Anda"), "081211287388", 0): Text '081211287388' has been set to element 'Object Repository/Production/Home - Login/Masukkan nomor handphone Anda'

2023-03-13 15:26:39 - [MESSAGE][WARNING] - Timeout '0' is invalid. Using default page load timeout: '30'

2023-03-13 15:26:44 - [MESSAGE][PASSED] - Text '081211287388' has been set to element 'Object Repository/Production/Home - Login/Masukkan nomor handphone Anda'

2023-03-13 15:26:44 - [TEST_STEP][PASSED] - hideKeyboard(): Keyboard is hidden

2023-03-13 15:26:45 - [MESSAGE][PASSED] - Keyboard is hidden

2023-03-13 15:26:45 - [TEST_STEP][PASSED] - setText(findTestObject("Production/Home - Login/Ketik kata sandi Anda"), "pass123", 0): Text 'pass123' has been set to element 'Object Repository/Production/Home - Login/Ketik kata sandi Anda'

2023-03-13 15:26:45 - [MESSAGE][WARNING] - Timeout '0' is invalid. Using default page load timeout: '30'

2023-03-13 15:26:47 - [MESSAGE][PASSED] - Text 'pass123' has been set to element 'Object Repository/Production/Home - Login/Ketik kata sandi Anda'

2023-03-13 15:26:47 - [TEST_STEP][PASSED] - hideKeyboard(): Keyboard is hidden

2023-03-13 15:26:48 - [MESSAGE][PASSED] - Keyboard is hidden

2023-03-13 15:26:48 - [TEST_STEP][PASSED] - tap(findTestObject("Production/Home - Login/Button - Masuk"), 0): Tapped on element 'Object Repository/Production/Home - Login/Button - Masuk'

2023-03-13 15:26:48 - [MESSAGE][WARNING] - Timeout '0' is invalid. Using default page load timeout: '30'

2023-03-13 15:26:49 - [MESSAGE][PASSED] - Tapped on element 'Object Repository/Production/Home - Login/Button - Masuk'

2023-03-13 15:26:49 - [TEST_STEP][PASSED] - delay(5, STOP_ON_FAILURE): Delayed 5 second(s)

2023-03-13 15:26:54 - [MESSAGE][PASSED] - Delayed 5 second(s)

2023-03-13 15:26:54 - [TEST_STEP][PASSED] - waitForElementPresent(findTestObject("Production/Home - Login/Error - Nomor handphone Anda belum terdaftar"), 3): Element 'Object Repository/Production/Home - Login/Error - Nomor handphone Anda belum terdaftar' is present

2023-03-13 15:26:55 - [MESSAGE][PASSED] - Element 'Object Repository/Production/Home - Login/Error - Nomor handphone Anda belum terdaftar' is present

2023-03-13 15:26:55 - [TEST_STEP][PASSED] - delay(5, STOP_ON_FAILURE): Delayed 5 second(s)

2023-03-13 15:27:00 - [MESSAGE][PASSED] - Delayed 5 second(s)

2023-03-13 15:27:00 - [TEST_STEP][PASSED] - closeApplication(): Close app successfully

2023-03-13 15:27:01 - [MESSAGE][PASSED] - Close app successfully

2023-03-13 15:27:01 - [TEST_STEP][PASSED] - Start listener action : sampleAfterTestCase: null

2023-03-13 15:27:01 - [TEST_STEP][PASSED] - println(testCaseContext.getTestCaseId()): null

2023-03-13 15:27:01 - [TEST_STEP][PASSED] - println(testCaseContext.getTestCaseStatus()): null]]></system-out>
         <system-err><![CDATA[]]></system-err>
      </testcase>
      <system-out><![CDATA[2023-03-13 15:25:23 - [TEST_SUITE][ERROR] - Login Production: Test Cases/Production/Login KFCKU Apps/Login Failed - Empty Phone Number and Password FAILED.
Reason:
groovy.lang.MissingMethodException: No signature of method: static com.kms.katalon.core.mobile.keyword.MobileBuiltInKeywords.closeApplication() is applicable for argument types: (java.lang.String, com.kms.katalon.core.model.FailureHandling) values: [com.kfc.mobile, STOP_ON_FAILURE]
Possible solutions: closeApplication(), closeApplication(com.kms.katalon.core.model.FailureHandling)
	at Login Failed - Empty Phone Number and Password.run(Login Failed - Empty Phone Number and Password:46)
	at com.kms.katalon.core.main.ScriptEngine.run(ScriptEngine.java:194)
	at com.kms.katalon.core.main.ScriptEngine.runScriptAsRawText(ScriptEngine.java:119)
	at com.kms.katalon.core.main.TestCaseExecutor.runScript(TestCaseExecutor.java:448)
	at com.kms.katalon.core.main.TestCaseExecutor.doExecute(TestCaseExecutor.java:439)
	at com.kms.katalon.core.main.TestCaseExecutor.processExecutionPhase(TestCaseExecutor.java:418)
	at com.kms.katalon.core.main.TestCaseExecutor.accessMainPhase(TestCaseExecutor.java:410)
	at com.kms.katalon.core.main.TestCaseExecutor.execute(TestCaseExecutor.java:285)
	at com.kms.katalon.core.common.CommonExecutor.accessTestCaseMainPhase(CommonExecutor.java:65)
	at com.kms.katalon.core.main.TestSuiteExecutor.accessTestSuiteMainPhase(TestSuiteExecutor.java:151)
	at com.kms.katalon.core.main.TestSuiteExecutor.execute(TestSuiteExecutor.java:106)
	at com.kms.katalon.core.main.TestCaseMain.startTestSuite(TestCaseMain.java:185)
	at com.kms.katalon.core.main.TestCaseMain$startTestSuite$0.call(Unknown Source)
	at TempTestSuite1678695912498.run(TempTestSuite1678695912498.groovy:36)]]></system-out>
      <system-err><![CDATA[2023-03-13 15:25:23 - [TEST_SUITE][ERROR] - Login Production: Test Cases/Production/Login KFCKU Apps/Login Failed - Empty Phone Number and Password FAILED.
Reason:
groovy.lang.MissingMethodException: No signature of method: static com.kms.katalon.core.mobile.keyword.MobileBuiltInKeywords.closeApplication() is applicable for argument types: (java.lang.String, com.kms.katalon.core.model.FailureHandling) values: [com.kfc.mobile, STOP_ON_FAILURE]
Possible solutions: closeApplication(), closeApplication(com.kms.katalon.core.model.FailureHandling)
	at Login Failed - Empty Phone Number and Password.run(Login Failed - Empty Phone Number and Password:46)
	at com.kms.katalon.core.main.ScriptEngine.run(ScriptEngine.java:194)
	at com.kms.katalon.core.main.ScriptEngine.runScriptAsRawText(ScriptEngine.java:119)
	at com.kms.katalon.core.main.TestCaseExecutor.runScript(TestCaseExecutor.java:448)
	at com.kms.katalon.core.main.TestCaseExecutor.doExecute(TestCaseExecutor.java:439)
	at com.kms.katalon.core.main.TestCaseExecutor.processExecutionPhase(TestCaseExecutor.java:418)
	at com.kms.katalon.core.main.TestCaseExecutor.accessMainPhase(TestCaseExecutor.java:410)
	at com.kms.katalon.core.main.TestCaseExecutor.execute(TestCaseExecutor.java:285)
	at com.kms.katalon.core.common.CommonExecutor.accessTestCaseMainPhase(CommonExecutor.java:65)
	at com.kms.katalon.core.main.TestSuiteExecutor.accessTestSuiteMainPhase(TestSuiteExecutor.java:151)
	at com.kms.katalon.core.main.TestSuiteExecutor.execute(TestSuiteExecutor.java:106)
	at com.kms.katalon.core.main.TestCaseMain.startTestSuite(TestCaseMain.java:185)
	at com.kms.katalon.core.main.TestCaseMain$startTestSuite$0.call(Unknown Source)
	at TempTestSuite1678695912498.run(TempTestSuite1678695912498.groovy:36)]]></system-err>
   </testsuite>
</testsuites>
