<?xml version="1.0" encoding="UTF-8"?>
<testsuites name="Create Order" time="679.216" tests="6" failures="2" errors="1">
   <testsuite name="Create Order" tests="6" failures="2" errors="1" time="679.216" skipped="0" timestamp="2023-01-25 18:08:27" hostname="Ahadian Rifky - NKC-23" id="Test Suites/Create Order/Create Order">
      <properties>
         <property name="deviceName" value="OPPO CPH1801 (Android 7.1.1)"/>
         <property name="devicePlatform" value=""/>
         <property name="logFolder" value="C:\\Users\\Ahadian Rifky\\Downloads\\Katalon_Studio_Windows_64-8.5.5\\Katalon_Studio_Windows_64-8.5.5\\git.github.com\\maycheljecsan\\kfckuapps_katalon.git\\kfcku_android\\Reports\\20230125_180824\\Create Order\\Create Order\\20230125_180824"/>
         <property name="logFiles" value="C:\\Users\\Ahadian Rifky\\Downloads\\Katalon_Studio_Windows_64-8.5.5\\Katalon_Studio_Windows_64-8.5.5\\git.github.com\\maycheljecsan\\kfckuapps_katalon.git\\kfcku_android\\Reports\\20230125_180824\\Create Order\\Create Order\\20230125_180824\\appium.log, C:\\Users\\Ahadian Rifky\\Downloads\\Katalon_Studio_Windows_64-8.5.5\\Katalon_Studio_Windows_64-8.5.5\\git.github.com\\maycheljecsan\\kfckuapps_katalon.git\\kfcku_android\\Reports\\20230125_180824\\Create Order\\Create Order\\20230125_180824\\execution0.log"/>
         <property name="attachments" value="C:\\Users\\Ahadian Rifky\\Downloads\\Katalon_Studio_Windows_64-8.5.5\\Katalon_Studio_Windows_64-8.5.5\\git.github.com\\maycheljecsan\\kfckuapps_katalon.git\\kfcku_android\\Reports\\20230125_180824\\Create Order\\Create Order\\20230125_180824\\1674645396157.png, C:\\Users\\Ahadian Rifky\\Downloads\\Katalon_Studio_Windows_64-8.5.5\\Katalon_Studio_Windows_64-8.5.5\\git.github.com\\maycheljecsan\\kfckuapps_katalon.git\\kfcku_android\\Reports\\20230125_180824\\Create Order\\Create Order\\20230125_180824\\1674645422742.png"/>
         <property name="hostName" value="Ahadian Rifky - NKC-23"/>
         <property name="os" value="Windows 10 64bit"/>
         <property name="appiumServerStatus" value="{&quot;value&quot;:{&quot;build&quot;:{&quot;version&quot;:&quot;1.22.3&quot;}},&quot;sessionId&quot;:null,&quot;status&quot;:0}"/>
         <property name="katalonVersion" value="8.5.5.208"/>
         <property name="deviceOS" value="Android"/>
         <property name="appiumVersion" value="1.22.3"/>
         <property name="deviceModel" value="CPH1801"/>
         <property name="hostAddress" value="172.10.9.59"/>
         <property name="deviceManufacturer" value="OPPO"/>
         <property name="deviceId" value="aa14e06a"/>
         <property name="deviceName" value="OPPO CPH1801 (Android 7.1.1)"/>
         <property name="deviceOSVersion" value="7.1.1"/>
      </properties>
      <testcase name="Test Cases/Create Order/Dine In/Dine In - Dana" time="187.121" classname="Test Cases/Create Order/Dine In/Dine In - Dana" status="PASSED">
         <system-out><![CDATA[2023-01-25 18:08:28 - [TEST_CASE][PASSED] - Test Cases/Create Order/Dine In/Dine In - Dana: Test Cases/Create Order/Dine In/Dine In - Dana

2023-01-25 18:08:28 - [TEST_STEP][PASSED] - startExistingApplication("com.kfc.mobile.hkStaging", STOP_ON_FAILURE): Starting app with application ID: 'com.kfc.mobile.hkStaging'

2023-01-25 18:08:28 - [MESSAGE][INFO] - User set preference: ['appPackage', 'com.kfc.mobile.hkStaging']

2023-01-25 18:08:28 - [MESSAGE][INFO] - User set preference: ['appActivity', 'com.kfc.mobile.presentation.home.HomeActivity']

2023-01-25 18:08:28 - [MESSAGE][INFO] - User set preference: ['noReset', 'true']

2023-01-25 18:08:28 - [MESSAGE][INFO] - User set preference: ['deviceId', '']

2023-01-25 18:08:29 - [MESSAGE][INFO] - Detected NodeJS location: "C:\Program Files\nodejs\node.exe"

2023-01-25 18:08:31 - [MESSAGE][INFO] - Appium server started on port 51,733

2023-01-25 18:09:07 - [MESSAGE][INFO] - Failed to get OS statusbar's information using default method.

2023-01-25 18:09:08 - [MESSAGE][PASSED] - Starting app with application ID: 'com.kfc.mobile.hkStaging'

2023-01-25 18:09:08 - [TEST_STEP][PASSED] - waitForElementPresent(findTestObject("Order Dine In/android.widget.TextView - Beranda"), 5): Element 'Object Repository/Order Dine In/android.widget.TextView - Beranda' is present

2023-01-25 18:09:10 - [MESSAGE][PASSED] - Element 'Object Repository/Order Dine In/android.widget.TextView - Beranda' is present

2023-01-25 18:09:10 - [TEST_STEP][PASSED] - tap(findTestObject("Object Repository/Order Dine In/android.widget.TextView - Beranda"), 5): Tapped on element 'Object Repository/Order Dine In/android.widget.TextView - Beranda'

2023-01-25 18:09:11 - [MESSAGE][PASSED] - Tapped on element 'Object Repository/Order Dine In/android.widget.TextView - Beranda'

2023-01-25 18:09:11 - [TEST_STEP][PASSED] - swipe(281, 500, 434, 161): Swiped from 281,500 to 434,161

2023-01-25 18:09:12 - [MESSAGE][PASSED] - Swiped from 281,500 to 434,161

2023-01-25 18:09:12 - [TEST_STEP][PASSED] - tap(findTestObject("Object Repository/Order Dine In/android.widget.TextView - DINE-IN"), 5): Tapped on element 'Object Repository/Order Dine In/android.widget.TextView - DINE-IN'

2023-01-25 18:09:13 - [MESSAGE][PASSED] - Tapped on element 'Object Repository/Order Dine In/android.widget.TextView - DINE-IN'

2023-01-25 18:09:13 - [TEST_STEP][PASSED] - tap(findTestObject("Object Repository/Order Dine In/android.widget.TextView - Cari Gerai KFC"), 5): Tapped on element 'Object Repository/Order Dine In/android.widget.TextView - Cari Gerai KFC'

2023-01-25 18:09:16 - [MESSAGE][PASSED] - Tapped on element 'Object Repository/Order Dine In/android.widget.TextView - Cari Gerai KFC'

2023-01-25 18:09:16 - [TEST_STEP][PASSED] - setText(findTestObject("Object Repository/Order Dine In/android.widget.EditText - Cari Gerai KFC"), "MT Haryono", 5): Text 'MT Haryono' has been set to element 'Object Repository/Order Dine In/android.widget.EditText - Cari Gerai KFC'

2023-01-25 18:09:20 - [MESSAGE][PASSED] - Text 'MT Haryono' has been set to element 'Object Repository/Order Dine In/android.widget.EditText - Cari Gerai KFC'

2023-01-25 18:09:20 - [TEST_STEP][PASSED] - hideKeyboard(): Keyboard is hidden

2023-01-25 18:09:23 - [MESSAGE][PASSED] - Keyboard is hidden

2023-01-25 18:09:23 - [TEST_STEP][PASSED] - waitForElementPresent(findTestObject("Object Repository/Order Dine In/android.widget.TextView - MT HARYONO JAKARTA"), 5): Object Object Repository/Order Dine In/android.widget.TextView - MT HARYONO JAKARTA not found

2023-01-25 18:09:28 - [MESSAGE][WARNING] - Object Object Repository/Order Dine In/android.widget.TextView - MT HARYONO JAKARTA not found

2023-01-25 18:09:28 - [TEST_STEP][PASSED] - tap(findTestObject("Order Dine In/Order/android.widget.Button - Pilih Gerai"), 0): Tapped on element 'Object Repository/Order Dine In/Order/android.widget.Button - Pilih Gerai'

2023-01-25 18:09:28 - [MESSAGE][WARNING] - Timeout '0' is invalid. Using default page load timeout: '30'

2023-01-25 18:09:28 - [MESSAGE][PASSED] - Tapped on element 'Object Repository/Order Dine In/Order/android.widget.Button - Pilih Gerai'

2023-01-25 18:09:28 - [TEST_STEP][PASSED] - delay(5, STOP_ON_FAILURE): Delayed 5 second(s)

2023-01-25 18:09:33 - [MESSAGE][PASSED] - Delayed 5 second(s)

2023-01-25 18:09:33 - [TEST_STEP][PASSED] - tap(findTestObject("Order Dine In/android.widget.FrameLayout"), 5): Tapped on element 'Object Repository/Order Dine In/android.widget.FrameLayout'

2023-01-25 18:09:34 - [MESSAGE][PASSED] - Tapped on element 'Object Repository/Order Dine In/android.widget.FrameLayout'

2023-01-25 18:09:34 - [TEST_STEP][PASSED] - delay(5, STOP_ON_FAILURE): Delayed 5 second(s)

2023-01-25 18:09:39 - [MESSAGE][PASSED] - Delayed 5 second(s)

2023-01-25 18:09:39 - [TEST_STEP][PASSED] - pressBack(): Press back button successfully

2023-01-25 18:09:40 - [MESSAGE][PASSED] - Press back button successfully

2023-01-25 18:09:40 - [TEST_STEP][PASSED] - waitForElementPresent(findTestObject("Order Dine In/android.widget.Button - Add"), 5): Element 'Object Repository/Order Dine In/android.widget.Button - Add' is present

2023-01-25 18:09:40 - [MESSAGE][PASSED] - Element 'Object Repository/Order Dine In/android.widget.Button - Add' is present

2023-01-25 18:09:40 - [TEST_STEP][PASSED] - tap(findTestObject("Order Dine In/android.widget.Button - Add"), 5): Tapped on element 'Object Repository/Order Dine In/android.widget.Button - Add'

2023-01-25 18:09:41 - [MESSAGE][PASSED] - Tapped on element 'Object Repository/Order Dine In/android.widget.Button - Add'

2023-01-25 18:09:41 - [TEST_STEP][PASSED] - delay(5, STOP_ON_FAILURE): Delayed 5 second(s)

2023-01-25 18:09:46 - [MESSAGE][PASSED] - Delayed 5 second(s)

2023-01-25 18:09:46 - [TEST_STEP][PASSED] - waitForElementPresent(findTestObject("Order Dine In/Order/android.widget.Button - Lanjut"), 5): Element 'Object Repository/Order Dine In/Order/android.widget.Button - Lanjut' is present

2023-01-25 18:09:47 - [MESSAGE][PASSED] - Element 'Object Repository/Order Dine In/Order/android.widget.Button - Lanjut' is present

2023-01-25 18:09:47 - [TEST_STEP][PASSED] - tap(findTestObject("Order Dine In/Order/android.widget.Button - Lanjut"), 5): Tapped on element 'Object Repository/Order Dine In/Order/android.widget.Button - Lanjut'

2023-01-25 18:09:48 - [MESSAGE][PASSED] - Tapped on element 'Object Repository/Order Dine In/Order/android.widget.Button - Lanjut'

2023-01-25 18:09:48 - [TEST_STEP][PASSED] - delay(5, STOP_ON_FAILURE): Delayed 5 second(s)

2023-01-25 18:09:53 - [MESSAGE][PASSED] - Delayed 5 second(s)

2023-01-25 18:09:53 - [TEST_STEP][PASSED] - waitForElementPresent(findTestObject("Order Dine In/Order/android.widget.LinearLayout"), 5): Element 'Object Repository/Order Dine In/Order/android.widget.LinearLayout' is present

2023-01-25 18:09:53 - [MESSAGE][PASSED] - Element 'Object Repository/Order Dine In/Order/android.widget.LinearLayout' is present

2023-01-25 18:09:53 - [TEST_STEP][PASSED] - tap(findTestObject("Order Dine In/Order/android.widget.LinearLayout"), 5): Tapped on element 'Object Repository/Order Dine In/Order/android.widget.LinearLayout'

2023-01-25 18:09:54 - [MESSAGE][PASSED] - Tapped on element 'Object Repository/Order Dine In/Order/android.widget.LinearLayout'

2023-01-25 18:09:54 - [TEST_STEP][PASSED] - delay(5, STOP_ON_FAILURE): Delayed 5 second(s)

2023-01-25 18:09:59 - [MESSAGE][PASSED] - Delayed 5 second(s)

2023-01-25 18:09:59 - [TEST_STEP][PASSED] - waitForElementPresent(findTestObject("Order Dine In/Order/android.widget.TextView - Pilih Menu Gratis"), 5): Element 'Object Repository/Order Dine In/Order/android.widget.TextView - Pilih Menu Gratis' is present

2023-01-25 18:09:59 - [MESSAGE][PASSED] - Element 'Object Repository/Order Dine In/Order/android.widget.TextView - Pilih Menu Gratis' is present

2023-01-25 18:09:59 - [TEST_STEP][PASSED] - tap(findTestObject("Order Dine In/Order/android.widget.TextView - Pilih Menu Gratis"), 5): Tapped on element 'Object Repository/Order Dine In/Order/android.widget.TextView - Pilih Menu Gratis'

2023-01-25 18:09:59 - [MESSAGE][PASSED] - Tapped on element 'Object Repository/Order Dine In/Order/android.widget.TextView - Pilih Menu Gratis'

2023-01-25 18:09:59 - [TEST_STEP][PASSED] - delay(5, STOP_ON_FAILURE): Delayed 5 second(s)

2023-01-25 18:10:04 - [MESSAGE][PASSED] - Delayed 5 second(s)

2023-01-25 18:10:04 - [TEST_STEP][PASSED] - waitForElementPresent(findTestObject("Order Dine In/Order/android.widget.Button - Pilih Sekarang"), 10): Element 'Object Repository/Order Dine In/Order/android.widget.Button - Pilih Sekarang' is present

2023-01-25 18:10:05 - [MESSAGE][PASSED] - Element 'Object Repository/Order Dine In/Order/android.widget.Button - Pilih Sekarang' is present

2023-01-25 18:10:05 - [TEST_STEP][PASSED] - tap(findTestObject("Order Dine In/Order/android.widget.Button - Pilih Sekarang"), 10): Tapped on element 'Object Repository/Order Dine In/Order/android.widget.Button - Pilih Sekarang'

2023-01-25 18:10:06 - [MESSAGE][PASSED] - Tapped on element 'Object Repository/Order Dine In/Order/android.widget.Button - Pilih Sekarang'

2023-01-25 18:10:06 - [TEST_STEP][PASSED] - delay(5, STOP_ON_FAILURE): Delayed 5 second(s)

2023-01-25 18:10:11 - [MESSAGE][PASSED] - Delayed 5 second(s)

2023-01-25 18:10:11 - [TEST_STEP][PASSED] - waitForElementPresent(findTestObject("Order Dine In/Order/android.widget.Button - TAMBAHKAN"), 10): Element 'Object Repository/Order Dine In/Order/android.widget.Button - TAMBAHKAN' is present

2023-01-25 18:10:11 - [MESSAGE][PASSED] - Element 'Object Repository/Order Dine In/Order/android.widget.Button - TAMBAHKAN' is present

2023-01-25 18:10:11 - [TEST_STEP][PASSED] - tap(findTestObject("Order Dine In/Order/android.widget.Button - TAMBAHKAN"), 5): Tapped on element 'Object Repository/Order Dine In/Order/android.widget.Button - TAMBAHKAN'

2023-01-25 18:10:11 - [MESSAGE][PASSED] - Tapped on element 'Object Repository/Order Dine In/Order/android.widget.Button - TAMBAHKAN'

2023-01-25 18:10:11 - [TEST_STEP][PASSED] - delay(5, STOP_ON_FAILURE): Delayed 5 second(s)

2023-01-25 18:10:16 - [MESSAGE][PASSED] - Delayed 5 second(s)

2023-01-25 18:10:16 - [TEST_STEP][PASSED] - tap(findTestObject("Order Dine In/Order/android.widget.Button - Lanjutkan"), 5): Tapped on element 'Object Repository/Order Dine In/Order/android.widget.Button - Lanjutkan'

2023-01-25 18:10:17 - [MESSAGE][PASSED] - Tapped on element 'Object Repository/Order Dine In/Order/android.widget.Button - Lanjutkan'

2023-01-25 18:10:17 - [TEST_STEP][PASSED] - delay(5, STOP_ON_FAILURE): Delayed 5 second(s)

2023-01-25 18:10:22 - [MESSAGE][PASSED] - Delayed 5 second(s)

2023-01-25 18:10:22 - [TEST_STEP][PASSED] - scrollToText("TOTAL", STOP_ON_FAILURE): Scrolling to text 'TOTAL' successfully

2023-01-25 18:10:27 - [MESSAGE][PASSED] - Scrolling to text 'TOTAL' successfully

2023-01-25 18:10:27 - [TEST_STEP][PASSED] - tap(findTestObject("Order Dine In/Payment/android.widget.TextView - Lihat Semua"), 5): Tapped on element 'Object Repository/Order Dine In/Payment/android.widget.TextView - Lihat Semua'

2023-01-25 18:10:28 - [MESSAGE][PASSED] - Tapped on element 'Object Repository/Order Dine In/Payment/android.widget.TextView - Lihat Semua'

2023-01-25 18:10:28 - [TEST_STEP][PASSED] - delay(5, STOP_ON_FAILURE): Delayed 5 second(s)

2023-01-25 18:10:33 - [MESSAGE][PASSED] - Delayed 5 second(s)

2023-01-25 18:10:33 - [TEST_STEP][PASSED] - swipe(281, 500, 434, 161): Swiped from 281,500 to 434,161

2023-01-25 18:10:34 - [MESSAGE][PASSED] - Swiped from 281,500 to 434,161

2023-01-25 18:10:34 - [TEST_STEP][PASSED] - testObjectOne = new com.kms.katalon.core.testobject.TestObject(): null

2023-01-25 18:10:34 - [TEST_STEP][PASSED] - testObjectOne.addProperty("xpath", EQUALS, "//hierarchy/android.widget.FrameLayout[1]/android.widget.LinearLayout[1]/android.widget.FrameLayout[1]/android.widget.FrameLayout[1]/android.widget.FrameLayout[1]/android.widget.FrameLayout[1]/android.view.ViewGroup[1]/android.widget.FrameLayout[1]/android.widget.ScrollView[1]/android.view.ViewGroup[1]/android.view.ViewGroup[1]/androidx.recyclerview.widget.RecyclerView[1]/android.view.ViewGroup[3]/android.widget.ImageView[1]"): null

2023-01-25 18:10:34 - [TEST_STEP][PASSED] - tap(testObjectOne, 5): Tapped on element ''

2023-01-25 18:10:35 - [MESSAGE][PASSED] - Tapped on element ''

2023-01-25 18:10:35 - [TEST_STEP][PASSED] - delay(5, STOP_ON_FAILURE): Delayed 5 second(s)

2023-01-25 18:10:40 - [MESSAGE][PASSED] - Delayed 5 second(s)

2023-01-25 18:10:40 - [TEST_STEP][PASSED] - swipe(281, 500, 434, 161): Swiped from 281,500 to 434,161

2023-01-25 18:10:41 - [MESSAGE][PASSED] - Swiped from 281,500 to 434,161

2023-01-25 18:10:41 - [TEST_STEP][PASSED] - delay(5, STOP_ON_FAILURE): Delayed 5 second(s)

2023-01-25 18:10:46 - [MESSAGE][PASSED] - Delayed 5 second(s)

2023-01-25 18:10:46 - [TEST_STEP][PASSED] - testObjectTwo = new com.kms.katalon.core.testobject.TestObject(): null

2023-01-25 18:10:46 - [TEST_STEP][PASSED] - testObjectTwo.addProperty("xpath", EQUALS, "//hierarchy/android.widget.FrameLayout[1]/android.widget.LinearLayout[1]/android.widget.FrameLayout[1]/android.widget.FrameLayout[1]/android.widget.FrameLayout[1]/android.widget.FrameLayout[1]/android.view.ViewGroup[1]/android.widget.FrameLayout[1]/android.widget.ScrollView[1]/android.view.ViewGroup[1]/android.view.ViewGroup[1]/androidx.recyclerview.widget.RecyclerView[1]/android.view.ViewGroup[4]"): null

2023-01-25 18:10:46 - [TEST_STEP][PASSED] - delay(5, STOP_ON_FAILURE): Delayed 5 second(s)

2023-01-25 18:10:51 - [MESSAGE][PASSED] - Delayed 5 second(s)

2023-01-25 18:10:51 - [TEST_STEP][PASSED] - tap(testObjectTwo, 5): Tapped on element ''

2023-01-25 18:10:52 - [MESSAGE][PASSED] - Tapped on element ''

2023-01-25 18:10:52 - [TEST_STEP][PASSED] - delay(10, STOP_ON_FAILURE): Delayed 10 second(s)

2023-01-25 18:11:02 - [MESSAGE][PASSED] - Delayed 10 second(s)

2023-01-25 18:11:02 - [TEST_STEP][PASSED] - tap(findTestObject("Order Dine In/Payment/android.widget.Button - Simpan"), 5): Tapped on element 'Object Repository/Order Dine In/Payment/android.widget.Button - Simpan'

2023-01-25 18:11:02 - [MESSAGE][PASSED] - Tapped on element 'Object Repository/Order Dine In/Payment/android.widget.Button - Simpan'

2023-01-25 18:11:02 - [TEST_STEP][PASSED] - delay(10, STOP_ON_FAILURE): Delayed 10 second(s)

2023-01-25 18:11:12 - [MESSAGE][PASSED] - Delayed 10 second(s)

2023-01-25 18:11:12 - [TEST_STEP][PASSED] - swipe(281, 500, 434, 161): Swiped from 281,500 to 434,161

2023-01-25 18:11:13 - [MESSAGE][PASSED] - Swiped from 281,500 to 434,161

2023-01-25 18:11:13 - [TEST_STEP][PASSED] - tap(findTestObject("Order Dine In/Payment/android.widget.Button - Pesan Sekarang"), 10): Tapped on element 'Object Repository/Order Dine In/Payment/android.widget.Button - Pesan Sekarang'

2023-01-25 18:11:14 - [MESSAGE][PASSED] - Tapped on element 'Object Repository/Order Dine In/Payment/android.widget.Button - Pesan Sekarang'

2023-01-25 18:11:14 - [TEST_STEP][PASSED] - delay(10, STOP_ON_FAILURE): Delayed 10 second(s)

2023-01-25 18:11:24 - [MESSAGE][PASSED] - Delayed 10 second(s)

2023-01-25 18:11:24 - [TEST_STEP][PASSED] - waitForElementPresent(findTestObject("Order Dine In/Payment/imgPayment/android.view.View"), 5): Element 'Object Repository/Order Dine In/Payment/imgPayment/android.view.View' is present

2023-01-25 18:11:27 - [MESSAGE][PASSED] - Element 'Object Repository/Order Dine In/Payment/imgPayment/android.view.View' is present

2023-01-25 18:11:27 - [TEST_STEP][PASSED] - tap(findTestObject("Order Dine In/Payment/android.view.View"), 10): Tapped on element 'Object Repository/Order Dine In/Payment/android.view.View'

2023-01-25 18:11:28 - [MESSAGE][PASSED] - Tapped on element 'Object Repository/Order Dine In/Payment/android.view.View'

2023-01-25 18:11:28 - [TEST_STEP][PASSED] - waitForElementPresent(findTestObject("Order Dine In/Payment/android.widget.TextView - Konfirmasi pembayaran Anda"), 10): Element 'Object Repository/Order Dine In/Payment/android.widget.TextView - Konfirmasi pembayaran Anda' is present

2023-01-25 18:11:29 - [MESSAGE][PASSED] - Element 'Object Repository/Order Dine In/Payment/android.widget.TextView - Konfirmasi pembayaran Anda' is present

2023-01-25 18:11:29 - [TEST_STEP][PASSED] - tap(findTestObject("Order Dine In/Payment/android.widget.ImageButton"), 10): Tapped on element 'Object Repository/Order Dine In/Payment/android.widget.ImageButton'

2023-01-25 18:11:33 - [MESSAGE][PASSED] - Tapped on element 'Object Repository/Order Dine In/Payment/android.widget.ImageButton'

2023-01-25 18:11:33 - [TEST_STEP][PASSED] - closeApplication(): Close app successfully

2023-01-25 18:11:35 - [MESSAGE][PASSED] - Close app successfully]]></system-out>
         <system-err><![CDATA[]]></system-err>
      </testcase>
      <testcase name="Test Cases/Create Order/Dine In/Dine In - Gopay" time="163.969" classname="Test Cases/Create Order/Dine In/Dine In - Gopay" status="PASSED">
         <system-out><![CDATA[2023-01-25 18:11:35 - [TEST_CASE][PASSED] - Test Cases/Create Order/Dine In/Dine In - Gopay: Test Cases/Create Order/Dine In/Dine In - Gopay

2023-01-25 18:11:35 - [TEST_STEP][PASSED] - startExistingApplication("com.kfc.mobile.hkStaging", STOP_ON_FAILURE): Starting app with application ID: 'com.kfc.mobile.hkStaging'

2023-01-25 18:11:35 - [MESSAGE][INFO] - User set preference: ['appPackage', 'com.kfc.mobile.hkStaging']

2023-01-25 18:11:35 - [MESSAGE][INFO] - User set preference: ['appActivity', 'com.kfc.mobile.presentation.home.HomeActivity']

2023-01-25 18:11:35 - [MESSAGE][INFO] - User set preference: ['noReset', 'true']

2023-01-25 18:11:35 - [MESSAGE][INFO] - User set preference: ['deviceId', '']

2023-01-25 18:11:35 - [MESSAGE][INFO] - Detected NodeJS location: "C:\Program Files\nodejs\node.exe"

2023-01-25 18:11:37 - [MESSAGE][INFO] - Appium server started on port 52,079

2023-01-25 18:11:51 - [MESSAGE][INFO] - Failed to get OS statusbar's information using default method.

2023-01-25 18:11:53 - [MESSAGE][PASSED] - Starting app with application ID: 'com.kfc.mobile.hkStaging'

2023-01-25 18:11:53 - [TEST_STEP][PASSED] - waitForElementPresent(findTestObject("Order Dine In/android.widget.TextView - Beranda"), 5): Element 'Object Repository/Order Dine In/android.widget.TextView - Beranda' is present

2023-01-25 18:11:55 - [MESSAGE][PASSED] - Element 'Object Repository/Order Dine In/android.widget.TextView - Beranda' is present

2023-01-25 18:11:55 - [TEST_STEP][PASSED] - tap(findTestObject("Object Repository/Order Dine In/android.widget.TextView - Beranda"), 5): Tapped on element 'Object Repository/Order Dine In/android.widget.TextView - Beranda'

2023-01-25 18:11:55 - [MESSAGE][PASSED] - Tapped on element 'Object Repository/Order Dine In/android.widget.TextView - Beranda'

2023-01-25 18:11:55 - [TEST_STEP][PASSED] - swipe(281, 500, 434, 161): Swiped from 281,500 to 434,161

2023-01-25 18:11:56 - [MESSAGE][PASSED] - Swiped from 281,500 to 434,161

2023-01-25 18:11:56 - [TEST_STEP][PASSED] - tap(findTestObject("Object Repository/Order Dine In/android.widget.TextView - DINE-IN"), 5): Tapped on element 'Object Repository/Order Dine In/android.widget.TextView - DINE-IN'

2023-01-25 18:11:58 - [MESSAGE][PASSED] - Tapped on element 'Object Repository/Order Dine In/android.widget.TextView - DINE-IN'

2023-01-25 18:11:58 - [TEST_STEP][PASSED] - tap(findTestObject("Object Repository/Order Dine In/android.widget.TextView - Cari Gerai KFC"), 5): Tapped on element 'Object Repository/Order Dine In/android.widget.TextView - Cari Gerai KFC'

2023-01-25 18:12:00 - [MESSAGE][PASSED] - Tapped on element 'Object Repository/Order Dine In/android.widget.TextView - Cari Gerai KFC'

2023-01-25 18:12:00 - [TEST_STEP][PASSED] - setText(findTestObject("Object Repository/Order Dine In/android.widget.EditText - Cari Gerai KFC"), "MT Haryono", 5): Text 'MT Haryono' has been set to element 'Object Repository/Order Dine In/android.widget.EditText - Cari Gerai KFC'

2023-01-25 18:12:04 - [MESSAGE][PASSED] - Text 'MT Haryono' has been set to element 'Object Repository/Order Dine In/android.widget.EditText - Cari Gerai KFC'

2023-01-25 18:12:04 - [TEST_STEP][PASSED] - hideKeyboard(): Keyboard is hidden

2023-01-25 18:12:07 - [MESSAGE][PASSED] - Keyboard is hidden

2023-01-25 18:12:07 - [TEST_STEP][PASSED] - waitForElementPresent(findTestObject("Object Repository/Order Dine In/android.widget.TextView - MT HARYONO JAKARTA"), 5): Object Object Repository/Order Dine In/android.widget.TextView - MT HARYONO JAKARTA not found

2023-01-25 18:12:13 - [MESSAGE][WARNING] - Object Object Repository/Order Dine In/android.widget.TextView - MT HARYONO JAKARTA not found

2023-01-25 18:12:13 - [TEST_STEP][PASSED] - tap(findTestObject("Order Dine In/Order/android.widget.Button - Pilih Gerai"), 5): Tapped on element 'Object Repository/Order Dine In/Order/android.widget.Button - Pilih Gerai'

2023-01-25 18:12:13 - [MESSAGE][PASSED] - Tapped on element 'Object Repository/Order Dine In/Order/android.widget.Button - Pilih Gerai'

2023-01-25 18:12:13 - [TEST_STEP][PASSED] - delay(5, STOP_ON_FAILURE): Delayed 5 second(s)

2023-01-25 18:12:18 - [MESSAGE][PASSED] - Delayed 5 second(s)

2023-01-25 18:12:18 - [TEST_STEP][PASSED] - tap(findTestObject("Order Dine In/android.widget.FrameLayout"), 5): Tapped on element 'Object Repository/Order Dine In/android.widget.FrameLayout'

2023-01-25 18:12:19 - [MESSAGE][PASSED] - Tapped on element 'Object Repository/Order Dine In/android.widget.FrameLayout'

2023-01-25 18:12:19 - [TEST_STEP][PASSED] - delay(5, STOP_ON_FAILURE): Delayed 5 second(s)

2023-01-25 18:12:24 - [MESSAGE][PASSED] - Delayed 5 second(s)

2023-01-25 18:12:24 - [TEST_STEP][PASSED] - pressBack(): Press back button successfully

2023-01-25 18:12:25 - [MESSAGE][PASSED] - Press back button successfully

2023-01-25 18:12:25 - [TEST_STEP][PASSED] - waitForElementPresent(findTestObject("Order Dine In/android.widget.Button - Add"), 5): Element 'Object Repository/Order Dine In/android.widget.Button - Add' is present

2023-01-25 18:12:25 - [MESSAGE][PASSED] - Element 'Object Repository/Order Dine In/android.widget.Button - Add' is present

2023-01-25 18:12:25 - [TEST_STEP][PASSED] - tap(findTestObject("Order Dine In/android.widget.Button - Add"), 5): Tapped on element 'Object Repository/Order Dine In/android.widget.Button - Add'

2023-01-25 18:12:26 - [MESSAGE][PASSED] - Tapped on element 'Object Repository/Order Dine In/android.widget.Button - Add'

2023-01-25 18:12:26 - [TEST_STEP][PASSED] - delay(5, STOP_ON_FAILURE): Delayed 5 second(s)

2023-01-25 18:12:31 - [MESSAGE][PASSED] - Delayed 5 second(s)

2023-01-25 18:12:31 - [TEST_STEP][PASSED] - waitForElementPresent(findTestObject("Order Dine In/Order/android.widget.Button - Lanjut"), 5): Element 'Object Repository/Order Dine In/Order/android.widget.Button - Lanjut' is present

2023-01-25 18:12:31 - [MESSAGE][PASSED] - Element 'Object Repository/Order Dine In/Order/android.widget.Button - Lanjut' is present

2023-01-25 18:12:31 - [TEST_STEP][PASSED] - tap(findTestObject("Order Dine In/Order/android.widget.Button - Lanjut"), 5): Tapped on element 'Object Repository/Order Dine In/Order/android.widget.Button - Lanjut'

2023-01-25 18:12:32 - [MESSAGE][PASSED] - Tapped on element 'Object Repository/Order Dine In/Order/android.widget.Button - Lanjut'

2023-01-25 18:12:32 - [TEST_STEP][PASSED] - delay(5, STOP_ON_FAILURE): Delayed 5 second(s)

2023-01-25 18:12:37 - [MESSAGE][PASSED] - Delayed 5 second(s)

2023-01-25 18:12:37 - [TEST_STEP][PASSED] - waitForElementPresent(findTestObject("Order Dine In/Order/android.widget.LinearLayout"), 5): Element 'Object Repository/Order Dine In/Order/android.widget.LinearLayout' is present

2023-01-25 18:12:37 - [MESSAGE][PASSED] - Element 'Object Repository/Order Dine In/Order/android.widget.LinearLayout' is present

2023-01-25 18:12:37 - [TEST_STEP][PASSED] - tap(findTestObject("Order Dine In/Order/android.widget.LinearLayout"), 5): Tapped on element 'Object Repository/Order Dine In/Order/android.widget.LinearLayout'

2023-01-25 18:12:37 - [MESSAGE][PASSED] - Tapped on element 'Object Repository/Order Dine In/Order/android.widget.LinearLayout'

2023-01-25 18:12:37 - [TEST_STEP][PASSED] - delay(5, STOP_ON_FAILURE): Delayed 5 second(s)

2023-01-25 18:12:42 - [MESSAGE][PASSED] - Delayed 5 second(s)

2023-01-25 18:12:42 - [TEST_STEP][PASSED] - waitForElementPresent(findTestObject("Order Dine In/Order/android.widget.TextView - Pilih Menu Gratis"), 5): Element 'Object Repository/Order Dine In/Order/android.widget.TextView - Pilih Menu Gratis' is present

2023-01-25 18:12:43 - [MESSAGE][PASSED] - Element 'Object Repository/Order Dine In/Order/android.widget.TextView - Pilih Menu Gratis' is present

2023-01-25 18:12:43 - [TEST_STEP][PASSED] - tap(findTestObject("Order Dine In/Order/android.widget.TextView - Pilih Menu Gratis"), 5): Tapped on element 'Object Repository/Order Dine In/Order/android.widget.TextView - Pilih Menu Gratis'

2023-01-25 18:12:43 - [MESSAGE][PASSED] - Tapped on element 'Object Repository/Order Dine In/Order/android.widget.TextView - Pilih Menu Gratis'

2023-01-25 18:12:43 - [TEST_STEP][PASSED] - delay(5, STOP_ON_FAILURE): Delayed 5 second(s)

2023-01-25 18:12:48 - [MESSAGE][PASSED] - Delayed 5 second(s)

2023-01-25 18:12:48 - [TEST_STEP][PASSED] - waitForElementPresent(findTestObject("Order Dine In/Order/android.widget.Button - Pilih Sekarang"), 10): Element 'Object Repository/Order Dine In/Order/android.widget.Button - Pilih Sekarang' is present

2023-01-25 18:12:49 - [MESSAGE][PASSED] - Element 'Object Repository/Order Dine In/Order/android.widget.Button - Pilih Sekarang' is present

2023-01-25 18:12:49 - [TEST_STEP][PASSED] - tap(findTestObject("Order Dine In/Order/android.widget.Button - Pilih Sekarang"), 10): Tapped on element 'Object Repository/Order Dine In/Order/android.widget.Button - Pilih Sekarang'

2023-01-25 18:12:49 - [MESSAGE][PASSED] - Tapped on element 'Object Repository/Order Dine In/Order/android.widget.Button - Pilih Sekarang'

2023-01-25 18:12:49 - [TEST_STEP][PASSED] - delay(5, STOP_ON_FAILURE): Delayed 5 second(s)

2023-01-25 18:12:54 - [MESSAGE][PASSED] - Delayed 5 second(s)

2023-01-25 18:12:54 - [TEST_STEP][PASSED] - waitForElementPresent(findTestObject("Order Dine In/Order/android.widget.Button - TAMBAHKAN"), 10): Element 'Object Repository/Order Dine In/Order/android.widget.Button - TAMBAHKAN' is present

2023-01-25 18:12:55 - [MESSAGE][PASSED] - Element 'Object Repository/Order Dine In/Order/android.widget.Button - TAMBAHKAN' is present

2023-01-25 18:12:55 - [TEST_STEP][PASSED] - tap(findTestObject("Order Dine In/Order/android.widget.Button - TAMBAHKAN"), 5): Tapped on element 'Object Repository/Order Dine In/Order/android.widget.Button - TAMBAHKAN'

2023-01-25 18:12:55 - [MESSAGE][PASSED] - Tapped on element 'Object Repository/Order Dine In/Order/android.widget.Button - TAMBAHKAN'

2023-01-25 18:12:55 - [TEST_STEP][PASSED] - delay(5, STOP_ON_FAILURE): Delayed 5 second(s)

2023-01-25 18:13:00 - [MESSAGE][PASSED] - Delayed 5 second(s)

2023-01-25 18:13:00 - [TEST_STEP][PASSED] - tap(findTestObject("Order Dine In/Order/android.widget.Button - Lanjutkan"), 5): Tapped on element 'Object Repository/Order Dine In/Order/android.widget.Button - Lanjutkan'

2023-01-25 18:13:03 - [MESSAGE][PASSED] - Tapped on element 'Object Repository/Order Dine In/Order/android.widget.Button - Lanjutkan'

2023-01-25 18:13:03 - [TEST_STEP][PASSED] - delay(5, STOP_ON_FAILURE): Delayed 5 second(s)

2023-01-25 18:13:08 - [MESSAGE][PASSED] - Delayed 5 second(s)

2023-01-25 18:13:08 - [TEST_STEP][PASSED] - scrollToText("TOTAL", STOP_ON_FAILURE): Scrolling to text 'TOTAL' successfully

2023-01-25 18:13:15 - [MESSAGE][PASSED] - Scrolling to text 'TOTAL' successfully

2023-01-25 18:13:15 - [TEST_STEP][PASSED] - tap(findTestObject("Order Dine In/Payment/android.widget.TextView - Lihat Semua"), 5): Tapped on element 'Object Repository/Order Dine In/Payment/android.widget.TextView - Lihat Semua'

2023-01-25 18:13:15 - [MESSAGE][PASSED] - Tapped on element 'Object Repository/Order Dine In/Payment/android.widget.TextView - Lihat Semua'

2023-01-25 18:13:15 - [TEST_STEP][PASSED] - delay(5, STOP_ON_FAILURE): Delayed 5 second(s)

2023-01-25 18:13:20 - [MESSAGE][PASSED] - Delayed 5 second(s)

2023-01-25 18:13:20 - [TEST_STEP][PASSED] - swipe(281, 500, 434, 161): Swiped from 281,500 to 434,161

2023-01-25 18:13:22 - [MESSAGE][PASSED] - Swiped from 281,500 to 434,161

2023-01-25 18:13:22 - [TEST_STEP][PASSED] - testObjectOne = new com.kms.katalon.core.testobject.TestObject(): null

2023-01-25 18:13:22 - [TEST_STEP][PASSED] - testObjectOne.addProperty("xpath", EQUALS, "//hierarchy/android.widget.FrameLayout[1]/android.widget.LinearLayout[1]/android.widget.FrameLayout[1]/android.widget.FrameLayout[1]/android.widget.FrameLayout[1]/android.widget.FrameLayout[1]/android.view.ViewGroup[1]/android.widget.FrameLayout[1]/android.widget.ScrollView[1]/android.view.ViewGroup[1]/android.view.ViewGroup[1]/androidx.recyclerview.widget.RecyclerView[1]/android.view.ViewGroup[3]/android.widget.ImageView[1]"): null

2023-01-25 18:13:22 - [TEST_STEP][PASSED] - tap(testObjectOne, 5): Tapped on element ''

2023-01-25 18:13:23 - [MESSAGE][PASSED] - Tapped on element ''

2023-01-25 18:13:23 - [TEST_STEP][PASSED] - delay(5, STOP_ON_FAILURE): Delayed 5 second(s)

2023-01-25 18:13:28 - [MESSAGE][PASSED] - Delayed 5 second(s)

2023-01-25 18:13:28 - [TEST_STEP][PASSED] - swipe(281, 500, 434, 161): Swiped from 281,500 to 434,161

2023-01-25 18:13:29 - [MESSAGE][PASSED] - Swiped from 281,500 to 434,161

2023-01-25 18:13:29 - [TEST_STEP][PASSED] - delay(5, STOP_ON_FAILURE): Delayed 5 second(s)

2023-01-25 18:13:34 - [MESSAGE][PASSED] - Delayed 5 second(s)

2023-01-25 18:13:34 - [TEST_STEP][PASSED] - testObjectTwo = new com.kms.katalon.core.testobject.TestObject(): null

2023-01-25 18:13:34 - [TEST_STEP][PASSED] - testObjectTwo.addProperty("xpath", EQUALS, "//hierarchy/android.widget.FrameLayout[1]/android.widget.LinearLayout[1]/android.widget.FrameLayout[1]/android.widget.FrameLayout[1]/android.widget.FrameLayout[1]/android.widget.FrameLayout[1]/android.view.ViewGroup[1]/android.widget.FrameLayout[1]/android.widget.ScrollView[1]/android.view.ViewGroup[1]/android.view.ViewGroup[1]/androidx.recyclerview.widget.RecyclerView[1]/android.view.ViewGroup[3]"): null

2023-01-25 18:13:34 - [TEST_STEP][PASSED] - delay(5, STOP_ON_FAILURE): Delayed 5 second(s)

2023-01-25 18:13:39 - [MESSAGE][PASSED] - Delayed 5 second(s)

2023-01-25 18:13:39 - [TEST_STEP][PASSED] - tap(testObjectTwo, 5): Tapped on element ''

2023-01-25 18:13:39 - [MESSAGE][PASSED] - Tapped on element ''

2023-01-25 18:13:39 - [TEST_STEP][PASSED] - delay(10, STOP_ON_FAILURE): Delayed 10 second(s)

2023-01-25 18:13:49 - [MESSAGE][PASSED] - Delayed 10 second(s)

2023-01-25 18:13:49 - [TEST_STEP][PASSED] - tap(findTestObject("Order Dine In/Payment/android.widget.Button - Simpan"), 5): Tapped on element 'Object Repository/Order Dine In/Payment/android.widget.Button - Simpan'

2023-01-25 18:13:50 - [MESSAGE][PASSED] - Tapped on element 'Object Repository/Order Dine In/Payment/android.widget.Button - Simpan'

2023-01-25 18:13:50 - [TEST_STEP][PASSED] - delay(10, STOP_ON_FAILURE): Delayed 10 second(s)

2023-01-25 18:14:00 - [MESSAGE][PASSED] - Delayed 10 second(s)

2023-01-25 18:14:00 - [TEST_STEP][PASSED] - tap(findTestObject("Order Dine In/Payment/android.widget.Button - Pesan Sekarang"), 10): Tapped on element 'Object Repository/Order Dine In/Payment/android.widget.Button - Pesan Sekarang'

2023-01-25 18:14:01 - [MESSAGE][PASSED] - Tapped on element 'Object Repository/Order Dine In/Payment/android.widget.Button - Pesan Sekarang'

2023-01-25 18:14:01 - [TEST_STEP][PASSED] - delay(10, STOP_ON_FAILURE): Delayed 10 second(s)

2023-01-25 18:14:11 - [MESSAGE][PASSED] - Delayed 10 second(s)

2023-01-25 18:14:11 - [TEST_STEP][PASSED] - waitForElementPresent(findTestObject("Order Dine In/Gopay/android.widget.TextView - GoPay - Web"), 10): Element 'Object Repository/Order Dine In/Gopay/android.widget.TextView - GoPay - Web' is present

2023-01-25 18:14:11 - [MESSAGE][PASSED] - Element 'Object Repository/Order Dine In/Gopay/android.widget.TextView - GoPay - Web' is present

2023-01-25 18:14:11 - [TEST_STEP][PASSED] - tap(findTestObject("Order Dine In/Gopay/android.widget.EditText"), 10): Tapped on element 'Object Repository/Order Dine In/Gopay/android.widget.EditText'

2023-01-25 18:14:12 - [MESSAGE][PASSED] - Tapped on element 'Object Repository/Order Dine In/Gopay/android.widget.EditText'

2023-01-25 18:14:12 - [TEST_STEP][PASSED] - setText(findTestObject("Order Dine In/Gopay/android.widget.EditText"), "654321", 5): Text '654321' has been set to element 'Object Repository/Order Dine In/Gopay/android.widget.EditText'

2023-01-25 18:14:15 - [MESSAGE][PASSED] - Text '654321' has been set to element 'Object Repository/Order Dine In/Gopay/android.widget.EditText'

2023-01-25 18:14:15 - [TEST_STEP][PASSED] - hideKeyboard(): Keyboard is hidden

2023-01-25 18:14:17 - [MESSAGE][PASSED] - Keyboard is hidden

2023-01-25 18:14:17 - [TEST_STEP][PASSED] - tap(findTestObject("Order Dine In/Gopay/android.widget.Button - Submit"), 10): Tapped on element 'Object Repository/Order Dine In/Gopay/android.widget.Button - Submit'

2023-01-25 18:14:18 - [MESSAGE][PASSED] - Tapped on element 'Object Repository/Order Dine In/Gopay/android.widget.Button - Submit'

2023-01-25 18:14:18 - [TEST_STEP][PASSED] - closeApplication(): Close app successfully

2023-01-25 18:14:19 - [MESSAGE][PASSED] - Close app successfully]]></system-out>
         <system-err><![CDATA[]]></system-err>
      </testcase>
      <testcase name="Test Cases/Create Order/Drive Thru/Drive Thru - Dana" time="110.105" classname="Test Cases/Create Order/Drive Thru/Drive Thru - Dana" status="ERROR">
         <error type="ERROR" message="Test Cases/Create Order/Drive Thru/Drive Thru - Dana FAILED.
Reason:
groovy.lang.MissingPropertyException: No such property: ConditionType for class: Script1674630252472
	at Drive Thru - Dana.run(Drive Thru - Dana:132)
	at com.kms.katalon.core.main.ScriptEngine.run(ScriptEngine.java:194)
	at com.kms.katalon.core.main.ScriptEngine.runScriptAsRawText(ScriptEngine.java:119)
	at com.kms.katalon.core.main.TestCaseExecutor.runScript(TestCaseExecutor.java:448)
	at com.kms.katalon.core.main.TestCaseExecutor.doExecute(TestCaseExecutor.java:439)
	at com.kms.katalon.core.main.TestCaseExecutor.processExecutionPhase(TestCaseExecutor.java:418)
	at com.kms.katalon.core.main.TestCaseExecutor.accessMainPhase(TestCaseExecutor.java:410)
	at com.kms.katalon.core.main.TestCaseExecutor.execute(TestCaseExecutor.java:285)
	at com.kms.katalon.core.common.CommonExecutor.accessTestCaseMainPhase(CommonExecutor.java:65)
	at com.kms.katalon.core.main.TestSuiteExecutor.accessTestSuiteMainPhase(TestSuiteExecutor.java:151)
	at com.kms.katalon.core.main.TestSuiteExecutor.execute(TestSuiteExecutor.java:106)
	at com.kms.katalon.core.main.TestCaseMain.startTestSuite(TestCaseMain.java:185)
	at com.kms.katalon.core.main.TestCaseMain$startTestSuite$0.call(Unknown Source)
	at TempTestSuite1674644904836.run(TempTestSuite1674644904836.groovy:36)
"/>
         <system-out><![CDATA[2023-01-25 18:14:19 - [TEST_CASE][ERROR] - Test Cases/Create Order/Drive Thru/Drive Thru - Dana: Test Cases/Create Order/Drive Thru/Drive Thru - Dana FAILED.
Reason:
groovy.lang.MissingPropertyException: No such property: ConditionType for class: Script1674630252472
	at Drive Thru - Dana.run(Drive Thru - Dana:132)
	at com.kms.katalon.core.main.ScriptEngine.run(ScriptEngine.java:194)
	at com.kms.katalon.core.main.ScriptEngine.runScriptAsRawText(ScriptEngine.java:119)
	at com.kms.katalon.core.main.TestCaseExecutor.runScript(TestCaseExecutor.java:448)
	at com.kms.katalon.core.main.TestCaseExecutor.doExecute(TestCaseExecutor.java:439)
	at com.kms.katalon.core.main.TestCaseExecutor.processExecutionPhase(TestCaseExecutor.java:418)
	at com.kms.katalon.core.main.TestCaseExecutor.accessMainPhase(TestCaseExecutor.java:410)
	at com.kms.katalon.core.main.TestCaseExecutor.execute(TestCaseExecutor.java:285)
	at com.kms.katalon.core.common.CommonExecutor.accessTestCaseMainPhase(CommonExecutor.java:65)
	at com.kms.katalon.core.main.TestSuiteExecutor.accessTestSuiteMainPhase(TestSuiteExecutor.java:151)
	at com.kms.katalon.core.main.TestSuiteExecutor.execute(TestSuiteExecutor.java:106)
	at com.kms.katalon.core.main.TestCaseMain.startTestSuite(TestCaseMain.java:185)
	at com.kms.katalon.core.main.TestCaseMain$startTestSuite$0.call(Unknown Source)
	at TempTestSuite1674644904836.run(TempTestSuite1674644904836.groovy:36)


2023-01-25 18:14:19 - [TEST_STEP][PASSED] - startExistingApplication("com.kfc.mobile.hkStaging", STOP_ON_FAILURE): Starting app with application ID: 'com.kfc.mobile.hkStaging'

2023-01-25 18:14:19 - [MESSAGE][INFO] - User set preference: ['appPackage', 'com.kfc.mobile.hkStaging']

2023-01-25 18:14:19 - [MESSAGE][INFO] - User set preference: ['appActivity', 'com.kfc.mobile.presentation.home.HomeActivity']

2023-01-25 18:14:19 - [MESSAGE][INFO] - User set preference: ['noReset', 'true']

2023-01-25 18:14:19 - [MESSAGE][INFO] - User set preference: ['deviceId', '']

2023-01-25 18:14:20 - [MESSAGE][INFO] - Detected NodeJS location: "C:\Program Files\nodejs\node.exe"

2023-01-25 18:14:21 - [MESSAGE][INFO] - Appium server started on port 52,366

2023-01-25 18:14:34 - [MESSAGE][INFO] - Failed to get OS statusbar's information using default method.

2023-01-25 18:14:36 - [MESSAGE][PASSED] - Starting app with application ID: 'com.kfc.mobile.hkStaging'

2023-01-25 18:14:36 - [TEST_STEP][PASSED] - waitForElementPresent(findTestObject("Order Dine In/android.widget.TextView - Beranda"), 5): Element 'Object Repository/Order Dine In/android.widget.TextView - Beranda' is present

2023-01-25 18:14:37 - [MESSAGE][PASSED] - Element 'Object Repository/Order Dine In/android.widget.TextView - Beranda' is present

2023-01-25 18:14:37 - [TEST_STEP][PASSED] - tap(findTestObject("Object Repository/Order Dine In/android.widget.TextView - Beranda"), 5): Tapped on element 'Object Repository/Order Dine In/android.widget.TextView - Beranda'

2023-01-25 18:14:38 - [MESSAGE][PASSED] - Tapped on element 'Object Repository/Order Dine In/android.widget.TextView - Beranda'

2023-01-25 18:14:38 - [TEST_STEP][PASSED] - swipe(281, 600, 434, 90): Swiped from 281,600 to 434,90

2023-01-25 18:14:39 - [MESSAGE][PASSED] - Swiped from 281,600 to 434,90

2023-01-25 18:14:39 - [TEST_STEP][PASSED] - device_Height = getDeviceHeight(): Current device physical height is 1280

2023-01-25 18:14:39 - [MESSAGE][PASSED] - Current device physical height is 1280

2023-01-25 18:14:39 - [TEST_STEP][PASSED] - device_Width = getDeviceWidth(): Current device physical width is 720

2023-01-25 18:14:39 - [MESSAGE][PASSED] - Current device physical width is 720

2023-01-25 18:14:39 - [TEST_STEP][PASSED] - startY = device_Height / 2: null

2023-01-25 18:14:39 - [TEST_STEP][PASSED] - endY = startY: null

2023-01-25 18:14:39 - [TEST_STEP][PASSED] - startX = device_Width * 0.30: null

2023-01-25 18:14:39 - [TEST_STEP][PASSED] - endX = device_Width * 0.70: null

2023-01-25 18:14:39 - [TEST_STEP][PASSED] - swipe(endX, startY, startX, endY): Swiped from 504,640 to 216,640

2023-01-25 18:14:40 - [MESSAGE][PASSED] - Swiped from 504,640 to 216,640

2023-01-25 18:14:40 - [TEST_STEP][PASSED] - waitForElementPresent(findTestObject("Order Type/android.widget.TextView - DRIVE-THRU"), 10): Element 'Object Repository/Order Type/android.widget.TextView - DRIVE-THRU' is present

2023-01-25 18:14:40 - [MESSAGE][PASSED] - Element 'Object Repository/Order Type/android.widget.TextView - DRIVE-THRU' is present

2023-01-25 18:14:40 - [TEST_STEP][PASSED] - tap(findTestObject("Order Type/android.widget.TextView - DRIVE-THRU"), 5): Tapped on element 'Object Repository/Order Type/android.widget.TextView - DRIVE-THRU'

2023-01-25 18:14:42 - [MESSAGE][PASSED] - Tapped on element 'Object Repository/Order Type/android.widget.TextView - DRIVE-THRU'

2023-01-25 18:14:42 - [TEST_STEP][PASSED] - waitForElementPresent(findTestObject("Order Dine In/android.widget.EditText - Cari Gerai KFC"), 5): Object Object Repository/Order Dine In/android.widget.EditText - Cari Gerai KFC not found

2023-01-25 18:14:47 - [MESSAGE][WARNING] - Object Object Repository/Order Dine In/android.widget.EditText - Cari Gerai KFC not found

2023-01-25 18:14:47 - [TEST_STEP][PASSED] - tap(findTestObject("Object Repository/Order Dine In/android.widget.TextView - Cari Gerai KFC"), 5): Tapped on element 'Object Repository/Order Dine In/android.widget.TextView - Cari Gerai KFC'

2023-01-25 18:14:48 - [MESSAGE][PASSED] - Tapped on element 'Object Repository/Order Dine In/android.widget.TextView - Cari Gerai KFC'

2023-01-25 18:14:48 - [TEST_STEP][PASSED] - setText(findTestObject("Object Repository/Order Dine In/android.widget.EditText - Cari Gerai KFC"), "MT Haryono", 5): Text 'MT Haryono' has been set to element 'Object Repository/Order Dine In/android.widget.EditText - Cari Gerai KFC'

2023-01-25 18:14:52 - [MESSAGE][PASSED] - Text 'MT Haryono' has been set to element 'Object Repository/Order Dine In/android.widget.EditText - Cari Gerai KFC'

2023-01-25 18:14:52 - [TEST_STEP][PASSED] - hideKeyboard(): Keyboard is hidden

2023-01-25 18:14:55 - [MESSAGE][PASSED] - Keyboard is hidden

2023-01-25 18:14:55 - [TEST_STEP][PASSED] - waitForElementPresent(findTestObject("Order Dine In/android.widget.TextView - MT HARYONO JAKARTA"), 5): Object Object Repository/Order Dine In/android.widget.TextView - MT HARYONO JAKARTA not found

2023-01-25 18:15:00 - [MESSAGE][WARNING] - Object Object Repository/Order Dine In/android.widget.TextView - MT HARYONO JAKARTA not found

2023-01-25 18:15:00 - [TEST_STEP][PASSED] - tap(findTestObject("Order Dine In/Order/android.widget.Button - Pilih Gerai"), 5): Tapped on element 'Object Repository/Order Dine In/Order/android.widget.Button - Pilih Gerai'

2023-01-25 18:15:01 - [MESSAGE][PASSED] - Tapped on element 'Object Repository/Order Dine In/Order/android.widget.Button - Pilih Gerai'

2023-01-25 18:15:01 - [TEST_STEP][PASSED] - delay(5, STOP_ON_FAILURE): Delayed 5 second(s)

2023-01-25 18:15:06 - [MESSAGE][PASSED] - Delayed 5 second(s)

2023-01-25 18:15:06 - [TEST_STEP][PASSED] - tap(findTestObject("Order Dine In/android.widget.FrameLayout"), 5): Tapped on element 'Object Repository/Order Dine In/android.widget.FrameLayout'

2023-01-25 18:15:06 - [MESSAGE][PASSED] - Tapped on element 'Object Repository/Order Dine In/android.widget.FrameLayout'

2023-01-25 18:15:06 - [TEST_STEP][PASSED] - delay(5, STOP_ON_FAILURE): Delayed 5 second(s)

2023-01-25 18:15:11 - [MESSAGE][PASSED] - Delayed 5 second(s)

2023-01-25 18:15:11 - [TEST_STEP][PASSED] - pressBack(): Press back button successfully

2023-01-25 18:15:12 - [MESSAGE][PASSED] - Press back button successfully

2023-01-25 18:15:12 - [TEST_STEP][PASSED] - waitForElementPresent(findTestObject("Order Dine In/android.widget.Button - Add"), 5): Element 'Object Repository/Order Dine In/android.widget.Button - Add' is present

2023-01-25 18:15:13 - [MESSAGE][PASSED] - Element 'Object Repository/Order Dine In/android.widget.Button - Add' is present

2023-01-25 18:15:13 - [TEST_STEP][PASSED] - tap(findTestObject("Order Dine In/android.widget.Button - Add"), 5): Tapped on element 'Object Repository/Order Dine In/android.widget.Button - Add'

2023-01-25 18:15:14 - [MESSAGE][PASSED] - Tapped on element 'Object Repository/Order Dine In/android.widget.Button - Add'

2023-01-25 18:15:14 - [TEST_STEP][PASSED] - delay(5, STOP_ON_FAILURE): Delayed 5 second(s)

2023-01-25 18:15:19 - [MESSAGE][PASSED] - Delayed 5 second(s)

2023-01-25 18:15:19 - [TEST_STEP][PASSED] - waitForElementPresent(findTestObject("Order Dine In/Order/android.widget.Button - Lanjut"), 5): Element 'Object Repository/Order Dine In/Order/android.widget.Button - Lanjut' is present

2023-01-25 18:15:19 - [MESSAGE][PASSED] - Element 'Object Repository/Order Dine In/Order/android.widget.Button - Lanjut' is present

2023-01-25 18:15:19 - [TEST_STEP][PASSED] - tap(findTestObject("Order Dine In/Order/android.widget.Button - Lanjut"), 5): Tapped on element 'Object Repository/Order Dine In/Order/android.widget.Button - Lanjut'

2023-01-25 18:15:19 - [MESSAGE][PASSED] - Tapped on element 'Object Repository/Order Dine In/Order/android.widget.Button - Lanjut'

2023-01-25 18:15:19 - [TEST_STEP][PASSED] - delay(5, STOP_ON_FAILURE): Delayed 5 second(s)

2023-01-25 18:15:24 - [MESSAGE][PASSED] - Delayed 5 second(s)

2023-01-25 18:15:24 - [TEST_STEP][PASSED] - waitForElementPresent(findTestObject("Order Dine In/Order/android.widget.LinearLayout"), 5): Element 'Object Repository/Order Dine In/Order/android.widget.LinearLayout' is present

2023-01-25 18:15:25 - [MESSAGE][PASSED] - Element 'Object Repository/Order Dine In/Order/android.widget.LinearLayout' is present

2023-01-25 18:15:25 - [TEST_STEP][PASSED] - tap(findTestObject("Order Dine In/Order/android.widget.LinearLayout"), 5): Tapped on element 'Object Repository/Order Dine In/Order/android.widget.LinearLayout'

2023-01-25 18:15:25 - [MESSAGE][PASSED] - Tapped on element 'Object Repository/Order Dine In/Order/android.widget.LinearLayout'

2023-01-25 18:15:25 - [TEST_STEP][PASSED] - waitForElementPresent(findTestObject("Order Dine In/Order/android.widget.TextView - Pilih Menu Gratis"), 5): Element 'Object Repository/Order Dine In/Order/android.widget.TextView - Pilih Menu Gratis' is present

2023-01-25 18:15:26 - [MESSAGE][PASSED] - Element 'Object Repository/Order Dine In/Order/android.widget.TextView - Pilih Menu Gratis' is present

2023-01-25 18:15:26 - [TEST_STEP][PASSED] - tap(findTestObject("Order Dine In/Order/android.widget.TextView - Pilih Menu Gratis"), 5): Tapped on element 'Object Repository/Order Dine In/Order/android.widget.TextView - Pilih Menu Gratis'

2023-01-25 18:15:26 - [MESSAGE][PASSED] - Tapped on element 'Object Repository/Order Dine In/Order/android.widget.TextView - Pilih Menu Gratis'

2023-01-25 18:15:26 - [TEST_STEP][PASSED] - delay(5, STOP_ON_FAILURE): Delayed 5 second(s)

2023-01-25 18:15:31 - [MESSAGE][PASSED] - Delayed 5 second(s)

2023-01-25 18:15:31 - [TEST_STEP][PASSED] - waitForElementPresent(findTestObject("DRT Payment/android.widget.EditText - Mohon untuk mengisi nomor"), 5): Element 'Object Repository/DRT Payment/android.widget.EditText - Mohon untuk mengisi nomor' is present

2023-01-25 18:15:32 - [MESSAGE][PASSED] - Element 'Object Repository/DRT Payment/android.widget.EditText - Mohon untuk mengisi nomor' is present

2023-01-25 18:15:32 - [TEST_STEP][PASSED] - setText(findTestObject("DRT Payment/android.widget.EditText - Mohon untuk mengisi nomor"), "B 1223 YTH", 5): Text 'B 1223 YTH' has been set to element 'Object Repository/DRT Payment/android.widget.EditText - Mohon untuk mengisi nomor'

2023-01-25 18:15:34 - [MESSAGE][PASSED] - Text 'B 1223 YTH' has been set to element 'Object Repository/DRT Payment/android.widget.EditText - Mohon untuk mengisi nomor'

2023-01-25 18:15:34 - [TEST_STEP][PASSED] - delay(5, STOP_ON_FAILURE): Delayed 5 second(s)

2023-01-25 18:15:39 - [MESSAGE][PASSED] - Delayed 5 second(s)

2023-01-25 18:15:39 - [TEST_STEP][PASSED] - waitForElementPresent(findTestObject("Order Dine In/Order/android.widget.Button - Pilih Sekarang"), 10): Element 'Object Repository/Order Dine In/Order/android.widget.Button - Pilih Sekarang' is present

2023-01-25 18:15:40 - [MESSAGE][PASSED] - Element 'Object Repository/Order Dine In/Order/android.widget.Button - Pilih Sekarang' is present

2023-01-25 18:15:40 - [TEST_STEP][PASSED] - tap(findTestObject("Order Dine In/Order/android.widget.Button - Pilih Sekarang"), 10): Tapped on element 'Object Repository/Order Dine In/Order/android.widget.Button - Pilih Sekarang'

2023-01-25 18:15:40 - [MESSAGE][PASSED] - Tapped on element 'Object Repository/Order Dine In/Order/android.widget.Button - Pilih Sekarang'

2023-01-25 18:15:40 - [TEST_STEP][PASSED] - delay(5, STOP_ON_FAILURE): Delayed 5 second(s)

2023-01-25 18:15:45 - [MESSAGE][PASSED] - Delayed 5 second(s)

2023-01-25 18:15:45 - [TEST_STEP][PASSED] - waitForElementPresent(findTestObject("Order Dine In/Order/android.widget.Button - TAMBAHKAN"), 10): Element 'Object Repository/Order Dine In/Order/android.widget.Button - TAMBAHKAN' is present

2023-01-25 18:15:46 - [MESSAGE][PASSED] - Element 'Object Repository/Order Dine In/Order/android.widget.Button - TAMBAHKAN' is present

2023-01-25 18:15:46 - [TEST_STEP][PASSED] - tap(findTestObject("Order Dine In/Order/android.widget.Button - TAMBAHKAN"), 5): Tapped on element 'Object Repository/Order Dine In/Order/android.widget.Button - TAMBAHKAN'

2023-01-25 18:15:46 - [MESSAGE][PASSED] - Tapped on element 'Object Repository/Order Dine In/Order/android.widget.Button - TAMBAHKAN'

2023-01-25 18:15:46 - [TEST_STEP][PASSED] - delay(5, STOP_ON_FAILURE): Delayed 5 second(s)

2023-01-25 18:15:51 - [MESSAGE][PASSED] - Delayed 5 second(s)

2023-01-25 18:15:51 - [TEST_STEP][PASSED] - tap(findTestObject("Order Dine In/Order/android.widget.Button - Lanjutkan"), 5): Tapped on element 'Object Repository/Order Dine In/Order/android.widget.Button - Lanjutkan'

2023-01-25 18:15:52 - [MESSAGE][PASSED] - Tapped on element 'Object Repository/Order Dine In/Order/android.widget.Button - Lanjutkan'

2023-01-25 18:15:52 - [TEST_STEP][PASSED] - delay(5, STOP_ON_FAILURE): Delayed 5 second(s)

2023-01-25 18:15:57 - [MESSAGE][PASSED] - Delayed 5 second(s)

2023-01-25 18:15:57 - [TEST_STEP][PASSED] - scrollToText("TOTAL", STOP_ON_FAILURE): Scrolling to text 'TOTAL' successfully

2023-01-25 18:16:02 - [MESSAGE][PASSED] - Scrolling to text 'TOTAL' successfully

2023-01-25 18:16:02 - [TEST_STEP][PASSED] - tap(findTestObject("Order Dine In/Payment/android.widget.TextView - Lihat Semua"), 5): Tapped on element 'Object Repository/Order Dine In/Payment/android.widget.TextView - Lihat Semua'

2023-01-25 18:16:03 - [MESSAGE][PASSED] - Tapped on element 'Object Repository/Order Dine In/Payment/android.widget.TextView - Lihat Semua'

2023-01-25 18:16:03 - [TEST_STEP][PASSED] - delay(5, STOP_ON_FAILURE): Delayed 5 second(s)

2023-01-25 18:16:08 - [MESSAGE][PASSED] - Delayed 5 second(s)

2023-01-25 18:16:08 - [TEST_STEP][PASSED] - swipe(281, 500, 434, 161): Swiped from 281,500 to 434,161

2023-01-25 18:16:09 - [MESSAGE][PASSED] - Swiped from 281,500 to 434,161

2023-01-25 18:16:09 - [TEST_STEP][PASSED] - testObjectOne = new com.kms.katalon.core.testobject.TestObject(): null

2023-01-25 18:16:09 - [TEST_STEP][ERROR] - testObjectOne.addProperty("xpath", EQUALS, "//hierarchy/android.widget.FrameLayout[1]/android.widget.LinearLayout[1]/android.widget.FrameLayout[1]/android.widget.FrameLayout[1]/android.widget.FrameLayout[1]/android.widget.FrameLayout[1]/android.view.ViewGroup[1]/android.widget.FrameLayout[1]/android.widget.ScrollView[1]/android.view.ViewGroup[1]/android.view.ViewGroup[1]/androidx.recyclerview.widget.RecyclerView[1]/android.view.ViewGroup[3]/android.widget.ImageView[1]"): Test Cases/Create Order/Drive Thru/Drive Thru - Dana FAILED.
Reason:
groovy.lang.MissingPropertyException: No such property: ConditionType for class: Script1674630252472
	at Drive Thru - Dana.run(Drive Thru - Dana:132)
	at com.kms.katalon.core.main.ScriptEngine.run(ScriptEngine.java:194)
	at com.kms.katalon.core.main.ScriptEngine.runScriptAsRawText(ScriptEngine.java:119)
	at com.kms.katalon.core.main.TestCaseExecutor.runScript(TestCaseExecutor.java:448)
	at com.kms.katalon.core.main.TestCaseExecutor.doExecute(TestCaseExecutor.java:439)
	at com.kms.katalon.core.main.TestCaseExecutor.processExecutionPhase(TestCaseExecutor.java:418)
	at com.kms.katalon.core.main.TestCaseExecutor.accessMainPhase(TestCaseExecutor.java:410)
	at com.kms.katalon.core.main.TestCaseExecutor.execute(TestCaseExecutor.java:285)
	at com.kms.katalon.core.common.CommonExecutor.accessTestCaseMainPhase(CommonExecutor.java:65)
	at com.kms.katalon.core.main.TestSuiteExecutor.accessTestSuiteMainPhase(TestSuiteExecutor.java:151)
	at com.kms.katalon.core.main.TestSuiteExecutor.execute(TestSuiteExecutor.java:106)
	at com.kms.katalon.core.main.TestCaseMain.startTestSuite(TestCaseMain.java:185)
	at com.kms.katalon.core.main.TestCaseMain$startTestSuite$0.call(Unknown Source)
	at TempTestSuite1674644904836.run(TempTestSuite1674644904836.groovy:36)


2023-01-25 18:16:09 - [MESSAGE][ERROR] - Test Cases/Create Order/Drive Thru/Drive Thru - Dana FAILED.
Reason:
groovy.lang.MissingPropertyException: No such property: ConditionType for class: Script1674630252472
	at Drive Thru - Dana.run(Drive Thru - Dana:132)
	at com.kms.katalon.core.main.ScriptEngine.run(ScriptEngine.java:194)
	at com.kms.katalon.core.main.ScriptEngine.runScriptAsRawText(ScriptEngine.java:119)
	at com.kms.katalon.core.main.TestCaseExecutor.runScript(TestCaseExecutor.java:448)
	at com.kms.katalon.core.main.TestCaseExecutor.doExecute(TestCaseExecutor.java:439)
	at com.kms.katalon.core.main.TestCaseExecutor.processExecutionPhase(TestCaseExecutor.java:418)
	at com.kms.katalon.core.main.TestCaseExecutor.accessMainPhase(TestCaseExecutor.java:410)
	at com.kms.katalon.core.main.TestCaseExecutor.execute(TestCaseExecutor.java:285)
	at com.kms.katalon.core.common.CommonExecutor.accessTestCaseMainPhase(CommonExecutor.java:65)
	at com.kms.katalon.core.main.TestSuiteExecutor.accessTestSuiteMainPhase(TestSuiteExecutor.java:151)
	at com.kms.katalon.core.main.TestSuiteExecutor.execute(TestSuiteExecutor.java:106)
	at com.kms.katalon.core.main.TestCaseMain.startTestSuite(TestCaseMain.java:185)
	at com.kms.katalon.core.main.TestCaseMain$startTestSuite$0.call(Unknown Source)
	at TempTestSuite1674644904836.run(TempTestSuite1674644904836.groovy:36)]]></system-out>
         <system-err><![CDATA[2023-01-25 18:14:19 - [TEST_CASE][ERROR] - Test Cases/Create Order/Drive Thru/Drive Thru - Dana: Test Cases/Create Order/Drive Thru/Drive Thru - Dana FAILED.
Reason:
groovy.lang.MissingPropertyException: No such property: ConditionType for class: Script1674630252472
	at Drive Thru - Dana.run(Drive Thru - Dana:132)
	at com.kms.katalon.core.main.ScriptEngine.run(ScriptEngine.java:194)
	at com.kms.katalon.core.main.ScriptEngine.runScriptAsRawText(ScriptEngine.java:119)
	at com.kms.katalon.core.main.TestCaseExecutor.runScript(TestCaseExecutor.java:448)
	at com.kms.katalon.core.main.TestCaseExecutor.doExecute(TestCaseExecutor.java:439)
	at com.kms.katalon.core.main.TestCaseExecutor.processExecutionPhase(TestCaseExecutor.java:418)
	at com.kms.katalon.core.main.TestCaseExecutor.accessMainPhase(TestCaseExecutor.java:410)
	at com.kms.katalon.core.main.TestCaseExecutor.execute(TestCaseExecutor.java:285)
	at com.kms.katalon.core.common.CommonExecutor.accessTestCaseMainPhase(CommonExecutor.java:65)
	at com.kms.katalon.core.main.TestSuiteExecutor.accessTestSuiteMainPhase(TestSuiteExecutor.java:151)
	at com.kms.katalon.core.main.TestSuiteExecutor.execute(TestSuiteExecutor.java:106)
	at com.kms.katalon.core.main.TestCaseMain.startTestSuite(TestCaseMain.java:185)
	at com.kms.katalon.core.main.TestCaseMain$startTestSuite$0.call(Unknown Source)
	at TempTestSuite1674644904836.run(TempTestSuite1674644904836.groovy:36)]]></system-err>
      </testcase>
      <testcase name="Test Cases/Create Order/Drive Thru/Drive Thru - Gopay" time="27.287" classname="Test Cases/Create Order/Drive Thru/Drive Thru - Gopay" status="FAILED">
         <failure type="FAILED" message="Test Cases/Create Order/Drive Thru/Drive Thru - Gopay FAILED.
Reason:
com.kms.katalon.core.exception.StepFailedException: Failed to tap on element 'Object Repository/Order Dine In/android.widget.TextView - Cari Gerai KFC' (Root cause: org.openqa.selenium.StaleElementReferenceException: Cached elements 'By.xpath: //*[@class = 'android.widget.TextView' and (@text = 'Cari Gerai KFC' or . = 'Cari Gerai KFC') and @resource-id = 'com.kfc.mobile.hkStaging:id/text_view_label_input_outlet']' do not exist in DOM anymore
For documentation on this error, please visit: https://www.seleniumhq.org/exceptions/stale_element_reference.html
Build info: version: '3.141.59', revision: 'e82be7d358', time: '2018-11-14T08:25:53'
System info: host: 'NKC-23', ip: '172.10.9.59', os.name: 'Windows 10', os.arch: 'amd64', os.version: '10.0', java.version: '1.8.0_282'
Driver info: com.kms.katalon.core.appium.driver.SwipeableAndroidDriver
Capabilities {appActivity: com.kfc.mobile.presentation..., appPackage: com.kfc.mobile.hkStaging, autoGrantPermissions: true, automationName: uiautomator2, chromedriverPort: 52367, databaseEnabled: false, desired: {appActivity: com.kfc.mobile.presentation..., appPackage: com.kfc.mobile.hkStaging, autoGrantPermissions: true, automationName: uiautomator2, chromedriverPort: 52367, deviceId: , deviceName: OPPO CPH1801 (Android 7.1.1), newCommandTimeout: 1800, noReset: true, platform: ANDROID, platformName: android, platformVersion: 7.1.1, systemPort: 8224, udid: aa14e06a}, deviceApiLevel: 25, deviceId: , deviceManufacturer: OPPO, deviceModel: CPH1801, deviceName: aa14e06a, deviceScreenDensity: 320, deviceScreenSize: 720x1280, deviceUDID: aa14e06a, javascriptEnabled: true, locationContextEnabled: false, networkConnectionEnabled: true, newCommandTimeout: 1800, noReset: true, pixelRatio: 2, platform: ANDROID, platformName: Android, platformVersion: 7.1.1, statBarHeight: 36, systemPort: 8224, takesScreenshot: true, udid: aa14e06a, viewportRect: {height: 1244, left: 0, top: 36, width: 720}, warnings: {}, webStorageEnabled: false}
Session ID: dad806ff-b5f0-4fd2-9b6e-788ef76d672e
	at org.openqa.selenium.remote.http.W3CHttpResponseCodec.createException(W3CHttpResponseCodec.java:187)
	at org.openqa.selenium.remote.http.W3CHttpResponseCodec.decode(W3CHttpResponseCodec.java:122)
	at org.openqa.selenium.remote.http.W3CHttpResponseCodec.decode(W3CHttpResponseCodec.java:49)
	at org.openqa.selenium.remote.HttpCommandExecutor.execute(HttpCommandExecutor.java:158)
	at io.appium.java_client.remote.AppiumCommandExecutor.execute(AppiumCommandExecutor.java:239)
	at org.openqa.selenium.remote.RemoteWebDriver.execute(RemoteWebDriver.java:552)
	at io.appium.java_client.DefaultGenericMobileDriver.execute(DefaultGenericMobileDriver.java:42)
	at io.appium.java_client.AppiumDriver.execute(AppiumDriver.java:1)
	at io.appium.java_client.android.AndroidDriver.execute(AndroidDriver.java:1)
	at com.kms.katalon.core.appium.driver.SwipeableAndroidDriver.execute(SwipeableAndroidDriver.java:1)
	at org.openqa.selenium.remote.RemoteWebElement.execute(RemoteWebElement.java:285)
	at io.appium.java_client.DefaultGenericMobileElement.execute(DefaultGenericMobileElement.java:45)
	at io.appium.java_client.MobileElement.execute(MobileElement.java:1)
	at io.appium.java_client.android.AndroidElement.execute(AndroidElement.java:1)
	at org.openqa.selenium.remote.RemoteWebElement.getLocation(RemoteWebElement.java:337)
	at org.openqa.selenium.WebElement$getLocation.call(Unknown Source)
	at com.kms.katalon.core.mobile.keyword.internal.MobileAbstractKeyword.findElement(MobileAbstractKeyword.groovy:86)
	at com.kms.katalon.core.mobile.keyword.builtin.TapKeyword.access$1(TapKeyword.groovy)
	at com.kms.katalon.core.mobile.keyword.builtin.TapKeyword$_tap_closure1.doCall(TapKeyword.groovy:76)
	at com.kms.katalon.core.mobile.keyword.builtin.TapKeyword$_tap_closure1.call(TapKeyword.groovy)
	at com.kms.katalon.core.mobile.keyword.internal.MobileKeywordMain.runKeyword(MobileKeywordMain.groovy:21)
	at com.kms.katalon.core.mobile.keyword.builtin.TapKeyword.tap(TapKeyword.groovy:84)
	at com.kms.katalon.core.mobile.keyword.builtin.TapKeyword.execute(TapKeyword.groovy:68)
	at com.kms.katalon.core.keyword.internal.KeywordExecutor.executeKeywordForPlatform(KeywordExecutor.groovy:74)
	at com.kms.katalon.core.mobile.keyword.MobileBuiltInKeywords.tap(MobileBuiltInKeywords.groovy:1490)
	at com.kms.katalon.core.mobile.keyword.MobileBuiltInKeywords$tap$1.call(Unknown Source)
	at Drive Thru - Gopay.run(Drive Thru - Gopay:58)
	at com.kms.katalon.core.main.ScriptEngine.run(ScriptEngine.java:194)
	at com.kms.katalon.core.main.ScriptEngine.runScriptAsRawText(ScriptEngine.java:119)
	at com.kms.katalon.core.main.TestCaseExecutor.runScript(TestCaseExecutor.java:448)
	at com.kms.katalon.core.main.TestCaseExecutor.doExecute(TestCaseExecutor.java:439)
	at com.kms.katalon.core.main.TestCaseExecutor.processExecutionPhase(TestCaseExecutor.java:418)
	at com.kms.katalon.core.main.TestCaseExecutor.accessMainPhase(TestCaseExecutor.java:410)
	at com.kms.katalon.core.main.TestCaseExecutor.execute(TestCaseExecutor.java:285)
	at com.kms.katalon.core.common.CommonExecutor.accessTestCaseMainPhase(CommonExecutor.java:65)
	at com.kms.katalon.core.main.TestSuiteExecutor.accessTestSuiteMainPhase(TestSuiteExecutor.java:151)
	at com.kms.katalon.core.main.TestSuiteExecutor.execute(TestSuiteExecutor.java:106)
	at com.kms.katalon.core.main.TestCaseMain.startTestSuite(TestCaseMain.java:185)
	at com.kms.katalon.core.main.TestCaseMain$startTestSuite$0.call(Unknown Source)
	at TempTestSuite1674644904836.run(TempTestSuite1674644904836.groovy:36)
)
	at com.kms.katalon.core.keyword.internal.KeywordMain.stepFailed(KeywordMain.groovy:50)
	at com.kms.katalon.core.mobile.keyword.internal.MobileKeywordMain.stepFailed(MobileKeywordMain.groovy:40)
	at com.kms.katalon.core.mobile.keyword.internal.MobileKeywordMain.runKeyword(MobileKeywordMain.groovy:23)
	at com.kms.katalon.core.mobile.keyword.builtin.TapKeyword.tap(TapKeyword.groovy:84)
	at com.kms.katalon.core.mobile.keyword.builtin.TapKeyword.execute(TapKeyword.groovy:68)
	at com.kms.katalon.core.keyword.internal.KeywordExecutor.executeKeywordForPlatform(KeywordExecutor.groovy:74)
	at com.kms.katalon.core.mobile.keyword.MobileBuiltInKeywords.tap(MobileBuiltInKeywords.groovy:1490)
	at com.kms.katalon.core.mobile.keyword.MobileBuiltInKeywords$tap$1.call(Unknown Source)
	at Drive Thru - Gopay.run(Drive Thru - Gopay:58)
	at com.kms.katalon.core.main.ScriptEngine.run(ScriptEngine.java:194)
	at com.kms.katalon.core.main.ScriptEngine.runScriptAsRawText(ScriptEngine.java:119)
	at com.kms.katalon.core.main.TestCaseExecutor.runScript(TestCaseExecutor.java:448)
	at com.kms.katalon.core.main.TestCaseExecutor.doExecute(TestCaseExecutor.java:439)
	at com.kms.katalon.core.main.TestCaseExecutor.processExecutionPhase(TestCaseExecutor.java:418)
	at com.kms.katalon.core.main.TestCaseExecutor.accessMainPhase(TestCaseExecutor.java:410)
	at com.kms.katalon.core.main.TestCaseExecutor.execute(TestCaseExecutor.java:285)
	at com.kms.katalon.core.common.CommonExecutor.accessTestCaseMainPhase(CommonExecutor.java:65)
	at com.kms.katalon.core.main.TestSuiteExecutor.accessTestSuiteMainPhase(TestSuiteExecutor.java:151)
	at com.kms.katalon.core.main.TestSuiteExecutor.execute(TestSuiteExecutor.java:106)
	at com.kms.katalon.core.main.TestCaseMain.startTestSuite(TestCaseMain.java:185)
	at com.kms.katalon.core.main.TestCaseMain$startTestSuite$0.call(Unknown Source)
	at TempTestSuite1674644904836.run(TempTestSuite1674644904836.groovy:36)
Caused by: org.openqa.selenium.StaleElementReferenceException: Cached elements 'By.xpath: //*[@class = 'android.widget.TextView' and (@text = 'Cari Gerai KFC' or . = 'Cari Gerai KFC') and @resource-id = 'com.kfc.mobile.hkStaging:id/text_view_label_input_outlet']' do not exist in DOM anymore
For documentation on this error, please visit: https://www.seleniumhq.org/exceptions/stale_element_reference.html
Build info: version: '3.141.59', revision: 'e82be7d358', time: '2018-11-14T08:25:53'
System info: host: 'NKC-23', ip: '172.10.9.59', os.name: 'Windows 10', os.arch: 'amd64', os.version: '10.0', java.version: '1.8.0_282'
Driver info: com.kms.katalon.core.appium.driver.SwipeableAndroidDriver
Capabilities {appActivity: com.kfc.mobile.presentation..., appPackage: com.kfc.mobile.hkStaging, autoGrantPermissions: true, automationName: uiautomator2, chromedriverPort: 52367, databaseEnabled: false, desired: {appActivity: com.kfc.mobile.presentation..., appPackage: com.kfc.mobile.hkStaging, autoGrantPermissions: true, automationName: uiautomator2, chromedriverPort: 52367, deviceId: , deviceName: OPPO CPH1801 (Android 7.1.1), newCommandTimeout: 1800, noReset: true, platform: ANDROID, platformName: android, platformVersion: 7.1.1, systemPort: 8224, udid: aa14e06a}, deviceApiLevel: 25, deviceId: , deviceManufacturer: OPPO, deviceModel: CPH1801, deviceName: aa14e06a, deviceScreenDensity: 320, deviceScreenSize: 720x1280, deviceUDID: aa14e06a, javascriptEnabled: true, locationContextEnabled: false, networkConnectionEnabled: true, newCommandTimeout: 1800, noReset: true, pixelRatio: 2, platform: ANDROID, platformName: Android, platformVersion: 7.1.1, statBarHeight: 36, systemPort: 8224, takesScreenshot: true, udid: aa14e06a, viewportRect: {height: 1244, left: 0, top: 36, width: 720}, warnings: {}, webStorageEnabled: false}
Session ID: dad806ff-b5f0-4fd2-9b6e-788ef76d672e
	at org.openqa.selenium.remote.http.W3CHttpResponseCodec.createException(W3CHttpResponseCodec.java:187)
	at org.openqa.selenium.remote.http.W3CHttpResponseCodec.decode(W3CHttpResponseCodec.java:122)
	at org.openqa.selenium.remote.http.W3CHttpResponseCodec.decode(W3CHttpResponseCodec.java:49)
	at org.openqa.selenium.remote.HttpCommandExecutor.execute(HttpCommandExecutor.java:158)
	at io.appium.java_client.remote.AppiumCommandExecutor.execute(AppiumCommandExecutor.java:239)
	at org.openqa.selenium.remote.RemoteWebDriver.execute(RemoteWebDriver.java:552)
	at io.appium.java_client.DefaultGenericMobileDriver.execute(DefaultGenericMobileDriver.java:42)
	at io.appium.java_client.AppiumDriver.execute(AppiumDriver.java:1)
	at io.appium.java_client.android.AndroidDriver.execute(AndroidDriver.java:1)
	at com.kms.katalon.core.appium.driver.SwipeableAndroidDriver.execute(SwipeableAndroidDriver.java:1)
	at org.openqa.selenium.remote.RemoteWebElement.execute(RemoteWebElement.java:285)
	at io.appium.java_client.DefaultGenericMobileElement.execute(DefaultGenericMobileElement.java:45)
	at io.appium.java_client.MobileElement.execute(MobileElement.java:1)
	at io.appium.java_client.android.AndroidElement.execute(AndroidElement.java:1)
	at org.openqa.selenium.remote.RemoteWebElement.getLocation(RemoteWebElement.java:337)
	at org.openqa.selenium.WebElement$getLocation.call(Unknown Source)
	at com.kms.katalon.core.mobile.keyword.internal.MobileAbstractKeyword.findElement(MobileAbstractKeyword.groovy:86)
	at com.kms.katalon.core.mobile.keyword.builtin.TapKeyword.access$1(TapKeyword.groovy)
	at com.kms.katalon.core.mobile.keyword.builtin.TapKeyword$_tap_closure1.doCall(TapKeyword.groovy:76)
	at com.kms.katalon.core.mobile.keyword.builtin.TapKeyword$_tap_closure1.call(TapKeyword.groovy)
	at com.kms.katalon.core.mobile.keyword.internal.MobileKeywordMain.runKeyword(MobileKeywordMain.groovy:21)
	... 19 more
"/>
         <system-out><![CDATA[2023-01-25 18:16:09 - [TEST_CASE][FAILED] - Test Cases/Create Order/Drive Thru/Drive Thru - Gopay: Test Cases/Create Order/Drive Thru/Drive Thru - Gopay FAILED.
Reason:
com.kms.katalon.core.exception.StepFailedException: Failed to tap on element 'Object Repository/Order Dine In/android.widget.TextView - Cari Gerai KFC' (Root cause: org.openqa.selenium.StaleElementReferenceException: Cached elements 'By.xpath: //*[@class = 'android.widget.TextView' and (@text = 'Cari Gerai KFC' or . = 'Cari Gerai KFC') and @resource-id = 'com.kfc.mobile.hkStaging:id/text_view_label_input_outlet']' do not exist in DOM anymore
For documentation on this error, please visit: https://www.seleniumhq.org/exceptions/stale_element_reference.html
Build info: version: '3.141.59', revision: 'e82be7d358', time: '2018-11-14T08:25:53'
System info: host: 'NKC-23', ip: '172.10.9.59', os.name: 'Windows 10', os.arch: 'amd64', os.version: '10.0', java.version: '1.8.0_282'
Driver info: com.kms.katalon.core.appium.driver.SwipeableAndroidDriver
Capabilities {appActivity: com.kfc.mobile.presentation..., appPackage: com.kfc.mobile.hkStaging, autoGrantPermissions: true, automationName: uiautomator2, chromedriverPort: 52367, databaseEnabled: false, desired: {appActivity: com.kfc.mobile.presentation..., appPackage: com.kfc.mobile.hkStaging, autoGrantPermissions: true, automationName: uiautomator2, chromedriverPort: 52367, deviceId: , deviceName: OPPO CPH1801 (Android 7.1.1), newCommandTimeout: 1800, noReset: true, platform: ANDROID, platformName: android, platformVersion: 7.1.1, systemPort: 8224, udid: aa14e06a}, deviceApiLevel: 25, deviceId: , deviceManufacturer: OPPO, deviceModel: CPH1801, deviceName: aa14e06a, deviceScreenDensity: 320, deviceScreenSize: 720x1280, deviceUDID: aa14e06a, javascriptEnabled: true, locationContextEnabled: false, networkConnectionEnabled: true, newCommandTimeout: 1800, noReset: true, pixelRatio: 2, platform: ANDROID, platformName: Android, platformVersion: 7.1.1, statBarHeight: 36, systemPort: 8224, takesScreenshot: true, udid: aa14e06a, viewportRect: {height: 1244, left: 0, top: 36, width: 720}, warnings: {}, webStorageEnabled: false}
Session ID: dad806ff-b5f0-4fd2-9b6e-788ef76d672e
	at org.openqa.selenium.remote.http.W3CHttpResponseCodec.createException(W3CHttpResponseCodec.java:187)
	at org.openqa.selenium.remote.http.W3CHttpResponseCodec.decode(W3CHttpResponseCodec.java:122)
	at org.openqa.selenium.remote.http.W3CHttpResponseCodec.decode(W3CHttpResponseCodec.java:49)
	at org.openqa.selenium.remote.HttpCommandExecutor.execute(HttpCommandExecutor.java:158)
	at io.appium.java_client.remote.AppiumCommandExecutor.execute(AppiumCommandExecutor.java:239)
	at org.openqa.selenium.remote.RemoteWebDriver.execute(RemoteWebDriver.java:552)
	at io.appium.java_client.DefaultGenericMobileDriver.execute(DefaultGenericMobileDriver.java:42)
	at io.appium.java_client.AppiumDriver.execute(AppiumDriver.java:1)
	at io.appium.java_client.android.AndroidDriver.execute(AndroidDriver.java:1)
	at com.kms.katalon.core.appium.driver.SwipeableAndroidDriver.execute(SwipeableAndroidDriver.java:1)
	at org.openqa.selenium.remote.RemoteWebElement.execute(RemoteWebElement.java:285)
	at io.appium.java_client.DefaultGenericMobileElement.execute(DefaultGenericMobileElement.java:45)
	at io.appium.java_client.MobileElement.execute(MobileElement.java:1)
	at io.appium.java_client.android.AndroidElement.execute(AndroidElement.java:1)
	at org.openqa.selenium.remote.RemoteWebElement.getLocation(RemoteWebElement.java:337)
	at org.openqa.selenium.WebElement$getLocation.call(Unknown Source)
	at com.kms.katalon.core.mobile.keyword.internal.MobileAbstractKeyword.findElement(MobileAbstractKeyword.groovy:86)
	at com.kms.katalon.core.mobile.keyword.builtin.TapKeyword.access$1(TapKeyword.groovy)
	at com.kms.katalon.core.mobile.keyword.builtin.TapKeyword$_tap_closure1.doCall(TapKeyword.groovy:76)
	at com.kms.katalon.core.mobile.keyword.builtin.TapKeyword$_tap_closure1.call(TapKeyword.groovy)
	at com.kms.katalon.core.mobile.keyword.internal.MobileKeywordMain.runKeyword(MobileKeywordMain.groovy:21)
	at com.kms.katalon.core.mobile.keyword.builtin.TapKeyword.tap(TapKeyword.groovy:84)
	at com.kms.katalon.core.mobile.keyword.builtin.TapKeyword.execute(TapKeyword.groovy:68)
	at com.kms.katalon.core.keyword.internal.KeywordExecutor.executeKeywordForPlatform(KeywordExecutor.groovy:74)
	at com.kms.katalon.core.mobile.keyword.MobileBuiltInKeywords.tap(MobileBuiltInKeywords.groovy:1490)
	at com.kms.katalon.core.mobile.keyword.MobileBuiltInKeywords$tap$1.call(Unknown Source)
	at Drive Thru - Gopay.run(Drive Thru - Gopay:58)
	at com.kms.katalon.core.main.ScriptEngine.run(ScriptEngine.java:194)
	at com.kms.katalon.core.main.ScriptEngine.runScriptAsRawText(ScriptEngine.java:119)
	at com.kms.katalon.core.main.TestCaseExecutor.runScript(TestCaseExecutor.java:448)
	at com.kms.katalon.core.main.TestCaseExecutor.doExecute(TestCaseExecutor.java:439)
	at com.kms.katalon.core.main.TestCaseExecutor.processExecutionPhase(TestCaseExecutor.java:418)
	at com.kms.katalon.core.main.TestCaseExecutor.accessMainPhase(TestCaseExecutor.java:410)
	at com.kms.katalon.core.main.TestCaseExecutor.execute(TestCaseExecutor.java:285)
	at com.kms.katalon.core.common.CommonExecutor.accessTestCaseMainPhase(CommonExecutor.java:65)
	at com.kms.katalon.core.main.TestSuiteExecutor.accessTestSuiteMainPhase(TestSuiteExecutor.java:151)
	at com.kms.katalon.core.main.TestSuiteExecutor.execute(TestSuiteExecutor.java:106)
	at com.kms.katalon.core.main.TestCaseMain.startTestSuite(TestCaseMain.java:185)
	at com.kms.katalon.core.main.TestCaseMain$startTestSuite$0.call(Unknown Source)
	at TempTestSuite1674644904836.run(TempTestSuite1674644904836.groovy:36)
)
	at com.kms.katalon.core.keyword.internal.KeywordMain.stepFailed(KeywordMain.groovy:50)
	at com.kms.katalon.core.mobile.keyword.internal.MobileKeywordMain.stepFailed(MobileKeywordMain.groovy:40)
	at com.kms.katalon.core.mobile.keyword.internal.MobileKeywordMain.runKeyword(MobileKeywordMain.groovy:23)
	at com.kms.katalon.core.mobile.keyword.builtin.TapKeyword.tap(TapKeyword.groovy:84)
	at com.kms.katalon.core.mobile.keyword.builtin.TapKeyword.execute(TapKeyword.groovy:68)
	at com.kms.katalon.core.keyword.internal.KeywordExecutor.executeKeywordForPlatform(KeywordExecutor.groovy:74)
	at com.kms.katalon.core.mobile.keyword.MobileBuiltInKeywords.tap(MobileBuiltInKeywords.groovy:1490)
	at com.kms.katalon.core.mobile.keyword.MobileBuiltInKeywords$tap$1.call(Unknown Source)
	at Drive Thru - Gopay.run(Drive Thru - Gopay:58)
	at com.kms.katalon.core.main.ScriptEngine.run(ScriptEngine.java:194)
	at com.kms.katalon.core.main.ScriptEngine.runScriptAsRawText(ScriptEngine.java:119)
	at com.kms.katalon.core.main.TestCaseExecutor.runScript(TestCaseExecutor.java:448)
	at com.kms.katalon.core.main.TestCaseExecutor.doExecute(TestCaseExecutor.java:439)
	at com.kms.katalon.core.main.TestCaseExecutor.processExecutionPhase(TestCaseExecutor.java:418)
	at com.kms.katalon.core.main.TestCaseExecutor.accessMainPhase(TestCaseExecutor.java:410)
	at com.kms.katalon.core.main.TestCaseExecutor.execute(TestCaseExecutor.java:285)
	at com.kms.katalon.core.common.CommonExecutor.accessTestCaseMainPhase(CommonExecutor.java:65)
	at com.kms.katalon.core.main.TestSuiteExecutor.accessTestSuiteMainPhase(TestSuiteExecutor.java:151)
	at com.kms.katalon.core.main.TestSuiteExecutor.execute(TestSuiteExecutor.java:106)
	at com.kms.katalon.core.main.TestCaseMain.startTestSuite(TestCaseMain.java:185)
	at com.kms.katalon.core.main.TestCaseMain$startTestSuite$0.call(Unknown Source)
	at TempTestSuite1674644904836.run(TempTestSuite1674644904836.groovy:36)
Caused by: org.openqa.selenium.StaleElementReferenceException: Cached elements 'By.xpath: //*[@class = 'android.widget.TextView' and (@text = 'Cari Gerai KFC' or . = 'Cari Gerai KFC') and @resource-id = 'com.kfc.mobile.hkStaging:id/text_view_label_input_outlet']' do not exist in DOM anymore
For documentation on this error, please visit: https://www.seleniumhq.org/exceptions/stale_element_reference.html
Build info: version: '3.141.59', revision: 'e82be7d358', time: '2018-11-14T08:25:53'
System info: host: 'NKC-23', ip: '172.10.9.59', os.name: 'Windows 10', os.arch: 'amd64', os.version: '10.0', java.version: '1.8.0_282'
Driver info: com.kms.katalon.core.appium.driver.SwipeableAndroidDriver
Capabilities {appActivity: com.kfc.mobile.presentation..., appPackage: com.kfc.mobile.hkStaging, autoGrantPermissions: true, automationName: uiautomator2, chromedriverPort: 52367, databaseEnabled: false, desired: {appActivity: com.kfc.mobile.presentation..., appPackage: com.kfc.mobile.hkStaging, autoGrantPermissions: true, automationName: uiautomator2, chromedriverPort: 52367, deviceId: , deviceName: OPPO CPH1801 (Android 7.1.1), newCommandTimeout: 1800, noReset: true, platform: ANDROID, platformName: android, platformVersion: 7.1.1, systemPort: 8224, udid: aa14e06a}, deviceApiLevel: 25, deviceId: , deviceManufacturer: OPPO, deviceModel: CPH1801, deviceName: aa14e06a, deviceScreenDensity: 320, deviceScreenSize: 720x1280, deviceUDID: aa14e06a, javascriptEnabled: true, locationContextEnabled: false, networkConnectionEnabled: true, newCommandTimeout: 1800, noReset: true, pixelRatio: 2, platform: ANDROID, platformName: Android, platformVersion: 7.1.1, statBarHeight: 36, systemPort: 8224, takesScreenshot: true, udid: aa14e06a, viewportRect: {height: 1244, left: 0, top: 36, width: 720}, warnings: {}, webStorageEnabled: false}
Session ID: dad806ff-b5f0-4fd2-9b6e-788ef76d672e
	at org.openqa.selenium.remote.http.W3CHttpResponseCodec.createException(W3CHttpResponseCodec.java:187)
	at org.openqa.selenium.remote.http.W3CHttpResponseCodec.decode(W3CHttpResponseCodec.java:122)
	at org.openqa.selenium.remote.http.W3CHttpResponseCodec.decode(W3CHttpResponseCodec.java:49)
	at org.openqa.selenium.remote.HttpCommandExecutor.execute(HttpCommandExecutor.java:158)
	at io.appium.java_client.remote.AppiumCommandExecutor.execute(AppiumCommandExecutor.java:239)
	at org.openqa.selenium.remote.RemoteWebDriver.execute(RemoteWebDriver.java:552)
	at io.appium.java_client.DefaultGenericMobileDriver.execute(DefaultGenericMobileDriver.java:42)
	at io.appium.java_client.AppiumDriver.execute(AppiumDriver.java:1)
	at io.appium.java_client.android.AndroidDriver.execute(AndroidDriver.java:1)
	at com.kms.katalon.core.appium.driver.SwipeableAndroidDriver.execute(SwipeableAndroidDriver.java:1)
	at org.openqa.selenium.remote.RemoteWebElement.execute(RemoteWebElement.java:285)
	at io.appium.java_client.DefaultGenericMobileElement.execute(DefaultGenericMobileElement.java:45)
	at io.appium.java_client.MobileElement.execute(MobileElement.java:1)
	at io.appium.java_client.android.AndroidElement.execute(AndroidElement.java:1)
	at org.openqa.selenium.remote.RemoteWebElement.getLocation(RemoteWebElement.java:337)
	at org.openqa.selenium.WebElement$getLocation.call(Unknown Source)
	at com.kms.katalon.core.mobile.keyword.internal.MobileAbstractKeyword.findElement(MobileAbstractKeyword.groovy:86)
	at com.kms.katalon.core.mobile.keyword.builtin.TapKeyword.access$1(TapKeyword.groovy)
	at com.kms.katalon.core.mobile.keyword.builtin.TapKeyword$_tap_closure1.doCall(TapKeyword.groovy:76)
	at com.kms.katalon.core.mobile.keyword.builtin.TapKeyword$_tap_closure1.call(TapKeyword.groovy)
	at com.kms.katalon.core.mobile.keyword.internal.MobileKeywordMain.runKeyword(MobileKeywordMain.groovy:21)
	... 19 more


2023-01-25 18:16:09 - [TEST_STEP][PASSED] - startExistingApplication("com.kfc.mobile.hkStaging", STOP_ON_FAILURE): Starting app with application ID: 'com.kfc.mobile.hkStaging'

2023-01-25 18:16:09 - [MESSAGE][INFO] - User set preference: ['appPackage', 'com.kfc.mobile.hkStaging']

2023-01-25 18:16:09 - [MESSAGE][INFO] - User set preference: ['appActivity', 'com.kfc.mobile.presentation.home.HomeActivity']

2023-01-25 18:16:09 - [MESSAGE][INFO] - User set preference: ['noReset', 'true']

2023-01-25 18:16:09 - [MESSAGE][INFO] - User set preference: ['deviceId', '']

2023-01-25 18:16:22 - [MESSAGE][INFO] - Failed to get OS statusbar's information using default method.

2023-01-25 18:16:23 - [MESSAGE][PASSED] - Starting app with application ID: 'com.kfc.mobile.hkStaging'

2023-01-25 18:16:23 - [TEST_STEP][PASSED] - waitForElementPresent(findTestObject("Order Dine In/android.widget.TextView - Beranda"), 5): Element 'Object Repository/Order Dine In/android.widget.TextView - Beranda' is present

2023-01-25 18:16:24 - [MESSAGE][PASSED] - Element 'Object Repository/Order Dine In/android.widget.TextView - Beranda' is present

2023-01-25 18:16:24 - [TEST_STEP][PASSED] - tap(findTestObject("Object Repository/Order Dine In/android.widget.TextView - Beranda"), 5): Tapped on element 'Object Repository/Order Dine In/android.widget.TextView - Beranda'

2023-01-25 18:16:26 - [MESSAGE][PASSED] - Tapped on element 'Object Repository/Order Dine In/android.widget.TextView - Beranda'

2023-01-25 18:16:26 - [TEST_STEP][PASSED] - swipe(281, 600, 434, 90): Swiped from 281,600 to 434,90

2023-01-25 18:16:27 - [MESSAGE][PASSED] - Swiped from 281,600 to 434,90

2023-01-25 18:16:27 - [TEST_STEP][PASSED] - device_Height = getDeviceHeight(): Current device physical height is 1280

2023-01-25 18:16:27 - [MESSAGE][PASSED] - Current device physical height is 1280

2023-01-25 18:16:27 - [TEST_STEP][PASSED] - device_Width = getDeviceWidth(): Current device physical width is 720

2023-01-25 18:16:27 - [MESSAGE][PASSED] - Current device physical width is 720

2023-01-25 18:16:27 - [TEST_STEP][PASSED] - startY = device_Height / 2: null

2023-01-25 18:16:27 - [TEST_STEP][PASSED] - endY = startY: null

2023-01-25 18:16:27 - [TEST_STEP][PASSED] - startX = device_Width * 0.30: null

2023-01-25 18:16:27 - [TEST_STEP][PASSED] - endX = device_Width * 0.70: null

2023-01-25 18:16:27 - [TEST_STEP][PASSED] - swipe(endX, startY, startX, endY): Swiped from 504,640 to 216,640

2023-01-25 18:16:28 - [MESSAGE][PASSED] - Swiped from 504,640 to 216,640

2023-01-25 18:16:28 - [TEST_STEP][PASSED] - waitForElementPresent(findTestObject("Order Type/android.widget.TextView - DRIVE-THRU"), 10): Element 'Object Repository/Order Type/android.widget.TextView - DRIVE-THRU' is present

2023-01-25 18:16:29 - [MESSAGE][PASSED] - Element 'Object Repository/Order Type/android.widget.TextView - DRIVE-THRU' is present

2023-01-25 18:16:29 - [TEST_STEP][PASSED] - tap(findTestObject("Order Type/android.widget.TextView - DRIVE-THRU"), 5): Tapped on element 'Object Repository/Order Type/android.widget.TextView - DRIVE-THRU'

2023-01-25 18:16:29 - [MESSAGE][PASSED] - Tapped on element 'Object Repository/Order Type/android.widget.TextView - DRIVE-THRU'

2023-01-25 18:16:29 - [TEST_STEP][PASSED] - waitForElementPresent(findTestObject("Order Dine In/android.widget.EditText - Cari Gerai KFC"), 5): Object Object Repository/Order Dine In/android.widget.EditText - Cari Gerai KFC not found

2023-01-25 18:16:35 - [MESSAGE][WARNING] - Object Object Repository/Order Dine In/android.widget.EditText - Cari Gerai KFC not found

2023-01-25 18:16:35 - [TEST_STEP][FAILED] - tap(findTestObject("Object Repository/Order Dine In/android.widget.TextView - Cari Gerai KFC"), 5): Failed to tap on element 'Object Repository/Order Dine In/android.widget.TextView - Cari Gerai KFC' (Root cause: org.openqa.selenium.StaleElementReferenceException: Cached elements 'By.xpath: //*[@class = 'android.widget.TextView' and (@text = 'Cari Gerai KFC' or . = 'Cari Gerai KFC') and @resource-id = 'com.kfc.mobile.hkStaging:id/text_view_label_input_outlet']' do not exist in DOM anymore
For documentation on this error, please visit: https://www.seleniumhq.org/exceptions/stale_element_reference.html
Build info: version: '3.141.59', revision: 'e82be7d358', time: '2018-11-14T08:25:53'
System info: host: 'NKC-23', ip: '172.10.9.59', os.name: 'Windows 10', os.arch: 'amd64', os.version: '10.0', java.version: '1.8.0_282'
Driver info: com.kms.katalon.core.appium.driver.SwipeableAndroidDriver
Capabilities {appActivity: com.kfc.mobile.presentation..., appPackage: com.kfc.mobile.hkStaging, autoGrantPermissions: true, automationName: uiautomator2, chromedriverPort: 52367, databaseEnabled: false, desired: {appActivity: com.kfc.mobile.presentation..., appPackage: com.kfc.mobile.hkStaging, autoGrantPermissions: true, automationName: uiautomator2, chromedriverPort: 52367, deviceId: , deviceName: OPPO CPH1801 (Android 7.1.1), newCommandTimeout: 1800, noReset: true, platform: ANDROID, platformName: android, platformVersion: 7.1.1, systemPort: 8224, udid: aa14e06a}, deviceApiLevel: 25, deviceId: , deviceManufacturer: OPPO, deviceModel: CPH1801, deviceName: aa14e06a, deviceScreenDensity: 320, deviceScreenSize: 720x1280, deviceUDID: aa14e06a, javascriptEnabled: true, locationContextEnabled: false, networkConnectionEnabled: true, newCommandTimeout: 1800, noReset: true, pixelRatio: 2, platform: ANDROID, platformName: Android, platformVersion: 7.1.1, statBarHeight: 36, systemPort: 8224, takesScreenshot: true, udid: aa14e06a, viewportRect: {height: 1244, left: 0, top: 36, width: 720}, warnings: {}, webStorageEnabled: false}
Session ID: dad806ff-b5f0-4fd2-9b6e-788ef76d672e
	at org.openqa.selenium.remote.http.W3CHttpResponseCodec.createException(W3CHttpResponseCodec.java:187)
	at org.openqa.selenium.remote.http.W3CHttpResponseCodec.decode(W3CHttpResponseCodec.java:122)
	at org.openqa.selenium.remote.http.W3CHttpResponseCodec.decode(W3CHttpResponseCodec.java:49)
	at org.openqa.selenium.remote.HttpCommandExecutor.execute(HttpCommandExecutor.java:158)
	at io.appium.java_client.remote.AppiumCommandExecutor.execute(AppiumCommandExecutor.java:239)
	at org.openqa.selenium.remote.RemoteWebDriver.execute(RemoteWebDriver.java:552)
	at io.appium.java_client.DefaultGenericMobileDriver.execute(DefaultGenericMobileDriver.java:42)
	at io.appium.java_client.AppiumDriver.execute(AppiumDriver.java:1)
	at io.appium.java_client.android.AndroidDriver.execute(AndroidDriver.java:1)
	at com.kms.katalon.core.appium.driver.SwipeableAndroidDriver.execute(SwipeableAndroidDriver.java:1)
	at org.openqa.selenium.remote.RemoteWebElement.execute(RemoteWebElement.java:285)
	at io.appium.java_client.DefaultGenericMobileElement.execute(DefaultGenericMobileElement.java:45)
	at io.appium.java_client.MobileElement.execute(MobileElement.java:1)
	at io.appium.java_client.android.AndroidElement.execute(AndroidElement.java:1)
	at org.openqa.selenium.remote.RemoteWebElement.getLocation(RemoteWebElement.java:337)
	at org.openqa.selenium.WebElement$getLocation.call(Unknown Source)
	at com.kms.katalon.core.mobile.keyword.internal.MobileAbstractKeyword.findElement(MobileAbstractKeyword.groovy:86)
	at com.kms.katalon.core.mobile.keyword.builtin.TapKeyword.access$1(TapKeyword.groovy)
	at com.kms.katalon.core.mobile.keyword.builtin.TapKeyword$_tap_closure1.doCall(TapKeyword.groovy:76)
	at com.kms.katalon.core.mobile.keyword.builtin.TapKeyword$_tap_closure1.call(TapKeyword.groovy)
	at com.kms.katalon.core.mobile.keyword.internal.MobileKeywordMain.runKeyword(MobileKeywordMain.groovy:21)
	at com.kms.katalon.core.mobile.keyword.builtin.TapKeyword.tap(TapKeyword.groovy:84)
	at com.kms.katalon.core.mobile.keyword.builtin.TapKeyword.execute(TapKeyword.groovy:68)
	at com.kms.katalon.core.keyword.internal.KeywordExecutor.executeKeywordForPlatform(KeywordExecutor.groovy:74)
	at com.kms.katalon.core.mobile.keyword.MobileBuiltInKeywords.tap(MobileBuiltInKeywords.groovy:1490)
	at com.kms.katalon.core.mobile.keyword.MobileBuiltInKeywords$tap$1.call(Unknown Source)
	at Drive Thru - Gopay.run(Drive Thru - Gopay:58)
	at com.kms.katalon.core.main.ScriptEngine.run(ScriptEngine.java:194)
	at com.kms.katalon.core.main.ScriptEngine.runScriptAsRawText(ScriptEngine.java:119)
	at com.kms.katalon.core.main.TestCaseExecutor.runScript(TestCaseExecutor.java:448)
	at com.kms.katalon.core.main.TestCaseExecutor.doExecute(TestCaseExecutor.java:439)
	at com.kms.katalon.core.main.TestCaseExecutor.processExecutionPhase(TestCaseExecutor.java:418)
	at com.kms.katalon.core.main.TestCaseExecutor.accessMainPhase(TestCaseExecutor.java:410)
	at com.kms.katalon.core.main.TestCaseExecutor.execute(TestCaseExecutor.java:285)
	at com.kms.katalon.core.common.CommonExecutor.accessTestCaseMainPhase(CommonExecutor.java:65)
	at com.kms.katalon.core.main.TestSuiteExecutor.accessTestSuiteMainPhase(TestSuiteExecutor.java:151)
	at com.kms.katalon.core.main.TestSuiteExecutor.execute(TestSuiteExecutor.java:106)
	at com.kms.katalon.core.main.TestCaseMain.startTestSuite(TestCaseMain.java:185)
	at com.kms.katalon.core.main.TestCaseMain$startTestSuite$0.call(Unknown Source)
	at TempTestSuite1674644904836.run(TempTestSuite1674644904836.groovy:36)
)

2023-01-25 18:16:36 - [MESSAGE][FAILED] - Failed to tap on element 'Object Repository/Order Dine In/android.widget.TextView - Cari Gerai KFC' (Root cause: org.openqa.selenium.StaleElementReferenceException: Cached elements 'By.xpath: //*[@class = 'android.widget.TextView' and (@text = 'Cari Gerai KFC' or . = 'Cari Gerai KFC') and @resource-id = 'com.kfc.mobile.hkStaging:id/text_view_label_input_outlet']' do not exist in DOM anymore
For documentation on this error, please visit: https://www.seleniumhq.org/exceptions/stale_element_reference.html
Build info: version: '3.141.59', revision: 'e82be7d358', time: '2018-11-14T08:25:53'
System info: host: 'NKC-23', ip: '172.10.9.59', os.name: 'Windows 10', os.arch: 'amd64', os.version: '10.0', java.version: '1.8.0_282'
Driver info: com.kms.katalon.core.appium.driver.SwipeableAndroidDriver
Capabilities {appActivity: com.kfc.mobile.presentation..., appPackage: com.kfc.mobile.hkStaging, autoGrantPermissions: true, automationName: uiautomator2, chromedriverPort: 52367, databaseEnabled: false, desired: {appActivity: com.kfc.mobile.presentation..., appPackage: com.kfc.mobile.hkStaging, autoGrantPermissions: true, automationName: uiautomator2, chromedriverPort: 52367, deviceId: , deviceName: OPPO CPH1801 (Android 7.1.1), newCommandTimeout: 1800, noReset: true, platform: ANDROID, platformName: android, platformVersion: 7.1.1, systemPort: 8224, udid: aa14e06a}, deviceApiLevel: 25, deviceId: , deviceManufacturer: OPPO, deviceModel: CPH1801, deviceName: aa14e06a, deviceScreenDensity: 320, deviceScreenSize: 720x1280, deviceUDID: aa14e06a, javascriptEnabled: true, locationContextEnabled: false, networkConnectionEnabled: true, newCommandTimeout: 1800, noReset: true, pixelRatio: 2, platform: ANDROID, platformName: Android, platformVersion: 7.1.1, statBarHeight: 36, systemPort: 8224, takesScreenshot: true, udid: aa14e06a, viewportRect: {height: 1244, left: 0, top: 36, width: 720}, warnings: {}, webStorageEnabled: false}
Session ID: dad806ff-b5f0-4fd2-9b6e-788ef76d672e
	at org.openqa.selenium.remote.http.W3CHttpResponseCodec.createException(W3CHttpResponseCodec.java:187)
	at org.openqa.selenium.remote.http.W3CHttpResponseCodec.decode(W3CHttpResponseCodec.java:122)
	at org.openqa.selenium.remote.http.W3CHttpResponseCodec.decode(W3CHttpResponseCodec.java:49)
	at org.openqa.selenium.remote.HttpCommandExecutor.execute(HttpCommandExecutor.java:158)
	at io.appium.java_client.remote.AppiumCommandExecutor.execute(AppiumCommandExecutor.java:239)
	at org.openqa.selenium.remote.RemoteWebDriver.execute(RemoteWebDriver.java:552)
	at io.appium.java_client.DefaultGenericMobileDriver.execute(DefaultGenericMobileDriver.java:42)
	at io.appium.java_client.AppiumDriver.execute(AppiumDriver.java:1)
	at io.appium.java_client.android.AndroidDriver.execute(AndroidDriver.java:1)
	at com.kms.katalon.core.appium.driver.SwipeableAndroidDriver.execute(SwipeableAndroidDriver.java:1)
	at org.openqa.selenium.remote.RemoteWebElement.execute(RemoteWebElement.java:285)
	at io.appium.java_client.DefaultGenericMobileElement.execute(DefaultGenericMobileElement.java:45)
	at io.appium.java_client.MobileElement.execute(MobileElement.java:1)
	at io.appium.java_client.android.AndroidElement.execute(AndroidElement.java:1)
	at org.openqa.selenium.remote.RemoteWebElement.getLocation(RemoteWebElement.java:337)
	at org.openqa.selenium.WebElement$getLocation.call(Unknown Source)
	at com.kms.katalon.core.mobile.keyword.internal.MobileAbstractKeyword.findElement(MobileAbstractKeyword.groovy:86)
	at com.kms.katalon.core.mobile.keyword.builtin.TapKeyword.access$1(TapKeyword.groovy)
	at com.kms.katalon.core.mobile.keyword.builtin.TapKeyword$_tap_closure1.doCall(TapKeyword.groovy:76)
	at com.kms.katalon.core.mobile.keyword.builtin.TapKeyword$_tap_closure1.call(TapKeyword.groovy)
	at com.kms.katalon.core.mobile.keyword.internal.MobileKeywordMain.runKeyword(MobileKeywordMain.groovy:21)
	at com.kms.katalon.core.mobile.keyword.builtin.TapKeyword.tap(TapKeyword.groovy:84)
	at com.kms.katalon.core.mobile.keyword.builtin.TapKeyword.execute(TapKeyword.groovy:68)
	at com.kms.katalon.core.keyword.internal.KeywordExecutor.executeKeywordForPlatform(KeywordExecutor.groovy:74)
	at com.kms.katalon.core.mobile.keyword.MobileBuiltInKeywords.tap(MobileBuiltInKeywords.groovy:1490)
	at com.kms.katalon.core.mobile.keyword.MobileBuiltInKeywords$tap$1.call(Unknown Source)
	at Drive Thru - Gopay.run(Drive Thru - Gopay:58)
	at com.kms.katalon.core.main.ScriptEngine.run(ScriptEngine.java:194)
	at com.kms.katalon.core.main.ScriptEngine.runScriptAsRawText(ScriptEngine.java:119)
	at com.kms.katalon.core.main.TestCaseExecutor.runScript(TestCaseExecutor.java:448)
	at com.kms.katalon.core.main.TestCaseExecutor.doExecute(TestCaseExecutor.java:439)
	at com.kms.katalon.core.main.TestCaseExecutor.processExecutionPhase(TestCaseExecutor.java:418)
	at com.kms.katalon.core.main.TestCaseExecutor.accessMainPhase(TestCaseExecutor.java:410)
	at com.kms.katalon.core.main.TestCaseExecutor.execute(TestCaseExecutor.java:285)
	at com.kms.katalon.core.common.CommonExecutor.accessTestCaseMainPhase(CommonExecutor.java:65)
	at com.kms.katalon.core.main.TestSuiteExecutor.accessTestSuiteMainPhase(TestSuiteExecutor.java:151)
	at com.kms.katalon.core.main.TestSuiteExecutor.execute(TestSuiteExecutor.java:106)
	at com.kms.katalon.core.main.TestCaseMain.startTestSuite(TestCaseMain.java:185)
	at com.kms.katalon.core.main.TestCaseMain$startTestSuite$0.call(Unknown Source)
	at TempTestSuite1674644904836.run(TempTestSuite1674644904836.groovy:36)
)
[[ATTACHMENT|C:\\Users\\Ahadian Rifky\\Downloads\\Katalon_Studio_Windows_64-8.5.5\\Katalon_Studio_Windows_64-8.5.5\\git.github.com\\maycheljecsan\\kfckuapps_katalon.git\\kfcku_android\\Reports\\20230125_180824\\Create Order\\Create Order\\20230125_180824\\1674645396157.png]]]]></system-out>
         <system-err><![CDATA[2023-01-25 18:16:09 - [TEST_CASE][FAILED] - Test Cases/Create Order/Drive Thru/Drive Thru - Gopay: Test Cases/Create Order/Drive Thru/Drive Thru - Gopay FAILED.
Reason:
com.kms.katalon.core.exception.StepFailedException: Failed to tap on element 'Object Repository/Order Dine In/android.widget.TextView - Cari Gerai KFC' (Root cause: org.openqa.selenium.StaleElementReferenceException: Cached elements 'By.xpath: //*[@class = 'android.widget.TextView' and (@text = 'Cari Gerai KFC' or . = 'Cari Gerai KFC') and @resource-id = 'com.kfc.mobile.hkStaging:id/text_view_label_input_outlet']' do not exist in DOM anymore
For documentation on this error, please visit: https://www.seleniumhq.org/exceptions/stale_element_reference.html
Build info: version: '3.141.59', revision: 'e82be7d358', time: '2018-11-14T08:25:53'
System info: host: 'NKC-23', ip: '172.10.9.59', os.name: 'Windows 10', os.arch: 'amd64', os.version: '10.0', java.version: '1.8.0_282'
Driver info: com.kms.katalon.core.appium.driver.SwipeableAndroidDriver
Capabilities {appActivity: com.kfc.mobile.presentation..., appPackage: com.kfc.mobile.hkStaging, autoGrantPermissions: true, automationName: uiautomator2, chromedriverPort: 52367, databaseEnabled: false, desired: {appActivity: com.kfc.mobile.presentation..., appPackage: com.kfc.mobile.hkStaging, autoGrantPermissions: true, automationName: uiautomator2, chromedriverPort: 52367, deviceId: , deviceName: OPPO CPH1801 (Android 7.1.1), newCommandTimeout: 1800, noReset: true, platform: ANDROID, platformName: android, platformVersion: 7.1.1, systemPort: 8224, udid: aa14e06a}, deviceApiLevel: 25, deviceId: , deviceManufacturer: OPPO, deviceModel: CPH1801, deviceName: aa14e06a, deviceScreenDensity: 320, deviceScreenSize: 720x1280, deviceUDID: aa14e06a, javascriptEnabled: true, locationContextEnabled: false, networkConnectionEnabled: true, newCommandTimeout: 1800, noReset: true, pixelRatio: 2, platform: ANDROID, platformName: Android, platformVersion: 7.1.1, statBarHeight: 36, systemPort: 8224, takesScreenshot: true, udid: aa14e06a, viewportRect: {height: 1244, left: 0, top: 36, width: 720}, warnings: {}, webStorageEnabled: false}
Session ID: dad806ff-b5f0-4fd2-9b6e-788ef76d672e
	at org.openqa.selenium.remote.http.W3CHttpResponseCodec.createException(W3CHttpResponseCodec.java:187)
	at org.openqa.selenium.remote.http.W3CHttpResponseCodec.decode(W3CHttpResponseCodec.java:122)
	at org.openqa.selenium.remote.http.W3CHttpResponseCodec.decode(W3CHttpResponseCodec.java:49)
	at org.openqa.selenium.remote.HttpCommandExecutor.execute(HttpCommandExecutor.java:158)
	at io.appium.java_client.remote.AppiumCommandExecutor.execute(AppiumCommandExecutor.java:239)
	at org.openqa.selenium.remote.RemoteWebDriver.execute(RemoteWebDriver.java:552)
	at io.appium.java_client.DefaultGenericMobileDriver.execute(DefaultGenericMobileDriver.java:42)
	at io.appium.java_client.AppiumDriver.execute(AppiumDriver.java:1)
	at io.appium.java_client.android.AndroidDriver.execute(AndroidDriver.java:1)
	at com.kms.katalon.core.appium.driver.SwipeableAndroidDriver.execute(SwipeableAndroidDriver.java:1)
	at org.openqa.selenium.remote.RemoteWebElement.execute(RemoteWebElement.java:285)
	at io.appium.java_client.DefaultGenericMobileElement.execute(DefaultGenericMobileElement.java:45)
	at io.appium.java_client.MobileElement.execute(MobileElement.java:1)
	at io.appium.java_client.android.AndroidElement.execute(AndroidElement.java:1)
	at org.openqa.selenium.remote.RemoteWebElement.getLocation(RemoteWebElement.java:337)
	at org.openqa.selenium.WebElement$getLocation.call(Unknown Source)
	at com.kms.katalon.core.mobile.keyword.internal.MobileAbstractKeyword.findElement(MobileAbstractKeyword.groovy:86)
	at com.kms.katalon.core.mobile.keyword.builtin.TapKeyword.access$1(TapKeyword.groovy)
	at com.kms.katalon.core.mobile.keyword.builtin.TapKeyword$_tap_closure1.doCall(TapKeyword.groovy:76)
	at com.kms.katalon.core.mobile.keyword.builtin.TapKeyword$_tap_closure1.call(TapKeyword.groovy)
	at com.kms.katalon.core.mobile.keyword.internal.MobileKeywordMain.runKeyword(MobileKeywordMain.groovy:21)
	at com.kms.katalon.core.mobile.keyword.builtin.TapKeyword.tap(TapKeyword.groovy:84)
	at com.kms.katalon.core.mobile.keyword.builtin.TapKeyword.execute(TapKeyword.groovy:68)
	at com.kms.katalon.core.keyword.internal.KeywordExecutor.executeKeywordForPlatform(KeywordExecutor.groovy:74)
	at com.kms.katalon.core.mobile.keyword.MobileBuiltInKeywords.tap(MobileBuiltInKeywords.groovy:1490)
	at com.kms.katalon.core.mobile.keyword.MobileBuiltInKeywords$tap$1.call(Unknown Source)
	at Drive Thru - Gopay.run(Drive Thru - Gopay:58)
	at com.kms.katalon.core.main.ScriptEngine.run(ScriptEngine.java:194)
	at com.kms.katalon.core.main.ScriptEngine.runScriptAsRawText(ScriptEngine.java:119)
	at com.kms.katalon.core.main.TestCaseExecutor.runScript(TestCaseExecutor.java:448)
	at com.kms.katalon.core.main.TestCaseExecutor.doExecute(TestCaseExecutor.java:439)
	at com.kms.katalon.core.main.TestCaseExecutor.processExecutionPhase(TestCaseExecutor.java:418)
	at com.kms.katalon.core.main.TestCaseExecutor.accessMainPhase(TestCaseExecutor.java:410)
	at com.kms.katalon.core.main.TestCaseExecutor.execute(TestCaseExecutor.java:285)
	at com.kms.katalon.core.common.CommonExecutor.accessTestCaseMainPhase(CommonExecutor.java:65)
	at com.kms.katalon.core.main.TestSuiteExecutor.accessTestSuiteMainPhase(TestSuiteExecutor.java:151)
	at com.kms.katalon.core.main.TestSuiteExecutor.execute(TestSuiteExecutor.java:106)
	at com.kms.katalon.core.main.TestCaseMain.startTestSuite(TestCaseMain.java:185)
	at com.kms.katalon.core.main.TestCaseMain$startTestSuite$0.call(Unknown Source)
	at TempTestSuite1674644904836.run(TempTestSuite1674644904836.groovy:36)
)
	at com.kms.katalon.core.keyword.internal.KeywordMain.stepFailed(KeywordMain.groovy:50)
	at com.kms.katalon.core.mobile.keyword.internal.MobileKeywordMain.stepFailed(MobileKeywordMain.groovy:40)
	at com.kms.katalon.core.mobile.keyword.internal.MobileKeywordMain.runKeyword(MobileKeywordMain.groovy:23)
	at com.kms.katalon.core.mobile.keyword.builtin.TapKeyword.tap(TapKeyword.groovy:84)
	at com.kms.katalon.core.mobile.keyword.builtin.TapKeyword.execute(TapKeyword.groovy:68)
	at com.kms.katalon.core.keyword.internal.KeywordExecutor.executeKeywordForPlatform(KeywordExecutor.groovy:74)
	at com.kms.katalon.core.mobile.keyword.MobileBuiltInKeywords.tap(MobileBuiltInKeywords.groovy:1490)
	at com.kms.katalon.core.mobile.keyword.MobileBuiltInKeywords$tap$1.call(Unknown Source)
	at Drive Thru - Gopay.run(Drive Thru - Gopay:58)
	at com.kms.katalon.core.main.ScriptEngine.run(ScriptEngine.java:194)
	at com.kms.katalon.core.main.ScriptEngine.runScriptAsRawText(ScriptEngine.java:119)
	at com.kms.katalon.core.main.TestCaseExecutor.runScript(TestCaseExecutor.java:448)
	at com.kms.katalon.core.main.TestCaseExecutor.doExecute(TestCaseExecutor.java:439)
	at com.kms.katalon.core.main.TestCaseExecutor.processExecutionPhase(TestCaseExecutor.java:418)
	at com.kms.katalon.core.main.TestCaseExecutor.accessMainPhase(TestCaseExecutor.java:410)
	at com.kms.katalon.core.main.TestCaseExecutor.execute(TestCaseExecutor.java:285)
	at com.kms.katalon.core.common.CommonExecutor.accessTestCaseMainPhase(CommonExecutor.java:65)
	at com.kms.katalon.core.main.TestSuiteExecutor.accessTestSuiteMainPhase(TestSuiteExecutor.java:151)
	at com.kms.katalon.core.main.TestSuiteExecutor.execute(TestSuiteExecutor.java:106)
	at com.kms.katalon.core.main.TestCaseMain.startTestSuite(TestCaseMain.java:185)
	at com.kms.katalon.core.main.TestCaseMain$startTestSuite$0.call(Unknown Source)
	at TempTestSuite1674644904836.run(TempTestSuite1674644904836.groovy:36)
Caused by: org.openqa.selenium.StaleElementReferenceException: Cached elements 'By.xpath: //*[@class = 'android.widget.TextView' and (@text = 'Cari Gerai KFC' or . = 'Cari Gerai KFC') and @resource-id = 'com.kfc.mobile.hkStaging:id/text_view_label_input_outlet']' do not exist in DOM anymore
For documentation on this error, please visit: https://www.seleniumhq.org/exceptions/stale_element_reference.html
Build info: version: '3.141.59', revision: 'e82be7d358', time: '2018-11-14T08:25:53'
System info: host: 'NKC-23', ip: '172.10.9.59', os.name: 'Windows 10', os.arch: 'amd64', os.version: '10.0', java.version: '1.8.0_282'
Driver info: com.kms.katalon.core.appium.driver.SwipeableAndroidDriver
Capabilities {appActivity: com.kfc.mobile.presentation..., appPackage: com.kfc.mobile.hkStaging, autoGrantPermissions: true, automationName: uiautomator2, chromedriverPort: 52367, databaseEnabled: false, desired: {appActivity: com.kfc.mobile.presentation..., appPackage: com.kfc.mobile.hkStaging, autoGrantPermissions: true, automationName: uiautomator2, chromedriverPort: 52367, deviceId: , deviceName: OPPO CPH1801 (Android 7.1.1), newCommandTimeout: 1800, noReset: true, platform: ANDROID, platformName: android, platformVersion: 7.1.1, systemPort: 8224, udid: aa14e06a}, deviceApiLevel: 25, deviceId: , deviceManufacturer: OPPO, deviceModel: CPH1801, deviceName: aa14e06a, deviceScreenDensity: 320, deviceScreenSize: 720x1280, deviceUDID: aa14e06a, javascriptEnabled: true, locationContextEnabled: false, networkConnectionEnabled: true, newCommandTimeout: 1800, noReset: true, pixelRatio: 2, platform: ANDROID, platformName: Android, platformVersion: 7.1.1, statBarHeight: 36, systemPort: 8224, takesScreenshot: true, udid: aa14e06a, viewportRect: {height: 1244, left: 0, top: 36, width: 720}, warnings: {}, webStorageEnabled: false}
Session ID: dad806ff-b5f0-4fd2-9b6e-788ef76d672e
	at org.openqa.selenium.remote.http.W3CHttpResponseCodec.createException(W3CHttpResponseCodec.java:187)
	at org.openqa.selenium.remote.http.W3CHttpResponseCodec.decode(W3CHttpResponseCodec.java:122)
	at org.openqa.selenium.remote.http.W3CHttpResponseCodec.decode(W3CHttpResponseCodec.java:49)
	at org.openqa.selenium.remote.HttpCommandExecutor.execute(HttpCommandExecutor.java:158)
	at io.appium.java_client.remote.AppiumCommandExecutor.execute(AppiumCommandExecutor.java:239)
	at org.openqa.selenium.remote.RemoteWebDriver.execute(RemoteWebDriver.java:552)
	at io.appium.java_client.DefaultGenericMobileDriver.execute(DefaultGenericMobileDriver.java:42)
	at io.appium.java_client.AppiumDriver.execute(AppiumDriver.java:1)
	at io.appium.java_client.android.AndroidDriver.execute(AndroidDriver.java:1)
	at com.kms.katalon.core.appium.driver.SwipeableAndroidDriver.execute(SwipeableAndroidDriver.java:1)
	at org.openqa.selenium.remote.RemoteWebElement.execute(RemoteWebElement.java:285)
	at io.appium.java_client.DefaultGenericMobileElement.execute(DefaultGenericMobileElement.java:45)
	at io.appium.java_client.MobileElement.execute(MobileElement.java:1)
	at io.appium.java_client.android.AndroidElement.execute(AndroidElement.java:1)
	at org.openqa.selenium.remote.RemoteWebElement.getLocation(RemoteWebElement.java:337)
	at org.openqa.selenium.WebElement$getLocation.call(Unknown Source)
	at com.kms.katalon.core.mobile.keyword.internal.MobileAbstractKeyword.findElement(MobileAbstractKeyword.groovy:86)
	at com.kms.katalon.core.mobile.keyword.builtin.TapKeyword.access$1(TapKeyword.groovy)
	at com.kms.katalon.core.mobile.keyword.builtin.TapKeyword$_tap_closure1.doCall(TapKeyword.groovy:76)
	at com.kms.katalon.core.mobile.keyword.builtin.TapKeyword$_tap_closure1.call(TapKeyword.groovy)
	at com.kms.katalon.core.mobile.keyword.internal.MobileKeywordMain.runKeyword(MobileKeywordMain.groovy:21)
	... 19 more]]></system-err>
      </testcase>
      <testcase name="Test Cases/Create Order/Take Away/Take Away - Dana" time="26.533" classname="Test Cases/Create Order/Take Away/Take Away - Dana" status="FAILED">
         <failure type="FAILED" message="Test Cases/Create Order/Take Away/Take Away - Dana FAILED.
Reason:
com.kms.katalon.core.exception.StepFailedException: Failed to set text into element (Root cause: org.openqa.selenium.StaleElementReferenceException: Cached elements 'By.xpath: //*[@class = 'android.widget.EditText' and (@text = 'Cari Gerai KFC' or . = 'Cari Gerai KFC') and @resource-id = 'com.kfc.mobile.hkStaging:id/edit_text_search_outlet']' do not exist in DOM anymore
For documentation on this error, please visit: https://www.seleniumhq.org/exceptions/stale_element_reference.html
Build info: version: '3.141.59', revision: 'e82be7d358', time: '2018-11-14T08:25:53'
System info: host: 'NKC-23', ip: '172.10.9.59', os.name: 'Windows 10', os.arch: 'amd64', os.version: '10.0', java.version: '1.8.0_282'
Driver info: com.kms.katalon.core.appium.driver.SwipeableAndroidDriver
Capabilities {appActivity: com.kfc.mobile.presentation..., appPackage: com.kfc.mobile.hkStaging, autoGrantPermissions: true, automationName: uiautomator2, chromedriverPort: 52367, databaseEnabled: false, desired: {appActivity: com.kfc.mobile.presentation..., appPackage: com.kfc.mobile.hkStaging, autoGrantPermissions: true, automationName: uiautomator2, chromedriverPort: 52367, deviceId: , deviceName: OPPO CPH1801 (Android 7.1.1), newCommandTimeout: 1800, noReset: true, platform: ANDROID, platformName: android, platformVersion: 7.1.1, systemPort: 8210, udid: aa14e06a}, deviceApiLevel: 25, deviceId: , deviceManufacturer: OPPO, deviceModel: CPH1801, deviceName: aa14e06a, deviceScreenDensity: 320, deviceScreenSize: 720x1280, deviceUDID: aa14e06a, javascriptEnabled: true, locationContextEnabled: false, networkConnectionEnabled: true, newCommandTimeout: 1800, noReset: true, pixelRatio: 2, platform: ANDROID, platformName: Android, platformVersion: 7.1.1, statBarHeight: 36, systemPort: 8210, takesScreenshot: true, udid: aa14e06a, viewportRect: {height: 1244, left: 0, top: 36, width: 720}, warnings: {}, webStorageEnabled: false}
Session ID: 62aba3d0-4bf7-428f-bcb3-221a375e8290
	at org.openqa.selenium.remote.http.W3CHttpResponseCodec.createException(W3CHttpResponseCodec.java:187)
	at org.openqa.selenium.remote.http.W3CHttpResponseCodec.decode(W3CHttpResponseCodec.java:122)
	at org.openqa.selenium.remote.http.W3CHttpResponseCodec.decode(W3CHttpResponseCodec.java:49)
	at org.openqa.selenium.remote.HttpCommandExecutor.execute(HttpCommandExecutor.java:158)
	at io.appium.java_client.remote.AppiumCommandExecutor.execute(AppiumCommandExecutor.java:239)
	at org.openqa.selenium.remote.RemoteWebDriver.execute(RemoteWebDriver.java:552)
	at io.appium.java_client.DefaultGenericMobileDriver.execute(DefaultGenericMobileDriver.java:42)
	at io.appium.java_client.AppiumDriver.execute(AppiumDriver.java:1)
	at io.appium.java_client.android.AndroidDriver.execute(AndroidDriver.java:1)
	at com.kms.katalon.core.appium.driver.SwipeableAndroidDriver.execute(SwipeableAndroidDriver.java:1)
	at org.openqa.selenium.remote.RemoteWebElement.execute(RemoteWebElement.java:285)
	at io.appium.java_client.DefaultGenericMobileElement.execute(DefaultGenericMobileElement.java:45)
	at io.appium.java_client.MobileElement.execute(MobileElement.java:1)
	at io.appium.java_client.android.AndroidElement.execute(AndroidElement.java:1)
	at org.openqa.selenium.remote.RemoteWebElement.getLocation(RemoteWebElement.java:337)
	at org.openqa.selenium.WebElement$getLocation.call(Unknown Source)
	at com.kms.katalon.core.mobile.keyword.internal.MobileAbstractKeyword.findElement(MobileAbstractKeyword.groovy:86)
	at com.kms.katalon.core.mobile.keyword.builtin.SetTextKeyword.access$1(SetTextKeyword.groovy)
	at com.kms.katalon.core.mobile.keyword.builtin.SetTextKeyword$_setText_closure1.doCall(SetTextKeyword.groovy:74)
	at com.kms.katalon.core.mobile.keyword.builtin.SetTextKeyword$_setText_closure1.call(SetTextKeyword.groovy)
	at com.kms.katalon.core.mobile.keyword.internal.MobileKeywordMain.runKeyword(MobileKeywordMain.groovy:21)
	at com.kms.katalon.core.mobile.keyword.builtin.SetTextKeyword.setText(SetTextKeyword.groovy:83)
	at com.kms.katalon.core.mobile.keyword.builtin.SetTextKeyword.execute(SetTextKeyword.groovy:66)
	at com.kms.katalon.core.keyword.internal.KeywordExecutor.executeKeywordForPlatform(KeywordExecutor.groovy:74)
	at com.kms.katalon.core.mobile.keyword.MobileBuiltInKeywords.setText(MobileBuiltInKeywords.groovy:1307)
	at com.kms.katalon.core.mobile.keyword.MobileBuiltInKeywords$setText$3.call(Unknown Source)
	at Take Away - Dana.run(Take Away - Dana:35)
	at com.kms.katalon.core.main.ScriptEngine.run(ScriptEngine.java:194)
	at com.kms.katalon.core.main.ScriptEngine.runScriptAsRawText(ScriptEngine.java:119)
	at com.kms.katalon.core.main.TestCaseExecutor.runScript(TestCaseExecutor.java:448)
	at com.kms.katalon.core.main.TestCaseExecutor.doExecute(TestCaseExecutor.java:439)
	at com.kms.katalon.core.main.TestCaseExecutor.processExecutionPhase(TestCaseExecutor.java:418)
	at com.kms.katalon.core.main.TestCaseExecutor.accessMainPhase(TestCaseExecutor.java:410)
	at com.kms.katalon.core.main.TestCaseExecutor.execute(TestCaseExecutor.java:285)
	at com.kms.katalon.core.common.CommonExecutor.accessTestCaseMainPhase(CommonExecutor.java:65)
	at com.kms.katalon.core.main.TestSuiteExecutor.accessTestSuiteMainPhase(TestSuiteExecutor.java:151)
	at com.kms.katalon.core.main.TestSuiteExecutor.execute(TestSuiteExecutor.java:106)
	at com.kms.katalon.core.main.TestCaseMain.startTestSuite(TestCaseMain.java:185)
	at com.kms.katalon.core.main.TestCaseMain$startTestSuite$0.call(Unknown Source)
	at TempTestSuite1674644904836.run(TempTestSuite1674644904836.groovy:36)
)
	at com.kms.katalon.core.keyword.internal.KeywordMain.stepFailed(KeywordMain.groovy:50)
	at com.kms.katalon.core.mobile.keyword.internal.MobileKeywordMain.stepFailed(MobileKeywordMain.groovy:40)
	at com.kms.katalon.core.mobile.keyword.internal.MobileKeywordMain.runKeyword(MobileKeywordMain.groovy:23)
	at com.kms.katalon.core.mobile.keyword.builtin.SetTextKeyword.setText(SetTextKeyword.groovy:83)
	at com.kms.katalon.core.mobile.keyword.builtin.SetTextKeyword.execute(SetTextKeyword.groovy:66)
	at com.kms.katalon.core.keyword.internal.KeywordExecutor.executeKeywordForPlatform(KeywordExecutor.groovy:74)
	at com.kms.katalon.core.mobile.keyword.MobileBuiltInKeywords.setText(MobileBuiltInKeywords.groovy:1307)
	at com.kms.katalon.core.mobile.keyword.MobileBuiltInKeywords$setText$3.call(Unknown Source)
	at Take Away - Dana.run(Take Away - Dana:35)
	at com.kms.katalon.core.main.ScriptEngine.run(ScriptEngine.java:194)
	at com.kms.katalon.core.main.ScriptEngine.runScriptAsRawText(ScriptEngine.java:119)
	at com.kms.katalon.core.main.TestCaseExecutor.runScript(TestCaseExecutor.java:448)
	at com.kms.katalon.core.main.TestCaseExecutor.doExecute(TestCaseExecutor.java:439)
	at com.kms.katalon.core.main.TestCaseExecutor.processExecutionPhase(TestCaseExecutor.java:418)
	at com.kms.katalon.core.main.TestCaseExecutor.accessMainPhase(TestCaseExecutor.java:410)
	at com.kms.katalon.core.main.TestCaseExecutor.execute(TestCaseExecutor.java:285)
	at com.kms.katalon.core.common.CommonExecutor.accessTestCaseMainPhase(CommonExecutor.java:65)
	at com.kms.katalon.core.main.TestSuiteExecutor.accessTestSuiteMainPhase(TestSuiteExecutor.java:151)
	at com.kms.katalon.core.main.TestSuiteExecutor.execute(TestSuiteExecutor.java:106)
	at com.kms.katalon.core.main.TestCaseMain.startTestSuite(TestCaseMain.java:185)
	at com.kms.katalon.core.main.TestCaseMain$startTestSuite$0.call(Unknown Source)
	at TempTestSuite1674644904836.run(TempTestSuite1674644904836.groovy:36)
Caused by: org.openqa.selenium.StaleElementReferenceException: Cached elements 'By.xpath: //*[@class = 'android.widget.EditText' and (@text = 'Cari Gerai KFC' or . = 'Cari Gerai KFC') and @resource-id = 'com.kfc.mobile.hkStaging:id/edit_text_search_outlet']' do not exist in DOM anymore
For documentation on this error, please visit: https://www.seleniumhq.org/exceptions/stale_element_reference.html
Build info: version: '3.141.59', revision: 'e82be7d358', time: '2018-11-14T08:25:53'
System info: host: 'NKC-23', ip: '172.10.9.59', os.name: 'Windows 10', os.arch: 'amd64', os.version: '10.0', java.version: '1.8.0_282'
Driver info: com.kms.katalon.core.appium.driver.SwipeableAndroidDriver
Capabilities {appActivity: com.kfc.mobile.presentation..., appPackage: com.kfc.mobile.hkStaging, autoGrantPermissions: true, automationName: uiautomator2, chromedriverPort: 52367, databaseEnabled: false, desired: {appActivity: com.kfc.mobile.presentation..., appPackage: com.kfc.mobile.hkStaging, autoGrantPermissions: true, automationName: uiautomator2, chromedriverPort: 52367, deviceId: , deviceName: OPPO CPH1801 (Android 7.1.1), newCommandTimeout: 1800, noReset: true, platform: ANDROID, platformName: android, platformVersion: 7.1.1, systemPort: 8210, udid: aa14e06a}, deviceApiLevel: 25, deviceId: , deviceManufacturer: OPPO, deviceModel: CPH1801, deviceName: aa14e06a, deviceScreenDensity: 320, deviceScreenSize: 720x1280, deviceUDID: aa14e06a, javascriptEnabled: true, locationContextEnabled: false, networkConnectionEnabled: true, newCommandTimeout: 1800, noReset: true, pixelRatio: 2, platform: ANDROID, platformName: Android, platformVersion: 7.1.1, statBarHeight: 36, systemPort: 8210, takesScreenshot: true, udid: aa14e06a, viewportRect: {height: 1244, left: 0, top: 36, width: 720}, warnings: {}, webStorageEnabled: false}
Session ID: 62aba3d0-4bf7-428f-bcb3-221a375e8290
	at org.openqa.selenium.remote.http.W3CHttpResponseCodec.createException(W3CHttpResponseCodec.java:187)
	at org.openqa.selenium.remote.http.W3CHttpResponseCodec.decode(W3CHttpResponseCodec.java:122)
	at org.openqa.selenium.remote.http.W3CHttpResponseCodec.decode(W3CHttpResponseCodec.java:49)
	at org.openqa.selenium.remote.HttpCommandExecutor.execute(HttpCommandExecutor.java:158)
	at io.appium.java_client.remote.AppiumCommandExecutor.execute(AppiumCommandExecutor.java:239)
	at org.openqa.selenium.remote.RemoteWebDriver.execute(RemoteWebDriver.java:552)
	at io.appium.java_client.DefaultGenericMobileDriver.execute(DefaultGenericMobileDriver.java:42)
	at io.appium.java_client.AppiumDriver.execute(AppiumDriver.java:1)
	at io.appium.java_client.android.AndroidDriver.execute(AndroidDriver.java:1)
	at com.kms.katalon.core.appium.driver.SwipeableAndroidDriver.execute(SwipeableAndroidDriver.java:1)
	at org.openqa.selenium.remote.RemoteWebElement.execute(RemoteWebElement.java:285)
	at io.appium.java_client.DefaultGenericMobileElement.execute(DefaultGenericMobileElement.java:45)
	at io.appium.java_client.MobileElement.execute(MobileElement.java:1)
	at io.appium.java_client.android.AndroidElement.execute(AndroidElement.java:1)
	at org.openqa.selenium.remote.RemoteWebElement.getLocation(RemoteWebElement.java:337)
	at org.openqa.selenium.WebElement$getLocation.call(Unknown Source)
	at com.kms.katalon.core.mobile.keyword.internal.MobileAbstractKeyword.findElement(MobileAbstractKeyword.groovy:86)
	at com.kms.katalon.core.mobile.keyword.builtin.SetTextKeyword.access$1(SetTextKeyword.groovy)
	at com.kms.katalon.core.mobile.keyword.builtin.SetTextKeyword$_setText_closure1.doCall(SetTextKeyword.groovy:74)
	at com.kms.katalon.core.mobile.keyword.builtin.SetTextKeyword$_setText_closure1.call(SetTextKeyword.groovy)
	at com.kms.katalon.core.mobile.keyword.internal.MobileKeywordMain.runKeyword(MobileKeywordMain.groovy:21)
	... 19 more
"/>
         <system-out><![CDATA[2023-01-25 18:16:36 - [TEST_CASE][FAILED] - Test Cases/Create Order/Take Away/Take Away - Dana: Test Cases/Create Order/Take Away/Take Away - Dana FAILED.
Reason:
com.kms.katalon.core.exception.StepFailedException: Failed to set text into element (Root cause: org.openqa.selenium.StaleElementReferenceException: Cached elements 'By.xpath: //*[@class = 'android.widget.EditText' and (@text = 'Cari Gerai KFC' or . = 'Cari Gerai KFC') and @resource-id = 'com.kfc.mobile.hkStaging:id/edit_text_search_outlet']' do not exist in DOM anymore
For documentation on this error, please visit: https://www.seleniumhq.org/exceptions/stale_element_reference.html
Build info: version: '3.141.59', revision: 'e82be7d358', time: '2018-11-14T08:25:53'
System info: host: 'NKC-23', ip: '172.10.9.59', os.name: 'Windows 10', os.arch: 'amd64', os.version: '10.0', java.version: '1.8.0_282'
Driver info: com.kms.katalon.core.appium.driver.SwipeableAndroidDriver
Capabilities {appActivity: com.kfc.mobile.presentation..., appPackage: com.kfc.mobile.hkStaging, autoGrantPermissions: true, automationName: uiautomator2, chromedriverPort: 52367, databaseEnabled: false, desired: {appActivity: com.kfc.mobile.presentation..., appPackage: com.kfc.mobile.hkStaging, autoGrantPermissions: true, automationName: uiautomator2, chromedriverPort: 52367, deviceId: , deviceName: OPPO CPH1801 (Android 7.1.1), newCommandTimeout: 1800, noReset: true, platform: ANDROID, platformName: android, platformVersion: 7.1.1, systemPort: 8210, udid: aa14e06a}, deviceApiLevel: 25, deviceId: , deviceManufacturer: OPPO, deviceModel: CPH1801, deviceName: aa14e06a, deviceScreenDensity: 320, deviceScreenSize: 720x1280, deviceUDID: aa14e06a, javascriptEnabled: true, locationContextEnabled: false, networkConnectionEnabled: true, newCommandTimeout: 1800, noReset: true, pixelRatio: 2, platform: ANDROID, platformName: Android, platformVersion: 7.1.1, statBarHeight: 36, systemPort: 8210, takesScreenshot: true, udid: aa14e06a, viewportRect: {height: 1244, left: 0, top: 36, width: 720}, warnings: {}, webStorageEnabled: false}
Session ID: 62aba3d0-4bf7-428f-bcb3-221a375e8290
	at org.openqa.selenium.remote.http.W3CHttpResponseCodec.createException(W3CHttpResponseCodec.java:187)
	at org.openqa.selenium.remote.http.W3CHttpResponseCodec.decode(W3CHttpResponseCodec.java:122)
	at org.openqa.selenium.remote.http.W3CHttpResponseCodec.decode(W3CHttpResponseCodec.java:49)
	at org.openqa.selenium.remote.HttpCommandExecutor.execute(HttpCommandExecutor.java:158)
	at io.appium.java_client.remote.AppiumCommandExecutor.execute(AppiumCommandExecutor.java:239)
	at org.openqa.selenium.remote.RemoteWebDriver.execute(RemoteWebDriver.java:552)
	at io.appium.java_client.DefaultGenericMobileDriver.execute(DefaultGenericMobileDriver.java:42)
	at io.appium.java_client.AppiumDriver.execute(AppiumDriver.java:1)
	at io.appium.java_client.android.AndroidDriver.execute(AndroidDriver.java:1)
	at com.kms.katalon.core.appium.driver.SwipeableAndroidDriver.execute(SwipeableAndroidDriver.java:1)
	at org.openqa.selenium.remote.RemoteWebElement.execute(RemoteWebElement.java:285)
	at io.appium.java_client.DefaultGenericMobileElement.execute(DefaultGenericMobileElement.java:45)
	at io.appium.java_client.MobileElement.execute(MobileElement.java:1)
	at io.appium.java_client.android.AndroidElement.execute(AndroidElement.java:1)
	at org.openqa.selenium.remote.RemoteWebElement.getLocation(RemoteWebElement.java:337)
	at org.openqa.selenium.WebElement$getLocation.call(Unknown Source)
	at com.kms.katalon.core.mobile.keyword.internal.MobileAbstractKeyword.findElement(MobileAbstractKeyword.groovy:86)
	at com.kms.katalon.core.mobile.keyword.builtin.SetTextKeyword.access$1(SetTextKeyword.groovy)
	at com.kms.katalon.core.mobile.keyword.builtin.SetTextKeyword$_setText_closure1.doCall(SetTextKeyword.groovy:74)
	at com.kms.katalon.core.mobile.keyword.builtin.SetTextKeyword$_setText_closure1.call(SetTextKeyword.groovy)
	at com.kms.katalon.core.mobile.keyword.internal.MobileKeywordMain.runKeyword(MobileKeywordMain.groovy:21)
	at com.kms.katalon.core.mobile.keyword.builtin.SetTextKeyword.setText(SetTextKeyword.groovy:83)
	at com.kms.katalon.core.mobile.keyword.builtin.SetTextKeyword.execute(SetTextKeyword.groovy:66)
	at com.kms.katalon.core.keyword.internal.KeywordExecutor.executeKeywordForPlatform(KeywordExecutor.groovy:74)
	at com.kms.katalon.core.mobile.keyword.MobileBuiltInKeywords.setText(MobileBuiltInKeywords.groovy:1307)
	at com.kms.katalon.core.mobile.keyword.MobileBuiltInKeywords$setText$3.call(Unknown Source)
	at Take Away - Dana.run(Take Away - Dana:35)
	at com.kms.katalon.core.main.ScriptEngine.run(ScriptEngine.java:194)
	at com.kms.katalon.core.main.ScriptEngine.runScriptAsRawText(ScriptEngine.java:119)
	at com.kms.katalon.core.main.TestCaseExecutor.runScript(TestCaseExecutor.java:448)
	at com.kms.katalon.core.main.TestCaseExecutor.doExecute(TestCaseExecutor.java:439)
	at com.kms.katalon.core.main.TestCaseExecutor.processExecutionPhase(TestCaseExecutor.java:418)
	at com.kms.katalon.core.main.TestCaseExecutor.accessMainPhase(TestCaseExecutor.java:410)
	at com.kms.katalon.core.main.TestCaseExecutor.execute(TestCaseExecutor.java:285)
	at com.kms.katalon.core.common.CommonExecutor.accessTestCaseMainPhase(CommonExecutor.java:65)
	at com.kms.katalon.core.main.TestSuiteExecutor.accessTestSuiteMainPhase(TestSuiteExecutor.java:151)
	at com.kms.katalon.core.main.TestSuiteExecutor.execute(TestSuiteExecutor.java:106)
	at com.kms.katalon.core.main.TestCaseMain.startTestSuite(TestCaseMain.java:185)
	at com.kms.katalon.core.main.TestCaseMain$startTestSuite$0.call(Unknown Source)
	at TempTestSuite1674644904836.run(TempTestSuite1674644904836.groovy:36)
)
	at com.kms.katalon.core.keyword.internal.KeywordMain.stepFailed(KeywordMain.groovy:50)
	at com.kms.katalon.core.mobile.keyword.internal.MobileKeywordMain.stepFailed(MobileKeywordMain.groovy:40)
	at com.kms.katalon.core.mobile.keyword.internal.MobileKeywordMain.runKeyword(MobileKeywordMain.groovy:23)
	at com.kms.katalon.core.mobile.keyword.builtin.SetTextKeyword.setText(SetTextKeyword.groovy:83)
	at com.kms.katalon.core.mobile.keyword.builtin.SetTextKeyword.execute(SetTextKeyword.groovy:66)
	at com.kms.katalon.core.keyword.internal.KeywordExecutor.executeKeywordForPlatform(KeywordExecutor.groovy:74)
	at com.kms.katalon.core.mobile.keyword.MobileBuiltInKeywords.setText(MobileBuiltInKeywords.groovy:1307)
	at com.kms.katalon.core.mobile.keyword.MobileBuiltInKeywords$setText$3.call(Unknown Source)
	at Take Away - Dana.run(Take Away - Dana:35)
	at com.kms.katalon.core.main.ScriptEngine.run(ScriptEngine.java:194)
	at com.kms.katalon.core.main.ScriptEngine.runScriptAsRawText(ScriptEngine.java:119)
	at com.kms.katalon.core.main.TestCaseExecutor.runScript(TestCaseExecutor.java:448)
	at com.kms.katalon.core.main.TestCaseExecutor.doExecute(TestCaseExecutor.java:439)
	at com.kms.katalon.core.main.TestCaseExecutor.processExecutionPhase(TestCaseExecutor.java:418)
	at com.kms.katalon.core.main.TestCaseExecutor.accessMainPhase(TestCaseExecutor.java:410)
	at com.kms.katalon.core.main.TestCaseExecutor.execute(TestCaseExecutor.java:285)
	at com.kms.katalon.core.common.CommonExecutor.accessTestCaseMainPhase(CommonExecutor.java:65)
	at com.kms.katalon.core.main.TestSuiteExecutor.accessTestSuiteMainPhase(TestSuiteExecutor.java:151)
	at com.kms.katalon.core.main.TestSuiteExecutor.execute(TestSuiteExecutor.java:106)
	at com.kms.katalon.core.main.TestCaseMain.startTestSuite(TestCaseMain.java:185)
	at com.kms.katalon.core.main.TestCaseMain$startTestSuite$0.call(Unknown Source)
	at TempTestSuite1674644904836.run(TempTestSuite1674644904836.groovy:36)
Caused by: org.openqa.selenium.StaleElementReferenceException: Cached elements 'By.xpath: //*[@class = 'android.widget.EditText' and (@text = 'Cari Gerai KFC' or . = 'Cari Gerai KFC') and @resource-id = 'com.kfc.mobile.hkStaging:id/edit_text_search_outlet']' do not exist in DOM anymore
For documentation on this error, please visit: https://www.seleniumhq.org/exceptions/stale_element_reference.html
Build info: version: '3.141.59', revision: 'e82be7d358', time: '2018-11-14T08:25:53'
System info: host: 'NKC-23', ip: '172.10.9.59', os.name: 'Windows 10', os.arch: 'amd64', os.version: '10.0', java.version: '1.8.0_282'
Driver info: com.kms.katalon.core.appium.driver.SwipeableAndroidDriver
Capabilities {appActivity: com.kfc.mobile.presentation..., appPackage: com.kfc.mobile.hkStaging, autoGrantPermissions: true, automationName: uiautomator2, chromedriverPort: 52367, databaseEnabled: false, desired: {appActivity: com.kfc.mobile.presentation..., appPackage: com.kfc.mobile.hkStaging, autoGrantPermissions: true, automationName: uiautomator2, chromedriverPort: 52367, deviceId: , deviceName: OPPO CPH1801 (Android 7.1.1), newCommandTimeout: 1800, noReset: true, platform: ANDROID, platformName: android, platformVersion: 7.1.1, systemPort: 8210, udid: aa14e06a}, deviceApiLevel: 25, deviceId: , deviceManufacturer: OPPO, deviceModel: CPH1801, deviceName: aa14e06a, deviceScreenDensity: 320, deviceScreenSize: 720x1280, deviceUDID: aa14e06a, javascriptEnabled: true, locationContextEnabled: false, networkConnectionEnabled: true, newCommandTimeout: 1800, noReset: true, pixelRatio: 2, platform: ANDROID, platformName: Android, platformVersion: 7.1.1, statBarHeight: 36, systemPort: 8210, takesScreenshot: true, udid: aa14e06a, viewportRect: {height: 1244, left: 0, top: 36, width: 720}, warnings: {}, webStorageEnabled: false}
Session ID: 62aba3d0-4bf7-428f-bcb3-221a375e8290
	at org.openqa.selenium.remote.http.W3CHttpResponseCodec.createException(W3CHttpResponseCodec.java:187)
	at org.openqa.selenium.remote.http.W3CHttpResponseCodec.decode(W3CHttpResponseCodec.java:122)
	at org.openqa.selenium.remote.http.W3CHttpResponseCodec.decode(W3CHttpResponseCodec.java:49)
	at org.openqa.selenium.remote.HttpCommandExecutor.execute(HttpCommandExecutor.java:158)
	at io.appium.java_client.remote.AppiumCommandExecutor.execute(AppiumCommandExecutor.java:239)
	at org.openqa.selenium.remote.RemoteWebDriver.execute(RemoteWebDriver.java:552)
	at io.appium.java_client.DefaultGenericMobileDriver.execute(DefaultGenericMobileDriver.java:42)
	at io.appium.java_client.AppiumDriver.execute(AppiumDriver.java:1)
	at io.appium.java_client.android.AndroidDriver.execute(AndroidDriver.java:1)
	at com.kms.katalon.core.appium.driver.SwipeableAndroidDriver.execute(SwipeableAndroidDriver.java:1)
	at org.openqa.selenium.remote.RemoteWebElement.execute(RemoteWebElement.java:285)
	at io.appium.java_client.DefaultGenericMobileElement.execute(DefaultGenericMobileElement.java:45)
	at io.appium.java_client.MobileElement.execute(MobileElement.java:1)
	at io.appium.java_client.android.AndroidElement.execute(AndroidElement.java:1)
	at org.openqa.selenium.remote.RemoteWebElement.getLocation(RemoteWebElement.java:337)
	at org.openqa.selenium.WebElement$getLocation.call(Unknown Source)
	at com.kms.katalon.core.mobile.keyword.internal.MobileAbstractKeyword.findElement(MobileAbstractKeyword.groovy:86)
	at com.kms.katalon.core.mobile.keyword.builtin.SetTextKeyword.access$1(SetTextKeyword.groovy)
	at com.kms.katalon.core.mobile.keyword.builtin.SetTextKeyword$_setText_closure1.doCall(SetTextKeyword.groovy:74)
	at com.kms.katalon.core.mobile.keyword.builtin.SetTextKeyword$_setText_closure1.call(SetTextKeyword.groovy)
	at com.kms.katalon.core.mobile.keyword.internal.MobileKeywordMain.runKeyword(MobileKeywordMain.groovy:21)
	... 19 more


2023-01-25 18:16:37 - [TEST_STEP][PASSED] - startExistingApplication("com.kfc.mobile.hkStaging", STOP_ON_FAILURE): Starting app with application ID: 'com.kfc.mobile.hkStaging'

2023-01-25 18:16:37 - [MESSAGE][INFO] - User set preference: ['appPackage', 'com.kfc.mobile.hkStaging']

2023-01-25 18:16:37 - [MESSAGE][INFO] - User set preference: ['appActivity', 'com.kfc.mobile.presentation.home.HomeActivity']

2023-01-25 18:16:37 - [MESSAGE][INFO] - User set preference: ['noReset', 'true']

2023-01-25 18:16:37 - [MESSAGE][INFO] - User set preference: ['deviceId', '']

2023-01-25 18:16:49 - [MESSAGE][INFO] - Failed to get OS statusbar's information using default method.

2023-01-25 18:16:51 - [MESSAGE][PASSED] - Starting app with application ID: 'com.kfc.mobile.hkStaging'

2023-01-25 18:16:51 - [TEST_STEP][PASSED] - waitForElementPresent(findTestObject("Order Dine In/android.widget.TextView - Beranda"), 5): Element 'Object Repository/Order Dine In/android.widget.TextView - Beranda' is present

2023-01-25 18:16:52 - [MESSAGE][PASSED] - Element 'Object Repository/Order Dine In/android.widget.TextView - Beranda' is present

2023-01-25 18:16:52 - [TEST_STEP][PASSED] - tap(findTestObject("Object Repository/Order Dine In/android.widget.TextView - Beranda"), 5): Tapped on element 'Object Repository/Order Dine In/android.widget.TextView - Beranda'

2023-01-25 18:16:54 - [MESSAGE][PASSED] - Tapped on element 'Object Repository/Order Dine In/android.widget.TextView - Beranda'

2023-01-25 18:16:54 - [TEST_STEP][PASSED] - swipe(281, 500, 434, 161): Swiped from 281,500 to 434,161

2023-01-25 18:16:55 - [MESSAGE][PASSED] - Swiped from 281,500 to 434,161

2023-01-25 18:16:55 - [TEST_STEP][PASSED] - tap(findTestObject("Order Type/android.widget.TextView - TAKE AWAY"), 5): Tapped on element 'Object Repository/Order Type/android.widget.TextView - TAKE AWAY'

2023-01-25 18:16:56 - [MESSAGE][PASSED] - Tapped on element 'Object Repository/Order Type/android.widget.TextView - TAKE AWAY'

2023-01-25 18:16:56 - [TEST_STEP][PASSED] - tap(findTestObject("Object Repository/Order Dine In/android.widget.TextView - Cari Gerai KFC"), 5): Tapped on element 'Object Repository/Order Dine In/android.widget.TextView - Cari Gerai KFC'

2023-01-25 18:16:59 - [MESSAGE][PASSED] - Tapped on element 'Object Repository/Order Dine In/android.widget.TextView - Cari Gerai KFC'

2023-01-25 18:16:59 - [TEST_STEP][FAILED] - setText(findTestObject("Object Repository/Order Dine In/android.widget.EditText - Cari Gerai KFC"), "MT Haryono", 5): Failed to set text into element (Root cause: org.openqa.selenium.StaleElementReferenceException: Cached elements 'By.xpath: //*[@class = 'android.widget.EditText' and (@text = 'Cari Gerai KFC' or . = 'Cari Gerai KFC') and @resource-id = 'com.kfc.mobile.hkStaging:id/edit_text_search_outlet']' do not exist in DOM anymore
For documentation on this error, please visit: https://www.seleniumhq.org/exceptions/stale_element_reference.html
Build info: version: '3.141.59', revision: 'e82be7d358', time: '2018-11-14T08:25:53'
System info: host: 'NKC-23', ip: '172.10.9.59', os.name: 'Windows 10', os.arch: 'amd64', os.version: '10.0', java.version: '1.8.0_282'
Driver info: com.kms.katalon.core.appium.driver.SwipeableAndroidDriver
Capabilities {appActivity: com.kfc.mobile.presentation..., appPackage: com.kfc.mobile.hkStaging, autoGrantPermissions: true, automationName: uiautomator2, chromedriverPort: 52367, databaseEnabled: false, desired: {appActivity: com.kfc.mobile.presentation..., appPackage: com.kfc.mobile.hkStaging, autoGrantPermissions: true, automationName: uiautomator2, chromedriverPort: 52367, deviceId: , deviceName: OPPO CPH1801 (Android 7.1.1), newCommandTimeout: 1800, noReset: true, platform: ANDROID, platformName: android, platformVersion: 7.1.1, systemPort: 8210, udid: aa14e06a}, deviceApiLevel: 25, deviceId: , deviceManufacturer: OPPO, deviceModel: CPH1801, deviceName: aa14e06a, deviceScreenDensity: 320, deviceScreenSize: 720x1280, deviceUDID: aa14e06a, javascriptEnabled: true, locationContextEnabled: false, networkConnectionEnabled: true, newCommandTimeout: 1800, noReset: true, pixelRatio: 2, platform: ANDROID, platformName: Android, platformVersion: 7.1.1, statBarHeight: 36, systemPort: 8210, takesScreenshot: true, udid: aa14e06a, viewportRect: {height: 1244, left: 0, top: 36, width: 720}, warnings: {}, webStorageEnabled: false}
Session ID: 62aba3d0-4bf7-428f-bcb3-221a375e8290
	at org.openqa.selenium.remote.http.W3CHttpResponseCodec.createException(W3CHttpResponseCodec.java:187)
	at org.openqa.selenium.remote.http.W3CHttpResponseCodec.decode(W3CHttpResponseCodec.java:122)
	at org.openqa.selenium.remote.http.W3CHttpResponseCodec.decode(W3CHttpResponseCodec.java:49)
	at org.openqa.selenium.remote.HttpCommandExecutor.execute(HttpCommandExecutor.java:158)
	at io.appium.java_client.remote.AppiumCommandExecutor.execute(AppiumCommandExecutor.java:239)
	at org.openqa.selenium.remote.RemoteWebDriver.execute(RemoteWebDriver.java:552)
	at io.appium.java_client.DefaultGenericMobileDriver.execute(DefaultGenericMobileDriver.java:42)
	at io.appium.java_client.AppiumDriver.execute(AppiumDriver.java:1)
	at io.appium.java_client.android.AndroidDriver.execute(AndroidDriver.java:1)
	at com.kms.katalon.core.appium.driver.SwipeableAndroidDriver.execute(SwipeableAndroidDriver.java:1)
	at org.openqa.selenium.remote.RemoteWebElement.execute(RemoteWebElement.java:285)
	at io.appium.java_client.DefaultGenericMobileElement.execute(DefaultGenericMobileElement.java:45)
	at io.appium.java_client.MobileElement.execute(MobileElement.java:1)
	at io.appium.java_client.android.AndroidElement.execute(AndroidElement.java:1)
	at org.openqa.selenium.remote.RemoteWebElement.getLocation(RemoteWebElement.java:337)
	at org.openqa.selenium.WebElement$getLocation.call(Unknown Source)
	at com.kms.katalon.core.mobile.keyword.internal.MobileAbstractKeyword.findElement(MobileAbstractKeyword.groovy:86)
	at com.kms.katalon.core.mobile.keyword.builtin.SetTextKeyword.access$1(SetTextKeyword.groovy)
	at com.kms.katalon.core.mobile.keyword.builtin.SetTextKeyword$_setText_closure1.doCall(SetTextKeyword.groovy:74)
	at com.kms.katalon.core.mobile.keyword.builtin.SetTextKeyword$_setText_closure1.call(SetTextKeyword.groovy)
	at com.kms.katalon.core.mobile.keyword.internal.MobileKeywordMain.runKeyword(MobileKeywordMain.groovy:21)
	at com.kms.katalon.core.mobile.keyword.builtin.SetTextKeyword.setText(SetTextKeyword.groovy:83)
	at com.kms.katalon.core.mobile.keyword.builtin.SetTextKeyword.execute(SetTextKeyword.groovy:66)
	at com.kms.katalon.core.keyword.internal.KeywordExecutor.executeKeywordForPlatform(KeywordExecutor.groovy:74)
	at com.kms.katalon.core.mobile.keyword.MobileBuiltInKeywords.setText(MobileBuiltInKeywords.groovy:1307)
	at com.kms.katalon.core.mobile.keyword.MobileBuiltInKeywords$setText$3.call(Unknown Source)
	at Take Away - Dana.run(Take Away - Dana:35)
	at com.kms.katalon.core.main.ScriptEngine.run(ScriptEngine.java:194)
	at com.kms.katalon.core.main.ScriptEngine.runScriptAsRawText(ScriptEngine.java:119)
	at com.kms.katalon.core.main.TestCaseExecutor.runScript(TestCaseExecutor.java:448)
	at com.kms.katalon.core.main.TestCaseExecutor.doExecute(TestCaseExecutor.java:439)
	at com.kms.katalon.core.main.TestCaseExecutor.processExecutionPhase(TestCaseExecutor.java:418)
	at com.kms.katalon.core.main.TestCaseExecutor.accessMainPhase(TestCaseExecutor.java:410)
	at com.kms.katalon.core.main.TestCaseExecutor.execute(TestCaseExecutor.java:285)
	at com.kms.katalon.core.common.CommonExecutor.accessTestCaseMainPhase(CommonExecutor.java:65)
	at com.kms.katalon.core.main.TestSuiteExecutor.accessTestSuiteMainPhase(TestSuiteExecutor.java:151)
	at com.kms.katalon.core.main.TestSuiteExecutor.execute(TestSuiteExecutor.java:106)
	at com.kms.katalon.core.main.TestCaseMain.startTestSuite(TestCaseMain.java:185)
	at com.kms.katalon.core.main.TestCaseMain$startTestSuite$0.call(Unknown Source)
	at TempTestSuite1674644904836.run(TempTestSuite1674644904836.groovy:36)
)

2023-01-25 18:17:03 - [MESSAGE][FAILED] - Failed to set text into element (Root cause: org.openqa.selenium.StaleElementReferenceException: Cached elements 'By.xpath: //*[@class = 'android.widget.EditText' and (@text = 'Cari Gerai KFC' or . = 'Cari Gerai KFC') and @resource-id = 'com.kfc.mobile.hkStaging:id/edit_text_search_outlet']' do not exist in DOM anymore
For documentation on this error, please visit: https://www.seleniumhq.org/exceptions/stale_element_reference.html
Build info: version: '3.141.59', revision: 'e82be7d358', time: '2018-11-14T08:25:53'
System info: host: 'NKC-23', ip: '172.10.9.59', os.name: 'Windows 10', os.arch: 'amd64', os.version: '10.0', java.version: '1.8.0_282'
Driver info: com.kms.katalon.core.appium.driver.SwipeableAndroidDriver
Capabilities {appActivity: com.kfc.mobile.presentation..., appPackage: com.kfc.mobile.hkStaging, autoGrantPermissions: true, automationName: uiautomator2, chromedriverPort: 52367, databaseEnabled: false, desired: {appActivity: com.kfc.mobile.presentation..., appPackage: com.kfc.mobile.hkStaging, autoGrantPermissions: true, automationName: uiautomator2, chromedriverPort: 52367, deviceId: , deviceName: OPPO CPH1801 (Android 7.1.1), newCommandTimeout: 1800, noReset: true, platform: ANDROID, platformName: android, platformVersion: 7.1.1, systemPort: 8210, udid: aa14e06a}, deviceApiLevel: 25, deviceId: , deviceManufacturer: OPPO, deviceModel: CPH1801, deviceName: aa14e06a, deviceScreenDensity: 320, deviceScreenSize: 720x1280, deviceUDID: aa14e06a, javascriptEnabled: true, locationContextEnabled: false, networkConnectionEnabled: true, newCommandTimeout: 1800, noReset: true, pixelRatio: 2, platform: ANDROID, platformName: Android, platformVersion: 7.1.1, statBarHeight: 36, systemPort: 8210, takesScreenshot: true, udid: aa14e06a, viewportRect: {height: 1244, left: 0, top: 36, width: 720}, warnings: {}, webStorageEnabled: false}
Session ID: 62aba3d0-4bf7-428f-bcb3-221a375e8290
	at org.openqa.selenium.remote.http.W3CHttpResponseCodec.createException(W3CHttpResponseCodec.java:187)
	at org.openqa.selenium.remote.http.W3CHttpResponseCodec.decode(W3CHttpResponseCodec.java:122)
	at org.openqa.selenium.remote.http.W3CHttpResponseCodec.decode(W3CHttpResponseCodec.java:49)
	at org.openqa.selenium.remote.HttpCommandExecutor.execute(HttpCommandExecutor.java:158)
	at io.appium.java_client.remote.AppiumCommandExecutor.execute(AppiumCommandExecutor.java:239)
	at org.openqa.selenium.remote.RemoteWebDriver.execute(RemoteWebDriver.java:552)
	at io.appium.java_client.DefaultGenericMobileDriver.execute(DefaultGenericMobileDriver.java:42)
	at io.appium.java_client.AppiumDriver.execute(AppiumDriver.java:1)
	at io.appium.java_client.android.AndroidDriver.execute(AndroidDriver.java:1)
	at com.kms.katalon.core.appium.driver.SwipeableAndroidDriver.execute(SwipeableAndroidDriver.java:1)
	at org.openqa.selenium.remote.RemoteWebElement.execute(RemoteWebElement.java:285)
	at io.appium.java_client.DefaultGenericMobileElement.execute(DefaultGenericMobileElement.java:45)
	at io.appium.java_client.MobileElement.execute(MobileElement.java:1)
	at io.appium.java_client.android.AndroidElement.execute(AndroidElement.java:1)
	at org.openqa.selenium.remote.RemoteWebElement.getLocation(RemoteWebElement.java:337)
	at org.openqa.selenium.WebElement$getLocation.call(Unknown Source)
	at com.kms.katalon.core.mobile.keyword.internal.MobileAbstractKeyword.findElement(MobileAbstractKeyword.groovy:86)
	at com.kms.katalon.core.mobile.keyword.builtin.SetTextKeyword.access$1(SetTextKeyword.groovy)
	at com.kms.katalon.core.mobile.keyword.builtin.SetTextKeyword$_setText_closure1.doCall(SetTextKeyword.groovy:74)
	at com.kms.katalon.core.mobile.keyword.builtin.SetTextKeyword$_setText_closure1.call(SetTextKeyword.groovy)
	at com.kms.katalon.core.mobile.keyword.internal.MobileKeywordMain.runKeyword(MobileKeywordMain.groovy:21)
	at com.kms.katalon.core.mobile.keyword.builtin.SetTextKeyword.setText(SetTextKeyword.groovy:83)
	at com.kms.katalon.core.mobile.keyword.builtin.SetTextKeyword.execute(SetTextKeyword.groovy:66)
	at com.kms.katalon.core.keyword.internal.KeywordExecutor.executeKeywordForPlatform(KeywordExecutor.groovy:74)
	at com.kms.katalon.core.mobile.keyword.MobileBuiltInKeywords.setText(MobileBuiltInKeywords.groovy:1307)
	at com.kms.katalon.core.mobile.keyword.MobileBuiltInKeywords$setText$3.call(Unknown Source)
	at Take Away - Dana.run(Take Away - Dana:35)
	at com.kms.katalon.core.main.ScriptEngine.run(ScriptEngine.java:194)
	at com.kms.katalon.core.main.ScriptEngine.runScriptAsRawText(ScriptEngine.java:119)
	at com.kms.katalon.core.main.TestCaseExecutor.runScript(TestCaseExecutor.java:448)
	at com.kms.katalon.core.main.TestCaseExecutor.doExecute(TestCaseExecutor.java:439)
	at com.kms.katalon.core.main.TestCaseExecutor.processExecutionPhase(TestCaseExecutor.java:418)
	at com.kms.katalon.core.main.TestCaseExecutor.accessMainPhase(TestCaseExecutor.java:410)
	at com.kms.katalon.core.main.TestCaseExecutor.execute(TestCaseExecutor.java:285)
	at com.kms.katalon.core.common.CommonExecutor.accessTestCaseMainPhase(CommonExecutor.java:65)
	at com.kms.katalon.core.main.TestSuiteExecutor.accessTestSuiteMainPhase(TestSuiteExecutor.java:151)
	at com.kms.katalon.core.main.TestSuiteExecutor.execute(TestSuiteExecutor.java:106)
	at com.kms.katalon.core.main.TestCaseMain.startTestSuite(TestCaseMain.java:185)
	at com.kms.katalon.core.main.TestCaseMain$startTestSuite$0.call(Unknown Source)
	at TempTestSuite1674644904836.run(TempTestSuite1674644904836.groovy:36)
)
[[ATTACHMENT|C:\\Users\\Ahadian Rifky\\Downloads\\Katalon_Studio_Windows_64-8.5.5\\Katalon_Studio_Windows_64-8.5.5\\git.github.com\\maycheljecsan\\kfckuapps_katalon.git\\kfcku_android\\Reports\\20230125_180824\\Create Order\\Create Order\\20230125_180824\\1674645422742.png]]]]></system-out>
         <system-err><![CDATA[2023-01-25 18:16:36 - [TEST_CASE][FAILED] - Test Cases/Create Order/Take Away/Take Away - Dana: Test Cases/Create Order/Take Away/Take Away - Dana FAILED.
Reason:
com.kms.katalon.core.exception.StepFailedException: Failed to set text into element (Root cause: org.openqa.selenium.StaleElementReferenceException: Cached elements 'By.xpath: //*[@class = 'android.widget.EditText' and (@text = 'Cari Gerai KFC' or . = 'Cari Gerai KFC') and @resource-id = 'com.kfc.mobile.hkStaging:id/edit_text_search_outlet']' do not exist in DOM anymore
For documentation on this error, please visit: https://www.seleniumhq.org/exceptions/stale_element_reference.html
Build info: version: '3.141.59', revision: 'e82be7d358', time: '2018-11-14T08:25:53'
System info: host: 'NKC-23', ip: '172.10.9.59', os.name: 'Windows 10', os.arch: 'amd64', os.version: '10.0', java.version: '1.8.0_282'
Driver info: com.kms.katalon.core.appium.driver.SwipeableAndroidDriver
Capabilities {appActivity: com.kfc.mobile.presentation..., appPackage: com.kfc.mobile.hkStaging, autoGrantPermissions: true, automationName: uiautomator2, chromedriverPort: 52367, databaseEnabled: false, desired: {appActivity: com.kfc.mobile.presentation..., appPackage: com.kfc.mobile.hkStaging, autoGrantPermissions: true, automationName: uiautomator2, chromedriverPort: 52367, deviceId: , deviceName: OPPO CPH1801 (Android 7.1.1), newCommandTimeout: 1800, noReset: true, platform: ANDROID, platformName: android, platformVersion: 7.1.1, systemPort: 8210, udid: aa14e06a}, deviceApiLevel: 25, deviceId: , deviceManufacturer: OPPO, deviceModel: CPH1801, deviceName: aa14e06a, deviceScreenDensity: 320, deviceScreenSize: 720x1280, deviceUDID: aa14e06a, javascriptEnabled: true, locationContextEnabled: false, networkConnectionEnabled: true, newCommandTimeout: 1800, noReset: true, pixelRatio: 2, platform: ANDROID, platformName: Android, platformVersion: 7.1.1, statBarHeight: 36, systemPort: 8210, takesScreenshot: true, udid: aa14e06a, viewportRect: {height: 1244, left: 0, top: 36, width: 720}, warnings: {}, webStorageEnabled: false}
Session ID: 62aba3d0-4bf7-428f-bcb3-221a375e8290
	at org.openqa.selenium.remote.http.W3CHttpResponseCodec.createException(W3CHttpResponseCodec.java:187)
	at org.openqa.selenium.remote.http.W3CHttpResponseCodec.decode(W3CHttpResponseCodec.java:122)
	at org.openqa.selenium.remote.http.W3CHttpResponseCodec.decode(W3CHttpResponseCodec.java:49)
	at org.openqa.selenium.remote.HttpCommandExecutor.execute(HttpCommandExecutor.java:158)
	at io.appium.java_client.remote.AppiumCommandExecutor.execute(AppiumCommandExecutor.java:239)
	at org.openqa.selenium.remote.RemoteWebDriver.execute(RemoteWebDriver.java:552)
	at io.appium.java_client.DefaultGenericMobileDriver.execute(DefaultGenericMobileDriver.java:42)
	at io.appium.java_client.AppiumDriver.execute(AppiumDriver.java:1)
	at io.appium.java_client.android.AndroidDriver.execute(AndroidDriver.java:1)
	at com.kms.katalon.core.appium.driver.SwipeableAndroidDriver.execute(SwipeableAndroidDriver.java:1)
	at org.openqa.selenium.remote.RemoteWebElement.execute(RemoteWebElement.java:285)
	at io.appium.java_client.DefaultGenericMobileElement.execute(DefaultGenericMobileElement.java:45)
	at io.appium.java_client.MobileElement.execute(MobileElement.java:1)
	at io.appium.java_client.android.AndroidElement.execute(AndroidElement.java:1)
	at org.openqa.selenium.remote.RemoteWebElement.getLocation(RemoteWebElement.java:337)
	at org.openqa.selenium.WebElement$getLocation.call(Unknown Source)
	at com.kms.katalon.core.mobile.keyword.internal.MobileAbstractKeyword.findElement(MobileAbstractKeyword.groovy:86)
	at com.kms.katalon.core.mobile.keyword.builtin.SetTextKeyword.access$1(SetTextKeyword.groovy)
	at com.kms.katalon.core.mobile.keyword.builtin.SetTextKeyword$_setText_closure1.doCall(SetTextKeyword.groovy:74)
	at com.kms.katalon.core.mobile.keyword.builtin.SetTextKeyword$_setText_closure1.call(SetTextKeyword.groovy)
	at com.kms.katalon.core.mobile.keyword.internal.MobileKeywordMain.runKeyword(MobileKeywordMain.groovy:21)
	at com.kms.katalon.core.mobile.keyword.builtin.SetTextKeyword.setText(SetTextKeyword.groovy:83)
	at com.kms.katalon.core.mobile.keyword.builtin.SetTextKeyword.execute(SetTextKeyword.groovy:66)
	at com.kms.katalon.core.keyword.internal.KeywordExecutor.executeKeywordForPlatform(KeywordExecutor.groovy:74)
	at com.kms.katalon.core.mobile.keyword.MobileBuiltInKeywords.setText(MobileBuiltInKeywords.groovy:1307)
	at com.kms.katalon.core.mobile.keyword.MobileBuiltInKeywords$setText$3.call(Unknown Source)
	at Take Away - Dana.run(Take Away - Dana:35)
	at com.kms.katalon.core.main.ScriptEngine.run(ScriptEngine.java:194)
	at com.kms.katalon.core.main.ScriptEngine.runScriptAsRawText(ScriptEngine.java:119)
	at com.kms.katalon.core.main.TestCaseExecutor.runScript(TestCaseExecutor.java:448)
	at com.kms.katalon.core.main.TestCaseExecutor.doExecute(TestCaseExecutor.java:439)
	at com.kms.katalon.core.main.TestCaseExecutor.processExecutionPhase(TestCaseExecutor.java:418)
	at com.kms.katalon.core.main.TestCaseExecutor.accessMainPhase(TestCaseExecutor.java:410)
	at com.kms.katalon.core.main.TestCaseExecutor.execute(TestCaseExecutor.java:285)
	at com.kms.katalon.core.common.CommonExecutor.accessTestCaseMainPhase(CommonExecutor.java:65)
	at com.kms.katalon.core.main.TestSuiteExecutor.accessTestSuiteMainPhase(TestSuiteExecutor.java:151)
	at com.kms.katalon.core.main.TestSuiteExecutor.execute(TestSuiteExecutor.java:106)
	at com.kms.katalon.core.main.TestCaseMain.startTestSuite(TestCaseMain.java:185)
	at com.kms.katalon.core.main.TestCaseMain$startTestSuite$0.call(Unknown Source)
	at TempTestSuite1674644904836.run(TempTestSuite1674644904836.groovy:36)
)
	at com.kms.katalon.core.keyword.internal.KeywordMain.stepFailed(KeywordMain.groovy:50)
	at com.kms.katalon.core.mobile.keyword.internal.MobileKeywordMain.stepFailed(MobileKeywordMain.groovy:40)
	at com.kms.katalon.core.mobile.keyword.internal.MobileKeywordMain.runKeyword(MobileKeywordMain.groovy:23)
	at com.kms.katalon.core.mobile.keyword.builtin.SetTextKeyword.setText(SetTextKeyword.groovy:83)
	at com.kms.katalon.core.mobile.keyword.builtin.SetTextKeyword.execute(SetTextKeyword.groovy:66)
	at com.kms.katalon.core.keyword.internal.KeywordExecutor.executeKeywordForPlatform(KeywordExecutor.groovy:74)
	at com.kms.katalon.core.mobile.keyword.MobileBuiltInKeywords.setText(MobileBuiltInKeywords.groovy:1307)
	at com.kms.katalon.core.mobile.keyword.MobileBuiltInKeywords$setText$3.call(Unknown Source)
	at Take Away - Dana.run(Take Away - Dana:35)
	at com.kms.katalon.core.main.ScriptEngine.run(ScriptEngine.java:194)
	at com.kms.katalon.core.main.ScriptEngine.runScriptAsRawText(ScriptEngine.java:119)
	at com.kms.katalon.core.main.TestCaseExecutor.runScript(TestCaseExecutor.java:448)
	at com.kms.katalon.core.main.TestCaseExecutor.doExecute(TestCaseExecutor.java:439)
	at com.kms.katalon.core.main.TestCaseExecutor.processExecutionPhase(TestCaseExecutor.java:418)
	at com.kms.katalon.core.main.TestCaseExecutor.accessMainPhase(TestCaseExecutor.java:410)
	at com.kms.katalon.core.main.TestCaseExecutor.execute(TestCaseExecutor.java:285)
	at com.kms.katalon.core.common.CommonExecutor.accessTestCaseMainPhase(CommonExecutor.java:65)
	at com.kms.katalon.core.main.TestSuiteExecutor.accessTestSuiteMainPhase(TestSuiteExecutor.java:151)
	at com.kms.katalon.core.main.TestSuiteExecutor.execute(TestSuiteExecutor.java:106)
	at com.kms.katalon.core.main.TestCaseMain.startTestSuite(TestCaseMain.java:185)
	at com.kms.katalon.core.main.TestCaseMain$startTestSuite$0.call(Unknown Source)
	at TempTestSuite1674644904836.run(TempTestSuite1674644904836.groovy:36)
Caused by: org.openqa.selenium.StaleElementReferenceException: Cached elements 'By.xpath: //*[@class = 'android.widget.EditText' and (@text = 'Cari Gerai KFC' or . = 'Cari Gerai KFC') and @resource-id = 'com.kfc.mobile.hkStaging:id/edit_text_search_outlet']' do not exist in DOM anymore
For documentation on this error, please visit: https://www.seleniumhq.org/exceptions/stale_element_reference.html
Build info: version: '3.141.59', revision: 'e82be7d358', time: '2018-11-14T08:25:53'
System info: host: 'NKC-23', ip: '172.10.9.59', os.name: 'Windows 10', os.arch: 'amd64', os.version: '10.0', java.version: '1.8.0_282'
Driver info: com.kms.katalon.core.appium.driver.SwipeableAndroidDriver
Capabilities {appActivity: com.kfc.mobile.presentation..., appPackage: com.kfc.mobile.hkStaging, autoGrantPermissions: true, automationName: uiautomator2, chromedriverPort: 52367, databaseEnabled: false, desired: {appActivity: com.kfc.mobile.presentation..., appPackage: com.kfc.mobile.hkStaging, autoGrantPermissions: true, automationName: uiautomator2, chromedriverPort: 52367, deviceId: , deviceName: OPPO CPH1801 (Android 7.1.1), newCommandTimeout: 1800, noReset: true, platform: ANDROID, platformName: android, platformVersion: 7.1.1, systemPort: 8210, udid: aa14e06a}, deviceApiLevel: 25, deviceId: , deviceManufacturer: OPPO, deviceModel: CPH1801, deviceName: aa14e06a, deviceScreenDensity: 320, deviceScreenSize: 720x1280, deviceUDID: aa14e06a, javascriptEnabled: true, locationContextEnabled: false, networkConnectionEnabled: true, newCommandTimeout: 1800, noReset: true, pixelRatio: 2, platform: ANDROID, platformName: Android, platformVersion: 7.1.1, statBarHeight: 36, systemPort: 8210, takesScreenshot: true, udid: aa14e06a, viewportRect: {height: 1244, left: 0, top: 36, width: 720}, warnings: {}, webStorageEnabled: false}
Session ID: 62aba3d0-4bf7-428f-bcb3-221a375e8290
	at org.openqa.selenium.remote.http.W3CHttpResponseCodec.createException(W3CHttpResponseCodec.java:187)
	at org.openqa.selenium.remote.http.W3CHttpResponseCodec.decode(W3CHttpResponseCodec.java:122)
	at org.openqa.selenium.remote.http.W3CHttpResponseCodec.decode(W3CHttpResponseCodec.java:49)
	at org.openqa.selenium.remote.HttpCommandExecutor.execute(HttpCommandExecutor.java:158)
	at io.appium.java_client.remote.AppiumCommandExecutor.execute(AppiumCommandExecutor.java:239)
	at org.openqa.selenium.remote.RemoteWebDriver.execute(RemoteWebDriver.java:552)
	at io.appium.java_client.DefaultGenericMobileDriver.execute(DefaultGenericMobileDriver.java:42)
	at io.appium.java_client.AppiumDriver.execute(AppiumDriver.java:1)
	at io.appium.java_client.android.AndroidDriver.execute(AndroidDriver.java:1)
	at com.kms.katalon.core.appium.driver.SwipeableAndroidDriver.execute(SwipeableAndroidDriver.java:1)
	at org.openqa.selenium.remote.RemoteWebElement.execute(RemoteWebElement.java:285)
	at io.appium.java_client.DefaultGenericMobileElement.execute(DefaultGenericMobileElement.java:45)
	at io.appium.java_client.MobileElement.execute(MobileElement.java:1)
	at io.appium.java_client.android.AndroidElement.execute(AndroidElement.java:1)
	at org.openqa.selenium.remote.RemoteWebElement.getLocation(RemoteWebElement.java:337)
	at org.openqa.selenium.WebElement$getLocation.call(Unknown Source)
	at com.kms.katalon.core.mobile.keyword.internal.MobileAbstractKeyword.findElement(MobileAbstractKeyword.groovy:86)
	at com.kms.katalon.core.mobile.keyword.builtin.SetTextKeyword.access$1(SetTextKeyword.groovy)
	at com.kms.katalon.core.mobile.keyword.builtin.SetTextKeyword$_setText_closure1.doCall(SetTextKeyword.groovy:74)
	at com.kms.katalon.core.mobile.keyword.builtin.SetTextKeyword$_setText_closure1.call(SetTextKeyword.groovy)
	at com.kms.katalon.core.mobile.keyword.internal.MobileKeywordMain.runKeyword(MobileKeywordMain.groovy:21)
	... 19 more]]></system-err>
      </testcase>
      <testcase name="Test Cases/Create Order/Take Away/Take Away - Gopay" time="163.892" classname="Test Cases/Create Order/Take Away/Take Away - Gopay" status="PASSED">
         <system-out><![CDATA[2023-01-25 18:17:03 - [TEST_CASE][PASSED] - Test Cases/Create Order/Take Away/Take Away - Gopay: Test Cases/Create Order/Take Away/Take Away - Gopay

2023-01-25 18:17:03 - [TEST_STEP][PASSED] - startExistingApplication("com.kfc.mobile.hkStaging", STOP_ON_FAILURE): Starting app with application ID: 'com.kfc.mobile.hkStaging'

2023-01-25 18:17:03 - [MESSAGE][INFO] - User set preference: ['appPackage', 'com.kfc.mobile.hkStaging']

2023-01-25 18:17:03 - [MESSAGE][INFO] - User set preference: ['appActivity', 'com.kfc.mobile.presentation.home.HomeActivity']

2023-01-25 18:17:03 - [MESSAGE][INFO] - User set preference: ['noReset', 'true']

2023-01-25 18:17:03 - [MESSAGE][INFO] - User set preference: ['deviceId', '']

2023-01-25 18:17:16 - [MESSAGE][INFO] - Failed to get OS statusbar's information using default method.

2023-01-25 18:17:17 - [MESSAGE][PASSED] - Starting app with application ID: 'com.kfc.mobile.hkStaging'

2023-01-25 18:17:17 - [TEST_STEP][PASSED] - waitForElementPresent(findTestObject("Order Dine In/android.widget.TextView - Beranda"), 5): Element 'Object Repository/Order Dine In/android.widget.TextView - Beranda' is present

2023-01-25 18:17:19 - [MESSAGE][PASSED] - Element 'Object Repository/Order Dine In/android.widget.TextView - Beranda' is present

2023-01-25 18:17:19 - [TEST_STEP][PASSED] - tap(findTestObject("Object Repository/Order Dine In/android.widget.TextView - Beranda"), 5): Tapped on element 'Object Repository/Order Dine In/android.widget.TextView - Beranda'

2023-01-25 18:17:19 - [MESSAGE][PASSED] - Tapped on element 'Object Repository/Order Dine In/android.widget.TextView - Beranda'

2023-01-25 18:17:19 - [TEST_STEP][PASSED] - swipe(281, 500, 434, 161): Swiped from 281,500 to 434,161

2023-01-25 18:17:21 - [MESSAGE][PASSED] - Swiped from 281,500 to 434,161

2023-01-25 18:17:21 - [TEST_STEP][PASSED] - tap(findTestObject("Order Type/android.widget.TextView - TAKE AWAY"), 5): Tapped on element 'Object Repository/Order Type/android.widget.TextView - TAKE AWAY'

2023-01-25 18:17:21 - [MESSAGE][PASSED] - Tapped on element 'Object Repository/Order Type/android.widget.TextView - TAKE AWAY'

2023-01-25 18:17:21 - [TEST_STEP][PASSED] - tap(findTestObject("Object Repository/Order Dine In/android.widget.TextView - Cari Gerai KFC"), 5): Tapped on element 'Object Repository/Order Dine In/android.widget.TextView - Cari Gerai KFC'

2023-01-25 18:17:24 - [MESSAGE][PASSED] - Tapped on element 'Object Repository/Order Dine In/android.widget.TextView - Cari Gerai KFC'

2023-01-25 18:17:24 - [TEST_STEP][PASSED] - setText(findTestObject("Object Repository/Order Dine In/android.widget.EditText - Cari Gerai KFC"), "MT Haryono", 5): Text 'MT Haryono' has been set to element 'Object Repository/Order Dine In/android.widget.EditText - Cari Gerai KFC'

2023-01-25 18:17:28 - [MESSAGE][PASSED] - Text 'MT Haryono' has been set to element 'Object Repository/Order Dine In/android.widget.EditText - Cari Gerai KFC'

2023-01-25 18:17:28 - [TEST_STEP][PASSED] - hideKeyboard(): Keyboard is hidden

2023-01-25 18:17:31 - [MESSAGE][PASSED] - Keyboard is hidden

2023-01-25 18:17:31 - [TEST_STEP][PASSED] - waitForElementPresent(findTestObject("Object Repository/Order Dine In/android.widget.TextView - MT HARYONO JAKARTA"), 5): Object Object Repository/Order Dine In/android.widget.TextView - MT HARYONO JAKARTA not found

2023-01-25 18:17:36 - [MESSAGE][WARNING] - Object Object Repository/Order Dine In/android.widget.TextView - MT HARYONO JAKARTA not found

2023-01-25 18:17:36 - [TEST_STEP][PASSED] - tap(findTestObject("Order Dine In/Order/android.widget.Button - Pilih Gerai"), 5): Tapped on element 'Object Repository/Order Dine In/Order/android.widget.Button - Pilih Gerai'

2023-01-25 18:17:37 - [MESSAGE][PASSED] - Tapped on element 'Object Repository/Order Dine In/Order/android.widget.Button - Pilih Gerai'

2023-01-25 18:17:37 - [TEST_STEP][PASSED] - delay(5, STOP_ON_FAILURE): Delayed 5 second(s)

2023-01-25 18:17:42 - [MESSAGE][PASSED] - Delayed 5 second(s)

2023-01-25 18:17:42 - [TEST_STEP][PASSED] - tap(findTestObject("Order Dine In/android.widget.FrameLayout"), 5): Tapped on element 'Object Repository/Order Dine In/android.widget.FrameLayout'

2023-01-25 18:17:42 - [MESSAGE][PASSED] - Tapped on element 'Object Repository/Order Dine In/android.widget.FrameLayout'

2023-01-25 18:17:42 - [TEST_STEP][PASSED] - delay(5, STOP_ON_FAILURE): Delayed 5 second(s)

2023-01-25 18:17:47 - [MESSAGE][PASSED] - Delayed 5 second(s)

2023-01-25 18:17:47 - [TEST_STEP][PASSED] - pressBack(): Press back button successfully

2023-01-25 18:17:48 - [MESSAGE][PASSED] - Press back button successfully

2023-01-25 18:17:48 - [TEST_STEP][PASSED] - waitForElementPresent(findTestObject("Order Dine In/android.widget.Button - Add"), 5): Element 'Object Repository/Order Dine In/android.widget.Button - Add' is present

2023-01-25 18:17:49 - [MESSAGE][PASSED] - Element 'Object Repository/Order Dine In/android.widget.Button - Add' is present

2023-01-25 18:17:49 - [TEST_STEP][PASSED] - tap(findTestObject("Order Dine In/android.widget.Button - Add"), 5): Tapped on element 'Object Repository/Order Dine In/android.widget.Button - Add'

2023-01-25 18:17:50 - [MESSAGE][PASSED] - Tapped on element 'Object Repository/Order Dine In/android.widget.Button - Add'

2023-01-25 18:17:50 - [TEST_STEP][PASSED] - delay(5, STOP_ON_FAILURE): Delayed 5 second(s)

2023-01-25 18:17:55 - [MESSAGE][PASSED] - Delayed 5 second(s)

2023-01-25 18:17:55 - [TEST_STEP][PASSED] - waitForElementPresent(findTestObject("Order Dine In/Order/android.widget.Button - Lanjut"), 5): Element 'Object Repository/Order Dine In/Order/android.widget.Button - Lanjut' is present

2023-01-25 18:17:55 - [MESSAGE][PASSED] - Element 'Object Repository/Order Dine In/Order/android.widget.Button - Lanjut' is present

2023-01-25 18:17:55 - [TEST_STEP][PASSED] - tap(findTestObject("Order Dine In/Order/android.widget.Button - Lanjut"), 5): Tapped on element 'Object Repository/Order Dine In/Order/android.widget.Button - Lanjut'

2023-01-25 18:17:55 - [MESSAGE][PASSED] - Tapped on element 'Object Repository/Order Dine In/Order/android.widget.Button - Lanjut'

2023-01-25 18:17:55 - [TEST_STEP][PASSED] - delay(5, STOP_ON_FAILURE): Delayed 5 second(s)

2023-01-25 18:18:00 - [MESSAGE][PASSED] - Delayed 5 second(s)

2023-01-25 18:18:00 - [TEST_STEP][PASSED] - waitForElementPresent(findTestObject("Order Dine In/Order/android.widget.LinearLayout"), 5): Element 'Object Repository/Order Dine In/Order/android.widget.LinearLayout' is present

2023-01-25 18:18:00 - [MESSAGE][PASSED] - Element 'Object Repository/Order Dine In/Order/android.widget.LinearLayout' is present

2023-01-25 18:18:00 - [TEST_STEP][PASSED] - tap(findTestObject("Order Dine In/Order/android.widget.LinearLayout"), 5): Tapped on element 'Object Repository/Order Dine In/Order/android.widget.LinearLayout'

2023-01-25 18:18:01 - [MESSAGE][PASSED] - Tapped on element 'Object Repository/Order Dine In/Order/android.widget.LinearLayout'

2023-01-25 18:18:01 - [TEST_STEP][PASSED] - delay(5, STOP_ON_FAILURE): Delayed 5 second(s)

2023-01-25 18:18:06 - [MESSAGE][PASSED] - Delayed 5 second(s)

2023-01-25 18:18:06 - [TEST_STEP][PASSED] - waitForElementPresent(findTestObject("Order Dine In/Order/android.widget.TextView - Pilih Menu Gratis"), 5): Element 'Object Repository/Order Dine In/Order/android.widget.TextView - Pilih Menu Gratis' is present

2023-01-25 18:18:06 - [MESSAGE][PASSED] - Element 'Object Repository/Order Dine In/Order/android.widget.TextView - Pilih Menu Gratis' is present

2023-01-25 18:18:06 - [TEST_STEP][PASSED] - tap(findTestObject("Order Dine In/Order/android.widget.TextView - Pilih Menu Gratis"), 5): Tapped on element 'Object Repository/Order Dine In/Order/android.widget.TextView - Pilih Menu Gratis'

2023-01-25 18:18:07 - [MESSAGE][PASSED] - Tapped on element 'Object Repository/Order Dine In/Order/android.widget.TextView - Pilih Menu Gratis'

2023-01-25 18:18:07 - [TEST_STEP][PASSED] - delay(5, STOP_ON_FAILURE): Delayed 5 second(s)

2023-01-25 18:18:12 - [MESSAGE][PASSED] - Delayed 5 second(s)

2023-01-25 18:18:12 - [TEST_STEP][PASSED] - waitForElementPresent(findTestObject("Order Dine In/Order/android.widget.Button - Pilih Sekarang"), 10): Element 'Object Repository/Order Dine In/Order/android.widget.Button - Pilih Sekarang' is present

2023-01-25 18:18:12 - [MESSAGE][PASSED] - Element 'Object Repository/Order Dine In/Order/android.widget.Button - Pilih Sekarang' is present

2023-01-25 18:18:12 - [TEST_STEP][PASSED] - tap(findTestObject("Order Dine In/Order/android.widget.Button - Pilih Sekarang"), 10): Tapped on element 'Object Repository/Order Dine In/Order/android.widget.Button - Pilih Sekarang'

2023-01-25 18:18:13 - [MESSAGE][PASSED] - Tapped on element 'Object Repository/Order Dine In/Order/android.widget.Button - Pilih Sekarang'

2023-01-25 18:18:13 - [TEST_STEP][PASSED] - delay(5, STOP_ON_FAILURE): Delayed 5 second(s)

2023-01-25 18:18:18 - [MESSAGE][PASSED] - Delayed 5 second(s)

2023-01-25 18:18:18 - [TEST_STEP][PASSED] - waitForElementPresent(findTestObject("Order Dine In/Order/android.widget.Button - TAMBAHKAN"), 10): Element 'Object Repository/Order Dine In/Order/android.widget.Button - TAMBAHKAN' is present

2023-01-25 18:18:19 - [MESSAGE][PASSED] - Element 'Object Repository/Order Dine In/Order/android.widget.Button - TAMBAHKAN' is present

2023-01-25 18:18:19 - [TEST_STEP][PASSED] - tap(findTestObject("Order Dine In/Order/android.widget.Button - TAMBAHKAN"), 5): Tapped on element 'Object Repository/Order Dine In/Order/android.widget.Button - TAMBAHKAN'

2023-01-25 18:18:19 - [MESSAGE][PASSED] - Tapped on element 'Object Repository/Order Dine In/Order/android.widget.Button - TAMBAHKAN'

2023-01-25 18:18:19 - [TEST_STEP][PASSED] - delay(5, STOP_ON_FAILURE): Delayed 5 second(s)

2023-01-25 18:18:24 - [MESSAGE][PASSED] - Delayed 5 second(s)

2023-01-25 18:18:24 - [TEST_STEP][PASSED] - tap(findTestObject("Order Dine In/Order/android.widget.Button - Lanjutkan"), 5): Tapped on element 'Object Repository/Order Dine In/Order/android.widget.Button - Lanjutkan'

2023-01-25 18:18:25 - [MESSAGE][PASSED] - Tapped on element 'Object Repository/Order Dine In/Order/android.widget.Button - Lanjutkan'

2023-01-25 18:18:25 - [TEST_STEP][PASSED] - delay(5, STOP_ON_FAILURE): Delayed 5 second(s)

2023-01-25 18:18:30 - [MESSAGE][PASSED] - Delayed 5 second(s)

2023-01-25 18:18:30 - [TEST_STEP][PASSED] - scrollToText("TOTAL", STOP_ON_FAILURE): Scrolling to text 'TOTAL' successfully

2023-01-25 18:18:35 - [MESSAGE][PASSED] - Scrolling to text 'TOTAL' successfully

2023-01-25 18:18:35 - [TEST_STEP][PASSED] - tap(findTestObject("Order Dine In/Payment/android.widget.TextView - Lihat Semua"), 5): Tapped on element 'Object Repository/Order Dine In/Payment/android.widget.TextView - Lihat Semua'

2023-01-25 18:18:35 - [MESSAGE][PASSED] - Tapped on element 'Object Repository/Order Dine In/Payment/android.widget.TextView - Lihat Semua'

2023-01-25 18:18:35 - [TEST_STEP][PASSED] - delay(5, STOP_ON_FAILURE): Delayed 5 second(s)

2023-01-25 18:18:40 - [MESSAGE][PASSED] - Delayed 5 second(s)

2023-01-25 18:18:40 - [TEST_STEP][PASSED] - swipe(281, 500, 434, 161): Swiped from 281,500 to 434,161

2023-01-25 18:18:41 - [MESSAGE][PASSED] - Swiped from 281,500 to 434,161

2023-01-25 18:18:41 - [TEST_STEP][PASSED] - testObjectOne = new com.kms.katalon.core.testobject.TestObject(): null

2023-01-25 18:18:41 - [TEST_STEP][PASSED] - testObjectOne.addProperty("xpath", EQUALS, "//hierarchy/android.widget.FrameLayout[1]/android.widget.LinearLayout[1]/android.widget.FrameLayout[1]/android.widget.FrameLayout[1]/android.widget.FrameLayout[1]/android.widget.FrameLayout[1]/android.view.ViewGroup[1]/android.widget.FrameLayout[1]/android.widget.ScrollView[1]/android.view.ViewGroup[1]/android.view.ViewGroup[1]/androidx.recyclerview.widget.RecyclerView[1]/android.view.ViewGroup[3]/android.widget.ImageView[1]"): null

2023-01-25 18:18:41 - [TEST_STEP][PASSED] - tap(testObjectOne, 5): Tapped on element ''

2023-01-25 18:18:42 - [MESSAGE][PASSED] - Tapped on element ''

2023-01-25 18:18:42 - [TEST_STEP][PASSED] - delay(5, STOP_ON_FAILURE): Delayed 5 second(s)

2023-01-25 18:18:47 - [MESSAGE][PASSED] - Delayed 5 second(s)

2023-01-25 18:18:47 - [TEST_STEP][PASSED] - swipe(281, 500, 434, 161): Swiped from 281,500 to 434,161

2023-01-25 18:18:48 - [MESSAGE][PASSED] - Swiped from 281,500 to 434,161

2023-01-25 18:18:48 - [TEST_STEP][PASSED] - delay(5, STOP_ON_FAILURE): Delayed 5 second(s)

2023-01-25 18:18:53 - [MESSAGE][PASSED] - Delayed 5 second(s)

2023-01-25 18:18:53 - [TEST_STEP][PASSED] - testObjectTwo = new com.kms.katalon.core.testobject.TestObject(): null

2023-01-25 18:18:53 - [TEST_STEP][PASSED] - testObjectTwo.addProperty("xpath", EQUALS, "//hierarchy/android.widget.FrameLayout[1]/android.widget.LinearLayout[1]/android.widget.FrameLayout[1]/android.widget.FrameLayout[1]/android.widget.FrameLayout[1]/android.widget.FrameLayout[1]/android.view.ViewGroup[1]/android.widget.FrameLayout[1]/android.widget.ScrollView[1]/android.view.ViewGroup[1]/android.view.ViewGroup[1]/androidx.recyclerview.widget.RecyclerView[1]/android.view.ViewGroup[3]"): null

2023-01-25 18:18:53 - [TEST_STEP][PASSED] - delay(5, STOP_ON_FAILURE): Delayed 5 second(s)

2023-01-25 18:18:58 - [MESSAGE][PASSED] - Delayed 5 second(s)

2023-01-25 18:18:58 - [TEST_STEP][PASSED] - tap(testObjectTwo, 5): Tapped on element ''

2023-01-25 18:18:58 - [MESSAGE][PASSED] - Tapped on element ''

2023-01-25 18:18:58 - [TEST_STEP][PASSED] - delay(10, STOP_ON_FAILURE): Delayed 10 second(s)

2023-01-25 18:19:08 - [MESSAGE][PASSED] - Delayed 10 second(s)

2023-01-25 18:19:09 - [TEST_STEP][PASSED] - tap(findTestObject("Order Dine In/Payment/android.widget.Button - Simpan"), 5): Tapped on element 'Object Repository/Order Dine In/Payment/android.widget.Button - Simpan'

2023-01-25 18:19:09 - [MESSAGE][PASSED] - Tapped on element 'Object Repository/Order Dine In/Payment/android.widget.Button - Simpan'

2023-01-25 18:19:09 - [TEST_STEP][PASSED] - delay(10, STOP_ON_FAILURE): Delayed 10 second(s)

2023-01-25 18:19:19 - [MESSAGE][PASSED] - Delayed 10 second(s)

2023-01-25 18:19:19 - [TEST_STEP][PASSED] - tap(findTestObject("Order Dine In/Payment/android.widget.Button - Pesan Sekarang"), 10): Tapped on element 'Object Repository/Order Dine In/Payment/android.widget.Button - Pesan Sekarang'

2023-01-25 18:19:20 - [MESSAGE][PASSED] - Tapped on element 'Object Repository/Order Dine In/Payment/android.widget.Button - Pesan Sekarang'

2023-01-25 18:19:20 - [TEST_STEP][PASSED] - delay(10, STOP_ON_FAILURE): Delayed 10 second(s)

2023-01-25 18:19:30 - [MESSAGE][PASSED] - Delayed 10 second(s)

2023-01-25 18:19:30 - [TEST_STEP][PASSED] - waitForElementPresent(findTestObject("Order Dine In/Gopay/android.widget.TextView - GoPay - Web"), 10): Element 'Object Repository/Order Dine In/Gopay/android.widget.TextView - GoPay - Web' is present

2023-01-25 18:19:30 - [MESSAGE][PASSED] - Element 'Object Repository/Order Dine In/Gopay/android.widget.TextView - GoPay - Web' is present

2023-01-25 18:19:30 - [TEST_STEP][PASSED] - tap(findTestObject("Order Dine In/Gopay/android.widget.EditText"), 10): Tapped on element 'Object Repository/Order Dine In/Gopay/android.widget.EditText'

2023-01-25 18:19:30 - [MESSAGE][PASSED] - Tapped on element 'Object Repository/Order Dine In/Gopay/android.widget.EditText'

2023-01-25 18:19:30 - [TEST_STEP][PASSED] - setText(findTestObject("Order Dine In/Gopay/android.widget.EditText"), "654321", 5): Text '654321' has been set to element 'Object Repository/Order Dine In/Gopay/android.widget.EditText'

2023-01-25 18:19:32 - [MESSAGE][PASSED] - Text '654321' has been set to element 'Object Repository/Order Dine In/Gopay/android.widget.EditText'

2023-01-25 18:19:32 - [TEST_STEP][PASSED] - hideKeyboard(): Keyboard is hidden

2023-01-25 18:19:35 - [MESSAGE][PASSED] - Keyboard is hidden

2023-01-25 18:19:35 - [TEST_STEP][PASSED] - tap(findTestObject("Order Dine In/Gopay/android.widget.Button - Submit"), 10): Tapped on element 'Object Repository/Order Dine In/Gopay/android.widget.Button - Submit'

2023-01-25 18:19:36 - [MESSAGE][PASSED] - Tapped on element 'Object Repository/Order Dine In/Gopay/android.widget.Button - Submit'

2023-01-25 18:19:36 - [TEST_STEP][PASSED] - delay(10, STOP_ON_FAILURE): Delayed 10 second(s)

2023-01-25 18:19:46 - [MESSAGE][PASSED] - Delayed 10 second(s)

2023-01-25 18:19:46 - [TEST_STEP][PASSED] - closeApplication(): Close app successfully

2023-01-25 18:19:47 - [MESSAGE][PASSED] - Close app successfully]]></system-out>
         <system-err><![CDATA[]]></system-err>
      </testcase>
      <system-out><![CDATA[2023-01-25 18:08:27 - [TEST_SUITE][ERROR] - Create Order: Test Cases/Create Order/Drive Thru/Drive Thru - Dana FAILED.
Reason:
groovy.lang.MissingPropertyException: No such property: ConditionType for class: Script1674630252472
	at Drive Thru - Dana.run(Drive Thru - Dana:132)
	at com.kms.katalon.core.main.ScriptEngine.run(ScriptEngine.java:194)
	at com.kms.katalon.core.main.ScriptEngine.runScriptAsRawText(ScriptEngine.java:119)
	at com.kms.katalon.core.main.TestCaseExecutor.runScript(TestCaseExecutor.java:448)
	at com.kms.katalon.core.main.TestCaseExecutor.doExecute(TestCaseExecutor.java:439)
	at com.kms.katalon.core.main.TestCaseExecutor.processExecutionPhase(TestCaseExecutor.java:418)
	at com.kms.katalon.core.main.TestCaseExecutor.accessMainPhase(TestCaseExecutor.java:410)
	at com.kms.katalon.core.main.TestCaseExecutor.execute(TestCaseExecutor.java:285)
	at com.kms.katalon.core.common.CommonExecutor.accessTestCaseMainPhase(CommonExecutor.java:65)
	at com.kms.katalon.core.main.TestSuiteExecutor.accessTestSuiteMainPhase(TestSuiteExecutor.java:151)
	at com.kms.katalon.core.main.TestSuiteExecutor.execute(TestSuiteExecutor.java:106)
	at com.kms.katalon.core.main.TestCaseMain.startTestSuite(TestCaseMain.java:185)
	at com.kms.katalon.core.main.TestCaseMain$startTestSuite$0.call(Unknown Source)
	at TempTestSuite1674644904836.run(TempTestSuite1674644904836.groovy:36)]]></system-out>
      <system-err><![CDATA[2023-01-25 18:08:27 - [TEST_SUITE][ERROR] - Create Order: Test Cases/Create Order/Drive Thru/Drive Thru - Dana FAILED.
Reason:
groovy.lang.MissingPropertyException: No such property: ConditionType for class: Script1674630252472
	at Drive Thru - Dana.run(Drive Thru - Dana:132)
	at com.kms.katalon.core.main.ScriptEngine.run(ScriptEngine.java:194)
	at com.kms.katalon.core.main.ScriptEngine.runScriptAsRawText(ScriptEngine.java:119)
	at com.kms.katalon.core.main.TestCaseExecutor.runScript(TestCaseExecutor.java:448)
	at com.kms.katalon.core.main.TestCaseExecutor.doExecute(TestCaseExecutor.java:439)
	at com.kms.katalon.core.main.TestCaseExecutor.processExecutionPhase(TestCaseExecutor.java:418)
	at com.kms.katalon.core.main.TestCaseExecutor.accessMainPhase(TestCaseExecutor.java:410)
	at com.kms.katalon.core.main.TestCaseExecutor.execute(TestCaseExecutor.java:285)
	at com.kms.katalon.core.common.CommonExecutor.accessTestCaseMainPhase(CommonExecutor.java:65)
	at com.kms.katalon.core.main.TestSuiteExecutor.accessTestSuiteMainPhase(TestSuiteExecutor.java:151)
	at com.kms.katalon.core.main.TestSuiteExecutor.execute(TestSuiteExecutor.java:106)
	at com.kms.katalon.core.main.TestCaseMain.startTestSuite(TestCaseMain.java:185)
	at com.kms.katalon.core.main.TestCaseMain$startTestSuite$0.call(Unknown Source)
	at TempTestSuite1674644904836.run(TempTestSuite1674644904836.groovy:36)]]></system-err>
   </testsuite>
</testsuites>
