<?xml version="1.0" encoding="UTF-8"?>
<testsuites name="Login Production" time="84.567" tests="2" failures="1" errors="0">
   <testsuite name="Login Production" tests="2" failures="1" errors="0" time="84.567" skipped="0" timestamp="2023-03-13 15:15:37" hostname="Ahadian Rifky - NKC-23" id="Test Suites/Production/Login Production">
      <properties>
         <property name="deviceName" value="OPPO CPH1801 (Android 7.1.1)"/>
         <property name="devicePlatform" value=""/>
         <property name="logFolder" value="C:\\Users\\Ahadian Rifky\\Downloads\\Katalon_Studio_Windows_64-8.5.5\\Katalon_Studio_Windows_64-8.5.5\\git.github.com\\maycheljecsan\\kfckuapps_katalon.git\\kfcku_android\\Reports\\20230313_151524\\Production\\Login Production\\20230313_151524"/>
         <property name="logFiles" value="C:\\Users\\Ahadian Rifky\\Downloads\\Katalon_Studio_Windows_64-8.5.5\\Katalon_Studio_Windows_64-8.5.5\\git.github.com\\maycheljecsan\\kfckuapps_katalon.git\\kfcku_android\\Reports\\20230313_151524\\Production\\Login Production\\20230313_151524\\appium.log, C:\\Users\\Ahadian Rifky\\Downloads\\Katalon_Studio_Windows_64-8.5.5\\Katalon_Studio_Windows_64-8.5.5\\git.github.com\\maycheljecsan\\kfckuapps_katalon.git\\kfcku_android\\Reports\\20230313_151524\\Production\\Login Production\\20230313_151524\\execution0.log"/>
         <property name="attachments" value="C:\\Users\\Ahadian Rifky\\Downloads\\Katalon_Studio_Windows_64-8.5.5\\Katalon_Studio_Windows_64-8.5.5\\git.github.com\\maycheljecsan\\kfckuapps_katalon.git\\kfcku_android\\Reports\\20230313_151524\\Production\\Login Production\\20230313_151524\\1678695421376.png"/>
         <property name="hostName" value="Ahadian Rifky - NKC-23"/>
         <property name="os" value="Windows 10 64bit"/>
         <property name="appiumServerStatus" value="{&quot;value&quot;:{&quot;build&quot;:{&quot;version&quot;:&quot;1.22.3&quot;}},&quot;sessionId&quot;:null,&quot;status&quot;:0}"/>
         <property name="katalonVersion" value="8.5.5.208"/>
         <property name="deviceOS" value="Android"/>
         <property name="appiumVersion" value="1.22.3"/>
         <property name="deviceModel" value="CPH1801"/>
         <property name="hostAddress" value="172.10.13.174"/>
         <property name="deviceManufacturer" value="OPPO"/>
         <property name="deviceId" value="aa14e06a"/>
         <property name="deviceName" value="OPPO CPH1801 (Android 7.1.1)"/>
         <property name="deviceOSVersion" value="7.1.1"/>
      </properties>
      <testcase name="Test Cases/Production/Login KFCKU Apps/Login Failed - Empty Phone Number and Password" time="53.545" classname="Test Cases/Production/Login KFCKU Apps/Login Failed - Empty Phone Number and Password" status="PASSED">
         <system-out><![CDATA[2023-03-13 15:15:37 - [TEST_CASE][PASSED] - Test Cases/Production/Login KFCKU Apps/Login Failed - Empty Phone Number and Password: Test Cases/Production/Login KFCKU Apps/Login Failed - Empty Phone Number and Password

2023-03-13 15:15:38 - [TEST_STEP][PASSED] - startExistingApplication("com.kfc.mobile", STOP_ON_FAILURE): Starting app with application ID: 'com.kfc.mobile'

2023-03-13 15:15:38 - [MESSAGE][INFO] - User set preference: ['appPackage', 'com.kfc.mobile.hkStaging']

2023-03-13 15:15:38 - [MESSAGE][INFO] - User set preference: ['appActivity', 'com.kfc.mobile.presentation.splash.SplashActivity']

2023-03-13 15:15:38 - [MESSAGE][INFO] - User set preference: ['noReset', 'true']

2023-03-13 15:15:38 - [MESSAGE][INFO] - User set preference: ['deviceId', '']

2023-03-13 15:15:38 - [MESSAGE][INFO] - Detected NodeJS location: "C:\Program Files\nodejs\node.exe"

2023-03-13 15:15:40 - [MESSAGE][INFO] - Appium server started on port 64,413

2023-03-13 15:16:00 - [MESSAGE][INFO] - Failed to get OS statusbar's information using default method.

2023-03-13 15:16:02 - [MESSAGE][PASSED] - Starting app with application ID: 'com.kfc.mobile'

2023-03-13 15:16:02 - [TEST_STEP][PASSED] - delay(5, STOP_ON_FAILURE): Delayed 5 second(s)

2023-03-13 15:16:07 - [MESSAGE][PASSED] - Delayed 5 second(s)

2023-03-13 15:16:07 - [TEST_STEP][PASSED] - tap(findTestObject("Production/Home - Login/Beranda"), 5): Tapped on element 'Object Repository/Production/Home - Login/Beranda'

2023-03-13 15:16:11 - [MESSAGE][PASSED] - Tapped on element 'Object Repository/Production/Home - Login/Beranda'

2023-03-13 15:16:11 - [TEST_STEP][PASSED] - tap(findTestObject("Production/Home - Login/Profil"), 5): Tapped on element 'Object Repository/Production/Home - Login/Profil'

2023-03-13 15:16:12 - [MESSAGE][PASSED] - Tapped on element 'Object Repository/Production/Home - Login/Profil'

2023-03-13 15:16:12 - [TEST_STEP][PASSED] - setText(findTestObject("Production/Home - Login/Masukkan nomor handphone Anda"), "", 0): Text '' has been set to element 'Object Repository/Production/Home - Login/Masukkan nomor handphone Anda'

2023-03-13 15:16:12 - [MESSAGE][WARNING] - Timeout '0' is invalid. Using default page load timeout: '30'

2023-03-13 15:16:15 - [MESSAGE][PASSED] - Text '' has been set to element 'Object Repository/Production/Home - Login/Masukkan nomor handphone Anda'

2023-03-13 15:16:15 - [TEST_STEP][PASSED] - hideKeyboard(): Keyboard is hidden

2023-03-13 15:16:16 - [MESSAGE][PASSED] - Keyboard is hidden

2023-03-13 15:16:16 - [TEST_STEP][PASSED] - setText(findTestObject("Production/Home - Login/Ketik kata sandi Anda"), "", 0): Text '' has been set to element 'Object Repository/Production/Home - Login/Ketik kata sandi Anda'

2023-03-13 15:16:16 - [MESSAGE][WARNING] - Timeout '0' is invalid. Using default page load timeout: '30'

2023-03-13 15:16:18 - [MESSAGE][PASSED] - Text '' has been set to element 'Object Repository/Production/Home - Login/Ketik kata sandi Anda'

2023-03-13 15:16:18 - [TEST_STEP][PASSED] - hideKeyboard(): Keyboard is hidden

2023-03-13 15:16:19 - [MESSAGE][PASSED] - Keyboard is hidden

2023-03-13 15:16:19 - [TEST_STEP][PASSED] - tap(findTestObject("Production/Home - Login/Button - Masuk"), 0): Tapped on element 'Object Repository/Production/Home - Login/Button - Masuk'

2023-03-13 15:16:19 - [MESSAGE][WARNING] - Timeout '0' is invalid. Using default page load timeout: '30'

2023-03-13 15:16:20 - [MESSAGE][PASSED] - Tapped on element 'Object Repository/Production/Home - Login/Button - Masuk'

2023-03-13 15:16:20 - [TEST_STEP][PASSED] - delay(5, STOP_ON_FAILURE): Delayed 5 second(s)

2023-03-13 15:16:25 - [MESSAGE][PASSED] - Delayed 5 second(s)

2023-03-13 15:16:25 - [TEST_STEP][PASSED] - waitForElementPresent(findTestObject("Production/Home - Login/Mohon masukkan nomor handphone Anda"), 0, STOP_ON_FAILURE): Element 'Object Repository/Production/Home - Login/Mohon masukkan nomor handphone Anda' is present

2023-03-13 15:16:25 - [MESSAGE][WARNING] - Timeout '0' is invalid. Using default page load timeout: '30'

2023-03-13 15:16:26 - [MESSAGE][PASSED] - Element 'Object Repository/Production/Home - Login/Mohon masukkan nomor handphone Anda' is present

2023-03-13 15:16:26 - [TEST_STEP][PASSED] - waitForElementPresent(findTestObject("Production/Home - Login/Masukkan kata sandi Anda yang benar"), 0): Element 'Object Repository/Production/Home - Login/Masukkan kata sandi Anda yang benar' is present

2023-03-13 15:16:26 - [MESSAGE][WARNING] - Timeout '0' is invalid. Using default page load timeout: '30'

2023-03-13 15:16:26 - [MESSAGE][PASSED] - Element 'Object Repository/Production/Home - Login/Masukkan kata sandi Anda yang benar' is present

2023-03-13 15:16:26 - [TEST_STEP][PASSED] - delay(3, STOP_ON_FAILURE): Delayed 3 second(s)

2023-03-13 15:16:29 - [MESSAGE][PASSED] - Delayed 3 second(s)

2023-03-13 15:16:29 - [TEST_STEP][PASSED] - closeApplication(): Close app successfully

2023-03-13 15:16:31 - [MESSAGE][PASSED] - Close app successfully

2023-03-13 15:16:31 - [TEST_STEP][PASSED] - Start listener action : sampleAfterTestCase: null

2023-03-13 15:16:31 - [TEST_STEP][PASSED] - println(testCaseContext.getTestCaseId()): null

2023-03-13 15:16:31 - [TEST_STEP][PASSED] - println(testCaseContext.getTestCaseStatus()): null]]></system-out>
         <system-err><![CDATA[]]></system-err>
      </testcase>
      <testcase name="Test Cases/Production/Login KFCKU Apps/Login Failed - Phone Number Not Registered" time="30.75" classname="Test Cases/Production/Login KFCKU Apps/Login Failed - Phone Number Not Registered" status="FAILED">
         <failure type="FAILED" message="Test Cases/Production/Login KFCKU Apps/Login Failed - Phone Number Not Registered FAILED.
Reason:
com.kms.katalon.core.exception.StepFailedException: Object Object Repository/Production/Home - Login/Beranda not found
	at com.kms.katalon.core.keyword.internal.KeywordMain.stepFailed(KeywordMain.groovy:50)
	at com.kms.katalon.core.mobile.keyword.internal.MobileKeywordMain.stepFailed(MobileKeywordMain.groovy:40)
	at com.kms.katalon.core.mobile.keyword.builtin.TapKeyword$_tap_closure1.doCall(TapKeyword.groovy:79)
	at com.kms.katalon.core.mobile.keyword.builtin.TapKeyword$_tap_closure1.call(TapKeyword.groovy)
	at com.kms.katalon.core.mobile.keyword.internal.MobileKeywordMain.runKeyword(MobileKeywordMain.groovy:21)
	at com.kms.katalon.core.mobile.keyword.builtin.TapKeyword.tap(TapKeyword.groovy:84)
	at com.kms.katalon.core.mobile.keyword.builtin.TapKeyword.execute(TapKeyword.groovy:68)
	at com.kms.katalon.core.keyword.internal.KeywordExecutor.executeKeywordForPlatform(KeywordExecutor.groovy:74)
	at com.kms.katalon.core.mobile.keyword.MobileBuiltInKeywords.tap(MobileBuiltInKeywords.groovy:1490)
	at com.kms.katalon.core.mobile.keyword.MobileBuiltInKeywords$tap$0.call(Unknown Source)
	at Login Failed - Phone Number Not Registered.run(Login Failed - Phone Number Not Registered:31)
	at com.kms.katalon.core.main.ScriptEngine.run(ScriptEngine.java:194)
	at com.kms.katalon.core.main.ScriptEngine.runScriptAsRawText(ScriptEngine.java:119)
	at com.kms.katalon.core.main.TestCaseExecutor.runScript(TestCaseExecutor.java:448)
	at com.kms.katalon.core.main.TestCaseExecutor.doExecute(TestCaseExecutor.java:439)
	at com.kms.katalon.core.main.TestCaseExecutor.processExecutionPhase(TestCaseExecutor.java:418)
	at com.kms.katalon.core.main.TestCaseExecutor.accessMainPhase(TestCaseExecutor.java:410)
	at com.kms.katalon.core.main.TestCaseExecutor.execute(TestCaseExecutor.java:285)
	at com.kms.katalon.core.common.CommonExecutor.accessTestCaseMainPhase(CommonExecutor.java:65)
	at com.kms.katalon.core.main.TestSuiteExecutor.accessTestSuiteMainPhase(TestSuiteExecutor.java:151)
	at com.kms.katalon.core.main.TestSuiteExecutor.execute(TestSuiteExecutor.java:106)
	at com.kms.katalon.core.main.TestCaseMain.startTestSuite(TestCaseMain.java:185)
	at com.kms.katalon.core.main.TestCaseMain$startTestSuite$0.call(Unknown Source)
	at TempTestSuite1678695324516.run(TempTestSuite1678695324516.groovy:36)
"/>
         <system-out><![CDATA[2023-03-13 15:16:31 - [TEST_CASE][FAILED] - Test Cases/Production/Login KFCKU Apps/Login Failed - Phone Number Not Registered: Test Cases/Production/Login KFCKU Apps/Login Failed - Phone Number Not Registered FAILED.
Reason:
com.kms.katalon.core.exception.StepFailedException: Object Object Repository/Production/Home - Login/Beranda not found
	at com.kms.katalon.core.keyword.internal.KeywordMain.stepFailed(KeywordMain.groovy:50)
	at com.kms.katalon.core.mobile.keyword.internal.MobileKeywordMain.stepFailed(MobileKeywordMain.groovy:40)
	at com.kms.katalon.core.mobile.keyword.builtin.TapKeyword$_tap_closure1.doCall(TapKeyword.groovy:79)
	at com.kms.katalon.core.mobile.keyword.builtin.TapKeyword$_tap_closure1.call(TapKeyword.groovy)
	at com.kms.katalon.core.mobile.keyword.internal.MobileKeywordMain.runKeyword(MobileKeywordMain.groovy:21)
	at com.kms.katalon.core.mobile.keyword.builtin.TapKeyword.tap(TapKeyword.groovy:84)
	at com.kms.katalon.core.mobile.keyword.builtin.TapKeyword.execute(TapKeyword.groovy:68)
	at com.kms.katalon.core.keyword.internal.KeywordExecutor.executeKeywordForPlatform(KeywordExecutor.groovy:74)
	at com.kms.katalon.core.mobile.keyword.MobileBuiltInKeywords.tap(MobileBuiltInKeywords.groovy:1490)
	at com.kms.katalon.core.mobile.keyword.MobileBuiltInKeywords$tap$0.call(Unknown Source)
	at Login Failed - Phone Number Not Registered.run(Login Failed - Phone Number Not Registered:31)
	at com.kms.katalon.core.main.ScriptEngine.run(ScriptEngine.java:194)
	at com.kms.katalon.core.main.ScriptEngine.runScriptAsRawText(ScriptEngine.java:119)
	at com.kms.katalon.core.main.TestCaseExecutor.runScript(TestCaseExecutor.java:448)
	at com.kms.katalon.core.main.TestCaseExecutor.doExecute(TestCaseExecutor.java:439)
	at com.kms.katalon.core.main.TestCaseExecutor.processExecutionPhase(TestCaseExecutor.java:418)
	at com.kms.katalon.core.main.TestCaseExecutor.accessMainPhase(TestCaseExecutor.java:410)
	at com.kms.katalon.core.main.TestCaseExecutor.execute(TestCaseExecutor.java:285)
	at com.kms.katalon.core.common.CommonExecutor.accessTestCaseMainPhase(CommonExecutor.java:65)
	at com.kms.katalon.core.main.TestSuiteExecutor.accessTestSuiteMainPhase(TestSuiteExecutor.java:151)
	at com.kms.katalon.core.main.TestSuiteExecutor.execute(TestSuiteExecutor.java:106)
	at com.kms.katalon.core.main.TestCaseMain.startTestSuite(TestCaseMain.java:185)
	at com.kms.katalon.core.main.TestCaseMain$startTestSuite$0.call(Unknown Source)
	at TempTestSuite1678695324516.run(TempTestSuite1678695324516.groovy:36)


2023-03-13 15:16:31 - [TEST_STEP][PASSED] - startExistingApplication("com.kfc.mobile", STOP_ON_FAILURE): Starting app with application ID: 'com.kfc.mobile'

2023-03-13 15:16:31 - [MESSAGE][INFO] - User set preference: ['appPackage', 'com.kfc.mobile.hkStaging']

2023-03-13 15:16:31 - [MESSAGE][INFO] - User set preference: ['appActivity', 'com.kfc.mobile.presentation.splash.SplashActivity']

2023-03-13 15:16:31 - [MESSAGE][INFO] - User set preference: ['noReset', 'true']

2023-03-13 15:16:31 - [MESSAGE][INFO] - User set preference: ['deviceId', '']

2023-03-13 15:16:31 - [MESSAGE][INFO] - Detected NodeJS location: "C:\Program Files\nodejs\node.exe"

2023-03-13 15:16:33 - [MESSAGE][INFO] - Appium server started on port 64,647

2023-03-13 15:16:48 - [MESSAGE][INFO] - Failed to get OS statusbar's information using default method.

2023-03-13 15:16:50 - [MESSAGE][PASSED] - Starting app with application ID: 'com.kfc.mobile'

2023-03-13 15:16:50 - [TEST_STEP][PASSED] - delay(5, STOP_ON_FAILURE): Delayed 5 second(s)

2023-03-13 15:16:55 - [MESSAGE][PASSED] - Delayed 5 second(s)

2023-03-13 15:16:55 - [TEST_STEP][FAILED] - tap(findTestObject("Production/Home - Login/Beranda"), 5): Failed to tap on element 'Object Repository/Production/Home - Login/Beranda' (Root cause: com.kms.katalon.core.exception.StepFailedException: Object Object Repository/Production/Home - Login/Beranda not found
	at com.kms.katalon.core.keyword.internal.KeywordMain.stepFailed(KeywordMain.groovy:50)
	at com.kms.katalon.core.mobile.keyword.internal.MobileKeywordMain.stepFailed(MobileKeywordMain.groovy:40)
	at com.kms.katalon.core.mobile.keyword.builtin.TapKeyword$_tap_closure1.doCall(TapKeyword.groovy:79)
	at com.kms.katalon.core.mobile.keyword.builtin.TapKeyword$_tap_closure1.call(TapKeyword.groovy)
	at com.kms.katalon.core.mobile.keyword.internal.MobileKeywordMain.runKeyword(MobileKeywordMain.groovy:21)
	at com.kms.katalon.core.mobile.keyword.builtin.TapKeyword.tap(TapKeyword.groovy:84)
	at com.kms.katalon.core.mobile.keyword.builtin.TapKeyword.execute(TapKeyword.groovy:68)
	at com.kms.katalon.core.keyword.internal.KeywordExecutor.executeKeywordForPlatform(KeywordExecutor.groovy:74)
	at com.kms.katalon.core.mobile.keyword.MobileBuiltInKeywords.tap(MobileBuiltInKeywords.groovy:1490)
	at com.kms.katalon.core.mobile.keyword.MobileBuiltInKeywords$tap$0.call(Unknown Source)
	at Login Failed - Phone Number Not Registered.run(Login Failed - Phone Number Not Registered:31)
	at com.kms.katalon.core.main.ScriptEngine.run(ScriptEngine.java:194)
	at com.kms.katalon.core.main.ScriptEngine.runScriptAsRawText(ScriptEngine.java:119)
	at com.kms.katalon.core.main.TestCaseExecutor.runScript(TestCaseExecutor.java:448)
	at com.kms.katalon.core.main.TestCaseExecutor.doExecute(TestCaseExecutor.java:439)
	at com.kms.katalon.core.main.TestCaseExecutor.processExecutionPhase(TestCaseExecutor.java:418)
	at com.kms.katalon.core.main.TestCaseExecutor.accessMainPhase(TestCaseExecutor.java:410)
	at com.kms.katalon.core.main.TestCaseExecutor.execute(TestCaseExecutor.java:285)
	at com.kms.katalon.core.common.CommonExecutor.accessTestCaseMainPhase(CommonExecutor.java:65)
	at com.kms.katalon.core.main.TestSuiteExecutor.accessTestSuiteMainPhase(TestSuiteExecutor.java:151)
	at com.kms.katalon.core.main.TestSuiteExecutor.execute(TestSuiteExecutor.java:106)
	at com.kms.katalon.core.main.TestCaseMain.startTestSuite(TestCaseMain.java:185)
	at com.kms.katalon.core.main.TestCaseMain$startTestSuite$0.call(Unknown Source)
	at TempTestSuite1678695324516.run(TempTestSuite1678695324516.groovy:36)
)

2023-03-13 15:17:01 - [MESSAGE][FAILED] - Object Object Repository/Production/Home - Login/Beranda not found

2023-03-13 15:17:01 - [MESSAGE][FAILED] - Failed to tap on element 'Object Repository/Production/Home - Login/Beranda' (Root cause: com.kms.katalon.core.exception.StepFailedException: Object Object Repository/Production/Home - Login/Beranda not found
	at com.kms.katalon.core.keyword.internal.KeywordMain.stepFailed(KeywordMain.groovy:50)
	at com.kms.katalon.core.mobile.keyword.internal.MobileKeywordMain.stepFailed(MobileKeywordMain.groovy:40)
	at com.kms.katalon.core.mobile.keyword.builtin.TapKeyword$_tap_closure1.doCall(TapKeyword.groovy:79)
	at com.kms.katalon.core.mobile.keyword.builtin.TapKeyword$_tap_closure1.call(TapKeyword.groovy)
	at com.kms.katalon.core.mobile.keyword.internal.MobileKeywordMain.runKeyword(MobileKeywordMain.groovy:21)
	at com.kms.katalon.core.mobile.keyword.builtin.TapKeyword.tap(TapKeyword.groovy:84)
	at com.kms.katalon.core.mobile.keyword.builtin.TapKeyword.execute(TapKeyword.groovy:68)
	at com.kms.katalon.core.keyword.internal.KeywordExecutor.executeKeywordForPlatform(KeywordExecutor.groovy:74)
	at com.kms.katalon.core.mobile.keyword.MobileBuiltInKeywords.tap(MobileBuiltInKeywords.groovy:1490)
	at com.kms.katalon.core.mobile.keyword.MobileBuiltInKeywords$tap$0.call(Unknown Source)
	at Login Failed - Phone Number Not Registered.run(Login Failed - Phone Number Not Registered:31)
	at com.kms.katalon.core.main.ScriptEngine.run(ScriptEngine.java:194)
	at com.kms.katalon.core.main.ScriptEngine.runScriptAsRawText(ScriptEngine.java:119)
	at com.kms.katalon.core.main.TestCaseExecutor.runScript(TestCaseExecutor.java:448)
	at com.kms.katalon.core.main.TestCaseExecutor.doExecute(TestCaseExecutor.java:439)
	at com.kms.katalon.core.main.TestCaseExecutor.processExecutionPhase(TestCaseExecutor.java:418)
	at com.kms.katalon.core.main.TestCaseExecutor.accessMainPhase(TestCaseExecutor.java:410)
	at com.kms.katalon.core.main.TestCaseExecutor.execute(TestCaseExecutor.java:285)
	at com.kms.katalon.core.common.CommonExecutor.accessTestCaseMainPhase(CommonExecutor.java:65)
	at com.kms.katalon.core.main.TestSuiteExecutor.accessTestSuiteMainPhase(TestSuiteExecutor.java:151)
	at com.kms.katalon.core.main.TestSuiteExecutor.execute(TestSuiteExecutor.java:106)
	at com.kms.katalon.core.main.TestCaseMain.startTestSuite(TestCaseMain.java:185)
	at com.kms.katalon.core.main.TestCaseMain$startTestSuite$0.call(Unknown Source)
	at TempTestSuite1678695324516.run(TempTestSuite1678695324516.groovy:36)
)
[[ATTACHMENT|C:\\Users\\Ahadian Rifky\\Downloads\\Katalon_Studio_Windows_64-8.5.5\\Katalon_Studio_Windows_64-8.5.5\\git.github.com\\maycheljecsan\\kfckuapps_katalon.git\\kfcku_android\\Reports\\20230313_151524\\Production\\Login Production\\20230313_151524\\1678695421376.png]]

2023-03-13 15:17:02 - [TEST_STEP][PASSED] - Start listener action : sampleAfterTestCase: null

2023-03-13 15:17:02 - [TEST_STEP][PASSED] - println(testCaseContext.getTestCaseId()): null

2023-03-13 15:17:02 - [TEST_STEP][PASSED] - println(testCaseContext.getTestCaseStatus()): null]]></system-out>
         <system-err><![CDATA[2023-03-13 15:16:31 - [TEST_CASE][FAILED] - Test Cases/Production/Login KFCKU Apps/Login Failed - Phone Number Not Registered: Test Cases/Production/Login KFCKU Apps/Login Failed - Phone Number Not Registered FAILED.
Reason:
com.kms.katalon.core.exception.StepFailedException: Object Object Repository/Production/Home - Login/Beranda not found
	at com.kms.katalon.core.keyword.internal.KeywordMain.stepFailed(KeywordMain.groovy:50)
	at com.kms.katalon.core.mobile.keyword.internal.MobileKeywordMain.stepFailed(MobileKeywordMain.groovy:40)
	at com.kms.katalon.core.mobile.keyword.builtin.TapKeyword$_tap_closure1.doCall(TapKeyword.groovy:79)
	at com.kms.katalon.core.mobile.keyword.builtin.TapKeyword$_tap_closure1.call(TapKeyword.groovy)
	at com.kms.katalon.core.mobile.keyword.internal.MobileKeywordMain.runKeyword(MobileKeywordMain.groovy:21)
	at com.kms.katalon.core.mobile.keyword.builtin.TapKeyword.tap(TapKeyword.groovy:84)
	at com.kms.katalon.core.mobile.keyword.builtin.TapKeyword.execute(TapKeyword.groovy:68)
	at com.kms.katalon.core.keyword.internal.KeywordExecutor.executeKeywordForPlatform(KeywordExecutor.groovy:74)
	at com.kms.katalon.core.mobile.keyword.MobileBuiltInKeywords.tap(MobileBuiltInKeywords.groovy:1490)
	at com.kms.katalon.core.mobile.keyword.MobileBuiltInKeywords$tap$0.call(Unknown Source)
	at Login Failed - Phone Number Not Registered.run(Login Failed - Phone Number Not Registered:31)
	at com.kms.katalon.core.main.ScriptEngine.run(ScriptEngine.java:194)
	at com.kms.katalon.core.main.ScriptEngine.runScriptAsRawText(ScriptEngine.java:119)
	at com.kms.katalon.core.main.TestCaseExecutor.runScript(TestCaseExecutor.java:448)
	at com.kms.katalon.core.main.TestCaseExecutor.doExecute(TestCaseExecutor.java:439)
	at com.kms.katalon.core.main.TestCaseExecutor.processExecutionPhase(TestCaseExecutor.java:418)
	at com.kms.katalon.core.main.TestCaseExecutor.accessMainPhase(TestCaseExecutor.java:410)
	at com.kms.katalon.core.main.TestCaseExecutor.execute(TestCaseExecutor.java:285)
	at com.kms.katalon.core.common.CommonExecutor.accessTestCaseMainPhase(CommonExecutor.java:65)
	at com.kms.katalon.core.main.TestSuiteExecutor.accessTestSuiteMainPhase(TestSuiteExecutor.java:151)
	at com.kms.katalon.core.main.TestSuiteExecutor.execute(TestSuiteExecutor.java:106)
	at com.kms.katalon.core.main.TestCaseMain.startTestSuite(TestCaseMain.java:185)
	at com.kms.katalon.core.main.TestCaseMain$startTestSuite$0.call(Unknown Source)
	at TempTestSuite1678695324516.run(TempTestSuite1678695324516.groovy:36)]]></system-err>
      </testcase>
      <system-out><![CDATA[2023-03-13 15:15:37 - [TEST_SUITE][FAILED] - Login Production: Test Cases/Production/Login KFCKU Apps/Login Failed - Phone Number Not Registered FAILED.
Reason:
com.kms.katalon.core.exception.StepFailedException: Object Object Repository/Production/Home - Login/Beranda not found
	at com.kms.katalon.core.keyword.internal.KeywordMain.stepFailed(KeywordMain.groovy:50)
	at com.kms.katalon.core.mobile.keyword.internal.MobileKeywordMain.stepFailed(MobileKeywordMain.groovy:40)
	at com.kms.katalon.core.mobile.keyword.builtin.TapKeyword$_tap_closure1.doCall(TapKeyword.groovy:79)
	at com.kms.katalon.core.mobile.keyword.builtin.TapKeyword$_tap_closure1.call(TapKeyword.groovy)
	at com.kms.katalon.core.mobile.keyword.internal.MobileKeywordMain.runKeyword(MobileKeywordMain.groovy:21)
	at com.kms.katalon.core.mobile.keyword.builtin.TapKeyword.tap(TapKeyword.groovy:84)
	at com.kms.katalon.core.mobile.keyword.builtin.TapKeyword.execute(TapKeyword.groovy:68)
	at com.kms.katalon.core.keyword.internal.KeywordExecutor.executeKeywordForPlatform(KeywordExecutor.groovy:74)
	at com.kms.katalon.core.mobile.keyword.MobileBuiltInKeywords.tap(MobileBuiltInKeywords.groovy:1490)
	at com.kms.katalon.core.mobile.keyword.MobileBuiltInKeywords$tap$0.call(Unknown Source)
	at Login Failed - Phone Number Not Registered.run(Login Failed - Phone Number Not Registered:31)
	at com.kms.katalon.core.main.ScriptEngine.run(ScriptEngine.java:194)
	at com.kms.katalon.core.main.ScriptEngine.runScriptAsRawText(ScriptEngine.java:119)
	at com.kms.katalon.core.main.TestCaseExecutor.runScript(TestCaseExecutor.java:448)
	at com.kms.katalon.core.main.TestCaseExecutor.doExecute(TestCaseExecutor.java:439)
	at com.kms.katalon.core.main.TestCaseExecutor.processExecutionPhase(TestCaseExecutor.java:418)
	at com.kms.katalon.core.main.TestCaseExecutor.accessMainPhase(TestCaseExecutor.java:410)
	at com.kms.katalon.core.main.TestCaseExecutor.execute(TestCaseExecutor.java:285)
	at com.kms.katalon.core.common.CommonExecutor.accessTestCaseMainPhase(CommonExecutor.java:65)
	at com.kms.katalon.core.main.TestSuiteExecutor.accessTestSuiteMainPhase(TestSuiteExecutor.java:151)
	at com.kms.katalon.core.main.TestSuiteExecutor.execute(TestSuiteExecutor.java:106)
	at com.kms.katalon.core.main.TestCaseMain.startTestSuite(TestCaseMain.java:185)
	at com.kms.katalon.core.main.TestCaseMain$startTestSuite$0.call(Unknown Source)
	at TempTestSuite1678695324516.run(TempTestSuite1678695324516.groovy:36)]]></system-out>
      <system-err><![CDATA[2023-03-13 15:15:37 - [TEST_SUITE][FAILED] - Login Production: Test Cases/Production/Login KFCKU Apps/Login Failed - Phone Number Not Registered FAILED.
Reason:
com.kms.katalon.core.exception.StepFailedException: Object Object Repository/Production/Home - Login/Beranda not found
	at com.kms.katalon.core.keyword.internal.KeywordMain.stepFailed(KeywordMain.groovy:50)
	at com.kms.katalon.core.mobile.keyword.internal.MobileKeywordMain.stepFailed(MobileKeywordMain.groovy:40)
	at com.kms.katalon.core.mobile.keyword.builtin.TapKeyword$_tap_closure1.doCall(TapKeyword.groovy:79)
	at com.kms.katalon.core.mobile.keyword.builtin.TapKeyword$_tap_closure1.call(TapKeyword.groovy)
	at com.kms.katalon.core.mobile.keyword.internal.MobileKeywordMain.runKeyword(MobileKeywordMain.groovy:21)
	at com.kms.katalon.core.mobile.keyword.builtin.TapKeyword.tap(TapKeyword.groovy:84)
	at com.kms.katalon.core.mobile.keyword.builtin.TapKeyword.execute(TapKeyword.groovy:68)
	at com.kms.katalon.core.keyword.internal.KeywordExecutor.executeKeywordForPlatform(KeywordExecutor.groovy:74)
	at com.kms.katalon.core.mobile.keyword.MobileBuiltInKeywords.tap(MobileBuiltInKeywords.groovy:1490)
	at com.kms.katalon.core.mobile.keyword.MobileBuiltInKeywords$tap$0.call(Unknown Source)
	at Login Failed - Phone Number Not Registered.run(Login Failed - Phone Number Not Registered:31)
	at com.kms.katalon.core.main.ScriptEngine.run(ScriptEngine.java:194)
	at com.kms.katalon.core.main.ScriptEngine.runScriptAsRawText(ScriptEngine.java:119)
	at com.kms.katalon.core.main.TestCaseExecutor.runScript(TestCaseExecutor.java:448)
	at com.kms.katalon.core.main.TestCaseExecutor.doExecute(TestCaseExecutor.java:439)
	at com.kms.katalon.core.main.TestCaseExecutor.processExecutionPhase(TestCaseExecutor.java:418)
	at com.kms.katalon.core.main.TestCaseExecutor.accessMainPhase(TestCaseExecutor.java:410)
	at com.kms.katalon.core.main.TestCaseExecutor.execute(TestCaseExecutor.java:285)
	at com.kms.katalon.core.common.CommonExecutor.accessTestCaseMainPhase(CommonExecutor.java:65)
	at com.kms.katalon.core.main.TestSuiteExecutor.accessTestSuiteMainPhase(TestSuiteExecutor.java:151)
	at com.kms.katalon.core.main.TestSuiteExecutor.execute(TestSuiteExecutor.java:106)
	at com.kms.katalon.core.main.TestCaseMain.startTestSuite(TestCaseMain.java:185)
	at com.kms.katalon.core.main.TestCaseMain$startTestSuite$0.call(Unknown Source)
	at TempTestSuite1678695324516.run(TempTestSuite1678695324516.groovy:36)]]></system-err>
   </testsuite>
</testsuites>
